[0.826s] Invoking command in '/home/yutou/ros2_ws/src/ros2_driver': PYTHONPATH=/home/yutou/ros2_ws/build/ros2_driver/prefix_override:/usr/lib/python3/dist-packages/colcon_core/task/python/colcon_distutils_commands:/home/yutou/ros2_ws/install/ros2_driver/lib/python3.10/site-packages:${PYTHONPATH} /usr/bin/python3 -W ignore:setup.py install is deprecated -W ignore:easy_install command is deprecated setup.py egg_info --egg-base ../../build/ros2_driver build --build-base /home/yutou/ros2_ws/build/ros2_driver/build install --record /home/yutou/ros2_ws/build/ros2_driver/install.log --single-version-externally-managed install_data
[1.076s] running egg_info
[1.077s] writing ../../build/ros2_driver/ros2_driver.egg-info/PKG-INFO
[1.078s] writing dependency_links to ../../build/ros2_driver/ros2_driver.egg-info/dependency_links.txt
[1.078s] writing entry points to ../../build/ros2_driver/ros2_driver.egg-info/entry_points.txt
[1.078s] writing requirements to ../../build/ros2_driver/ros2_driver.egg-info/requires.txt
[1.079s] writing top-level names to ../../build/ros2_driver/ros2_driver.egg-info/top_level.txt
[1.082s] reading manifest file '../../build/ros2_driver/ros2_driver.egg-info/SOURCES.txt'
[1.083s] writing manifest file '../../build/ros2_driver/ros2_driver.egg-info/SOURCES.txt'
[1.083s] running build
[1.083s] running build_py
[1.083s] copying ros2_driver/imu_node.py -> /home/yutou/ros2_ws/build/ros2_driver/build/lib/ros2_driver
[1.085s] running install
[1.086s] running install_lib
[1.086s] copying /home/yutou/ros2_ws/build/ros2_driver/build/lib/ros2_driver/imu_node.py -> /home/yutou/ros2_ws/install/ros2_driver/lib/python3.10/site-packages/ros2_driver
[1.086s] byte-compiling /home/yutou/ros2_ws/install/ros2_driver/lib/python3.10/site-packages/ros2_driver/imu_node.py to imu_node.cpython-310.pyc
[1.088s] running install_data
[1.088s] running install_egg_info
[1.090s] removing '/home/yutou/ros2_ws/install/ros2_driver/lib/python3.10/site-packages/ros2_driver-0.0.0-py3.10.egg-info' (and everything under it)
[1.090s] Copying ../../build/ros2_driver/ros2_driver.egg-info to /home/yutou/ros2_ws/install/ros2_driver/lib/python3.10/site-packages/ros2_driver-0.0.0-py3.10.egg-info
[1.091s] running install_scripts
[1.118s] Installing imu_node script to /home/yutou/ros2_ws/install/ros2_driver/lib/ros2_driver
[1.122s] writing list of installed files to '/home/yutou/ros2_ws/build/ros2_driver/install.log'
[1.168s] Invoked command in '/home/yutou/ros2_ws/src/ros2_driver' returned '0': PYTHONPATH=/home/yutou/ros2_ws/build/ros2_driver/prefix_override:/usr/lib/python3/dist-packages/colcon_core/task/python/colcon_distutils_commands:/home/yutou/ros2_ws/install/ros2_driver/lib/python3.10/site-packages:${PYTHONPATH} /usr/bin/python3 -W ignore:setup.py install is deprecated -W ignore:easy_install command is deprecated setup.py egg_info --egg-base ../../build/ros2_driver build --build-base /home/yutou/ros2_ws/build/ros2_driver/build install --record /home/yutou/ros2_ws/build/ros2_driver/install.log --single-version-externally-managed install_data
