[0.078s] DEBUG:colcon:Command line arguments: ['/usr/bin/colcon', 'list', '-p', '--base-paths', '/home/yutou/ros2_ws']
[0.078s] DEBUG:colcon:Parsed command line arguments: Namespace(log_base=None, log_level=None, verb_name='list', build_base='build', ignore_user_meta=False, metas=['./colcon.meta'], base_paths=['/home/yutou/ros2_ws'], packages_ignore=None, packages_ignore_regex=None, paths=None, packages_up_to=None, packages_up_to_regex=None, packages_above=None, packages_above_and_dependencies=None, packages_above_depth=None, packages_select_by_dep=None, packages_skip_by_dep=None, packages_skip_up_to=None, packages_select_build_failed=False, packages_skip_build_finished=False, packages_select_test_failures=False, packages_skip_test_passed=False, packages_select=None, packages_skip=None, packages_select_regex=None, packages_skip_regex=None, packages_start=None, packages_end=None, topological_order=False, names_only=False, paths_only=True, topological_graph=False, topological_graph_dot=False, topological_graph_density=False, topological_graph_legend=False, topological_graph_dot_cluster=False, topological_graph_dot_include_skipped=False, mixin_files=None, mixin=None, verb_parser=<colcon_mixin.mixin.mixin_argument.MixinArgumentDecorator object at 0x795728b6d210>, verb_extension=<colcon_package_information.verb.list.ListVerb object at 0x795728cecdf0>, main=<bound method ListVerb.main of <colcon_package_information.verb.list.ListVerb object at 0x795728cecdf0>>, mixin_verb=('list',))
[0.180s] Level 1:colcon.colcon_core.package_discovery:discover_packages(colcon_meta) check parameters
[0.181s] Level 1:colcon.colcon_core.package_discovery:discover_packages(recursive) check parameters
[0.181s] Level 1:colcon.colcon_core.package_discovery:discover_packages(ignore) check parameters
[0.181s] Level 1:colcon.colcon_core.package_discovery:discover_packages(path) check parameters
[0.181s] Level 1:colcon.colcon_core.package_discovery:discover_packages(recursive) discover
[0.181s] INFO:colcon.colcon_core.package_discovery:Crawling recursively for packages in '/home/yutou/ros2_ws'
[0.181s] Level 1:colcon.colcon_core.package_identification:_identify(/home/yutou/ros2_ws) by extensions ['ignore', 'ignore_ament_install']
[0.181s] Level 1:colcon.colcon_core.package_identification:_identify(/home/yutou/ros2_ws) by extension 'ignore'
[0.181s] Level 1:colcon.colcon_core.package_identification:_identify(/home/yutou/ros2_ws) by extension 'ignore_ament_install'
[0.181s] Level 1:colcon.colcon_core.package_identification:_identify(/home/yutou/ros2_ws) by extensions ['colcon_pkg']
[0.181s] Level 1:colcon.colcon_core.package_identification:_identify(/home/yutou/ros2_ws) by extension 'colcon_pkg'
[0.181s] Level 1:colcon.colcon_core.package_identification:_identify(/home/yutou/ros2_ws) by extensions ['colcon_meta']
[0.181s] Level 1:colcon.colcon_core.package_identification:_identify(/home/yutou/ros2_ws) by extension 'colcon_meta'
[0.181s] Level 1:colcon.colcon_core.package_identification:_identify(/home/yutou/ros2_ws) by extensions ['ros']
[0.181s] Level 1:colcon.colcon_core.package_identification:_identify(/home/yutou/ros2_ws) by extension 'ros'
[0.189s] Level 1:colcon.colcon_core.package_identification:_identify(/home/yutou/ros2_ws) by extensions ['cmake', 'python']
[0.189s] Level 1:colcon.colcon_core.package_identification:_identify(/home/yutou/ros2_ws) by extension 'cmake'
[0.189s] Level 1:colcon.colcon_core.package_identification:_identify(/home/yutou/ros2_ws) by extension 'python'
[0.189s] Level 1:colcon.colcon_core.package_identification:_identify(/home/yutou/ros2_ws) by extensions ['python_setup_py']
[0.189s] Level 1:colcon.colcon_core.package_identification:_identify(/home/yutou/ros2_ws) by extension 'python_setup_py'
[0.189s] Level 1:colcon.colcon_core.package_identification:_identify(/home/yutou/ros2_ws/build) by extensions ['ignore', 'ignore_ament_install']
[0.189s] Level 1:colcon.colcon_core.package_identification:_identify(/home/yutou/ros2_ws/build) by extension 'ignore'
[0.190s] Level 1:colcon.colcon_core.package_identification:_identify(/home/yutou/ros2_ws/build) ignored
[0.190s] Level 1:colcon.colcon_core.package_identification:_identify(/home/yutou/ros2_ws/install) by extensions ['ignore', 'ignore_ament_install']
[0.190s] Level 1:colcon.colcon_core.package_identification:_identify(/home/yutou/ros2_ws/install) by extension 'ignore'
[0.190s] Level 1:colcon.colcon_core.package_identification:_identify(/home/yutou/ros2_ws/install) ignored
[0.190s] Level 1:colcon.colcon_core.package_identification:_identify(/home/yutou/ros2_ws/log) by extensions ['ignore', 'ignore_ament_install']
[0.190s] Level 1:colcon.colcon_core.package_identification:_identify(/home/yutou/ros2_ws/log) by extension 'ignore'
[0.190s] Level 1:colcon.colcon_core.package_identification:_identify(/home/yutou/ros2_ws/log) ignored
[0.190s] Level 1:colcon.colcon_core.package_identification:_identify(/home/yutou/ros2_ws/packages) by extensions ['ignore', 'ignore_ament_install']
[0.190s] Level 1:colcon.colcon_core.package_identification:_identify(/home/yutou/ros2_ws/packages) by extension 'ignore'
[0.190s] Level 1:colcon.colcon_core.package_identification:_identify(/home/yutou/ros2_ws/packages) by extension 'ignore_ament_install'
[0.190s] Level 1:colcon.colcon_core.package_identification:_identify(/home/yutou/ros2_ws/packages) by extensions ['colcon_pkg']
[0.190s] Level 1:colcon.colcon_core.package_identification:_identify(/home/yutou/ros2_ws/packages) by extension 'colcon_pkg'
[0.190s] Level 1:colcon.colcon_core.package_identification:_identify(/home/yutou/ros2_ws/packages) by extensions ['colcon_meta']
[0.190s] Level 1:colcon.colcon_core.package_identification:_identify(/home/yutou/ros2_ws/packages) by extension 'colcon_meta'
[0.190s] Level 1:colcon.colcon_core.package_identification:_identify(/home/yutou/ros2_ws/packages) by extensions ['ros']
[0.190s] Level 1:colcon.colcon_core.package_identification:_identify(/home/yutou/ros2_ws/packages) by extension 'ros'
[0.190s] Level 1:colcon.colcon_core.package_identification:_identify(/home/yutou/ros2_ws/packages) by extensions ['cmake', 'python']
[0.190s] Level 1:colcon.colcon_core.package_identification:_identify(/home/yutou/ros2_ws/packages) by extension 'cmake'
[0.190s] Level 1:colcon.colcon_core.package_identification:_identify(/home/yutou/ros2_ws/packages) by extension 'python'
[0.190s] Level 1:colcon.colcon_core.package_identification:_identify(/home/yutou/ros2_ws/packages) by extensions ['python_setup_py']
[0.190s] Level 1:colcon.colcon_core.package_identification:_identify(/home/yutou/ros2_ws/packages) by extension 'python_setup_py'
[0.190s] Level 1:colcon.colcon_core.package_identification:_identify(/home/yutou/ros2_ws/packages/cartographer) by extensions ['ignore', 'ignore_ament_install']
[0.190s] Level 1:colcon.colcon_core.package_identification:_identify(/home/yutou/ros2_ws/packages/cartographer) by extension 'ignore'
[0.190s] Level 1:colcon.colcon_core.package_identification:_identify(/home/yutou/ros2_ws/packages/cartographer) by extension 'ignore_ament_install'
[0.190s] Level 1:colcon.colcon_core.package_identification:_identify(/home/yutou/ros2_ws/packages/cartographer) by extensions ['colcon_pkg']
[0.190s] Level 1:colcon.colcon_core.package_identification:_identify(/home/yutou/ros2_ws/packages/cartographer) by extension 'colcon_pkg'
[0.190s] Level 1:colcon.colcon_core.package_identification:_identify(/home/yutou/ros2_ws/packages/cartographer) by extensions ['colcon_meta']
[0.190s] Level 1:colcon.colcon_core.package_identification:_identify(/home/yutou/ros2_ws/packages/cartographer) by extension 'colcon_meta'
[0.190s] Level 1:colcon.colcon_core.package_identification:_identify(/home/yutou/ros2_ws/packages/cartographer) by extensions ['ros']
[0.190s] Level 1:colcon.colcon_core.package_identification:_identify(/home/yutou/ros2_ws/packages/cartographer) by extension 'ros'
[0.193s] DEBUG:colcon.colcon_core.package_identification:Package '/home/yutou/ros2_ws/packages/cartographer' with type 'ros.cmake' and name 'cartographer'
[0.193s] Level 1:colcon.colcon_core.package_identification:_identify(/home/yutou/ros2_ws/packages/cartographer_ros) by extensions ['ignore', 'ignore_ament_install']
[0.193s] Level 1:colcon.colcon_core.package_identification:_identify(/home/yutou/ros2_ws/packages/cartographer_ros) by extension 'ignore'
[0.193s] Level 1:colcon.colcon_core.package_identification:_identify(/home/yutou/ros2_ws/packages/cartographer_ros) by extension 'ignore_ament_install'
[0.193s] Level 1:colcon.colcon_core.package_identification:_identify(/home/yutou/ros2_ws/packages/cartographer_ros) by extensions ['colcon_pkg']
[0.193s] Level 1:colcon.colcon_core.package_identification:_identify(/home/yutou/ros2_ws/packages/cartographer_ros) by extension 'colcon_pkg'
[0.193s] Level 1:colcon.colcon_core.package_identification:_identify(/home/yutou/ros2_ws/packages/cartographer_ros) by extensions ['colcon_meta']
[0.193s] Level 1:colcon.colcon_core.package_identification:_identify(/home/yutou/ros2_ws/packages/cartographer_ros) by extension 'colcon_meta'
[0.193s] Level 1:colcon.colcon_core.package_identification:_identify(/home/yutou/ros2_ws/packages/cartographer_ros) by extensions ['ros']
[0.193s] Level 1:colcon.colcon_core.package_identification:_identify(/home/yutou/ros2_ws/packages/cartographer_ros) by extension 'ros'
[0.193s] Level 1:colcon.colcon_core.package_identification:_identify(/home/yutou/ros2_ws/packages/cartographer_ros) by extensions ['cmake', 'python']
[0.193s] Level 1:colcon.colcon_core.package_identification:_identify(/home/yutou/ros2_ws/packages/cartographer_ros) by extension 'cmake'
[0.193s] Level 1:colcon.colcon_core.package_identification:_identify(/home/yutou/ros2_ws/packages/cartographer_ros) by extension 'python'
[0.193s] Level 1:colcon.colcon_core.package_identification:_identify(/home/yutou/ros2_ws/packages/cartographer_ros) by extensions ['python_setup_py']
[0.193s] Level 1:colcon.colcon_core.package_identification:_identify(/home/yutou/ros2_ws/packages/cartographer_ros) by extension 'python_setup_py'
[0.193s] Level 1:colcon.colcon_core.package_identification:_identify(/home/yutou/ros2_ws/packages/cartographer_ros/cartographer_ros) by extensions ['ignore', 'ignore_ament_install']
[0.193s] Level 1:colcon.colcon_core.package_identification:_identify(/home/yutou/ros2_ws/packages/cartographer_ros/cartographer_ros) by extension 'ignore'
[0.193s] Level 1:colcon.colcon_core.package_identification:_identify(/home/yutou/ros2_ws/packages/cartographer_ros/cartographer_ros) by extension 'ignore_ament_install'
[0.193s] Level 1:colcon.colcon_core.package_identification:_identify(/home/yutou/ros2_ws/packages/cartographer_ros/cartographer_ros) by extensions ['colcon_pkg']
[0.193s] Level 1:colcon.colcon_core.package_identification:_identify(/home/yutou/ros2_ws/packages/cartographer_ros/cartographer_ros) by extension 'colcon_pkg'
[0.193s] Level 1:colcon.colcon_core.package_identification:_identify(/home/yutou/ros2_ws/packages/cartographer_ros/cartographer_ros) by extensions ['colcon_meta']
[0.193s] Level 1:colcon.colcon_core.package_identification:_identify(/home/yutou/ros2_ws/packages/cartographer_ros/cartographer_ros) by extension 'colcon_meta'
[0.193s] Level 1:colcon.colcon_core.package_identification:_identify(/home/yutou/ros2_ws/packages/cartographer_ros/cartographer_ros) by extensions ['ros']
[0.193s] Level 1:colcon.colcon_core.package_identification:_identify(/home/yutou/ros2_ws/packages/cartographer_ros/cartographer_ros) by extension 'ros'
[0.195s] DEBUG:colcon.colcon_core.package_identification:Package '/home/yutou/ros2_ws/packages/cartographer_ros/cartographer_ros' with type 'ros.ament_cmake' and name 'cartographer_ros'
[0.195s] Level 1:colcon.colcon_core.package_identification:_identify(/home/yutou/ros2_ws/packages/cartographer_ros/cartographer_ros_msgs) by extensions ['ignore', 'ignore_ament_install']
[0.195s] Level 1:colcon.colcon_core.package_identification:_identify(/home/yutou/ros2_ws/packages/cartographer_ros/cartographer_ros_msgs) by extension 'ignore'
[0.195s] Level 1:colcon.colcon_core.package_identification:_identify(/home/yutou/ros2_ws/packages/cartographer_ros/cartographer_ros_msgs) by extension 'ignore_ament_install'
[0.195s] Level 1:colcon.colcon_core.package_identification:_identify(/home/yutou/ros2_ws/packages/cartographer_ros/cartographer_ros_msgs) by extensions ['colcon_pkg']
[0.195s] Level 1:colcon.colcon_core.package_identification:_identify(/home/yutou/ros2_ws/packages/cartographer_ros/cartographer_ros_msgs) by extension 'colcon_pkg'
[0.195s] Level 1:colcon.colcon_core.package_identification:_identify(/home/yutou/ros2_ws/packages/cartographer_ros/cartographer_ros_msgs) by extensions ['colcon_meta']
[0.195s] Level 1:colcon.colcon_core.package_identification:_identify(/home/yutou/ros2_ws/packages/cartographer_ros/cartographer_ros_msgs) by extension 'colcon_meta'
[0.195s] Level 1:colcon.colcon_core.package_identification:_identify(/home/yutou/ros2_ws/packages/cartographer_ros/cartographer_ros_msgs) by extensions ['ros']
[0.195s] Level 1:colcon.colcon_core.package_identification:_identify(/home/yutou/ros2_ws/packages/cartographer_ros/cartographer_ros_msgs) by extension 'ros'
[0.196s] DEBUG:colcon.colcon_core.package_identification:Package '/home/yutou/ros2_ws/packages/cartographer_ros/cartographer_ros_msgs' with type 'ros.ament_cmake' and name 'cartographer_ros_msgs'
[0.196s] Level 1:colcon.colcon_core.package_identification:_identify(/home/yutou/ros2_ws/packages/cartographer_ros/cartographer_rviz) by extensions ['ignore', 'ignore_ament_install']
[0.196s] Level 1:colcon.colcon_core.package_identification:_identify(/home/yutou/ros2_ws/packages/cartographer_ros/cartographer_rviz) by extension 'ignore'
[0.196s] Level 1:colcon.colcon_core.package_identification:_identify(/home/yutou/ros2_ws/packages/cartographer_ros/cartographer_rviz) by extension 'ignore_ament_install'
[0.196s] Level 1:colcon.colcon_core.package_identification:_identify(/home/yutou/ros2_ws/packages/cartographer_ros/cartographer_rviz) by extensions ['colcon_pkg']
[0.196s] Level 1:colcon.colcon_core.package_identification:_identify(/home/yutou/ros2_ws/packages/cartographer_ros/cartographer_rviz) by extension 'colcon_pkg'
[0.196s] Level 1:colcon.colcon_core.package_identification:_identify(/home/yutou/ros2_ws/packages/cartographer_ros/cartographer_rviz) by extensions ['colcon_meta']
[0.196s] Level 1:colcon.colcon_core.package_identification:_identify(/home/yutou/ros2_ws/packages/cartographer_ros/cartographer_rviz) by extension 'colcon_meta'
[0.196s] Level 1:colcon.colcon_core.package_identification:_identify(/home/yutou/ros2_ws/packages/cartographer_ros/cartographer_rviz) by extensions ['ros']
[0.196s] Level 1:colcon.colcon_core.package_identification:_identify(/home/yutou/ros2_ws/packages/cartographer_ros/cartographer_rviz) by extension 'ros'
[0.197s] DEBUG:colcon.colcon_core.package_identification:Package '/home/yutou/ros2_ws/packages/cartographer_ros/cartographer_rviz' with type 'ros.ament_cmake' and name 'cartographer_rviz'
[0.197s] Level 1:colcon.colcon_core.package_identification:_identify(/home/yutou/ros2_ws/packages/cartographer_ros/docs) by extensions ['ignore', 'ignore_ament_install']
[0.197s] Level 1:colcon.colcon_core.package_identification:_identify(/home/yutou/ros2_ws/packages/cartographer_ros/docs) by extension 'ignore'
[0.197s] Level 1:colcon.colcon_core.package_identification:_identify(/home/yutou/ros2_ws/packages/cartographer_ros/docs) ignored
[0.197s] Level 1:colcon.colcon_core.package_identification:_identify(/home/yutou/ros2_ws/packages/cartographer_ros/scripts) by extensions ['ignore', 'ignore_ament_install']
[0.197s] Level 1:colcon.colcon_core.package_identification:_identify(/home/yutou/ros2_ws/packages/cartographer_ros/scripts) by extension 'ignore'
[0.197s] Level 1:colcon.colcon_core.package_identification:_identify(/home/yutou/ros2_ws/packages/cartographer_ros/scripts) by extension 'ignore_ament_install'
[0.197s] Level 1:colcon.colcon_core.package_identification:_identify(/home/yutou/ros2_ws/packages/cartographer_ros/scripts) by extensions ['colcon_pkg']
[0.197s] Level 1:colcon.colcon_core.package_identification:_identify(/home/yutou/ros2_ws/packages/cartographer_ros/scripts) by extension 'colcon_pkg'
[0.197s] Level 1:colcon.colcon_core.package_identification:_identify(/home/yutou/ros2_ws/packages/cartographer_ros/scripts) by extensions ['colcon_meta']
[0.197s] Level 1:colcon.colcon_core.package_identification:_identify(/home/yutou/ros2_ws/packages/cartographer_ros/scripts) by extension 'colcon_meta'
[0.197s] Level 1:colcon.colcon_core.package_identification:_identify(/home/yutou/ros2_ws/packages/cartographer_ros/scripts) by extensions ['ros']
[0.197s] Level 1:colcon.colcon_core.package_identification:_identify(/home/yutou/ros2_ws/packages/cartographer_ros/scripts) by extension 'ros'
[0.197s] Level 1:colcon.colcon_core.package_identification:_identify(/home/yutou/ros2_ws/packages/cartographer_ros/scripts) by extensions ['cmake', 'python']
[0.197s] Level 1:colcon.colcon_core.package_identification:_identify(/home/yutou/ros2_ws/packages/cartographer_ros/scripts) by extension 'cmake'
[0.197s] Level 1:colcon.colcon_core.package_identification:_identify(/home/yutou/ros2_ws/packages/cartographer_ros/scripts) by extension 'python'
[0.197s] Level 1:colcon.colcon_core.package_identification:_identify(/home/yutou/ros2_ws/packages/cartographer_ros/scripts) by extensions ['python_setup_py']
[0.197s] Level 1:colcon.colcon_core.package_identification:_identify(/home/yutou/ros2_ws/packages/cartographer_ros/scripts) by extension 'python_setup_py'
[0.197s] Level 1:colcon.colcon_core.package_identification:_identify(/home/yutou/ros2_ws/src) by extensions ['ignore', 'ignore_ament_install']
[0.197s] Level 1:colcon.colcon_core.package_identification:_identify(/home/yutou/ros2_ws/src) by extension 'ignore'
[0.197s] Level 1:colcon.colcon_core.package_identification:_identify(/home/yutou/ros2_ws/src) by extension 'ignore_ament_install'
[0.197s] Level 1:colcon.colcon_core.package_identification:_identify(/home/yutou/ros2_ws/src) by extensions ['colcon_pkg']
[0.198s] Level 1:colcon.colcon_core.package_identification:_identify(/home/yutou/ros2_ws/src) by extension 'colcon_pkg'
[0.198s] Level 1:colcon.colcon_core.package_identification:_identify(/home/yutou/ros2_ws/src) by extensions ['colcon_meta']
[0.198s] Level 1:colcon.colcon_core.package_identification:_identify(/home/yutou/ros2_ws/src) by extension 'colcon_meta'
[0.198s] Level 1:colcon.colcon_core.package_identification:_identify(/home/yutou/ros2_ws/src) by extensions ['ros']
[0.198s] Level 1:colcon.colcon_core.package_identification:_identify(/home/yutou/ros2_ws/src) by extension 'ros'
[0.198s] Level 1:colcon.colcon_core.package_identification:_identify(/home/yutou/ros2_ws/src) by extensions ['cmake', 'python']
[0.198s] Level 1:colcon.colcon_core.package_identification:_identify(/home/yutou/ros2_ws/src) by extension 'cmake'
[0.198s] Level 1:colcon.colcon_core.package_identification:_identify(/home/yutou/ros2_ws/src) by extension 'python'
[0.198s] Level 1:colcon.colcon_core.package_identification:_identify(/home/yutou/ros2_ws/src) by extensions ['python_setup_py']
[0.198s] Level 1:colcon.colcon_core.package_identification:_identify(/home/yutou/ros2_ws/src) by extension 'python_setup_py'
[0.198s] Level 1:colcon.colcon_core.package_identification:_identify(/home/yutou/ros2_ws/src/example_topic_rclpy) by extensions ['ignore', 'ignore_ament_install']
[0.198s] Level 1:colcon.colcon_core.package_identification:_identify(/home/yutou/ros2_ws/src/example_topic_rclpy) by extension 'ignore'
[0.198s] Level 1:colcon.colcon_core.package_identification:_identify(/home/yutou/ros2_ws/src/example_topic_rclpy) by extension 'ignore_ament_install'
[0.198s] Level 1:colcon.colcon_core.package_identification:_identify(/home/yutou/ros2_ws/src/example_topic_rclpy) by extensions ['colcon_pkg']
[0.198s] Level 1:colcon.colcon_core.package_identification:_identify(/home/yutou/ros2_ws/src/example_topic_rclpy) by extension 'colcon_pkg'
[0.198s] Level 1:colcon.colcon_core.package_identification:_identify(/home/yutou/ros2_ws/src/example_topic_rclpy) by extensions ['colcon_meta']
[0.198s] Level 1:colcon.colcon_core.package_identification:_identify(/home/yutou/ros2_ws/src/example_topic_rclpy) by extension 'colcon_meta'
[0.198s] Level 1:colcon.colcon_core.package_identification:_identify(/home/yutou/ros2_ws/src/example_topic_rclpy) by extensions ['ros']
[0.198s] Level 1:colcon.colcon_core.package_identification:_identify(/home/yutou/ros2_ws/src/example_topic_rclpy) by extension 'ros'
[0.198s] DEBUG:colcon.colcon_core.package_identification:Package '/home/yutou/ros2_ws/src/example_topic_rclpy' with type 'ros.ament_python' and name 'example_topic_rclpy'
[0.198s] Level 1:colcon.colcon_core.package_identification:_identify(/home/yutou/ros2_ws/src/fishbot_cartographer) by extensions ['ignore', 'ignore_ament_install']
[0.198s] Level 1:colcon.colcon_core.package_identification:_identify(/home/yutou/ros2_ws/src/fishbot_cartographer) by extension 'ignore'
[0.199s] Level 1:colcon.colcon_core.package_identification:_identify(/home/yutou/ros2_ws/src/fishbot_cartographer) by extension 'ignore_ament_install'
[0.199s] Level 1:colcon.colcon_core.package_identification:_identify(/home/yutou/ros2_ws/src/fishbot_cartographer) by extensions ['colcon_pkg']
[0.199s] Level 1:colcon.colcon_core.package_identification:_identify(/home/yutou/ros2_ws/src/fishbot_cartographer) by extension 'colcon_pkg'
[0.199s] Level 1:colcon.colcon_core.package_identification:_identify(/home/yutou/ros2_ws/src/fishbot_cartographer) by extensions ['colcon_meta']
[0.199s] Level 1:colcon.colcon_core.package_identification:_identify(/home/yutou/ros2_ws/src/fishbot_cartographer) by extension 'colcon_meta'
[0.199s] Level 1:colcon.colcon_core.package_identification:_identify(/home/yutou/ros2_ws/src/fishbot_cartographer) by extensions ['ros']
[0.199s] Level 1:colcon.colcon_core.package_identification:_identify(/home/yutou/ros2_ws/src/fishbot_cartographer) by extension 'ros'
[0.199s] DEBUG:colcon.colcon_core.package_identification:Package '/home/yutou/ros2_ws/src/fishbot_cartographer' with type 'ros.ament_cmake' and name 'fishbot_cartographer'
[0.199s] Level 1:colcon.colcon_core.package_identification:_identify(/home/yutou/ros2_ws/src/fishbot_description) by extensions ['ignore', 'ignore_ament_install']
[0.199s] Level 1:colcon.colcon_core.package_identification:_identify(/home/yutou/ros2_ws/src/fishbot_description) by extension 'ignore'
[0.199s] Level 1:colcon.colcon_core.package_identification:_identify(/home/yutou/ros2_ws/src/fishbot_description) by extension 'ignore_ament_install'
[0.199s] Level 1:colcon.colcon_core.package_identification:_identify(/home/yutou/ros2_ws/src/fishbot_description) by extensions ['colcon_pkg']
[0.199s] Level 1:colcon.colcon_core.package_identification:_identify(/home/yutou/ros2_ws/src/fishbot_description) by extension 'colcon_pkg'
[0.199s] Level 1:colcon.colcon_core.package_identification:_identify(/home/yutou/ros2_ws/src/fishbot_description) by extensions ['colcon_meta']
[0.199s] Level 1:colcon.colcon_core.package_identification:_identify(/home/yutou/ros2_ws/src/fishbot_description) by extension 'colcon_meta'
[0.199s] Level 1:colcon.colcon_core.package_identification:_identify(/home/yutou/ros2_ws/src/fishbot_description) by extensions ['ros']
[0.199s] Level 1:colcon.colcon_core.package_identification:_identify(/home/yutou/ros2_ws/src/fishbot_description) by extension 'ros'
[0.200s] DEBUG:colcon.colcon_core.package_identification:Package '/home/yutou/ros2_ws/src/fishbot_description' with type 'ros.ament_python' and name 'fishbot_description'
[0.200s] Level 1:colcon.colcon_core.package_identification:_identify(/home/yutou/ros2_ws/src/fishbot_navigation2) by extensions ['ignore', 'ignore_ament_install']
[0.200s] Level 1:colcon.colcon_core.package_identification:_identify(/home/yutou/ros2_ws/src/fishbot_navigation2) by extension 'ignore'
[0.200s] Level 1:colcon.colcon_core.package_identification:_identify(/home/yutou/ros2_ws/src/fishbot_navigation2) by extension 'ignore_ament_install'
[0.200s] Level 1:colcon.colcon_core.package_identification:_identify(/home/yutou/ros2_ws/src/fishbot_navigation2) by extensions ['colcon_pkg']
[0.200s] Level 1:colcon.colcon_core.package_identification:_identify(/home/yutou/ros2_ws/src/fishbot_navigation2) by extension 'colcon_pkg'
[0.200s] Level 1:colcon.colcon_core.package_identification:_identify(/home/yutou/ros2_ws/src/fishbot_navigation2) by extensions ['colcon_meta']
[0.200s] Level 1:colcon.colcon_core.package_identification:_identify(/home/yutou/ros2_ws/src/fishbot_navigation2) by extension 'colcon_meta'
[0.200s] Level 1:colcon.colcon_core.package_identification:_identify(/home/yutou/ros2_ws/src/fishbot_navigation2) by extensions ['ros']
[0.200s] Level 1:colcon.colcon_core.package_identification:_identify(/home/yutou/ros2_ws/src/fishbot_navigation2) by extension 'ros'
[0.200s] DEBUG:colcon.colcon_core.package_identification:Package '/home/yutou/ros2_ws/src/fishbot_navigation2' with type 'ros.ament_cmake' and name 'fishbot_navigation2'
[0.200s] Level 1:colcon.colcon_core.package_identification:_identify(/home/yutou/ros2_ws/src/greenstory_interfaces) by extensions ['ignore', 'ignore_ament_install']
[0.200s] Level 1:colcon.colcon_core.package_identification:_identify(/home/yutou/ros2_ws/src/greenstory_interfaces) by extension 'ignore'
[0.200s] Level 1:colcon.colcon_core.package_identification:_identify(/home/yutou/ros2_ws/src/greenstory_interfaces) by extension 'ignore_ament_install'
[0.200s] Level 1:colcon.colcon_core.package_identification:_identify(/home/yutou/ros2_ws/src/greenstory_interfaces) by extensions ['colcon_pkg']
[0.200s] Level 1:colcon.colcon_core.package_identification:_identify(/home/yutou/ros2_ws/src/greenstory_interfaces) by extension 'colcon_pkg'
[0.200s] Level 1:colcon.colcon_core.package_identification:_identify(/home/yutou/ros2_ws/src/greenstory_interfaces) by extensions ['colcon_meta']
[0.200s] Level 1:colcon.colcon_core.package_identification:_identify(/home/yutou/ros2_ws/src/greenstory_interfaces) by extension 'colcon_meta'
[0.200s] Level 1:colcon.colcon_core.package_identification:_identify(/home/yutou/ros2_ws/src/greenstory_interfaces) by extensions ['ros']
[0.200s] Level 1:colcon.colcon_core.package_identification:_identify(/home/yutou/ros2_ws/src/greenstory_interfaces) by extension 'ros'
[0.201s] DEBUG:colcon.colcon_core.package_identification:Package '/home/yutou/ros2_ws/src/greenstory_interfaces' with type 'ros.ament_cmake' and name 'greenstory_interfaces'
[0.201s] Level 1:colcon.colcon_core.package_identification:_identify(/home/yutou/ros2_ws/src/service_server) by extensions ['ignore', 'ignore_ament_install']
[0.201s] Level 1:colcon.colcon_core.package_identification:_identify(/home/yutou/ros2_ws/src/service_server) by extension 'ignore'
[0.201s] Level 1:colcon.colcon_core.package_identification:_identify(/home/yutou/ros2_ws/src/service_server) by extension 'ignore_ament_install'
[0.201s] Level 1:colcon.colcon_core.package_identification:_identify(/home/yutou/ros2_ws/src/service_server) by extensions ['colcon_pkg']
[0.201s] Level 1:colcon.colcon_core.package_identification:_identify(/home/yutou/ros2_ws/src/service_server) by extension 'colcon_pkg'
[0.201s] Level 1:colcon.colcon_core.package_identification:_identify(/home/yutou/ros2_ws/src/service_server) by extensions ['colcon_meta']
[0.201s] Level 1:colcon.colcon_core.package_identification:_identify(/home/yutou/ros2_ws/src/service_server) by extension 'colcon_meta'
[0.201s] Level 1:colcon.colcon_core.package_identification:_identify(/home/yutou/ros2_ws/src/service_server) by extensions ['ros']
[0.201s] Level 1:colcon.colcon_core.package_identification:_identify(/home/yutou/ros2_ws/src/service_server) by extension 'ros'
[0.201s] DEBUG:colcon.colcon_core.package_identification:Package '/home/yutou/ros2_ws/src/service_server' with type 'ros.ament_python' and name 'service_server'
[0.201s] Level 1:colcon.colcon_core.package_identification:_identify(/home/yutou/ros2_ws/src/story) by extensions ['ignore', 'ignore_ament_install']
[0.202s] Level 1:colcon.colcon_core.package_identification:_identify(/home/yutou/ros2_ws/src/story) by extension 'ignore'
[0.202s] Level 1:colcon.colcon_core.package_identification:_identify(/home/yutou/ros2_ws/src/story) by extension 'ignore_ament_install'
[0.202s] Level 1:colcon.colcon_core.package_identification:_identify(/home/yutou/ros2_ws/src/story) by extensions ['colcon_pkg']
[0.202s] Level 1:colcon.colcon_core.package_identification:_identify(/home/yutou/ros2_ws/src/story) by extension 'colcon_pkg'
[0.202s] Level 1:colcon.colcon_core.package_identification:_identify(/home/yutou/ros2_ws/src/story) by extensions ['colcon_meta']
[0.202s] Level 1:colcon.colcon_core.package_identification:_identify(/home/yutou/ros2_ws/src/story) by extension 'colcon_meta'
[0.202s] Level 1:colcon.colcon_core.package_identification:_identify(/home/yutou/ros2_ws/src/story) by extensions ['ros']
[0.202s] Level 1:colcon.colcon_core.package_identification:_identify(/home/yutou/ros2_ws/src/story) by extension 'ros'
[0.202s] DEBUG:colcon.colcon_core.package_identification:Package '/home/yutou/ros2_ws/src/story' with type 'ros.ament_python' and name 'story'
[0.202s] Level 1:colcon.colcon_core.package_identification:_identify(/home/yutou/ros2_ws/src/world) by extensions ['ignore', 'ignore_ament_install']
[0.202s] Level 1:colcon.colcon_core.package_identification:_identify(/home/yutou/ros2_ws/src/world) by extension 'ignore'
[0.202s] Level 1:colcon.colcon_core.package_identification:_identify(/home/yutou/ros2_ws/src/world) by extension 'ignore_ament_install'
[0.202s] Level 1:colcon.colcon_core.package_identification:_identify(/home/yutou/ros2_ws/src/world) by extensions ['colcon_pkg']
[0.202s] Level 1:colcon.colcon_core.package_identification:_identify(/home/yutou/ros2_ws/src/world) by extension 'colcon_pkg'
[0.202s] Level 1:colcon.colcon_core.package_identification:_identify(/home/yutou/ros2_ws/src/world) by extensions ['colcon_meta']
[0.202s] Level 1:colcon.colcon_core.package_identification:_identify(/home/yutou/ros2_ws/src/world) by extension 'colcon_meta'
[0.202s] Level 1:colcon.colcon_core.package_identification:_identify(/home/yutou/ros2_ws/src/world) by extensions ['ros']
[0.202s] Level 1:colcon.colcon_core.package_identification:_identify(/home/yutou/ros2_ws/src/world) by extension 'ros'
[0.202s] Level 1:colcon.colcon_core.package_identification:_identify(/home/yutou/ros2_ws/src/world) by extensions ['cmake', 'python']
[0.202s] Level 1:colcon.colcon_core.package_identification:_identify(/home/yutou/ros2_ws/src/world) by extension 'cmake'
[0.202s] Level 1:colcon.colcon_core.package_identification:_identify(/home/yutou/ros2_ws/src/world) by extension 'python'
[0.202s] Level 1:colcon.colcon_core.package_identification:_identify(/home/yutou/ros2_ws/src/world) by extensions ['python_setup_py']
[0.202s] Level 1:colcon.colcon_core.package_identification:_identify(/home/yutou/ros2_ws/src/world) by extension 'python_setup_py'
[0.203s] Level 1:colcon.colcon_core.package_identification:_identify(/home/yutou/ros2_ws/src/world/world_first) by extensions ['ignore', 'ignore_ament_install']
[0.203s] Level 1:colcon.colcon_core.package_identification:_identify(/home/yutou/ros2_ws/src/world/world_first) by extension 'ignore'
[0.203s] Level 1:colcon.colcon_core.package_identification:_identify(/home/yutou/ros2_ws/src/world/world_first) by extension 'ignore_ament_install'
[0.203s] Level 1:colcon.colcon_core.package_identification:_identify(/home/yutou/ros2_ws/src/world/world_first) by extensions ['colcon_pkg']
[0.203s] Level 1:colcon.colcon_core.package_identification:_identify(/home/yutou/ros2_ws/src/world/world_first) by extension 'colcon_pkg'
[0.203s] Level 1:colcon.colcon_core.package_identification:_identify(/home/yutou/ros2_ws/src/world/world_first) by extensions ['colcon_meta']
[0.203s] Level 1:colcon.colcon_core.package_identification:_identify(/home/yutou/ros2_ws/src/world/world_first) by extension 'colcon_meta'
[0.203s] Level 1:colcon.colcon_core.package_identification:_identify(/home/yutou/ros2_ws/src/world/world_first) by extensions ['ros']
[0.203s] Level 1:colcon.colcon_core.package_identification:_identify(/home/yutou/ros2_ws/src/world/world_first) by extension 'ros'
[0.203s] Level 1:colcon.colcon_core.package_identification:_identify(/home/yutou/ros2_ws/src/world/world_first) by extensions ['cmake', 'python']
[0.203s] Level 1:colcon.colcon_core.package_identification:_identify(/home/yutou/ros2_ws/src/world/world_first) by extension 'cmake'
[0.203s] Level 1:colcon.colcon_core.package_identification:_identify(/home/yutou/ros2_ws/src/world/world_first) by extension 'python'
[0.203s] Level 1:colcon.colcon_core.package_identification:_identify(/home/yutou/ros2_ws/src/world/world_first) by extensions ['python_setup_py']
[0.203s] Level 1:colcon.colcon_core.package_identification:_identify(/home/yutou/ros2_ws/src/world/world_first) by extension 'python_setup_py'
[0.203s] Level 1:colcon.colcon_core.package_identification:_identify(/home/yutou/ros2_ws/src/world/world_second) by extensions ['ignore', 'ignore_ament_install']
[0.203s] Level 1:colcon.colcon_core.package_identification:_identify(/home/yutou/ros2_ws/src/world/world_second) by extension 'ignore'
[0.203s] Level 1:colcon.colcon_core.package_identification:_identify(/home/yutou/ros2_ws/src/world/world_second) by extension 'ignore_ament_install'
[0.203s] Level 1:colcon.colcon_core.package_identification:_identify(/home/yutou/ros2_ws/src/world/world_second) by extensions ['colcon_pkg']
[0.203s] Level 1:colcon.colcon_core.package_identification:_identify(/home/yutou/ros2_ws/src/world/world_second) by extension 'colcon_pkg'
[0.203s] Level 1:colcon.colcon_core.package_identification:_identify(/home/yutou/ros2_ws/src/world/world_second) by extensions ['colcon_meta']
[0.203s] Level 1:colcon.colcon_core.package_identification:_identify(/home/yutou/ros2_ws/src/world/world_second) by extension 'colcon_meta'
[0.203s] Level 1:colcon.colcon_core.package_identification:_identify(/home/yutou/ros2_ws/src/world/world_second) by extensions ['ros']
[0.203s] Level 1:colcon.colcon_core.package_identification:_identify(/home/yutou/ros2_ws/src/world/world_second) by extension 'ros'
[0.203s] Level 1:colcon.colcon_core.package_identification:_identify(/home/yutou/ros2_ws/src/world/world_second) by extensions ['cmake', 'python']
[0.203s] Level 1:colcon.colcon_core.package_identification:_identify(/home/yutou/ros2_ws/src/world/world_second) by extension 'cmake'
[0.203s] Level 1:colcon.colcon_core.package_identification:_identify(/home/yutou/ros2_ws/src/world/world_second) by extension 'python'
[0.203s] Level 1:colcon.colcon_core.package_identification:_identify(/home/yutou/ros2_ws/src/world/world_second) by extensions ['python_setup_py']
[0.203s] Level 1:colcon.colcon_core.package_identification:_identify(/home/yutou/ros2_ws/src/world/world_second) by extension 'python_setup_py'
[0.203s] Level 1:colcon.colcon_core.package_identification:_identify(/home/yutou/ros2_ws/src/world/world_thrid) by extensions ['ignore', 'ignore_ament_install']
[0.203s] Level 1:colcon.colcon_core.package_identification:_identify(/home/yutou/ros2_ws/src/world/world_thrid) by extension 'ignore'
[0.203s] Level 1:colcon.colcon_core.package_identification:_identify(/home/yutou/ros2_ws/src/world/world_thrid) by extension 'ignore_ament_install'
[0.203s] Level 1:colcon.colcon_core.package_identification:_identify(/home/yutou/ros2_ws/src/world/world_thrid) by extensions ['colcon_pkg']
[0.203s] Level 1:colcon.colcon_core.package_identification:_identify(/home/yutou/ros2_ws/src/world/world_thrid) by extension 'colcon_pkg'
[0.203s] Level 1:colcon.colcon_core.package_identification:_identify(/home/yutou/ros2_ws/src/world/world_thrid) by extensions ['colcon_meta']
[0.203s] Level 1:colcon.colcon_core.package_identification:_identify(/home/yutou/ros2_ws/src/world/world_thrid) by extension 'colcon_meta'
[0.203s] Level 1:colcon.colcon_core.package_identification:_identify(/home/yutou/ros2_ws/src/world/world_thrid) by extensions ['ros']
[0.203s] Level 1:colcon.colcon_core.package_identification:_identify(/home/yutou/ros2_ws/src/world/world_thrid) by extension 'ros'
[0.204s] Level 1:colcon.colcon_core.package_identification:_identify(/home/yutou/ros2_ws/src/world/world_thrid) by extensions ['cmake', 'python']
[0.204s] Level 1:colcon.colcon_core.package_identification:_identify(/home/yutou/ros2_ws/src/world/world_thrid) by extension 'cmake'
[0.204s] Level 1:colcon.colcon_core.package_identification:_identify(/home/yutou/ros2_ws/src/world/world_thrid) by extension 'python'
[0.204s] Level 1:colcon.colcon_core.package_identification:_identify(/home/yutou/ros2_ws/src/world/world_thrid) by extensions ['python_setup_py']
[0.204s] Level 1:colcon.colcon_core.package_identification:_identify(/home/yutou/ros2_ws/src/world/world_thrid) by extension 'python_setup_py'
[0.204s] Level 1:colcon.colcon_core.package_discovery:discover_packages(recursive) using defaults
