[0.227s] DEBUG:colcon:Command line arguments: ['/usr/bin/colcon', 'build']
[0.227s] DEBUG:colcon:Parsed command line arguments: Namespace(log_base=None, log_level=None, verb_name='build', build_base='build', install_base='install', merge_install=False, symlink_install=False, test_result_base=None, continue_on_error=False, executor='parallel', parallel_workers=20, event_handlers=None, ignore_user_meta=False, metas=['./colcon.meta'], base_paths=['.'], packages_ignore=None, packages_ignore_regex=None, paths=None, packages_up_to=None, packages_up_to_regex=None, packages_above=None, packages_above_and_dependencies=None, packages_above_depth=None, packages_select_by_dep=None, packages_skip_by_dep=None, packages_skip_up_to=None, packages_select_build_failed=False, packages_skip_build_finished=False, packages_select_test_failures=False, packages_skip_test_passed=False, packages_select=None, packages_skip=None, packages_select_regex=None, packages_skip_regex=None, packages_start=None, packages_end=None, cmake_args=None, cmake_target=None, cmake_target_skip_unavailable=False, cmake_clean_cache=False, cmake_clean_first=False, cmake_force_configure=False, ament_cmake_args=None, catkin_cmake_args=None, catkin_skip_building_tests=False, mixin_files=None, mixin=None, verb_parser=<colcon_mixin.mixin.mixin_argument.MixinArgumentDecorator object at 0x7ef0ca26f580>, verb_extension=<colcon_core.verb.build.BuildVerb object at 0x7ef0ca3b4520>, main=<bound method BuildVerb.main of <colcon_core.verb.build.BuildVerb object at 0x7ef0ca3b4520>>, mixin_verb=('build',))
[0.386s] Level 1:colcon.colcon_core.package_discovery:discover_packages(colcon_meta) check parameters
[0.386s] Level 1:colcon.colcon_core.package_discovery:discover_packages(recursive) check parameters
[0.386s] Level 1:colcon.colcon_core.package_discovery:discover_packages(ignore) check parameters
[0.386s] Level 1:colcon.colcon_core.package_discovery:discover_packages(path) check parameters
[0.386s] Level 1:colcon.colcon_core.package_discovery:discover_packages(colcon_meta) discover
[0.386s] Level 1:colcon.colcon_core.package_discovery:discover_packages(recursive) discover
[0.386s] INFO:colcon.colcon_core.package_discovery:Crawling recursively for packages in '/home/yutou/ros2_ws'
[0.386s] Level 1:colcon.colcon_core.package_identification:_identify(.) by extensions ['ignore', 'ignore_ament_install']
[0.387s] Level 1:colcon.colcon_core.package_identification:_identify(.) by extension 'ignore'
[0.387s] Level 1:colcon.colcon_core.package_identification:_identify(.) by extension 'ignore_ament_install'
[0.387s] Level 1:colcon.colcon_core.package_identification:_identify(.) by extensions ['colcon_pkg']
[0.387s] Level 1:colcon.colcon_core.package_identification:_identify(.) by extension 'colcon_pkg'
[0.387s] Level 1:colcon.colcon_core.package_identification:_identify(.) by extensions ['colcon_meta']
[0.387s] Level 1:colcon.colcon_core.package_identification:_identify(.) by extension 'colcon_meta'
[0.387s] Level 1:colcon.colcon_core.package_identification:_identify(.) by extensions ['ros']
[0.387s] Level 1:colcon.colcon_core.package_identification:_identify(.) by extension 'ros'
[0.400s] Level 1:colcon.colcon_core.package_identification:_identify(.) by extensions ['cmake', 'python']
[0.400s] Level 1:colcon.colcon_core.package_identification:_identify(.) by extension 'cmake'
[0.400s] Level 1:colcon.colcon_core.package_identification:_identify(.) by extension 'python'
[0.400s] Level 1:colcon.colcon_core.package_identification:_identify(.) by extensions ['python_setup_py']
[0.400s] Level 1:colcon.colcon_core.package_identification:_identify(.) by extension 'python_setup_py'
[0.400s] Level 1:colcon.colcon_core.package_identification:_identify(build) by extensions ['ignore', 'ignore_ament_install']
[0.400s] Level 1:colcon.colcon_core.package_identification:_identify(build) by extension 'ignore'
[0.400s] Level 1:colcon.colcon_core.package_identification:_identify(build) ignored
[0.400s] Level 1:colcon.colcon_core.package_identification:_identify(install) by extensions ['ignore', 'ignore_ament_install']
[0.400s] Level 1:colcon.colcon_core.package_identification:_identify(install) by extension 'ignore'
[0.400s] Level 1:colcon.colcon_core.package_identification:_identify(install) ignored
[0.400s] Level 1:colcon.colcon_core.package_identification:_identify(log) by extensions ['ignore', 'ignore_ament_install']
[0.400s] Level 1:colcon.colcon_core.package_identification:_identify(log) by extension 'ignore'
[0.400s] Level 1:colcon.colcon_core.package_identification:_identify(log) ignored
[0.400s] Level 1:colcon.colcon_core.package_identification:_identify(src) by extensions ['ignore', 'ignore_ament_install']
[0.400s] Level 1:colcon.colcon_core.package_identification:_identify(src) by extension 'ignore'
[0.400s] Level 1:colcon.colcon_core.package_identification:_identify(src) by extension 'ignore_ament_install'
[0.400s] Level 1:colcon.colcon_core.package_identification:_identify(src) by extensions ['colcon_pkg']
[0.400s] Level 1:colcon.colcon_core.package_identification:_identify(src) by extension 'colcon_pkg'
[0.400s] Level 1:colcon.colcon_core.package_identification:_identify(src) by extensions ['colcon_meta']
[0.400s] Level 1:colcon.colcon_core.package_identification:_identify(src) by extension 'colcon_meta'
[0.400s] Level 1:colcon.colcon_core.package_identification:_identify(src) by extensions ['ros']
[0.400s] Level 1:colcon.colcon_core.package_identification:_identify(src) by extension 'ros'
[0.401s] Level 1:colcon.colcon_core.package_identification:_identify(src) by extensions ['cmake', 'python']
[0.401s] Level 1:colcon.colcon_core.package_identification:_identify(src) by extension 'cmake'
[0.401s] Level 1:colcon.colcon_core.package_identification:_identify(src) by extension 'python'
[0.401s] Level 1:colcon.colcon_core.package_identification:_identify(src) by extensions ['python_setup_py']
[0.401s] Level 1:colcon.colcon_core.package_identification:_identify(src) by extension 'python_setup_py'
[0.401s] Level 1:colcon.colcon_core.package_identification:_identify(src/example_topic_rclpy) by extensions ['ignore', 'ignore_ament_install']
[0.401s] Level 1:colcon.colcon_core.package_identification:_identify(src/example_topic_rclpy) by extension 'ignore'
[0.401s] Level 1:colcon.colcon_core.package_identification:_identify(src/example_topic_rclpy) by extension 'ignore_ament_install'
[0.401s] Level 1:colcon.colcon_core.package_identification:_identify(src/example_topic_rclpy) by extensions ['colcon_pkg']
[0.401s] Level 1:colcon.colcon_core.package_identification:_identify(src/example_topic_rclpy) by extension 'colcon_pkg'
[0.401s] Level 1:colcon.colcon_core.package_identification:_identify(src/example_topic_rclpy) by extensions ['colcon_meta']
[0.401s] Level 1:colcon.colcon_core.package_identification:_identify(src/example_topic_rclpy) by extension 'colcon_meta'
[0.401s] Level 1:colcon.colcon_core.package_identification:_identify(src/example_topic_rclpy) by extensions ['ros']
[0.401s] Level 1:colcon.colcon_core.package_identification:_identify(src/example_topic_rclpy) by extension 'ros'
[0.403s] DEBUG:colcon.colcon_core.package_identification:Package 'src/example_topic_rclpy' with type 'ros.ament_python' and name 'example_topic_rclpy'
[0.403s] Level 1:colcon.colcon_core.package_identification:_identify(src/service_server) by extensions ['ignore', 'ignore_ament_install']
[0.403s] Level 1:colcon.colcon_core.package_identification:_identify(src/service_server) by extension 'ignore'
[0.403s] Level 1:colcon.colcon_core.package_identification:_identify(src/service_server) by extension 'ignore_ament_install'
[0.403s] Level 1:colcon.colcon_core.package_identification:_identify(src/service_server) by extensions ['colcon_pkg']
[0.403s] Level 1:colcon.colcon_core.package_identification:_identify(src/service_server) by extension 'colcon_pkg'
[0.403s] Level 1:colcon.colcon_core.package_identification:_identify(src/service_server) by extensions ['colcon_meta']
[0.403s] Level 1:colcon.colcon_core.package_identification:_identify(src/service_server) by extension 'colcon_meta'
[0.403s] Level 1:colcon.colcon_core.package_identification:_identify(src/service_server) by extensions ['ros']
[0.403s] Level 1:colcon.colcon_core.package_identification:_identify(src/service_server) by extension 'ros'
[0.404s] DEBUG:colcon.colcon_core.package_identification:Package 'src/service_server' with type 'ros.ament_python' and name 'service_server'
[0.404s] Level 1:colcon.colcon_core.package_discovery:discover_packages(recursive) using defaults
[0.404s] Level 1:colcon.colcon_core.package_discovery:discover_packages(ignore) discover
[0.404s] Level 1:colcon.colcon_core.package_discovery:discover_packages(ignore) using defaults
[0.404s] Level 1:colcon.colcon_core.package_discovery:discover_packages(path) discover
[0.404s] Level 1:colcon.colcon_core.package_discovery:discover_packages(path) using defaults
[0.429s] Level 5:colcon.colcon_core.verb:set package 'example_topic_rclpy' build argument 'cmake_args' from command line to 'None'
[0.429s] Level 5:colcon.colcon_core.verb:set package 'example_topic_rclpy' build argument 'cmake_target' from command line to 'None'
[0.429s] Level 5:colcon.colcon_core.verb:set package 'example_topic_rclpy' build argument 'cmake_target_skip_unavailable' from command line to 'False'
[0.429s] Level 5:colcon.colcon_core.verb:set package 'example_topic_rclpy' build argument 'cmake_clean_cache' from command line to 'False'
[0.429s] Level 5:colcon.colcon_core.verb:set package 'example_topic_rclpy' build argument 'cmake_clean_first' from command line to 'False'
[0.429s] Level 5:colcon.colcon_core.verb:set package 'example_topic_rclpy' build argument 'cmake_force_configure' from command line to 'False'
[0.429s] Level 5:colcon.colcon_core.verb:set package 'example_topic_rclpy' build argument 'ament_cmake_args' from command line to 'None'
[0.429s] Level 5:colcon.colcon_core.verb:set package 'example_topic_rclpy' build argument 'catkin_cmake_args' from command line to 'None'
[0.429s] Level 5:colcon.colcon_core.verb:set package 'example_topic_rclpy' build argument 'catkin_skip_building_tests' from command line to 'False'
[0.429s] DEBUG:colcon.colcon_core.verb:Building package 'example_topic_rclpy' with the following arguments: {'ament_cmake_args': None, 'build_base': '/home/yutou/ros2_ws/build/example_topic_rclpy', 'catkin_cmake_args': None, 'catkin_skip_building_tests': False, 'cmake_args': None, 'cmake_clean_cache': False, 'cmake_clean_first': False, 'cmake_force_configure': False, 'cmake_target': None, 'cmake_target_skip_unavailable': False, 'install_base': '/home/yutou/ros2_ws/install/example_topic_rclpy', 'merge_install': False, 'path': '/home/yutou/ros2_ws/src/example_topic_rclpy', 'symlink_install': False, 'test_result_base': None}
[0.429s] Level 5:colcon.colcon_core.verb:set package 'service_server' build argument 'cmake_args' from command line to 'None'
[0.429s] Level 5:colcon.colcon_core.verb:set package 'service_server' build argument 'cmake_target' from command line to 'None'
[0.429s] Level 5:colcon.colcon_core.verb:set package 'service_server' build argument 'cmake_target_skip_unavailable' from command line to 'False'
[0.429s] Level 5:colcon.colcon_core.verb:set package 'service_server' build argument 'cmake_clean_cache' from command line to 'False'
[0.429s] Level 5:colcon.colcon_core.verb:set package 'service_server' build argument 'cmake_clean_first' from command line to 'False'
[0.429s] Level 5:colcon.colcon_core.verb:set package 'service_server' build argument 'cmake_force_configure' from command line to 'False'
[0.429s] Level 5:colcon.colcon_core.verb:set package 'service_server' build argument 'ament_cmake_args' from command line to 'None'
[0.429s] Level 5:colcon.colcon_core.verb:set package 'service_server' build argument 'catkin_cmake_args' from command line to 'None'
[0.429s] Level 5:colcon.colcon_core.verb:set package 'service_server' build argument 'catkin_skip_building_tests' from command line to 'False'
[0.429s] DEBUG:colcon.colcon_core.verb:Building package 'service_server' with the following arguments: {'ament_cmake_args': None, 'build_base': '/home/yutou/ros2_ws/build/service_server', 'catkin_cmake_args': None, 'catkin_skip_building_tests': False, 'cmake_args': None, 'cmake_clean_cache': False, 'cmake_clean_first': False, 'cmake_force_configure': False, 'cmake_target': None, 'cmake_target_skip_unavailable': False, 'install_base': '/home/yutou/ros2_ws/install/service_server', 'merge_install': False, 'path': '/home/yutou/ros2_ws/src/service_server', 'symlink_install': False, 'test_result_base': None}
[0.429s] INFO:colcon.colcon_core.executor:Executing jobs using 'parallel' executor
[0.430s] DEBUG:colcon.colcon_parallel_executor.executor.parallel:run_until_complete
[0.430s] INFO:colcon.colcon_ros.task.ament_python.build:Building ROS package in '/home/yutou/ros2_ws/src/example_topic_rclpy' with build type 'ament_python'
[0.430s] Level 1:colcon.colcon_core.shell:create_environment_hook('example_topic_rclpy', 'ament_prefix_path')
[0.435s] INFO:colcon.colcon_core.plugin_system:Skipping extension 'colcon_core.shell.bat': Not used on non-Windows systems
[0.435s] INFO:colcon.colcon_core.shell:Creating environment hook '/home/yutou/ros2_ws/install/example_topic_rclpy/share/example_topic_rclpy/hook/ament_prefix_path.ps1'
[0.436s] INFO:colcon.colcon_core.shell:Creating environment descriptor '/home/yutou/ros2_ws/install/example_topic_rclpy/share/example_topic_rclpy/hook/ament_prefix_path.dsv'
[0.436s] INFO:colcon.colcon_core.shell:Creating environment hook '/home/yutou/ros2_ws/install/example_topic_rclpy/share/example_topic_rclpy/hook/ament_prefix_path.sh'
[0.437s] INFO:colcon.colcon_core.shell:Skip shell extension 'powershell' for command environment: Not usable outside of PowerShell
[0.437s] DEBUG:colcon.colcon_core.shell:Skip shell extension 'dsv' for command environment
[0.443s] INFO:colcon.colcon_ros.task.ament_python.build:Building ROS package in '/home/yutou/ros2_ws/src/service_server' with build type 'ament_python'
[0.443s] Level 1:colcon.colcon_core.shell:create_environment_hook('service_server', 'ament_prefix_path')
[0.443s] INFO:colcon.colcon_core.shell:Creating environment hook '/home/yutou/ros2_ws/install/service_server/share/service_server/hook/ament_prefix_path.ps1'
[0.444s] INFO:colcon.colcon_core.shell:Creating environment descriptor '/home/yutou/ros2_ws/install/service_server/share/service_server/hook/ament_prefix_path.dsv'
[0.445s] INFO:colcon.colcon_core.shell:Creating environment hook '/home/yutou/ros2_ws/install/service_server/share/service_server/hook/ament_prefix_path.sh'
[0.445s] INFO:colcon.colcon_core.shell:Skip shell extension 'powershell' for command environment: Not usable outside of PowerShell
[0.445s] DEBUG:colcon.colcon_core.shell:Skip shell extension 'dsv' for command environment
[0.592s] INFO:colcon.colcon_core.task.python.build:Building Python package in '/home/yutou/ros2_ws/src/example_topic_rclpy'
[0.592s] INFO:colcon.colcon_core.shell:Skip shell extension 'powershell' for command environment: Not usable outside of PowerShell
[0.592s] DEBUG:colcon.colcon_core.shell:Skip shell extension 'dsv' for command environment
[0.733s] INFO:colcon.colcon_core.task.python.build:Building Python package in '/home/yutou/ros2_ws/src/service_server'
[0.734s] INFO:colcon.colcon_core.shell:Skip shell extension 'powershell' for command environment: Not usable outside of PowerShell
[0.734s] DEBUG:colcon.colcon_core.shell:Skip shell extension 'dsv' for command environment
[0.945s] DEBUG:colcon.colcon_core.event_handler.log_command:Invoking command in '/home/yutou/ros2_ws/src/service_server': PYTHONPATH=/home/yutou/ros2_ws/build/service_server/prefix_override:/usr/lib/python3/dist-packages/colcon_core/task/python/colcon_distutils_commands:/home/yutou/ros2_ws/install/service_server/lib/python3.10/site-packages:${PYTHONPATH} /usr/bin/python3 -W ignore:setup.py install is deprecated -W ignore:easy_install command is deprecated setup.py egg_info --egg-base ../../build/service_server build --build-base /home/yutou/ros2_ws/build/service_server/build install --record /home/yutou/ros2_ws/build/service_server/install.log --single-version-externally-managed install_data
[0.949s] DEBUG:colcon.colcon_core.event_handler.log_command:Invoking command in '/home/yutou/ros2_ws/src/example_topic_rclpy': PYTHONPATH=/home/yutou/ros2_ws/build/example_topic_rclpy/prefix_override:/usr/lib/python3/dist-packages/colcon_core/task/python/colcon_distutils_commands:/home/yutou/ros2_ws/install/example_topic_rclpy/lib/python3.10/site-packages:${PYTHONPATH} /usr/bin/python3 -W ignore:setup.py install is deprecated -W ignore:easy_install command is deprecated setup.py egg_info --egg-base ../../build/example_topic_rclpy build --build-base /home/yutou/ros2_ws/build/example_topic_rclpy/build install --record /home/yutou/ros2_ws/build/example_topic_rclpy/install.log --single-version-externally-managed install_data
[1.108s] DEBUG:colcon.colcon_core.event_handler.log_command:Invoked command in '/home/yutou/ros2_ws/src/example_topic_rclpy' returned '0': PYTHONPATH=/home/yutou/ros2_ws/build/example_topic_rclpy/prefix_override:/usr/lib/python3/dist-packages/colcon_core/task/python/colcon_distutils_commands:/home/yutou/ros2_ws/install/example_topic_rclpy/lib/python3.10/site-packages:${PYTHONPATH} /usr/bin/python3 -W ignore:setup.py install is deprecated -W ignore:easy_install command is deprecated setup.py egg_info --egg-base ../../build/example_topic_rclpy build --build-base /home/yutou/ros2_ws/build/example_topic_rclpy/build install --record /home/yutou/ros2_ws/build/example_topic_rclpy/install.log --single-version-externally-managed install_data
[1.112s] Level 1:colcon.colcon_core.environment:checking '/home/yutou/ros2_ws/install/example_topic_rclpy' for CMake module files
[1.112s] Level 1:colcon.colcon_core.environment:checking '/home/yutou/ros2_ws/install/example_topic_rclpy' for CMake config files
[1.113s] Level 1:colcon.colcon_core.environment:checking '/home/yutou/ros2_ws/install/example_topic_rclpy/lib'
[1.113s] Level 1:colcon.colcon_core.environment:checking '/home/yutou/ros2_ws/install/example_topic_rclpy/bin'
[1.113s] Level 1:colcon.colcon_core.environment:checking '/home/yutou/ros2_ws/install/example_topic_rclpy/lib/pkgconfig/example_topic_rclpy.pc'
[1.113s] Level 1:colcon.colcon_core.environment:checking '/home/yutou/ros2_ws/install/example_topic_rclpy/lib/python3.10/site-packages'
[1.113s] Level 1:colcon.colcon_core.shell:create_environment_hook('example_topic_rclpy', 'pythonpath')
[1.113s] INFO:colcon.colcon_core.shell:Creating environment hook '/home/yutou/ros2_ws/install/example_topic_rclpy/share/example_topic_rclpy/hook/pythonpath.ps1'
[1.114s] INFO:colcon.colcon_core.shell:Creating environment descriptor '/home/yutou/ros2_ws/install/example_topic_rclpy/share/example_topic_rclpy/hook/pythonpath.dsv'
[1.114s] INFO:colcon.colcon_core.shell:Creating environment hook '/home/yutou/ros2_ws/install/example_topic_rclpy/share/example_topic_rclpy/hook/pythonpath.sh'
[1.114s] Level 1:colcon.colcon_core.environment:checking '/home/yutou/ros2_ws/install/example_topic_rclpy/bin'
[1.114s] Level 1:colcon.colcon_core.environment:create_environment_scripts_only(example_topic_rclpy)
[1.114s] INFO:colcon.colcon_core.shell:Creating package script '/home/yutou/ros2_ws/install/example_topic_rclpy/share/example_topic_rclpy/package.ps1'
[1.115s] INFO:colcon.colcon_core.shell:Creating package descriptor '/home/yutou/ros2_ws/install/example_topic_rclpy/share/example_topic_rclpy/package.dsv'
[1.116s] INFO:colcon.colcon_core.shell:Creating package script '/home/yutou/ros2_ws/install/example_topic_rclpy/share/example_topic_rclpy/package.sh'
[1.116s] INFO:colcon.colcon_core.shell:Creating package script '/home/yutou/ros2_ws/install/example_topic_rclpy/share/example_topic_rclpy/package.bash'
[1.117s] INFO:colcon.colcon_core.shell:Creating package script '/home/yutou/ros2_ws/install/example_topic_rclpy/share/example_topic_rclpy/package.zsh'
[1.118s] Level 1:colcon.colcon_core.environment:create_file_with_runtime_dependencies(/home/yutou/ros2_ws/install/example_topic_rclpy/share/colcon-core/packages/example_topic_rclpy)
[1.119s] Level 1:colcon.colcon_core.environment:checking '/home/yutou/ros2_ws/install/service_server' for CMake module files
[1.119s] Level 1:colcon.colcon_core.environment:checking '/home/yutou/ros2_ws/install/service_server' for CMake config files
[1.119s] DEBUG:colcon.colcon_core.event_handler.log_command:Invoked command in '/home/yutou/ros2_ws/src/service_server' returned '0': PYTHONPATH=/home/yutou/ros2_ws/build/service_server/prefix_override:/usr/lib/python3/dist-packages/colcon_core/task/python/colcon_distutils_commands:/home/yutou/ros2_ws/install/service_server/lib/python3.10/site-packages:${PYTHONPATH} /usr/bin/python3 -W ignore:setup.py install is deprecated -W ignore:easy_install command is deprecated setup.py egg_info --egg-base ../../build/service_server build --build-base /home/yutou/ros2_ws/build/service_server/build install --record /home/yutou/ros2_ws/build/service_server/install.log --single-version-externally-managed install_data
[1.120s] Level 1:colcon.colcon_core.environment:checking '/home/yutou/ros2_ws/install/service_server/lib'
[1.120s] Level 1:colcon.colcon_core.environment:checking '/home/yutou/ros2_ws/install/service_server/bin'
[1.120s] Level 1:colcon.colcon_core.environment:checking '/home/yutou/ros2_ws/install/service_server/lib/pkgconfig/service_server.pc'
[1.120s] Level 1:colcon.colcon_core.environment:checking '/home/yutou/ros2_ws/install/service_server/lib/python3.10/site-packages'
[1.120s] Level 1:colcon.colcon_core.shell:create_environment_hook('service_server', 'pythonpath')
[1.120s] INFO:colcon.colcon_core.shell:Creating environment hook '/home/yutou/ros2_ws/install/service_server/share/service_server/hook/pythonpath.ps1'
[1.120s] INFO:colcon.colcon_core.shell:Creating environment descriptor '/home/yutou/ros2_ws/install/service_server/share/service_server/hook/pythonpath.dsv'
[1.120s] INFO:colcon.colcon_core.shell:Creating environment hook '/home/yutou/ros2_ws/install/service_server/share/service_server/hook/pythonpath.sh'
[1.121s] Level 1:colcon.colcon_core.environment:checking '/home/yutou/ros2_ws/install/service_server/bin'
[1.121s] Level 1:colcon.colcon_core.environment:create_environment_scripts_only(service_server)
[1.121s] INFO:colcon.colcon_core.shell:Creating package script '/home/yutou/ros2_ws/install/service_server/share/service_server/package.ps1'
[1.121s] INFO:colcon.colcon_core.shell:Creating package descriptor '/home/yutou/ros2_ws/install/service_server/share/service_server/package.dsv'
[1.122s] INFO:colcon.colcon_core.shell:Creating package script '/home/yutou/ros2_ws/install/service_server/share/service_server/package.sh'
[1.122s] INFO:colcon.colcon_core.shell:Creating package script '/home/yutou/ros2_ws/install/service_server/share/service_server/package.bash'
[1.122s] INFO:colcon.colcon_core.shell:Creating package script '/home/yutou/ros2_ws/install/service_server/share/service_server/package.zsh'
[1.122s] Level 1:colcon.colcon_core.environment:create_file_with_runtime_dependencies(/home/yutou/ros2_ws/install/service_server/share/colcon-core/packages/service_server)
[1.122s] DEBUG:colcon.colcon_parallel_executor.executor.parallel:closing loop
[1.122s] DEBUG:colcon.colcon_parallel_executor.executor.parallel:loop closed
[1.122s] DEBUG:colcon.colcon_parallel_executor.executor.parallel:run_until_complete finished with '0'
[1.122s] DEBUG:colcon.colcon_core.event_reactor:joining thread
[1.140s] INFO:colcon.colcon_core.plugin_system:Skipping extension 'colcon_notification.desktop_notification.notify_send': Could not find 'notify-send'
[1.141s] INFO:colcon.colcon_core.plugin_system:Skipping extension 'colcon_notification.desktop_notification.terminal_notifier': Not used on non-Darwin systems
[1.141s] INFO:colcon.colcon_core.plugin_system:Skipping extension 'colcon_notification.desktop_notification.win32': Not used on non-Windows systems
[1.141s] INFO:colcon.colcon_notification.desktop_notification:Sending desktop notification using 'notify2'
[1.147s] DEBUG:colcon.colcon_notification.desktop_notification.notify2:Failed to initialize notify2: org.freedesktop.DBus.Error.Spawn.ExecFailed: /usr/bin/dbus-launch terminated abnormally without any error message
[1.147s] DEBUG:colcon.colcon_core.event_reactor:joined thread
[1.148s] INFO:colcon.colcon_core.shell:Creating prefix script '/home/yutou/ros2_ws/install/local_setup.ps1'
[1.150s] INFO:colcon.colcon_core.shell:Creating prefix util module '/home/yutou/ros2_ws/install/_local_setup_util_ps1.py'
[1.151s] INFO:colcon.colcon_core.shell:Creating prefix chain script '/home/yutou/ros2_ws/install/setup.ps1'
[1.152s] INFO:colcon.colcon_core.shell:Creating prefix script '/home/yutou/ros2_ws/install/local_setup.sh'
[1.153s] INFO:colcon.colcon_core.shell:Creating prefix util module '/home/yutou/ros2_ws/install/_local_setup_util_sh.py'
[1.154s] INFO:colcon.colcon_core.shell:Creating prefix chain script '/home/yutou/ros2_ws/install/setup.sh'
[1.155s] INFO:colcon.colcon_core.shell:Creating prefix script '/home/yutou/ros2_ws/install/local_setup.bash'
[1.155s] INFO:colcon.colcon_core.shell:Creating prefix chain script '/home/yutou/ros2_ws/install/setup.bash'
[1.156s] INFO:colcon.colcon_core.shell:Creating prefix script '/home/yutou/ros2_ws/install/local_setup.zsh'
[1.157s] INFO:colcon.colcon_core.shell:Creating prefix chain script '/home/yutou/ros2_ws/install/setup.zsh'
