[0.158s] Invoking command in '/home/yutou/ros2_ws/build/fishbot_cartographer': CMAKE_PREFIX_PATH=/opt/ros/humble /usr/bin/cmake --build /home/yutou/ros2_ws/build/fishbot_cartographer -- -j20 -l20
[0.455s] Invoked command in '/home/yutou/ros2_ws/build/fishbot_cartographer' returned '0': CMAKE_PREFIX_PATH=/opt/ros/humble /usr/bin/cmake --build /home/yutou/ros2_ws/build/fishbot_cartographer -- -j20 -l20
[0.464s] Invoking command in '/home/yutou/ros2_ws/build/fishbot_cartographer': CMAKE_PREFIX_PATH=/opt/ros/humble /usr/bin/cmake --install /home/yutou/ros2_ws/build/fishbot_cartographer
[0.469s] -- Install configuration: ""
[0.470s] -- Up-to-date: /home/yutou/ros2_ws/install/fishbot_cartographer/share/fishbot_cartographer/config
[0.470s] -- Up-to-date: /home/yutou/ros2_ws/install/fishbot_cartographer/share/fishbot_cartographer/config/fishbot_2d.lua
[0.470s] -- Up-to-date: /home/yutou/ros2_ws/install/fishbot_cartographer/share/fishbot_cartographer/launch
[0.470s] -- Up-to-date: /home/yutou/ros2_ws/install/fishbot_cartographer/share/fishbot_cartographer/launch/cartographer.launch.py
[0.470s] -- Up-to-date: /home/yutou/ros2_ws/install/fishbot_cartographer/share/fishbot_cartographer/rviz
[0.470s] -- Up-to-date: /home/yutou/ros2_ws/install/fishbot_cartographer/share/ament_index/resource_index/package_run_dependencies/fishbot_cartographer
[0.470s] -- Up-to-date: /home/yutou/ros2_ws/install/fishbot_cartographer/share/ament_index/resource_index/parent_prefix_path/fishbot_cartographer
[0.470s] -- Up-to-date: /home/yutou/ros2_ws/install/fishbot_cartographer/share/fishbot_cartographer/environment/ament_prefix_path.sh
[0.470s] -- Up-to-date: /home/yutou/ros2_ws/install/fishbot_cartographer/share/fishbot_cartographer/environment/ament_prefix_path.dsv
[0.470s] -- Up-to-date: /home/yutou/ros2_ws/install/fishbot_cartographer/share/fishbot_cartographer/environment/path.sh
[0.470s] -- Up-to-date: /home/yutou/ros2_ws/install/fishbot_cartographer/share/fishbot_cartographer/environment/path.dsv
[0.470s] -- Up-to-date: /home/yutou/ros2_ws/install/fishbot_cartographer/share/fishbot_cartographer/local_setup.bash
[0.470s] -- Up-to-date: /home/yutou/ros2_ws/install/fishbot_cartographer/share/fishbot_cartographer/local_setup.sh
[0.470s] -- Up-to-date: /home/yutou/ros2_ws/install/fishbot_cartographer/share/fishbot_cartographer/local_setup.zsh
[0.470s] -- Up-to-date: /home/yutou/ros2_ws/install/fishbot_cartographer/share/fishbot_cartographer/local_setup.dsv
[0.470s] -- Up-to-date: /home/yutou/ros2_ws/install/fishbot_cartographer/share/fishbot_cartographer/package.dsv
[0.470s] -- Up-to-date: /home/yutou/ros2_ws/install/fishbot_cartographer/share/ament_index/resource_index/packages/fishbot_cartographer
[0.470s] -- Up-to-date: /home/yutou/ros2_ws/install/fishbot_cartographer/share/fishbot_cartographer/cmake/fishbot_cartographerConfig.cmake
[0.470s] -- Up-to-date: /home/yutou/ros2_ws/install/fishbot_cartographer/share/fishbot_cartographer/cmake/fishbot_cartographerConfig-version.cmake
[0.471s] -- Up-to-date: /home/yutou/ros2_ws/install/fishbot_cartographer/share/fishbot_cartographer/package.xml
[0.472s] Invoked command in '/home/yutou/ros2_ws/build/fishbot_cartographer' returned '0': CMAKE_PREFIX_PATH=/opt/ros/humble /usr/bin/cmake --install /home/yutou/ros2_ws/build/fishbot_cartographer
