-- Found ament_cmake: 1.3.12 (/opt/ros/humble/share/ament_cmake/cmake)
-- Found rclcpp: 16.0.14 (/opt/ros/humble/share/rclcpp/cmake)
-- Found rosidl_generator_c: 3.1.7 (/opt/ros/humble/share/rosidl_generator_c/cmake)
-- Found rosidl_adapter: 3.1.7 (/opt/ros/humble/share/rosidl_adapter/cmake)
-- Found rosidl_generator_cpp: 3.1.7 (/opt/ros/humble/share/rosidl_generator_cpp/cmake)
-- Using all available rosidl_typesupport_c: rosidl_typesupport_fastrtps_c;rosidl_typesupport_introspection_c
-- Using all available rosidl_typesupport_cpp: rosidl_typesupport_fastrtps_cpp;rosidl_typesupport_introspection_cpp
-- Found rmw_implementation_cmake: 6.1.2 (/opt/ros/humble/share/rmw_implementation_cmake/cmake)
-- Found rmw_fastrtps_cpp: 6.2.8 (/opt/ros/humble/share/rmw_fastrtps_cpp/cmake)
-- Using RMW implementation 'rmw_fastrtps_cpp' as default
-- Found ament_lint_auto: 0.12.14 (/opt/ros/humble/share/ament_lint_auto/cmake)
-- Added test 'cppcheck' to perform static code analysis on C / C++ code
-- Configured cppcheck include dirs: 
-- Configured cppcheck exclude dirs and/or files: 
-- Added test 'flake8' to check Python code syntax and style conventions
-- Added test 'lint_cmake' to check CMake code style
-- Added test 'pep257' to check Python code against some of the docstring style conventions in PEP 257
-- Added test 'uncrustify' to check C / C++ code style
-- Configured uncrustify additional arguments: 
-- Added test 'xmllint' to check XML markup files
-- Configuring done
-- Generating done
-- Build files have been written to: /home/yutou/ros2_ws/build/base_cpp
[35m[1mConsolidate compiler generated dependencies of target publisher[0m
[100%] Built target publisher
-- Install configuration: ""
-- Up-to-date: /home/yutou/ros2_ws/install/base_cpp/lib/base_cpp/publisher
-- Installing: /home/yutou/ros2_ws/install/base_cpp/share/base_cpp//launch
-- Installing: /home/yutou/ros2_ws/install/base_cpp/share/base_cpp//launch/run.launch.py
-- Up-to-date: /home/yutou/ros2_ws/install/base_cpp/share/ament_index/resource_index/package_run_dependencies/base_cpp
-- Up-to-date: /home/yutou/ros2_ws/install/base_cpp/share/ament_index/resource_index/parent_prefix_path/base_cpp
-- Up-to-date: /home/yutou/ros2_ws/install/base_cpp/share/base_cpp/environment/ament_prefix_path.sh
-- Installing: /home/yutou/ros2_ws/install/base_cpp/share/base_cpp/environment/ament_prefix_path.dsv
-- Up-to-date: /home/yutou/ros2_ws/install/base_cpp/share/base_cpp/environment/path.sh
-- Installing: /home/yutou/ros2_ws/install/base_cpp/share/base_cpp/environment/path.dsv
-- Up-to-date: /home/yutou/ros2_ws/install/base_cpp/share/base_cpp/local_setup.bash
-- Up-to-date: /home/yutou/ros2_ws/install/base_cpp/share/base_cpp/local_setup.sh
-- Up-to-date: /home/yutou/ros2_ws/install/base_cpp/share/base_cpp/local_setup.zsh
-- Installing: /home/yutou/ros2_ws/install/base_cpp/share/base_cpp/local_setup.dsv
-- Installing: /home/yutou/ros2_ws/install/base_cpp/share/base_cpp/package.dsv
-- Up-to-date: /home/yutou/ros2_ws/install/base_cpp/share/ament_index/resource_index/packages/base_cpp
-- Up-to-date: /home/yutou/ros2_ws/install/base_cpp/share/base_cpp/cmake/base_cppConfig.cmake
-- Up-to-date: /home/yutou/ros2_ws/install/base_cpp/share/base_cpp/cmake/base_cppConfig-version.cmake
-- Up-to-date: /home/yutou/ros2_ws/install/base_cpp/share/base_cpp/package.xml
