[0.149s] Invoking command in '/home/yutou/ros2_ws/build/base_cpp': CMAKE_PREFIX_PATH=${CMAKE_PREFIX_PATH}:/home/yutou/ros2_ws/install/base:/opt/ros/humble /usr/bin/cmake --build /home/yutou/ros2_ws/build/base_cpp -- -j20 -l20
[0.168s] -- Found ament_cmake: 1.3.12 (/opt/ros/humble/share/ament_cmake/cmake)
[0.254s] -- Found rclcpp: 16.0.14 (/opt/ros/humble/share/rclcpp/cmake)
[0.274s] -- Found rosidl_generator_c: 3.1.7 (/opt/ros/humble/share/rosidl_generator_c/cmake)
[0.275s] -- Found rosidl_adapter: 3.1.7 (/opt/ros/humble/share/rosidl_adapter/cmake)
[0.279s] -- Found rosidl_generator_cpp: 3.1.7 (/opt/ros/humble/share/rosidl_generator_cpp/cmake)
[0.285s] -- Using all available rosidl_typesupport_c: rosidl_typesupport_fastrtps_c;rosidl_typesupport_introspection_c
[0.293s] -- Using all available rosidl_typesupport_cpp: rosidl_typesupport_fastrtps_cpp;rosidl_typesupport_introspection_cpp
[0.314s] -- Found rmw_implementation_cmake: 6.1.2 (/opt/ros/humble/share/rmw_implementation_cmake/cmake)
[0.315s] -- Found rmw_fastrtps_cpp: 6.2.8 (/opt/ros/humble/share/rmw_fastrtps_cpp/cmake)
[0.405s] -- Using RMW implementation 'rmw_fastrtps_cpp' as default
[0.438s] -- Found ament_lint_auto: 0.12.14 (/opt/ros/humble/share/ament_lint_auto/cmake)
[0.485s] -- Added test 'cppcheck' to perform static code analysis on C / C++ code
[0.485s] -- Configured cppcheck include dirs: 
[0.485s] -- Configured cppcheck exclude dirs and/or files: 
[0.485s] -- Added test 'flake8' to check Python code syntax and style conventions
[0.485s] -- Added test 'lint_cmake' to check CMake code style
[0.485s] -- Added test 'pep257' to check Python code against some of the docstring style conventions in PEP 257
[0.486s] -- Added test 'uncrustify' to check C / C++ code style
[0.486s] -- Configured uncrustify additional arguments: 
[0.486s] -- Added test 'xmllint' to check XML markup files
[0.486s] -- Configuring done
[0.492s] -- Generating done
[0.495s] -- Build files have been written to: /home/yutou/ros2_ws/build/base_cpp
[0.515s] [35m[1mConsolidate compiler generated dependencies of target publisher[0m
[0.535s] [100%] Built target publisher
[0.547s] Invoked command in '/home/yutou/ros2_ws/build/base_cpp' returned '0': CMAKE_PREFIX_PATH=${CMAKE_PREFIX_PATH}:/home/yutou/ros2_ws/install/base:/opt/ros/humble /usr/bin/cmake --build /home/yutou/ros2_ws/build/base_cpp -- -j20 -l20
[0.558s] Invoking command in '/home/yutou/ros2_ws/build/base_cpp': CMAKE_PREFIX_PATH=${CMAKE_PREFIX_PATH}:/home/yutou/ros2_ws/install/base:/opt/ros/humble /usr/bin/cmake --install /home/yutou/ros2_ws/build/base_cpp
[0.564s] -- Install configuration: ""
[0.564s] -- Up-to-date: /home/yutou/ros2_ws/install/base_cpp/lib/base_cpp/publisher
[0.564s] -- Installing: /home/yutou/ros2_ws/install/base_cpp/share/base_cpp//launch
[0.564s] -- Installing: /home/yutou/ros2_ws/install/base_cpp/share/base_cpp//launch/run.launch.py
[0.564s] -- Up-to-date: /home/yutou/ros2_ws/install/base_cpp/share/ament_index/resource_index/package_run_dependencies/base_cpp
[0.565s] -- Up-to-date: /home/yutou/ros2_ws/install/base_cpp/share/ament_index/resource_index/parent_prefix_path/base_cpp
[0.565s] -- Up-to-date: /home/yutou/ros2_ws/install/base_cpp/share/base_cpp/environment/ament_prefix_path.sh
[0.565s] -- Installing: /home/yutou/ros2_ws/install/base_cpp/share/base_cpp/environment/ament_prefix_path.dsv
[0.565s] -- Up-to-date: /home/yutou/ros2_ws/install/base_cpp/share/base_cpp/environment/path.sh
[0.565s] -- Installing: /home/yutou/ros2_ws/install/base_cpp/share/base_cpp/environment/path.dsv
[0.565s] -- Up-to-date: /home/yutou/ros2_ws/install/base_cpp/share/base_cpp/local_setup.bash
[0.566s] -- Up-to-date: /home/yutou/ros2_ws/install/base_cpp/share/base_cpp/local_setup.sh
[0.566s] -- Up-to-date: /home/yutou/ros2_ws/install/base_cpp/share/base_cpp/local_setup.zsh
[0.567s] -- Installing: /home/yutou/ros2_ws/install/base_cpp/share/base_cpp/local_setup.dsv
[0.568s] -- Installing: /home/yutou/ros2_ws/install/base_cpp/share/base_cpp/package.dsv
[0.568s] -- Up-to-date: /home/yutou/ros2_ws/install/base_cpp/share/ament_index/resource_index/packages/base_cpp
[0.568s] -- Up-to-date: /home/yutou/ros2_ws/install/base_cpp/share/base_cpp/cmake/base_cppConfig.cmake
[0.568s] -- Up-to-date: /home/yutou/ros2_ws/install/base_cpp/share/base_cpp/cmake/base_cppConfig-version.cmake
[0.568s] -- Up-to-date: /home/yutou/ros2_ws/install/base_cpp/share/base_cpp/package.xml
[0.568s] Invoked command in '/home/yutou/ros2_ws/build/base_cpp' returned '0': CMAKE_PREFIX_PATH=${CMAKE_PREFIX_PATH}:/home/yutou/ros2_ws/install/base:/opt/ros/humble /usr/bin/cmake --install /home/yutou/ros2_ws/build/base_cpp
