[0.154s] Invoking command in '/home/yutou/ros2_ws/build/livox_ros_driver2': CMAKE_PREFIX_PATH=/home/yutou/ros2_ws/install/ros2_driver:/home/yutou/ros2_ws/install/bags_record:/opt/ros/humble /usr/bin/cmake /home/yutou/ros2_ws/packages/ws_livox/src/livox_ros_driver2 -DCMAKE_INSTALL_PREFIX=/home/yutou/ros2_ws/install/livox_ros_driver2
[0.163s] -- livox_ros_driver2 version: 1.2.4
[0.163s] -- Found ament_cmake_auto: 1.3.12 (/opt/ros/humble/share/ament_cmake_auto/cmake)
[0.294s] -- Using all available rosidl_typesupport_c: rosidl_typesupport_fastrtps_c;rosidl_typesupport_introspection_c
[0.302s] -- Found rosidl_adapter: 3.1.7 (/opt/ros/humble/share/rosidl_adapter/cmake)
[0.318s] -- Using all available rosidl_typesupport_cpp: rosidl_typesupport_fastrtps_cpp;rosidl_typesupport_introspection_cpp
[0.357s] -- Found rmw_implementation_cmake: 6.1.2 (/opt/ros/humble/share/rmw_implementation_cmake/cmake)
[0.358s] -- Found rmw_fastrtps_cpp: 6.2.8 (/opt/ros/humble/share/rmw_fastrtps_cpp/cmake)
[0.447s] -- Using RMW implementation 'rmw_fastrtps_cpp' as default
[0.540s] -- Eigen found (include: /usr/include/eigen3, version: 3.4.0)
[0.566s] -- FLANN found (include: /usr/include, lib: /usr/lib/x86_64-linux-gnu/libflann_cpp.so)
[0.777s] -- OpenNI found (version: 1.5.4.0, include: /usr/include/ni, lib: /usr/lib/libOpenNI.so;libusb::libusb)
[0.782s] -- OpenNI2 found (version: 2.2.0.33, include: /usr/include/openni2, lib: /usr/lib/x86_64-linux-gnu/libOpenNI2.so;libusb::libusb)
[0.903s] -- Eigen found (include: /usr/include/eigen3, version: 3.4.0)
[0.908s] -- OpenNI found (version: 1.5.4.0, include: /usr/include/ni, lib: /usr/lib/libOpenNI.so;libusb::libusb)
[0.914s] -- OpenNI2 found (version: 2.2.0.33, include: /usr/include/openni2, lib: /usr/lib/x86_64-linux-gnu/libOpenNI2.so;libusb::libusb)
[1.017s] -- Found Qhull version 8.0.2
[1.121s] -- OpenNI found (version: 1.5.4.0, include: /usr/include/ni, lib: /usr/lib/libOpenNI.so;libusb::libusb)
[1.269s] -- Checking for module 'apr-1'
[1.271s] --   No package 'apr-1' found
[1.417s] -- Found ament_cmake_ros: 0.10.0 (/opt/ros/humble/share/ament_cmake_ros/cmake)
[1.577s] -- Using all available rosidl_typesupport_c: rosidl_typesupport_fastrtps_c;rosidl_typesupport_introspection_c
[1.797s] -- Using all available rosidl_typesupport_cpp: rosidl_typesupport_fastrtps_cpp;rosidl_typesupport_introspection_cpp
[1.818s] -- Found python_cmake_module: 0.10.0 (/opt/ros/humble/share/python_cmake_module/cmake)
[1.835s] -- Using PYTHON_EXECUTABLE: /usr/bin/python3
[1.835s] -- Using PYTHON_INCLUDE_DIRS: /usr/include/python3.10
[1.835s] -- Using PYTHON_LIBRARIES: /usr/lib/x86_64-linux-gnu/libpython3.10.so
[1.860s] -- Found ament_lint_auto: 0.12.14 (/opt/ros/humble/share/ament_lint_auto/cmake)
[1.866s] -- Added test 'copyright' to check source files copyright and LICENSE
[1.870s] -- Added test 'cppcheck' to perform static code analysis on C / C++ code
[1.870s] -- Configured cppcheck include dirs: /home/yutou/ros2_ws/packages/ws_livox/src/livox_ros_driver2/3rdparty;/home/yutou/ros2_ws/packages/ws_livox/src/livox_ros_driver2/src
[1.870s] -- Configured cppcheck exclude dirs and/or files: 
[1.873s] -- Added test 'cpplint' to check C / C++ code against the Google style
[1.873s] -- Configured cpplint exclude dirs and/or files: 
[1.874s] -- Added test 'flake8' to check Python code syntax and style conventions
[1.875s] -- Added test 'lint_cmake' to check CMake code style
[1.875s] -- Added test 'pep257' to check Python code against some of the docstring style conventions in PEP 257
[1.879s] -- Added test 'uncrustify' to check C / C++ code style
[1.879s] -- Configured uncrustify additional arguments: 
[1.879s] -- Added test 'xmllint' to check XML markup files
[1.880s] -- Configuring done
[1.883s] [0mCMake Error: The following variables are used in this project, but they are set to NOTFOUND.
[1.883s] Please set them or make sure they are set and tested correctly in the CMake files:
[1.883s] /home/yutou/ros2_ws/packages/ws_livox/src/livox_ros_driver2/LIVOX_INTERFACES_INCLUDE_DIRECTORIES
[1.884s]    used as include directory in directory /home/yutou/ros2_ws/packages/ws_livox/src/livox_ros_driver2
[1.884s] [0m
[1.922s] -- Generating done
[1.924s] [0mCMake Generate step failed.  Build files cannot be regenerated correctly.[0m
[1.935s] Invoked command in '/home/yutou/ros2_ws/build/livox_ros_driver2' returned '1': CMAKE_PREFIX_PATH=/home/yutou/ros2_ws/install/ros2_driver:/home/yutou/ros2_ws/install/bags_record:/opt/ros/humble /usr/bin/cmake /home/yutou/ros2_ws/packages/ws_livox/src/livox_ros_driver2 -DCMAKE_INSTALL_PREFIX=/home/yutou/ros2_ws/install/livox_ros_driver2
