[0.385s] Invoking command in '/home/yutou/ros2_ws/src/fishbot_description': PYTHONPATH=/home/yutou/ros2_ws/build/fishbot_description/prefix_override:/usr/lib/python3/dist-packages/colcon_core/task/python/colcon_distutils_commands:/home/yutou/ros2_ws/install/fishbot_description/lib/python3.10/site-packages:${PYTHONPATH} /usr/bin/python3 -W ignore:setup.py install is deprecated -W ignore:easy_install command is deprecated setup.py egg_info --egg-base ../../build/fishbot_description build --build-base /home/yutou/ros2_ws/build/fishbot_description/build install --record /home/yutou/ros2_ws/build/fishbot_description/install.log --single-version-externally-managed install_data
[0.518s] running egg_info
[0.519s] creating ../../build/fishbot_description/fishbot_description.egg-info
[0.519s] writing ../../build/fishbot_description/fishbot_description.egg-info/PKG-INFO
[0.519s] writing dependency_links to ../../build/fishbot_description/fishbot_description.egg-info/dependency_links.txt
[0.519s] writing entry points to ../../build/fishbot_description/fishbot_description.egg-info/entry_points.txt
[0.519s] writing requirements to ../../build/fishbot_description/fishbot_description.egg-info/requires.txt
[0.519s] writing top-level names to ../../build/fishbot_description/fishbot_description.egg-info/top_level.txt
[0.519s] writing manifest file '../../build/fishbot_description/fishbot_description.egg-info/SOURCES.txt'
[0.520s] reading manifest file '../../build/fishbot_description/fishbot_description.egg-info/SOURCES.txt'
[0.521s] writing manifest file '../../build/fishbot_description/fishbot_description.egg-info/SOURCES.txt'
[0.521s] running build
[0.521s] running build_py
[0.521s] creating /home/yutou/ros2_ws/build/fishbot_description/build
[0.521s] creating /home/yutou/ros2_ws/build/fishbot_description/build/lib
[0.521s] creating /home/yutou/ros2_ws/build/fishbot_description/build/lib/fishbot_description
[0.521s] copying fishbot_description/__init__.py -> /home/yutou/ros2_ws/build/fishbot_description/build/lib/fishbot_description
[0.521s] running install
[0.521s] running install_lib
[0.522s] creating /home/yutou/ros2_ws/install/fishbot_description/lib/python3.10/site-packages/fishbot_description
[0.522s] copying /home/yutou/ros2_ws/build/fishbot_description/build/lib/fishbot_description/__init__.py -> /home/yutou/ros2_ws/install/fishbot_description/lib/python3.10/site-packages/fishbot_description
[0.522s] byte-compiling /home/yutou/ros2_ws/install/fishbot_description/lib/python3.10/site-packages/fishbot_description/__init__.py to __init__.cpython-310.pyc
[0.522s] running install_data
[0.522s] creating /home/yutou/ros2_ws/install/fishbot_description/share/ament_index
[0.522s] creating /home/yutou/ros2_ws/install/fishbot_description/share/ament_index/resource_index
[0.522s] creating /home/yutou/ros2_ws/install/fishbot_description/share/ament_index/resource_index/packages
[0.522s] copying resource/fishbot_description -> /home/yutou/ros2_ws/install/fishbot_description/share/ament_index/resource_index/packages
[0.522s] copying package.xml -> /home/yutou/ros2_ws/install/fishbot_description/share/fishbot_description
[0.522s] creating /home/yutou/ros2_ws/install/fishbot_description/share/fishbot_description/launch
[0.522s] copying launch/display_rviz2.launch.py -> /home/yutou/ros2_ws/install/fishbot_description/share/fishbot_description/launch
[0.523s] copying launch/gazebo.launch.py -> /home/yutou/ros2_ws/install/fishbot_description/share/fishbot_description/launch
[0.523s] creating /home/yutou/ros2_ws/install/fishbot_description/share/fishbot_description/urdf
[0.523s] copying urdf/fishbot_gazebo.urdf -> /home/yutou/ros2_ws/install/fishbot_description/share/fishbot_description/urdf
[0.523s] copying urdf/fishbot_base.urdf -> /home/yutou/ros2_ws/install/fishbot_description/share/fishbot_description/urdf
[0.524s] running install_egg_info
[0.525s] Copying ../../build/fishbot_description/fishbot_description.egg-info to /home/yutou/ros2_ws/install/fishbot_description/lib/python3.10/site-packages/fishbot_description-0.0.0-py3.10.egg-info
[0.525s] running install_scripts
[0.539s] writing list of installed files to '/home/yutou/ros2_ws/build/fishbot_description/install.log'
[0.553s] Invoked command in '/home/yutou/ros2_ws/src/fishbot_description' returned '0': PYTHONPATH=/home/yutou/ros2_ws/build/fishbot_description/prefix_override:/usr/lib/python3/dist-packages/colcon_core/task/python/colcon_distutils_commands:/home/yutou/ros2_ws/install/fishbot_description/lib/python3.10/site-packages:${PYTHONPATH} /usr/bin/python3 -W ignore:setup.py install is deprecated -W ignore:easy_install command is deprecated setup.py egg_info --egg-base ../../build/fishbot_description build --build-base /home/yutou/ros2_ws/build/fishbot_description/build install --record /home/yutou/ros2_ws/build/fishbot_description/install.log --single-version-externally-managed install_data
