running egg_info
creating ../../build/service_server/service_server.egg-info
writing ../../build/service_server/service_server.egg-info/PKG-INFO
writing dependency_links to ../../build/service_server/service_server.egg-info/dependency_links.txt
writing entry points to ../../build/service_server/service_server.egg-info/entry_points.txt
writing requirements to ../../build/service_server/service_server.egg-info/requires.txt
writing top-level names to ../../build/service_server/service_server.egg-info/top_level.txt
writing manifest file '../../build/service_server/service_server.egg-info/SOURCES.txt'
reading manifest file '../../build/service_server/service_server.egg-info/SOURCES.txt'
writing manifest file '../../build/service_server/service_server.egg-info/SOURCES.txt'
running build
running build_py
creating /home/yutou/ros2_ws/build/service_server/build
creating /home/yutou/ros2_ws/build/service_server/build/lib
creating /home/yutou/ros2_ws/build/service_server/build/lib/service_server
copying service_server/service_server.py -> /home/yutou/ros2_ws/build/service_server/build/lib/service_server
copying service_server/service_client.py -> /home/yutou/ros2_ws/build/service_server/build/lib/service_server
copying service_server/__init__.py -> /home/yutou/ros2_ws/build/service_server/build/lib/service_server
running install
running install_lib
creating /home/yutou/ros2_ws/install/service_server/lib/python3.10/site-packages/service_server
copying /home/yutou/ros2_ws/build/service_server/build/lib/service_server/service_server.py -> /home/yutou/ros2_ws/install/service_server/lib/python3.10/site-packages/service_server
copying /home/yutou/ros2_ws/build/service_server/build/lib/service_server/service_client.py -> /home/yutou/ros2_ws/install/service_server/lib/python3.10/site-packages/service_server
copying /home/yutou/ros2_ws/build/service_server/build/lib/service_server/__init__.py -> /home/yutou/ros2_ws/install/service_server/lib/python3.10/site-packages/service_server
byte-compiling /home/yutou/ros2_ws/install/service_server/lib/python3.10/site-packages/service_server/service_server.py to service_server.cpython-310.pyc
byte-compiling /home/yutou/ros2_ws/install/service_server/lib/python3.10/site-packages/service_server/service_client.py to service_client.cpython-310.pyc
byte-compiling /home/yutou/ros2_ws/install/service_server/lib/python3.10/site-packages/service_server/__init__.py to __init__.cpython-310.pyc
running install_data
creating /home/yutou/ros2_ws/install/service_server/share/ament_index
creating /home/yutou/ros2_ws/install/service_server/share/ament_index/resource_index
creating /home/yutou/ros2_ws/install/service_server/share/ament_index/resource_index/packages
copying resource/service_server -> /home/yutou/ros2_ws/install/service_server/share/ament_index/resource_index/packages
copying package.xml -> /home/yutou/ros2_ws/install/service_server/share/service_server
running install_egg_info
Copying ../../build/service_server/service_server.egg-info to /home/yutou/ros2_ws/install/service_server/lib/python3.10/site-packages/service_server-0.0.0-py3.10.egg-info
running install_scripts
Installing service_client script to /home/yutou/ros2_ws/install/service_server/lib/service_server
Installing service_server script to /home/yutou/ros2_ws/install/service_server/lib/service_server
writing list of installed files to '/home/yutou/ros2_ws/build/service_server/install.log'
