running egg_info
creating ../../build/base/base.egg-info
writing ../../build/base/base.egg-info/PKG-INFO
writing dependency_links to ../../build/base/base.egg-info/dependency_links.txt
writing entry points to ../../build/base/base.egg-info/entry_points.txt
writing requirements to ../../build/base/base.egg-info/requires.txt
writing top-level names to ../../build/base/base.egg-info/top_level.txt
writing manifest file '../../build/base/base.egg-info/SOURCES.txt'
reading manifest file '../../build/base/base.egg-info/SOURCES.txt'
writing manifest file '../../build/base/base.egg-info/SOURCES.txt'
running build
running build_py
creating /home/yutou/ros2_ws/build/base/build
creating /home/yutou/ros2_ws/build/base/build/lib
creating /home/yutou/ros2_ws/build/base/build/lib/base
copying base/subscribe.py -> /home/yutou/ros2_ws/build/base/build/lib/base
copying base/__init__.py -> /home/yutou/ros2_ws/build/base/build/lib/base
running install
running install_lib
creating /home/yutou/ros2_ws/install/base/lib/python3.10/site-packages/base
copying /home/yutou/ros2_ws/build/base/build/lib/base/subscribe.py -> /home/yutou/ros2_ws/install/base/lib/python3.10/site-packages/base
copying /home/yutou/ros2_ws/build/base/build/lib/base/__init__.py -> /home/yutou/ros2_ws/install/base/lib/python3.10/site-packages/base
byte-compiling /home/yutou/ros2_ws/install/base/lib/python3.10/site-packages/base/subscribe.py to subscribe.cpython-310.pyc
byte-compiling /home/yutou/ros2_ws/install/base/lib/python3.10/site-packages/base/__init__.py to __init__.cpython-310.pyc
running install_data
creating /home/yutou/ros2_ws/install/base/share/ament_index
creating /home/yutou/ros2_ws/install/base/share/ament_index/resource_index
creating /home/yutou/ros2_ws/install/base/share/ament_index/resource_index/packages
copying resource/base -> /home/yutou/ros2_ws/install/base/share/ament_index/resource_index/packages
copying package.xml -> /home/yutou/ros2_ws/install/base/share/base
running install_egg_info
Copying ../../build/base/base.egg-info to /home/yutou/ros2_ws/install/base/lib/python3.10/site-packages/base-0.0.0-py3.10.egg-info
running install_scripts
Installing subscriber script to /home/yutou/ros2_ws/install/base/lib/base
writing list of installed files to '/home/yutou/ros2_ws/build/base/install.log'
