[0.344s] Invoking command in '/home/yutou/ros2_ws/src/base': PYTHONPATH=/home/yutou/ros2_ws/build/base/prefix_override:/usr/lib/python3/dist-packages/colcon_core/task/python/colcon_distutils_commands:/home/yutou/ros2_ws/install/base/lib/python3.10/site-packages:${PYTHONPATH} /usr/bin/python3 -W ignore:setup.py install is deprecated -W ignore:easy_install command is deprecated setup.py egg_info --egg-base ../../build/base build --build-base /home/yutou/ros2_ws/build/base/build install --record /home/yutou/ros2_ws/build/base/install.log --single-version-externally-managed install_data
[0.478s] running egg_info
[0.478s] creating ../../build/base/base.egg-info
[0.478s] writing ../../build/base/base.egg-info/PKG-INFO
[0.478s] writing dependency_links to ../../build/base/base.egg-info/dependency_links.txt
[0.478s] writing entry points to ../../build/base/base.egg-info/entry_points.txt
[0.478s] writing requirements to ../../build/base/base.egg-info/requires.txt
[0.478s] writing top-level names to ../../build/base/base.egg-info/top_level.txt
[0.478s] writing manifest file '../../build/base/base.egg-info/SOURCES.txt'
[0.479s] reading manifest file '../../build/base/base.egg-info/SOURCES.txt'
[0.479s] writing manifest file '../../build/base/base.egg-info/SOURCES.txt'
[0.480s] running build
[0.480s] running build_py
[0.480s] creating /home/yutou/ros2_ws/build/base/build
[0.480s] creating /home/yutou/ros2_ws/build/base/build/lib
[0.480s] creating /home/yutou/ros2_ws/build/base/build/lib/base
[0.480s] copying base/subscribe.py -> /home/yutou/ros2_ws/build/base/build/lib/base
[0.480s] copying base/__init__.py -> /home/yutou/ros2_ws/build/base/build/lib/base
[0.480s] running install
[0.480s] running install_lib
[0.480s] creating /home/yutou/ros2_ws/install/base/lib/python3.10/site-packages/base
[0.481s] copying /home/yutou/ros2_ws/build/base/build/lib/base/subscribe.py -> /home/yutou/ros2_ws/install/base/lib/python3.10/site-packages/base
[0.481s] copying /home/yutou/ros2_ws/build/base/build/lib/base/__init__.py -> /home/yutou/ros2_ws/install/base/lib/python3.10/site-packages/base
[0.481s] byte-compiling /home/yutou/ros2_ws/install/base/lib/python3.10/site-packages/base/subscribe.py to subscribe.cpython-310.pyc
[0.481s] byte-compiling /home/yutou/ros2_ws/install/base/lib/python3.10/site-packages/base/__init__.py to __init__.cpython-310.pyc
[0.481s] running install_data
[0.481s] creating /home/yutou/ros2_ws/install/base/share/ament_index
[0.482s] creating /home/yutou/ros2_ws/install/base/share/ament_index/resource_index
[0.482s] creating /home/yutou/ros2_ws/install/base/share/ament_index/resource_index/packages
[0.482s] copying resource/base -> /home/yutou/ros2_ws/install/base/share/ament_index/resource_index/packages
[0.482s] copying package.xml -> /home/yutou/ros2_ws/install/base/share/base
[0.482s] running install_egg_info
[0.483s] Copying ../../build/base/base.egg-info to /home/yutou/ros2_ws/install/base/lib/python3.10/site-packages/base-0.0.0-py3.10.egg-info
[0.483s] running install_scripts
[0.496s] Installing subscriber script to /home/yutou/ros2_ws/install/base/lib/base
[0.496s] writing list of installed files to '/home/yutou/ros2_ws/build/base/install.log'
[0.512s] Invoked command in '/home/yutou/ros2_ws/src/base' returned '0': PYTHONPATH=/home/yutou/ros2_ws/build/base/prefix_override:/usr/lib/python3/dist-packages/colcon_core/task/python/colcon_distutils_commands:/home/yutou/ros2_ws/install/base/lib/python3.10/site-packages:${PYTHONPATH} /usr/bin/python3 -W ignore:setup.py install is deprecated -W ignore:easy_install command is deprecated setup.py egg_info --egg-base ../../build/base build --build-base /home/yutou/ros2_ws/build/base/build install --record /home/yutou/ros2_ws/build/base/install.log --single-version-externally-managed install_data
