[0.010s] Invoking command in '/home/yutou/ros2_ws/packages/ws_livox/build/livox_ros_driver2': CMAKE_PREFIX_PATH=/home/yutou/ros2_ws/install/ros2_driver:/opt/ros/humble /usr/bin/cmake /home/yutou/ros2_ws/packages/ws_livox/src/livox_ros_driver2 -DROS_EDITION=ROS2 -DHUMBLE_ROS=humble -DCMAKE_INSTALL_PREFIX=/home/yutou/ros2_ws/packages/ws_livox/install/livox_ros_driver2
[0.147s] -- The C compiler identification is GNU 11.4.0
[0.254s] -- The CXX compiler identification is GNU 11.4.0
[0.263s] -- Detecting C compiler ABI info
[0.355s] -- Detecting C compiler ABI info - done
[0.363s] -- Check for working C compiler: /usr/bin/cc - skipped
[0.364s] -- Detecting C compile features
[0.365s] -- Detecting C compile features - done
[0.370s] -- Detecting CXX compiler ABI info
[0.465s] -- Detecting CXX compiler ABI info - done
[0.471s] -- Check for working CXX compiler: /usr/bin/c++ - skipped
[0.471s] -- Detecting CXX compile features
[0.472s] -- Detecting CXX compile features - done
[0.472s] -- livox_ros_driver2 version: 1.2.4
[0.476s] -- Found ament_cmake_auto: 1.3.12 (/opt/ros/humble/share/ament_cmake_auto/cmake)
[0.630s] -- Found Python3: /usr/bin/python3 (found version "3.10.12") found components: Interpreter 
[0.798s] -- Using all available rosidl_typesupport_c: rosidl_typesupport_fastrtps_c;rosidl_typesupport_introspection_c
[0.808s] -- Found rosidl_adapter: 3.1.7 (/opt/ros/humble/share/rosidl_adapter/cmake)
[0.860s] -- Using all available rosidl_typesupport_cpp: rosidl_typesupport_fastrtps_cpp;rosidl_typesupport_introspection_cpp
[0.966s] -- Found rmw_implementation_cmake: 6.1.2 (/opt/ros/humble/share/rmw_implementation_cmake/cmake)
[0.969s] -- Found rmw_fastrtps_cpp: 6.2.8 (/opt/ros/humble/share/rmw_fastrtps_cpp/cmake)
[1.088s] -- Found OpenSSL: /usr/lib/x86_64-linux-gnu/libcrypto.so (found version "3.0.2")  
[1.134s] -- Found FastRTPS: /opt/ros/humble/include  
[1.173s] -- Using RMW implementation 'rmw_fastrtps_cpp' as default
[1.184s] -- Looking for pthread.h
[1.285s] -- Looking for pthread.h - found
[1.285s] -- Performing Test CMAKE_HAVE_LIBC_PTHREAD
[1.359s] -- Performing Test CMAKE_HAVE_LIBC_PTHREAD - Success
[1.360s] -- Found Threads: TRUE  
[1.552s] -- Checking for module 'eigen3'
[1.564s] --   Found eigen3, version 3.4.0
[1.626s] -- Found Eigen: /usr/include/eigen3 (Required is at least version "3.1") 
[1.626s] -- Eigen found (include: /usr/include/eigen3, version: 3.4.0)
[1.682s] -- Checking for module 'flann'
[1.694s] --   Found flann, version 1.9.1
[1.765s] -- Found FLANN: /usr/lib/x86_64-linux-gnu/libflann_cpp.so  
[1.765s] -- FLANN found (include: /usr/include, lib: /usr/lib/x86_64-linux-gnu/libflann_cpp.so)
[2.782s] -- Checking for module 'libusb-1.0'
[2.799s] --   Found libusb-1.0, version 1.0.25
[2.850s] -- Found libusb: /usr/lib/x86_64-linux-gnu/libusb-1.0.so  
[2.852s] -- OpenNI found (version: 1.5.4.0, include: /usr/include/ni, lib: /usr/lib/libOpenNI.so;libusb::libusb)
[2.924s] -- OpenNI2 found (version: 2.2.0.33, include: /usr/include/openni2, lib: /usr/lib/x86_64-linux-gnu/libOpenNI2.so;libusb::libusb)
[3.042s] -- Eigen found (include: /usr/include/eigen3, version: 3.4.0)
[3.047s] -- OpenNI found (version: 1.5.4.0, include: /usr/include/ni, lib: /usr/lib/libOpenNI.so;libusb::libusb)
[3.052s] -- OpenNI2 found (version: 2.2.0.33, include: /usr/include/openni2, lib: /usr/lib/x86_64-linux-gnu/libOpenNI2.so;libusb::libusb)
[3.168s] -- Found Qhull version 8.0.2
[3.280s] -- OpenNI found (version: 1.5.4.0, include: /usr/include/ni, lib: /usr/lib/libOpenNI.so;libusb::libusb)
[3.397s] -- Found PCL_COMMON: /usr/lib/x86_64-linux-gnu/libpcl_common.so  
[3.398s] -- Found PCL_KDTREE: /usr/lib/x86_64-linux-gnu/libpcl_kdtree.so  
[3.398s] -- Found PCL_OCTREE: /usr/lib/x86_64-linux-gnu/libpcl_octree.so  
[3.399s] -- Found PCL_SEARCH: /usr/lib/x86_64-linux-gnu/libpcl_search.so  
[3.399s] -- Found PCL_SAMPLE_CONSENSUS: /usr/lib/x86_64-linux-gnu/libpcl_sample_consensus.so  
[3.400s] -- Found PCL_FILTERS: /usr/lib/x86_64-linux-gnu/libpcl_filters.so  
[3.400s] -- Found PCL_2D: /usr/include/pcl-1.12  
[3.401s] -- Found PCL_GEOMETRY: /usr/include/pcl-1.12  
[3.401s] -- Found PCL_IO: /usr/lib/x86_64-linux-gnu/libpcl_io.so  
[3.402s] -- Found PCL_FEATURES: /usr/lib/x86_64-linux-gnu/libpcl_features.so  
[3.402s] -- Found PCL_ML: /usr/lib/x86_64-linux-gnu/libpcl_ml.so  
[3.403s] -- Found PCL_SEGMENTATION: /usr/lib/x86_64-linux-gnu/libpcl_segmentation.so  
[3.404s] -- Found PCL_VISUALIZATION: /usr/lib/x86_64-linux-gnu/libpcl_visualization.so  
[3.404s] -- Found PCL_SURFACE: /usr/lib/x86_64-linux-gnu/libpcl_surface.so  
[3.405s] -- Found PCL_REGISTRATION: /usr/lib/x86_64-linux-gnu/libpcl_registration.so  
[3.406s] -- Found PCL_KEYPOINTS: /usr/lib/x86_64-linux-gnu/libpcl_keypoints.so  
[3.406s] -- Found PCL_TRACKING: /usr/lib/x86_64-linux-gnu/libpcl_tracking.so  
[3.407s] -- Found PCL_RECOGNITION: /usr/lib/x86_64-linux-gnu/libpcl_recognition.so  
[3.407s] -- Found PCL_STEREO: /usr/lib/x86_64-linux-gnu/libpcl_stereo.so  
[3.408s] -- Found PCL_APPS: /usr/lib/x86_64-linux-gnu/libpcl_apps.so  
[3.409s] -- Found PCL_IN_HAND_SCANNER: /usr/include/pcl-1.12  
[3.409s] -- Found PCL_MODELER: /usr/include/pcl-1.12  
[3.409s] -- Found PCL_POINT_CLOUD_EDITOR: /usr/include/pcl-1.12  
[3.410s] -- Found PCL_OUTOFCORE: /usr/lib/x86_64-linux-gnu/libpcl_outofcore.so  
[3.410s] -- Found PCL_PEOPLE: /usr/lib/x86_64-linux-gnu/libpcl_people.so  
[3.458s] -- Found PkgConfig: /usr/bin/pkg-config (found version "0.29.2") 
[3.459s] -- Checking for module 'apr-1'
[3.461s] --   No package 'apr-1' found
[3.618s] -- Found ament_cmake_ros: 0.10.0 (/opt/ros/humble/share/ament_cmake_ros/cmake)
[3.791s] -- Using all available rosidl_typesupport_c: rosidl_typesupport_fastrtps_c;rosidl_typesupport_introspection_c
[4.000s] -- Using all available rosidl_typesupport_cpp: rosidl_typesupport_fastrtps_cpp;rosidl_typesupport_introspection_cpp
[4.018s] -- Found PythonInterp: /usr/bin/python3 (found suitable version "3.10.12", minimum required is "3.6") 
[4.021s] -- Found python_cmake_module: 0.10.0 (/opt/ros/humble/share/python_cmake_module/cmake)
[4.043s] -- Found PythonLibs: /usr/lib/x86_64-linux-gnu/libpython3.10.so (found suitable version "3.10.12", minimum required is "3.5") 
[4.043s] -- Using PYTHON_EXECUTABLE: /usr/bin/python3
[4.043s] -- Using PYTHON_INCLUDE_DIRS: /usr/include/python3.10
[4.043s] -- Using PYTHON_LIBRARIES: /usr/lib/x86_64-linux-gnu/libpython3.10.so
[4.058s] -- Found PythonExtra: .so  
[4.106s] -- Found ament_lint_auto: 0.12.14 (/opt/ros/humble/share/ament_lint_auto/cmake)
[4.137s] -- Added test 'copyright' to check source files copyright and LICENSE
[4.141s] -- Added test 'cppcheck' to perform static code analysis on C / C++ code
[4.141s] -- Configured cppcheck include dirs: /home/yutou/ros2_ws/packages/ws_livox/src/livox_ros_driver2/3rdparty;/home/yutou/ros2_ws/packages/ws_livox/src/livox_ros_driver2/src
[4.141s] -- Configured cppcheck exclude dirs and/or files: 
[4.145s] -- Added test 'cpplint' to check C / C++ code against the Google style
[4.145s] -- Configured cpplint exclude dirs and/or files: 
[4.146s] -- Added test 'flake8' to check Python code syntax and style conventions
[4.147s] -- Added test 'lint_cmake' to check CMake code style
[4.148s] -- Added test 'pep257' to check Python code against some of the docstring style conventions in PEP 257
[4.152s] -- Added test 'uncrustify' to check C / C++ code style
[4.152s] -- Configured uncrustify additional arguments: 
[4.152s] -- Added test 'xmllint' to check XML markup files
[4.155s] -- Configuring done
[4.274s] -- Generating done
[4.288s] -- Build files have been written to: /home/yutou/ros2_ws/packages/ws_livox/build/livox_ros_driver2
[4.301s] Invoked command in '/home/yutou/ros2_ws/packages/ws_livox/build/livox_ros_driver2' returned '0': CMAKE_PREFIX_PATH=/home/yutou/ros2_ws/install/ros2_driver:/opt/ros/humble /usr/bin/cmake /home/yutou/ros2_ws/packages/ws_livox/src/livox_ros_driver2 -DROS_EDITION=ROS2 -DHUMBLE_ROS=humble -DCMAKE_INSTALL_PREFIX=/home/yutou/ros2_ws/packages/ws_livox/install/livox_ros_driver2
[4.303s] Invoking command in '/home/yutou/ros2_ws/packages/ws_livox/build/livox_ros_driver2': CMAKE_PREFIX_PATH=/home/yutou/ros2_ws/install/ros2_driver:/opt/ros/humble /usr/bin/cmake --build /home/yutou/ros2_ws/packages/ws_livox/build/livox_ros_driver2 -- -j20 -l20
[4.353s] [  1%] [34m[1mGenerating C code for ROS interfaces[0m
[4.368s] [  3%] [32mBuilding CXX object CMakeFiles/livox_ros_driver2_node.dir/rclcpp_components/node_main_livox_ros_driver2_node.cpp.o[0m
[4.369s] [  5%] [34m[1mGenerating C++ code for ROS interfaces[0m
[4.379s] [  5%] Built target ament_cmake_python_copy_livox_ros_driver2
[4.539s] running egg_info
[4.540s] creating livox_ros_driver2.egg-info
[4.540s] writing livox_ros_driver2.egg-info/PKG-INFO
[4.540s] writing dependency_links to livox_ros_driver2.egg-info/dependency_links.txt
[4.540s] writing top-level names to livox_ros_driver2.egg-info/top_level.txt
[4.540s] writing manifest file 'livox_ros_driver2.egg-info/SOURCES.txt'
[4.542s] reading manifest file 'livox_ros_driver2.egg-info/SOURCES.txt'
[4.542s] writing manifest file 'livox_ros_driver2.egg-info/SOURCES.txt'
[4.561s] [  5%] Built target ament_cmake_python_build_livox_ros_driver2_egg
[4.658s] [  7%] [32mBuilding C object CMakeFiles/livox_interfaces2__rosidl_generator_c.dir/rosidl_generator_c/livox_ros_driver2/msg/detail/custom_msg__functions.c.o[0m
[4.659s] [  8%] [32mBuilding C object CMakeFiles/livox_interfaces2__rosidl_generator_c.dir/rosidl_generator_c/livox_ros_driver2/msg/detail/custom_point__functions.c.o[0m
[4.692s] [ 10%] [32m[1mLinking C shared library liblivox_ros_driver2__rosidl_generator_c.so[0m
[4.692s] [ 10%] Built target livox_interfaces2__cpp
[4.700s] [ 12%] [34m[1mGenerating C++ type support dispatch for ROS interfaces[0m
[4.701s] [ 14%] [34m[1mGenerating C++ type support for eProsima Fast-RTPS[0m
[4.702s] [ 15%] [34m[1mGenerating C++ introspection for ROS interfaces[0m
[4.726s] [ 15%] Built target livox_interfaces2__rosidl_generator_c
[4.735s] [ 21%] [34m[1mGenerating C type support for eProsima Fast-RTPS[0m
[4.735s] [ 21%] [34m[1mGenerating C introspection for ROS interfaces[0m
[4.735s] [ 21%] [34m[1mGenerating C type support dispatch for ROS interfaces[0m
[4.972s] [ 24%] [32mBuilding CXX object CMakeFiles/livox_interfaces2__rosidl_typesupport_cpp.dir/rosidl_typesupport_cpp/livox_ros_driver2/msg/custom_msg__type_support.cpp.o[0m
[4.972s] [ 24%] [32mBuilding CXX object CMakeFiles/livox_interfaces2__rosidl_typesupport_cpp.dir/rosidl_typesupport_cpp/livox_ros_driver2/msg/custom_point__type_support.cpp.o[0m
[4.992s] [ 28%] [32mBuilding CXX object CMakeFiles/livox_interfaces2__rosidl_typesupport_c.dir/rosidl_typesupport_c/livox_ros_driver2/msg/custom_msg__type_support.cpp.o[0m
[4.992s] [ 28%] [32mBuilding CXX object CMakeFiles/livox_interfaces2__rosidl_typesupport_c.dir/rosidl_typesupport_c/livox_ros_driver2/msg/custom_point__type_support.cpp.o[0m
[4.994s] [ 31%] [32mBuilding CXX object CMakeFiles/livox_interfaces2__rosidl_typesupport_introspection_cpp.dir/rosidl_typesupport_introspection_cpp/livox_ros_driver2/msg/detail/custom_msg__type_support.cpp.o[0m
[4.994s] [ 31%] [32mBuilding CXX object CMakeFiles/livox_interfaces2__rosidl_typesupport_introspection_cpp.dir/rosidl_typesupport_introspection_cpp/livox_ros_driver2/msg/detail/custom_point__type_support.cpp.o[0m
[5.023s] [ 33%] [32m[1mLinking CXX shared library liblivox_ros_driver2__rosidl_typesupport_c.so[0m
[5.032s] [ 35%] [32mBuilding CXX object CMakeFiles/livox_interfaces2__rosidl_typesupport_fastrtps_cpp.dir/rosidl_typesupport_fastrtps_cpp/livox_ros_driver2/msg/detail/dds_fastrtps/custom_msg__type_support.cpp.o[0m
[5.032s] [ 36%] [32mBuilding CXX object CMakeFiles/livox_interfaces2__rosidl_typesupport_fastrtps_cpp.dir/rosidl_typesupport_fastrtps_cpp/livox_ros_driver2/msg/detail/dds_fastrtps/custom_point__type_support.cpp.o[0m
[5.052s] [ 38%] [32mBuilding CXX object CMakeFiles/livox_interfaces2__rosidl_typesupport_fastrtps_c.dir/rosidl_typesupport_fastrtps_c/livox_ros_driver2/msg/detail/custom_msg__type_support_c.cpp.o[0m
[5.054s] [ 40%] [32mBuilding CXX object CMakeFiles/livox_interfaces2__rosidl_typesupport_fastrtps_c.dir/rosidl_typesupport_fastrtps_c/livox_ros_driver2/msg/detail/custom_point__type_support_c.cpp.o[0m
[5.060s] [ 40%] Built target livox_interfaces2__rosidl_typesupport_c
[5.113s] [ 43%] [32mBuilding C object CMakeFiles/livox_interfaces2__rosidl_typesupport_introspection_c.dir/rosidl_typesupport_introspection_c/livox_ros_driver2/msg/detail/custom_msg__type_support.c.o[0m
[5.113s] [ 43%] [32mBuilding C object CMakeFiles/livox_interfaces2__rosidl_typesupport_introspection_c.dir/rosidl_typesupport_introspection_c/livox_ros_driver2/msg/detail/custom_point__type_support.c.o[0m
[5.157s] [ 45%] [32m[1mLinking C shared library liblivox_ros_driver2__rosidl_typesupport_introspection_c.so[0m
[5.192s] [ 45%] Built target livox_interfaces2__rosidl_typesupport_introspection_c
[5.242s] [ 47%] [32m[1mLinking CXX shared library liblivox_ros_driver2__rosidl_typesupport_cpp.so[0m
[5.266s] [ 49%] [32m[1mLinking CXX shared library liblivox_ros_driver2__rosidl_typesupport_fastrtps_c.so[0m
[5.276s] [ 49%] Built target livox_interfaces2__rosidl_typesupport_cpp
[5.298s] [ 52%] [32mBuilding CXX object CMakeFiles/livox_ros_driver2.dir/src/lds.cpp.o[0m
[5.298s] [ 52%] [32mBuilding CXX object CMakeFiles/livox_ros_driver2.dir/src/comm/comm.cpp.o[0m
[5.298s] [ 57%] [32mBuilding CXX object CMakeFiles/livox_ros_driver2.dir/src/driver_node.cpp.o[0m
[5.299s] [ 57%] [32mBuilding CXX object CMakeFiles/livox_ros_driver2.dir/src/comm/semaphore.cpp.o[0m
[5.299s] [ 57%] [32mBuilding CXX object CMakeFiles/livox_ros_driver2.dir/src/parse_cfg_file/parse_livox_lidar_cfg.cpp.o[0m
[5.299s] [ 61%] [32mBuilding CXX object CMakeFiles/livox_ros_driver2.dir/src/lddc.cpp.o[0m
[5.299s] [ 61%] [32mBuilding CXX object CMakeFiles/livox_ros_driver2.dir/src/livox_ros_driver2.cpp.o[0m
[5.299s] [ 63%] [32mBuilding CXX object CMakeFiles/livox_ros_driver2.dir/src/parse_cfg_file/parse_cfg_file.cpp.o[0m
[5.299s] [ 64%] [32mBuilding CXX object CMakeFiles/livox_ros_driver2.dir/src/comm/pub_handler.cpp.o[0m
[5.299s] [ 66%] [32mBuilding CXX object CMakeFiles/livox_ros_driver2.dir/src/lds_lidar.cpp.o[0m
[5.299s] [ 68%] [32mBuilding CXX object CMakeFiles/livox_ros_driver2.dir/src/comm/lidar_imu_data_queue.cpp.o[0m
[5.300s] [ 71%] [32mBuilding CXX object CMakeFiles/livox_ros_driver2.dir/src/comm/ldq.cpp.o[0m
[5.300s] [ 71%] [32mBuilding CXX object CMakeFiles/livox_ros_driver2.dir/src/call_back/lidar_common_callback.cpp.o[0m
[5.300s] [ 73%] [32mBuilding CXX object CMakeFiles/livox_ros_driver2.dir/src/comm/cache_index.cpp.o[0m
[5.308s] [ 75%] [32mBuilding CXX object CMakeFiles/livox_ros_driver2.dir/src/call_back/livox_lidar_callback.cpp.o[0m
[5.347s] [ 75%] Built target livox_interfaces2__rosidl_typesupport_fastrtps_c
[5.412s] [ 77%] [32m[1mLinking CXX shared library liblivox_ros_driver2__rosidl_typesupport_introspection_cpp.so[0m
[5.491s] [ 78%] [32m[1mLinking CXX shared library liblivox_ros_driver2__rosidl_typesupport_fastrtps_cpp.so[0m
[5.498s] [ 78%] Built target livox_interfaces2__rosidl_typesupport_introspection_cpp
[5.597s] [ 78%] Built target livox_interfaces2__rosidl_typesupport_fastrtps_cpp
[5.616s] [ 78%] Built target livox_interfaces2
[5.641s] [ 80%] [34m[1mGenerating Python code for ROS interfaces[0m
[6.104s] [ 80%] Built target livox_interfaces2__py
[6.120s] [ 84%] [32mBuilding C object CMakeFiles/livox_interfaces2__rosidl_generator_py.dir/rosidl_generator_py/livox_ros_driver2/msg/_custom_msg_s.c.o[0m
[6.121s] [ 84%] [32mBuilding C object CMakeFiles/livox_interfaces2__rosidl_generator_py.dir/rosidl_generator_py/livox_ros_driver2/msg/_custom_point_s.c.o[0m
[6.260s] [ 85%] [32m[1mLinking C shared library rosidl_generator_py/livox_ros_driver2/liblivox_interfaces2__rosidl_generator_py.so[0m
[6.297s] [ 85%] Built target livox_interfaces2__rosidl_generator_py
[6.311s] [ 87%] [32mBuilding C object CMakeFiles/livox_ros_driver2__rosidl_typesupport_fastrtps_c__pyext.dir/rosidl_generator_py/livox_ros_driver2/_livox_ros_driver2_s.ep.rosidl_typesupport_fastrtps_c.c.o[0m
[6.314s] [ 89%] [32mBuilding C object CMakeFiles/livox_ros_driver2__rosidl_typesupport_c__pyext.dir/rosidl_generator_py/livox_ros_driver2/_livox_ros_driver2_s.ep.rosidl_typesupport_c.c.o[0m
[6.316s] [ 91%] [32mBuilding C object CMakeFiles/livox_ros_driver2__rosidl_typesupport_introspection_c__pyext.dir/rosidl_generator_py/livox_ros_driver2/_livox_ros_driver2_s.ep.rosidl_typesupport_introspection_c.c.o[0m
[6.381s] [ 92%] [32m[1mLinking C shared library rosidl_generator_py/livox_ros_driver2/livox_ros_driver2_s__rosidl_typesupport_c.cpython-310-x86_64-linux-gnu.so[0m
[6.385s] [ 94%] [32m[1mLinking C shared library rosidl_generator_py/livox_ros_driver2/livox_ros_driver2_s__rosidl_typesupport_fastrtps_c.cpython-310-x86_64-linux-gnu.so[0m
[6.402s] [ 96%] [32m[1mLinking C shared library rosidl_generator_py/livox_ros_driver2/livox_ros_driver2_s__rosidl_typesupport_introspection_c.cpython-310-x86_64-linux-gnu.so[0m
[6.413s] [ 96%] Built target livox_ros_driver2__rosidl_typesupport_c__pyext
[6.416s] [ 96%] Built target livox_ros_driver2__rosidl_typesupport_fastrtps_c__pyext
[6.439s] [ 96%] Built target livox_ros_driver2__rosidl_typesupport_introspection_c__pyext
[6.873s] [ 98%] [32m[1mLinking CXX executable livox_ros_driver2_node[0m
[6.996s] [ 98%] Built target livox_ros_driver2_node
[11.079s] [100%] [32m[1mLinking CXX shared library liblivox_ros_driver2.so[0m
[11.862s] [100%] Built target livox_ros_driver2
[11.873s] Invoked command in '/home/yutou/ros2_ws/packages/ws_livox/build/livox_ros_driver2' returned '0': CMAKE_PREFIX_PATH=/home/yutou/ros2_ws/install/ros2_driver:/opt/ros/humble /usr/bin/cmake --build /home/yutou/ros2_ws/packages/ws_livox/build/livox_ros_driver2 -- -j20 -l20
[11.882s] Invoking command in '/home/yutou/ros2_ws/packages/ws_livox/build/livox_ros_driver2': CMAKE_PREFIX_PATH=/home/yutou/ros2_ws/install/ros2_driver:/opt/ros/humble /usr/bin/cmake --install /home/yutou/ros2_ws/packages/ws_livox/build/livox_ros_driver2
[11.893s] -- Install configuration: ""
[11.893s] -- Installing: /home/yutou/ros2_ws/packages/ws_livox/install/livox_ros_driver2/share/ament_index/resource_index/rosidl_interfaces/livox_ros_driver2
[11.893s] -- Installing: /home/yutou/ros2_ws/packages/ws_livox/install/livox_ros_driver2/include/livox_ros_driver2/livox_ros_driver2
[11.893s] -- Installing: /home/yutou/ros2_ws/packages/ws_livox/install/livox_ros_driver2/include/livox_ros_driver2/livox_ros_driver2/msg
[11.893s] -- Installing: /home/yutou/ros2_ws/packages/ws_livox/install/livox_ros_driver2/include/livox_ros_driver2/livox_ros_driver2/msg/detail
[11.893s] -- Installing: /home/yutou/ros2_ws/packages/ws_livox/install/livox_ros_driver2/include/livox_ros_driver2/livox_ros_driver2/msg/detail/custom_msg__functions.h
[11.893s] -- Installing: /home/yutou/ros2_ws/packages/ws_livox/install/livox_ros_driver2/include/livox_ros_driver2/livox_ros_driver2/msg/detail/custom_point__functions.c
[11.893s] -- Installing: /home/yutou/ros2_ws/packages/ws_livox/install/livox_ros_driver2/include/livox_ros_driver2/livox_ros_driver2/msg/detail/custom_msg__struct.h
[11.894s] -- Installing: /home/yutou/ros2_ws/packages/ws_livox/install/livox_ros_driver2/include/livox_ros_driver2/livox_ros_driver2/msg/detail/custom_msg__functions.c
[11.894s] -- Installing: /home/yutou/ros2_ws/packages/ws_livox/install/livox_ros_driver2/include/livox_ros_driver2/livox_ros_driver2/msg/detail/custom_point__struct.h
[11.894s] -- Installing: /home/yutou/ros2_ws/packages/ws_livox/install/livox_ros_driver2/include/livox_ros_driver2/livox_ros_driver2/msg/detail/custom_point__functions.h
[11.894s] -- Installing: /home/yutou/ros2_ws/packages/ws_livox/install/livox_ros_driver2/include/livox_ros_driver2/livox_ros_driver2/msg/detail/custom_point__type_support.h
[11.894s] -- Installing: /home/yutou/ros2_ws/packages/ws_livox/install/livox_ros_driver2/include/livox_ros_driver2/livox_ros_driver2/msg/detail/custom_msg__type_support.h
[11.894s] -- Installing: /home/yutou/ros2_ws/packages/ws_livox/install/livox_ros_driver2/include/livox_ros_driver2/livox_ros_driver2/msg/rosidl_generator_c__visibility_control.h
[11.894s] -- Installing: /home/yutou/ros2_ws/packages/ws_livox/install/livox_ros_driver2/include/livox_ros_driver2/livox_ros_driver2/msg/custom_point.h
[11.894s] -- Installing: /home/yutou/ros2_ws/packages/ws_livox/install/livox_ros_driver2/include/livox_ros_driver2/livox_ros_driver2/msg/custom_msg.h
[11.895s] -- Installing: /home/yutou/ros2_ws/packages/ws_livox/install/livox_ros_driver2/share/livox_ros_driver2/environment/library_path.sh
[11.895s] -- Installing: /home/yutou/ros2_ws/packages/ws_livox/install/livox_ros_driver2/share/livox_ros_driver2/environment/library_path.dsv
[11.895s] -- Installing: /home/yutou/ros2_ws/packages/ws_livox/install/livox_ros_driver2/lib/liblivox_ros_driver2__rosidl_generator_c.so
[11.895s] -- Set runtime path of "/home/yutou/ros2_ws/packages/ws_livox/install/livox_ros_driver2/lib/liblivox_ros_driver2__rosidl_generator_c.so" to ""
[11.896s] -- Up-to-date: /home/yutou/ros2_ws/packages/ws_livox/install/livox_ros_driver2/include/livox_ros_driver2/livox_ros_driver2
[11.896s] -- Up-to-date: /home/yutou/ros2_ws/packages/ws_livox/install/livox_ros_driver2/include/livox_ros_driver2/livox_ros_driver2/msg
[11.896s] -- Up-to-date: /home/yutou/ros2_ws/packages/ws_livox/install/livox_ros_driver2/include/livox_ros_driver2/livox_ros_driver2/msg/detail
[11.896s] -- Installing: /home/yutou/ros2_ws/packages/ws_livox/install/livox_ros_driver2/include/livox_ros_driver2/livox_ros_driver2/msg/detail/custom_msg__rosidl_typesupport_fastrtps_c.h
[11.896s] -- Installing: /home/yutou/ros2_ws/packages/ws_livox/install/livox_ros_driver2/include/livox_ros_driver2/livox_ros_driver2/msg/detail/custom_point__rosidl_typesupport_fastrtps_c.h
[11.896s] -- Installing: /home/yutou/ros2_ws/packages/ws_livox/install/livox_ros_driver2/include/livox_ros_driver2/livox_ros_driver2/msg/rosidl_typesupport_fastrtps_c__visibility_control.h
[11.896s] -- Installing: /home/yutou/ros2_ws/packages/ws_livox/install/livox_ros_driver2/lib/liblivox_ros_driver2__rosidl_typesupport_fastrtps_c.so
[11.896s] -- Set runtime path of "/home/yutou/ros2_ws/packages/ws_livox/install/livox_ros_driver2/lib/liblivox_ros_driver2__rosidl_typesupport_fastrtps_c.so" to ""
[11.896s] -- Up-to-date: /home/yutou/ros2_ws/packages/ws_livox/install/livox_ros_driver2/include/livox_ros_driver2/livox_ros_driver2
[11.896s] -- Up-to-date: /home/yutou/ros2_ws/packages/ws_livox/install/livox_ros_driver2/include/livox_ros_driver2/livox_ros_driver2/msg
[11.896s] -- Up-to-date: /home/yutou/ros2_ws/packages/ws_livox/install/livox_ros_driver2/include/livox_ros_driver2/livox_ros_driver2/msg/detail
[11.896s] -- Installing: /home/yutou/ros2_ws/packages/ws_livox/install/livox_ros_driver2/include/livox_ros_driver2/livox_ros_driver2/msg/detail/custom_msg__type_support.c
[11.897s] -- Installing: /home/yutou/ros2_ws/packages/ws_livox/install/livox_ros_driver2/include/livox_ros_driver2/livox_ros_driver2/msg/detail/custom_point__rosidl_typesupport_introspection_c.h
[11.897s] -- Installing: /home/yutou/ros2_ws/packages/ws_livox/install/livox_ros_driver2/include/livox_ros_driver2/livox_ros_driver2/msg/detail/custom_point__type_support.c
[11.897s] -- Installing: /home/yutou/ros2_ws/packages/ws_livox/install/livox_ros_driver2/include/livox_ros_driver2/livox_ros_driver2/msg/detail/custom_msg__rosidl_typesupport_introspection_c.h
[11.897s] -- Installing: /home/yutou/ros2_ws/packages/ws_livox/install/livox_ros_driver2/include/livox_ros_driver2/livox_ros_driver2/msg/rosidl_typesupport_introspection_c__visibility_control.h
[11.897s] -- Installing: /home/yutou/ros2_ws/packages/ws_livox/install/livox_ros_driver2/lib/liblivox_ros_driver2__rosidl_typesupport_introspection_c.so
[11.897s] -- Set runtime path of "/home/yutou/ros2_ws/packages/ws_livox/install/livox_ros_driver2/lib/liblivox_ros_driver2__rosidl_typesupport_introspection_c.so" to ""
[11.897s] -- Installing: /home/yutou/ros2_ws/packages/ws_livox/install/livox_ros_driver2/lib/liblivox_ros_driver2__rosidl_typesupport_c.so
[11.897s] -- Set runtime path of "/home/yutou/ros2_ws/packages/ws_livox/install/livox_ros_driver2/lib/liblivox_ros_driver2__rosidl_typesupport_c.so" to ""
[11.897s] -- Up-to-date: /home/yutou/ros2_ws/packages/ws_livox/install/livox_ros_driver2/include/livox_ros_driver2/livox_ros_driver2
[11.898s] -- Up-to-date: /home/yutou/ros2_ws/packages/ws_livox/install/livox_ros_driver2/include/livox_ros_driver2/livox_ros_driver2/msg
[11.898s] -- Up-to-date: /home/yutou/ros2_ws/packages/ws_livox/install/livox_ros_driver2/include/livox_ros_driver2/livox_ros_driver2/msg/detail
[11.898s] -- Installing: /home/yutou/ros2_ws/packages/ws_livox/install/livox_ros_driver2/include/livox_ros_driver2/livox_ros_driver2/msg/detail/custom_msg__type_support.hpp
[11.898s] -- Installing: /home/yutou/ros2_ws/packages/ws_livox/install/livox_ros_driver2/include/livox_ros_driver2/livox_ros_driver2/msg/detail/custom_msg__struct.hpp
[11.898s] -- Installing: /home/yutou/ros2_ws/packages/ws_livox/install/livox_ros_driver2/include/livox_ros_driver2/livox_ros_driver2/msg/detail/custom_point__struct.hpp
[11.898s] -- Installing: /home/yutou/ros2_ws/packages/ws_livox/install/livox_ros_driver2/include/livox_ros_driver2/livox_ros_driver2/msg/detail/custom_point__builder.hpp
[11.898s] -- Installing: /home/yutou/ros2_ws/packages/ws_livox/install/livox_ros_driver2/include/livox_ros_driver2/livox_ros_driver2/msg/detail/custom_point__traits.hpp
[11.898s] -- Installing: /home/yutou/ros2_ws/packages/ws_livox/install/livox_ros_driver2/include/livox_ros_driver2/livox_ros_driver2/msg/detail/custom_point__type_support.hpp
[11.898s] -- Installing: /home/yutou/ros2_ws/packages/ws_livox/install/livox_ros_driver2/include/livox_ros_driver2/livox_ros_driver2/msg/detail/custom_msg__traits.hpp
[11.898s] -- Installing: /home/yutou/ros2_ws/packages/ws_livox/install/livox_ros_driver2/include/livox_ros_driver2/livox_ros_driver2/msg/detail/custom_msg__builder.hpp
[11.898s] -- Installing: /home/yutou/ros2_ws/packages/ws_livox/install/livox_ros_driver2/include/livox_ros_driver2/livox_ros_driver2/msg/custom_msg.hpp
[11.898s] -- Installing: /home/yutou/ros2_ws/packages/ws_livox/install/livox_ros_driver2/include/livox_ros_driver2/livox_ros_driver2/msg/rosidl_generator_cpp__visibility_control.hpp
[11.898s] -- Installing: /home/yutou/ros2_ws/packages/ws_livox/install/livox_ros_driver2/include/livox_ros_driver2/livox_ros_driver2/msg/custom_point.hpp
[11.899s] -- Up-to-date: /home/yutou/ros2_ws/packages/ws_livox/install/livox_ros_driver2/include/livox_ros_driver2/livox_ros_driver2
[11.899s] -- Up-to-date: /home/yutou/ros2_ws/packages/ws_livox/install/livox_ros_driver2/include/livox_ros_driver2/livox_ros_driver2/msg
[11.899s] -- Up-to-date: /home/yutou/ros2_ws/packages/ws_livox/install/livox_ros_driver2/include/livox_ros_driver2/livox_ros_driver2/msg/detail
[11.899s] -- Installing: /home/yutou/ros2_ws/packages/ws_livox/install/livox_ros_driver2/include/livox_ros_driver2/livox_ros_driver2/msg/detail/dds_fastrtps
[11.899s] -- Installing: /home/yutou/ros2_ws/packages/ws_livox/install/livox_ros_driver2/include/livox_ros_driver2/livox_ros_driver2/msg/detail/custom_msg__rosidl_typesupport_fastrtps_cpp.hpp
[11.899s] -- Installing: /home/yutou/ros2_ws/packages/ws_livox/install/livox_ros_driver2/include/livox_ros_driver2/livox_ros_driver2/msg/detail/custom_point__rosidl_typesupport_fastrtps_cpp.hpp
[11.899s] -- Installing: /home/yutou/ros2_ws/packages/ws_livox/install/livox_ros_driver2/include/livox_ros_driver2/livox_ros_driver2/msg/rosidl_typesupport_fastrtps_cpp__visibility_control.h
[11.899s] -- Installing: /home/yutou/ros2_ws/packages/ws_livox/install/livox_ros_driver2/lib/liblivox_ros_driver2__rosidl_typesupport_fastrtps_cpp.so
[11.900s] -- Set runtime path of "/home/yutou/ros2_ws/packages/ws_livox/install/livox_ros_driver2/lib/liblivox_ros_driver2__rosidl_typesupport_fastrtps_cpp.so" to ""
[11.900s] -- Up-to-date: /home/yutou/ros2_ws/packages/ws_livox/install/livox_ros_driver2/include/livox_ros_driver2/livox_ros_driver2
[11.900s] -- Up-to-date: /home/yutou/ros2_ws/packages/ws_livox/install/livox_ros_driver2/include/livox_ros_driver2/livox_ros_driver2/msg
[11.900s] -- Up-to-date: /home/yutou/ros2_ws/packages/ws_livox/install/livox_ros_driver2/include/livox_ros_driver2/livox_ros_driver2/msg/detail
[11.900s] -- Installing: /home/yutou/ros2_ws/packages/ws_livox/install/livox_ros_driver2/include/livox_ros_driver2/livox_ros_driver2/msg/detail/custom_point__rosidl_typesupport_introspection_cpp.hpp
[11.900s] -- Installing: /home/yutou/ros2_ws/packages/ws_livox/install/livox_ros_driver2/include/livox_ros_driver2/livox_ros_driver2/msg/detail/custom_msg__rosidl_typesupport_introspection_cpp.hpp
[11.900s] -- Installing: /home/yutou/ros2_ws/packages/ws_livox/install/livox_ros_driver2/include/livox_ros_driver2/livox_ros_driver2/msg/detail/custom_point__type_support.cpp
[11.900s] -- Installing: /home/yutou/ros2_ws/packages/ws_livox/install/livox_ros_driver2/include/livox_ros_driver2/livox_ros_driver2/msg/detail/custom_msg__type_support.cpp
[11.900s] -- Installing: /home/yutou/ros2_ws/packages/ws_livox/install/livox_ros_driver2/lib/liblivox_ros_driver2__rosidl_typesupport_introspection_cpp.so
[11.901s] -- Set runtime path of "/home/yutou/ros2_ws/packages/ws_livox/install/livox_ros_driver2/lib/liblivox_ros_driver2__rosidl_typesupport_introspection_cpp.so" to ""
[11.901s] -- Installing: /home/yutou/ros2_ws/packages/ws_livox/install/livox_ros_driver2/lib/liblivox_ros_driver2__rosidl_typesupport_cpp.so
[11.901s] -- Set runtime path of "/home/yutou/ros2_ws/packages/ws_livox/install/livox_ros_driver2/lib/liblivox_ros_driver2__rosidl_typesupport_cpp.so" to ""
[11.901s] -- Installing: /home/yutou/ros2_ws/packages/ws_livox/install/livox_ros_driver2/share/livox_ros_driver2/environment/pythonpath.sh
[11.901s] -- Installing: /home/yutou/ros2_ws/packages/ws_livox/install/livox_ros_driver2/share/livox_ros_driver2/environment/pythonpath.dsv
[11.901s] -- Installing: /home/yutou/ros2_ws/packages/ws_livox/install/livox_ros_driver2/local/lib/python3.10/dist-packages/livox_ros_driver2-1.0.0-py3.10.egg-info
[11.901s] -- Installing: /home/yutou/ros2_ws/packages/ws_livox/install/livox_ros_driver2/local/lib/python3.10/dist-packages/livox_ros_driver2-1.0.0-py3.10.egg-info/dependency_links.txt
[11.901s] -- Installing: /home/yutou/ros2_ws/packages/ws_livox/install/livox_ros_driver2/local/lib/python3.10/dist-packages/livox_ros_driver2-1.0.0-py3.10.egg-info/SOURCES.txt
[11.901s] -- Installing: /home/yutou/ros2_ws/packages/ws_livox/install/livox_ros_driver2/local/lib/python3.10/dist-packages/livox_ros_driver2-1.0.0-py3.10.egg-info/top_level.txt
[11.902s] -- Installing: /home/yutou/ros2_ws/packages/ws_livox/install/livox_ros_driver2/local/lib/python3.10/dist-packages/livox_ros_driver2-1.0.0-py3.10.egg-info/PKG-INFO
[11.902s] -- Installing: /home/yutou/ros2_ws/packages/ws_livox/install/livox_ros_driver2/local/lib/python3.10/dist-packages/livox_ros_driver2
[11.902s] -- Installing: /home/yutou/ros2_ws/packages/ws_livox/install/livox_ros_driver2/local/lib/python3.10/dist-packages/livox_ros_driver2/msg
[11.902s] -- Installing: /home/yutou/ros2_ws/packages/ws_livox/install/livox_ros_driver2/local/lib/python3.10/dist-packages/livox_ros_driver2/msg/_custom_msg_s.c
[11.902s] -- Installing: /home/yutou/ros2_ws/packages/ws_livox/install/livox_ros_driver2/local/lib/python3.10/dist-packages/livox_ros_driver2/msg/_custom_msg.py
[11.902s] -- Installing: /home/yutou/ros2_ws/packages/ws_livox/install/livox_ros_driver2/local/lib/python3.10/dist-packages/livox_ros_driver2/msg/_custom_point_s.c
[11.902s] -- Installing: /home/yutou/ros2_ws/packages/ws_livox/install/livox_ros_driver2/local/lib/python3.10/dist-packages/livox_ros_driver2/msg/_custom_point.py
[11.902s] -- Installing: /home/yutou/ros2_ws/packages/ws_livox/install/livox_ros_driver2/local/lib/python3.10/dist-packages/livox_ros_driver2/msg/__init__.py
[11.902s] -- Installing: /home/yutou/ros2_ws/packages/ws_livox/install/livox_ros_driver2/local/lib/python3.10/dist-packages/livox_ros_driver2/_livox_ros_driver2_s.ep.rosidl_typesupport_fastrtps_c.c
[11.902s] -- Installing: /home/yutou/ros2_ws/packages/ws_livox/install/livox_ros_driver2/local/lib/python3.10/dist-packages/livox_ros_driver2/livox_ros_driver2_s__rosidl_typesupport_introspection_c.cpython-310-x86_64-linux-gnu.so
[11.902s] -- Installing: /home/yutou/ros2_ws/packages/ws_livox/install/livox_ros_driver2/local/lib/python3.10/dist-packages/livox_ros_driver2/livox_ros_driver2_s__rosidl_typesupport_fastrtps_c.cpython-310-x86_64-linux-gnu.so
[11.902s] -- Installing: /home/yutou/ros2_ws/packages/ws_livox/install/livox_ros_driver2/local/lib/python3.10/dist-packages/livox_ros_driver2/_livox_ros_driver2_s.ep.rosidl_typesupport_c.c
[11.903s] -- Installing: /home/yutou/ros2_ws/packages/ws_livox/install/livox_ros_driver2/local/lib/python3.10/dist-packages/livox_ros_driver2/livox_ros_driver2_s__rosidl_typesupport_c.cpython-310-x86_64-linux-gnu.so
[11.903s] -- Installing: /home/yutou/ros2_ws/packages/ws_livox/install/livox_ros_driver2/local/lib/python3.10/dist-packages/livox_ros_driver2/__init__.py
[11.903s] -- Installing: /home/yutou/ros2_ws/packages/ws_livox/install/livox_ros_driver2/local/lib/python3.10/dist-packages/livox_ros_driver2/liblivox_interfaces2__rosidl_generator_py.so
[11.903s] -- Installing: /home/yutou/ros2_ws/packages/ws_livox/install/livox_ros_driver2/local/lib/python3.10/dist-packages/livox_ros_driver2/_livox_ros_driver2_s.ep.rosidl_typesupport_introspection_c.c
[11.939s] Listing '/home/yutou/ros2_ws/packages/ws_livox/install/livox_ros_driver2/local/lib/python3.10/dist-packages/livox_ros_driver2'...
[11.939s] Compiling '/home/yutou/ros2_ws/packages/ws_livox/install/livox_ros_driver2/local/lib/python3.10/dist-packages/livox_ros_driver2/__init__.py'...
[11.939s] Listing '/home/yutou/ros2_ws/packages/ws_livox/install/livox_ros_driver2/local/lib/python3.10/dist-packages/livox_ros_driver2/msg'...
[11.939s] Compiling '/home/yutou/ros2_ws/packages/ws_livox/install/livox_ros_driver2/local/lib/python3.10/dist-packages/livox_ros_driver2/msg/__init__.py'...
[11.939s] Compiling '/home/yutou/ros2_ws/packages/ws_livox/install/livox_ros_driver2/local/lib/python3.10/dist-packages/livox_ros_driver2/msg/_custom_msg.py'...
[11.939s] Compiling '/home/yutou/ros2_ws/packages/ws_livox/install/livox_ros_driver2/local/lib/python3.10/dist-packages/livox_ros_driver2/msg/_custom_point.py'...
[11.942s] -- Installing: /home/yutou/ros2_ws/packages/ws_livox/install/livox_ros_driver2/local/lib/python3.10/dist-packages/livox_ros_driver2/livox_ros_driver2_s__rosidl_typesupport_fastrtps_c.cpython-310-x86_64-linux-gnu.so
[11.942s] -- Set runtime path of "/home/yutou/ros2_ws/packages/ws_livox/install/livox_ros_driver2/local/lib/python3.10/dist-packages/livox_ros_driver2/livox_ros_driver2_s__rosidl_typesupport_fastrtps_c.cpython-310-x86_64-linux-gnu.so" to ""
[11.942s] -- Installing: /home/yutou/ros2_ws/packages/ws_livox/install/livox_ros_driver2/local/lib/python3.10/dist-packages/livox_ros_driver2/livox_ros_driver2_s__rosidl_typesupport_introspection_c.cpython-310-x86_64-linux-gnu.so
[11.943s] -- Set runtime path of "/home/yutou/ros2_ws/packages/ws_livox/install/livox_ros_driver2/local/lib/python3.10/dist-packages/livox_ros_driver2/livox_ros_driver2_s__rosidl_typesupport_introspection_c.cpython-310-x86_64-linux-gnu.so" to ""
[11.943s] -- Installing: /home/yutou/ros2_ws/packages/ws_livox/install/livox_ros_driver2/local/lib/python3.10/dist-packages/livox_ros_driver2/livox_ros_driver2_s__rosidl_typesupport_c.cpython-310-x86_64-linux-gnu.so
[11.943s] -- Set runtime path of "/home/yutou/ros2_ws/packages/ws_livox/install/livox_ros_driver2/local/lib/python3.10/dist-packages/livox_ros_driver2/livox_ros_driver2_s__rosidl_typesupport_c.cpython-310-x86_64-linux-gnu.so" to ""
[11.943s] -- Installing: /home/yutou/ros2_ws/packages/ws_livox/install/livox_ros_driver2/lib/liblivox_interfaces2__rosidl_generator_py.so
[11.943s] -- Set runtime path of "/home/yutou/ros2_ws/packages/ws_livox/install/livox_ros_driver2/lib/liblivox_interfaces2__rosidl_generator_py.so" to ""
[11.943s] -- Installing: /home/yutou/ros2_ws/packages/ws_livox/install/livox_ros_driver2/share/livox_ros_driver2/msg/CustomPoint.idl
[11.943s] -- Installing: /home/yutou/ros2_ws/packages/ws_livox/install/livox_ros_driver2/share/livox_ros_driver2/msg/CustomMsg.idl
[11.943s] -- Installing: /home/yutou/ros2_ws/packages/ws_livox/install/livox_ros_driver2/share/livox_ros_driver2/msg/CustomPoint.msg
[11.944s] -- Installing: /home/yutou/ros2_ws/packages/ws_livox/install/livox_ros_driver2/share/livox_ros_driver2/msg/CustomMsg.msg
[11.944s] -- Installing: /home/yutou/ros2_ws/packages/ws_livox/install/livox_ros_driver2/lib/livox_ros_driver2/livox_ros_driver2_node
[11.944s] -- Set runtime path of "/home/yutou/ros2_ws/packages/ws_livox/install/livox_ros_driver2/lib/livox_ros_driver2/livox_ros_driver2_node" to ""
[11.944s] -- Installing: /home/yutou/ros2_ws/packages/ws_livox/install/livox_ros_driver2/lib/liblivox_ros_driver2.so
[11.947s] -- Set runtime path of "/home/yutou/ros2_ws/packages/ws_livox/install/livox_ros_driver2/lib/liblivox_ros_driver2.so" to ""
[11.948s] -- Installing: /home/yutou/ros2_ws/packages/ws_livox/install/livox_ros_driver2/share/livox_ros_driver2/config
[11.948s] -- Installing: /home/yutou/ros2_ws/packages/ws_livox/install/livox_ros_driver2/share/livox_ros_driver2/config/display_point_cloud_ROS2.rviz
[11.948s] -- Installing: /home/yutou/ros2_ws/packages/ws_livox/install/livox_ros_driver2/share/livox_ros_driver2/config/mixed_HAP_MID360_config.json
[11.948s] -- Installing: /home/yutou/ros2_ws/packages/ws_livox/install/livox_ros_driver2/share/livox_ros_driver2/config/HAP_config.json
[11.948s] -- Installing: /home/yutou/ros2_ws/packages/ws_livox/install/livox_ros_driver2/share/livox_ros_driver2/config/MID360_config.json
[11.948s] -- Installing: /home/yutou/ros2_ws/packages/ws_livox/install/livox_ros_driver2/share/livox_ros_driver2/config/display_point_cloud_ROS1.rviz
[11.948s] -- Installing: /home/yutou/ros2_ws/packages/ws_livox/install/livox_ros_driver2/share/livox_ros_driver2/launch_ROS2
[11.948s] -- Installing: /home/yutou/ros2_ws/packages/ws_livox/install/livox_ros_driver2/share/livox_ros_driver2/launch_ROS2/rviz_mixed.py
[11.948s] -- Installing: /home/yutou/ros2_ws/packages/ws_livox/install/livox_ros_driver2/share/livox_ros_driver2/launch_ROS2/msg_MID360_launch.py
[11.948s] -- Installing: /home/yutou/ros2_ws/packages/ws_livox/install/livox_ros_driver2/share/livox_ros_driver2/launch_ROS2/rviz_MID360_launch.py
[11.948s] -- Installing: /home/yutou/ros2_ws/packages/ws_livox/install/livox_ros_driver2/share/livox_ros_driver2/launch_ROS2/rviz_HAP_launch.py
[11.948s] -- Installing: /home/yutou/ros2_ws/packages/ws_livox/install/livox_ros_driver2/share/livox_ros_driver2/launch_ROS2/msg_HAP_launch.py
[11.948s] -- Installing: /home/yutou/ros2_ws/packages/ws_livox/install/livox_ros_driver2/share/ament_index/resource_index/package_run_dependencies/livox_ros_driver2
[11.948s] -- Installing: /home/yutou/ros2_ws/packages/ws_livox/install/livox_ros_driver2/share/ament_index/resource_index/parent_prefix_path/livox_ros_driver2
[11.948s] -- Installing: /home/yutou/ros2_ws/packages/ws_livox/install/livox_ros_driver2/share/livox_ros_driver2/environment/ament_prefix_path.sh
[11.948s] -- Installing: /home/yutou/ros2_ws/packages/ws_livox/install/livox_ros_driver2/share/livox_ros_driver2/environment/ament_prefix_path.dsv
[11.948s] -- Installing: /home/yutou/ros2_ws/packages/ws_livox/install/livox_ros_driver2/share/livox_ros_driver2/environment/path.sh
[11.948s] -- Installing: /home/yutou/ros2_ws/packages/ws_livox/install/livox_ros_driver2/share/livox_ros_driver2/environment/path.dsv
[11.949s] -- Installing: /home/yutou/ros2_ws/packages/ws_livox/install/livox_ros_driver2/share/livox_ros_driver2/local_setup.bash
[11.949s] -- Installing: /home/yutou/ros2_ws/packages/ws_livox/install/livox_ros_driver2/share/livox_ros_driver2/local_setup.sh
[11.949s] -- Installing: /home/yutou/ros2_ws/packages/ws_livox/install/livox_ros_driver2/share/livox_ros_driver2/local_setup.zsh
[11.949s] -- Installing: /home/yutou/ros2_ws/packages/ws_livox/install/livox_ros_driver2/share/livox_ros_driver2/local_setup.dsv
[11.949s] -- Installing: /home/yutou/ros2_ws/packages/ws_livox/install/livox_ros_driver2/share/livox_ros_driver2/package.dsv
[11.949s] -- Installing: /home/yutou/ros2_ws/packages/ws_livox/install/livox_ros_driver2/share/ament_index/resource_index/packages/livox_ros_driver2
[11.949s] -- Installing: /home/yutou/ros2_ws/packages/ws_livox/install/livox_ros_driver2/share/livox_ros_driver2/cmake/export_livox_interfaces2__rosidl_generator_cExport.cmake
[11.949s] -- Installing: /home/yutou/ros2_ws/packages/ws_livox/install/livox_ros_driver2/share/livox_ros_driver2/cmake/export_livox_interfaces2__rosidl_generator_cExport-noconfig.cmake
[11.949s] -- Installing: /home/yutou/ros2_ws/packages/ws_livox/install/livox_ros_driver2/share/livox_ros_driver2/cmake/export_livox_interfaces2__rosidl_typesupport_fastrtps_cExport.cmake
[11.949s] -- Installing: /home/yutou/ros2_ws/packages/ws_livox/install/livox_ros_driver2/share/livox_ros_driver2/cmake/export_livox_interfaces2__rosidl_typesupport_fastrtps_cExport-noconfig.cmake
[11.949s] -- Installing: /home/yutou/ros2_ws/packages/ws_livox/install/livox_ros_driver2/share/livox_ros_driver2/cmake/livox_interfaces2__rosidl_typesupport_introspection_cExport.cmake
[11.949s] -- Installing: /home/yutou/ros2_ws/packages/ws_livox/install/livox_ros_driver2/share/livox_ros_driver2/cmake/livox_interfaces2__rosidl_typesupport_introspection_cExport-noconfig.cmake
[11.949s] -- Installing: /home/yutou/ros2_ws/packages/ws_livox/install/livox_ros_driver2/share/livox_ros_driver2/cmake/livox_interfaces2__rosidl_typesupport_cExport.cmake
[11.949s] -- Installing: /home/yutou/ros2_ws/packages/ws_livox/install/livox_ros_driver2/share/livox_ros_driver2/cmake/livox_interfaces2__rosidl_typesupport_cExport-noconfig.cmake
[11.950s] -- Installing: /home/yutou/ros2_ws/packages/ws_livox/install/livox_ros_driver2/share/livox_ros_driver2/cmake/export_livox_interfaces2__rosidl_generator_cppExport.cmake
[11.950s] -- Installing: /home/yutou/ros2_ws/packages/ws_livox/install/livox_ros_driver2/share/livox_ros_driver2/cmake/export_livox_interfaces2__rosidl_typesupport_fastrtps_cppExport.cmake
[11.950s] -- Installing: /home/yutou/ros2_ws/packages/ws_livox/install/livox_ros_driver2/share/livox_ros_driver2/cmake/export_livox_interfaces2__rosidl_typesupport_fastrtps_cppExport-noconfig.cmake
[11.950s] -- Installing: /home/yutou/ros2_ws/packages/ws_livox/install/livox_ros_driver2/share/livox_ros_driver2/cmake/livox_interfaces2__rosidl_typesupport_introspection_cppExport.cmake
[11.950s] -- Installing: /home/yutou/ros2_ws/packages/ws_livox/install/livox_ros_driver2/share/livox_ros_driver2/cmake/livox_interfaces2__rosidl_typesupport_introspection_cppExport-noconfig.cmake
[11.950s] -- Installing: /home/yutou/ros2_ws/packages/ws_livox/install/livox_ros_driver2/share/livox_ros_driver2/cmake/livox_interfaces2__rosidl_typesupport_cppExport.cmake
[11.950s] -- Installing: /home/yutou/ros2_ws/packages/ws_livox/install/livox_ros_driver2/share/livox_ros_driver2/cmake/livox_interfaces2__rosidl_typesupport_cppExport-noconfig.cmake
[11.950s] -- Installing: /home/yutou/ros2_ws/packages/ws_livox/install/livox_ros_driver2/share/livox_ros_driver2/cmake/export_livox_interfaces2__rosidl_generator_pyExport.cmake
[11.950s] -- Installing: /home/yutou/ros2_ws/packages/ws_livox/install/livox_ros_driver2/share/livox_ros_driver2/cmake/export_livox_interfaces2__rosidl_generator_pyExport-noconfig.cmake
[11.950s] -- Installing: /home/yutou/ros2_ws/packages/ws_livox/install/livox_ros_driver2/share/ament_index/resource_index/rclcpp_components/livox_ros_driver2
[11.951s] -- Installing: /home/yutou/ros2_ws/packages/ws_livox/install/livox_ros_driver2/share/livox_ros_driver2/cmake/rosidl_cmake-extras.cmake
[11.951s] -- Installing: /home/yutou/ros2_ws/packages/ws_livox/install/livox_ros_driver2/share/livox_ros_driver2/cmake/ament_cmake_export_dependencies-extras.cmake
[11.951s] -- Installing: /home/yutou/ros2_ws/packages/ws_livox/install/livox_ros_driver2/share/livox_ros_driver2/cmake/ament_cmake_export_include_directories-extras.cmake
[11.951s] -- Installing: /home/yutou/ros2_ws/packages/ws_livox/install/livox_ros_driver2/share/livox_ros_driver2/cmake/ament_cmake_export_libraries-extras.cmake
[11.951s] -- Installing: /home/yutou/ros2_ws/packages/ws_livox/install/livox_ros_driver2/share/livox_ros_driver2/cmake/ament_cmake_export_targets-extras.cmake
[11.951s] -- Installing: /home/yutou/ros2_ws/packages/ws_livox/install/livox_ros_driver2/share/livox_ros_driver2/cmake/rosidl_cmake_export_typesupport_targets-extras.cmake
[11.951s] -- Installing: /home/yutou/ros2_ws/packages/ws_livox/install/livox_ros_driver2/share/livox_ros_driver2/cmake/rosidl_cmake_export_typesupport_libraries-extras.cmake
[11.951s] -- Installing: /home/yutou/ros2_ws/packages/ws_livox/install/livox_ros_driver2/share/livox_ros_driver2/cmake/livox_ros_driver2Config.cmake
[11.951s] -- Installing: /home/yutou/ros2_ws/packages/ws_livox/install/livox_ros_driver2/share/livox_ros_driver2/cmake/livox_ros_driver2Config-version.cmake
[11.951s] -- Installing: /home/yutou/ros2_ws/packages/ws_livox/install/livox_ros_driver2/share/livox_ros_driver2/package.xml
[11.953s] Invoked command in '/home/yutou/ros2_ws/packages/ws_livox/build/livox_ros_driver2' returned '0': CMAKE_PREFIX_PATH=/home/yutou/ros2_ws/install/ros2_driver:/opt/ros/humble /usr/bin/cmake --install /home/yutou/ros2_ws/packages/ws_livox/build/livox_ros_driver2
