[0.156s] Invoking command in '/home/yutou/ros2_ws/build/livox_ros_driver2': CMAKE_PREFIX_PATH=/home/yutou/ros2_ws/install/ros2_driver:/home/yutou/ros2_ws/install/bags_record:/opt/ros/humble /usr/bin/cmake /home/yutou/ros2_ws/packages/ws_livox/src/livox_ros_driver2 -DCMAKE_INSTALL_PREFIX=/home/yutou/ros2_ws/install/livox_ros_driver2
[0.164s] -- livox_ros_driver2 version: 1.2.4
[0.164s] -- Found ament_cmake_auto: 1.3.12 (/opt/ros/humble/share/ament_cmake_auto/cmake)
[0.294s] -- Using all available rosidl_typesupport_c: rosidl_typesupport_fastrtps_c;rosidl_typesupport_introspection_c
[0.296s] -- Found rosidl_adapter: 3.1.7 (/opt/ros/humble/share/rosidl_adapter/cmake)
[0.316s] -- Using all available rosidl_typesupport_cpp: rosidl_typesupport_fastrtps_cpp;rosidl_typesupport_introspection_cpp
[0.357s] -- Found rmw_implementation_cmake: 6.1.2 (/opt/ros/humble/share/rmw_implementation_cmake/cmake)
[0.358s] -- Found rmw_fastrtps_cpp: 6.2.8 (/opt/ros/humble/share/rmw_fastrtps_cpp/cmake)
[0.447s] -- Using RMW implementation 'rmw_fastrtps_cpp' as default
[0.537s] -- Eigen found (include: /usr/include/eigen3, version: 3.4.0)
[0.564s] -- FLANN found (include: /usr/include, lib: /usr/lib/x86_64-linux-gnu/libflann_cpp.so)
[0.786s] -- OpenNI found (version: 1.5.4.0, include: /usr/include/ni, lib: /usr/lib/libOpenNI.so;libusb::libusb)
[0.791s] -- OpenNI2 found (version: 2.2.0.33, include: /usr/include/openni2, lib: /usr/lib/x86_64-linux-gnu/libOpenNI2.so;libusb::libusb)
[0.914s] -- Eigen found (include: /usr/include/eigen3, version: 3.4.0)
[0.920s] -- OpenNI found (version: 1.5.4.0, include: /usr/include/ni, lib: /usr/lib/libOpenNI.so;libusb::libusb)
[0.926s] -- OpenNI2 found (version: 2.2.0.33, include: /usr/include/openni2, lib: /usr/lib/x86_64-linux-gnu/libOpenNI2.so;libusb::libusb)
[1.037s] -- Found Qhull version 8.0.2
[1.150s] -- OpenNI found (version: 1.5.4.0, include: /usr/include/ni, lib: /usr/lib/libOpenNI.so;libusb::libusb)
[1.301s] -- Checking for module 'apr-1'
[1.303s] --   No package 'apr-1' found
[1.454s] -- Found ament_cmake_ros: 0.10.0 (/opt/ros/humble/share/ament_cmake_ros/cmake)
[1.609s] -- Using all available rosidl_typesupport_c: rosidl_typesupport_fastrtps_c;rosidl_typesupport_introspection_c
[1.831s] -- Using all available rosidl_typesupport_cpp: rosidl_typesupport_fastrtps_cpp;rosidl_typesupport_introspection_cpp
[1.849s] -- Found python_cmake_module: 0.10.0 (/opt/ros/humble/share/python_cmake_module/cmake)
[1.868s] -- Using PYTHON_EXECUTABLE: /usr/bin/python3
[1.868s] -- Using PYTHON_INCLUDE_DIRS: /usr/include/python3.10
[1.869s] -- Using PYTHON_LIBRARIES: /usr/lib/x86_64-linux-gnu/libpython3.10.so
[1.896s] -- Found ament_lint_auto: 0.12.14 (/opt/ros/humble/share/ament_lint_auto/cmake)
[1.902s] -- Added test 'copyright' to check source files copyright and LICENSE
[1.905s] -- Added test 'cppcheck' to perform static code analysis on C / C++ code
[1.906s] -- Configured cppcheck include dirs: /home/yutou/ros2_ws/packages/ws_livox/src/livox_ros_driver2/3rdparty;/home/yutou/ros2_ws/packages/ws_livox/src/livox_ros_driver2/src
[1.906s] -- Configured cppcheck exclude dirs and/or files: 
[1.909s] -- Added test 'cpplint' to check C / C++ code against the Google style
[1.909s] -- Configured cpplint exclude dirs and/or files: 
[1.909s] -- Added test 'flake8' to check Python code syntax and style conventions
[1.910s] -- Added test 'lint_cmake' to check CMake code style
[1.911s] -- Added test 'pep257' to check Python code against some of the docstring style conventions in PEP 257
[1.914s] -- Added test 'uncrustify' to check C / C++ code style
[1.914s] -- Configured uncrustify additional arguments: 
[1.915s] -- Added test 'xmllint' to check XML markup files
[1.916s] -- Configuring done
[1.919s] [0mCMake Error: The following variables are used in this project, but they are set to NOTFOUND.
[1.919s] Please set them or make sure they are set and tested correctly in the CMake files:
[1.919s] /home/yutou/ros2_ws/packages/ws_livox/src/livox_ros_driver2/LIVOX_INTERFACES_INCLUDE_DIRECTORIES
[1.919s]    used as include directory in directory /home/yutou/ros2_ws/packages/ws_livox/src/livox_ros_driver2
[1.919s] [0m
[1.958s] -- Generating done
[1.960s] [0mCMake Generate step failed.  Build files cannot be regenerated correctly.[0m
[1.974s] Invoked command in '/home/yutou/ros2_ws/build/livox_ros_driver2' returned '1': CMAKE_PREFIX_PATH=/home/yutou/ros2_ws/install/ros2_driver:/home/yutou/ros2_ws/install/bags_record:/opt/ros/humble /usr/bin/cmake /home/yutou/ros2_ws/packages/ws_livox/src/livox_ros_driver2 -DCMAKE_INSTALL_PREFIX=/home/yutou/ros2_ws/install/livox_ros_driver2
