[0.339s] Invoking command in '/home/yutou/ros2_ws/src/ros2_driver': PYTHONPATH=/home/yutou/ros2_ws/build/ros2_driver/prefix_override:/usr/lib/python3/dist-packages/colcon_core/task/python/colcon_distutils_commands:/home/yutou/ros2_ws/install/ros2_driver/lib/python3.10/site-packages:${PYTHONPATH} /usr/bin/python3 -W ignore:setup.py install is deprecated -W ignore:easy_install command is deprecated setup.py egg_info --egg-base ../../build/ros2_driver build --build-base /home/yutou/ros2_ws/build/ros2_driver/build install --record /home/yutou/ros2_ws/build/ros2_driver/install.log --single-version-externally-managed install_data
[0.466s] running egg_info
[0.466s] writing ../../build/ros2_driver/ros2_driver.egg-info/PKG-INFO
[0.466s] writing dependency_links to ../../build/ros2_driver/ros2_driver.egg-info/dependency_links.txt
[0.466s] writing entry points to ../../build/ros2_driver/ros2_driver.egg-info/entry_points.txt
[0.466s] writing requirements to ../../build/ros2_driver/ros2_driver.egg-info/requires.txt
[0.466s] writing top-level names to ../../build/ros2_driver/ros2_driver.egg-info/top_level.txt
[0.467s] reading manifest file '../../build/ros2_driver/ros2_driver.egg-info/SOURCES.txt'
[0.467s] writing manifest file '../../build/ros2_driver/ros2_driver.egg-info/SOURCES.txt'
[0.468s] running build
[0.468s] running build_py
[0.468s] running install
[0.468s] running install_lib
[0.469s] running install_data
[0.469s] running install_egg_info
[0.470s] removing '/home/yutou/ros2_ws/install/ros2_driver/lib/python3.10/site-packages/ros2_driver-0.0.0-py3.10.egg-info' (and everything under it)
[0.470s] Copying ../../build/ros2_driver/ros2_driver.egg-info to /home/yutou/ros2_ws/install/ros2_driver/lib/python3.10/site-packages/ros2_driver-0.0.0-py3.10.egg-info
[0.470s] running install_scripts
[0.484s] Installing imu_node script to /home/yutou/ros2_ws/install/ros2_driver/lib/ros2_driver
[0.484s] writing list of installed files to '/home/yutou/ros2_ws/build/ros2_driver/install.log'
[0.500s] Invoked command in '/home/yutou/ros2_ws/src/ros2_driver' returned '0': PYTHONPATH=/home/yutou/ros2_ws/build/ros2_driver/prefix_override:/usr/lib/python3/dist-packages/colcon_core/task/python/colcon_distutils_commands:/home/yutou/ros2_ws/install/ros2_driver/lib/python3.10/site-packages:${PYTHONPATH} /usr/bin/python3 -W ignore:setup.py install is deprecated -W ignore:easy_install command is deprecated setup.py egg_info --egg-base ../../build/ros2_driver build --build-base /home/yutou/ros2_ws/build/ros2_driver/build install --record /home/yutou/ros2_ws/build/ros2_driver/install.log --single-version-externally-managed install_data
