[0.084s] DEBUG:colcon:Command line arguments: ['/usr/bin/colcon', 'build', '--cmake-args', '-DROS_EDITION=ROS2', '-DHUMBLE_ROS=humble']
[0.084s] DEBUG:colcon:Parsed command line arguments: Namespace(log_base=None, log_level=None, verb_name='build', build_base='build', install_base='install', merge_install=False, symlink_install=False, test_result_base=None, continue_on_error=False, executor='parallel', parallel_workers=20, event_handlers=None, ignore_user_meta=False, metas=['./colcon.meta'], base_paths=['.'], packages_ignore=None, packages_ignore_regex=None, paths=None, packages_up_to=None, packages_up_to_regex=None, packages_above=None, packages_above_and_dependencies=None, packages_above_depth=None, packages_select_by_dep=None, packages_skip_by_dep=None, packages_skip_up_to=None, packages_select_build_failed=False, packages_skip_build_finished=False, packages_select_test_failures=False, packages_skip_test_passed=False, packages_select=None, packages_skip=None, packages_select_regex=None, packages_skip_regex=None, packages_start=None, packages_end=None, cmake_args=['-DROS_EDITION=ROS2', '-DHUMBLE_ROS=humble'], cmake_target=None, cmake_target_skip_unavailable=False, cmake_clean_cache=False, cmake_clean_first=False, cmake_force_configure=False, ament_cmake_args=None, catkin_cmake_args=None, catkin_skip_building_tests=False, mixin_files=None, mixin=None, verb_parser=<colcon_mixin.mixin.mixin_argument.MixinArgumentDecorator object at 0x7b9b9a8a3850>, verb_extension=<colcon_core.verb.build.BuildVerb object at 0x7b9b9a9e4820>, main=<bound method BuildVerb.main of <colcon_core.verb.build.BuildVerb object at 0x7b9b9a9e4820>>, mixin_verb=('build',))
[0.192s] Level 1:colcon.colcon_core.package_discovery:discover_packages(colcon_meta) check parameters
[0.192s] Level 1:colcon.colcon_core.package_discovery:discover_packages(recursive) check parameters
[0.192s] Level 1:colcon.colcon_core.package_discovery:discover_packages(ignore) check parameters
[0.192s] Level 1:colcon.colcon_core.package_discovery:discover_packages(path) check parameters
[0.192s] Level 1:colcon.colcon_core.package_discovery:discover_packages(colcon_meta) discover
[0.192s] Level 1:colcon.colcon_core.package_discovery:discover_packages(recursive) discover
[0.192s] INFO:colcon.colcon_core.package_discovery:Crawling recursively for packages in '/home/yutou/ros2_ws/src/ws_livox'
[0.192s] Level 1:colcon.colcon_core.package_identification:_identify(.) by extensions ['ignore', 'ignore_ament_install']
[0.193s] Level 1:colcon.colcon_core.package_identification:_identify(.) by extension 'ignore'
[0.193s] Level 1:colcon.colcon_core.package_identification:_identify(.) by extension 'ignore_ament_install'
[0.193s] Level 1:colcon.colcon_core.package_identification:_identify(.) by extensions ['colcon_pkg']
[0.193s] Level 1:colcon.colcon_core.package_identification:_identify(.) by extension 'colcon_pkg'
[0.193s] Level 1:colcon.colcon_core.package_identification:_identify(.) by extensions ['colcon_meta']
[0.193s] Level 1:colcon.colcon_core.package_identification:_identify(.) by extension 'colcon_meta'
[0.193s] Level 1:colcon.colcon_core.package_identification:_identify(.) by extensions ['ros']
[0.193s] Level 1:colcon.colcon_core.package_identification:_identify(.) by extension 'ros'
[0.200s] Level 1:colcon.colcon_core.package_identification:_identify(.) by extensions ['cmake', 'python']
[0.200s] Level 1:colcon.colcon_core.package_identification:_identify(.) by extension 'cmake'
[0.200s] Level 1:colcon.colcon_core.package_identification:_identify(.) by extension 'python'
[0.200s] Level 1:colcon.colcon_core.package_identification:_identify(.) by extensions ['python_setup_py']
[0.200s] Level 1:colcon.colcon_core.package_identification:_identify(.) by extension 'python_setup_py'
[0.200s] Level 1:colcon.colcon_core.package_identification:_identify(build) by extensions ['ignore', 'ignore_ament_install']
[0.200s] Level 1:colcon.colcon_core.package_identification:_identify(build) by extension 'ignore'
[0.200s] Level 1:colcon.colcon_core.package_identification:_identify(build) ignored
[0.200s] Level 1:colcon.colcon_core.package_identification:_identify(install) by extensions ['ignore', 'ignore_ament_install']
[0.200s] Level 1:colcon.colcon_core.package_identification:_identify(install) by extension 'ignore'
[0.200s] Level 1:colcon.colcon_core.package_identification:_identify(install) ignored
[0.201s] Level 1:colcon.colcon_core.package_identification:_identify(log) by extensions ['ignore', 'ignore_ament_install']
[0.201s] Level 1:colcon.colcon_core.package_identification:_identify(log) by extension 'ignore'
[0.201s] Level 1:colcon.colcon_core.package_identification:_identify(log) ignored
[0.201s] Level 1:colcon.colcon_core.package_identification:_identify(src) by extensions ['ignore', 'ignore_ament_install']
[0.201s] Level 1:colcon.colcon_core.package_identification:_identify(src) by extension 'ignore'
[0.201s] Level 1:colcon.colcon_core.package_identification:_identify(src) by extension 'ignore_ament_install'
[0.201s] Level 1:colcon.colcon_core.package_identification:_identify(src) by extensions ['colcon_pkg']
[0.201s] Level 1:colcon.colcon_core.package_identification:_identify(src) by extension 'colcon_pkg'
[0.201s] Level 1:colcon.colcon_core.package_identification:_identify(src) by extensions ['colcon_meta']
[0.201s] Level 1:colcon.colcon_core.package_identification:_identify(src) by extension 'colcon_meta'
[0.201s] Level 1:colcon.colcon_core.package_identification:_identify(src) by extensions ['ros']
[0.201s] Level 1:colcon.colcon_core.package_identification:_identify(src) by extension 'ros'
[0.201s] Level 1:colcon.colcon_core.package_identification:_identify(src) by extensions ['cmake', 'python']
[0.201s] Level 1:colcon.colcon_core.package_identification:_identify(src) by extension 'cmake'
[0.201s] Level 1:colcon.colcon_core.package_identification:_identify(src) by extension 'python'
[0.201s] Level 1:colcon.colcon_core.package_identification:_identify(src) by extensions ['python_setup_py']
[0.201s] Level 1:colcon.colcon_core.package_identification:_identify(src) by extension 'python_setup_py'
[0.201s] Level 1:colcon.colcon_core.package_identification:_identify(src/livox_ros_driver2) by extensions ['ignore', 'ignore_ament_install']
[0.201s] Level 1:colcon.colcon_core.package_identification:_identify(src/livox_ros_driver2) by extension 'ignore'
[0.201s] Level 1:colcon.colcon_core.package_identification:_identify(src/livox_ros_driver2) by extension 'ignore_ament_install'
[0.201s] Level 1:colcon.colcon_core.package_identification:_identify(src/livox_ros_driver2) by extensions ['colcon_pkg']
[0.201s] Level 1:colcon.colcon_core.package_identification:_identify(src/livox_ros_driver2) by extension 'colcon_pkg'
[0.201s] Level 1:colcon.colcon_core.package_identification:_identify(src/livox_ros_driver2) by extensions ['colcon_meta']
[0.201s] Level 1:colcon.colcon_core.package_identification:_identify(src/livox_ros_driver2) by extension 'colcon_meta'
[0.201s] Level 1:colcon.colcon_core.package_identification:_identify(src/livox_ros_driver2) by extensions ['ros']
[0.201s] Level 1:colcon.colcon_core.package_identification:_identify(src/livox_ros_driver2) by extension 'ros'
[0.203s] DEBUG:colcon.colcon_core.package_identification:Package 'src/livox_ros_driver2' with type 'ros.ament_cmake' and name 'livox_ros_driver2'
[0.203s] Level 1:colcon.colcon_core.package_discovery:discover_packages(recursive) using defaults
[0.203s] Level 1:colcon.colcon_core.package_discovery:discover_packages(ignore) discover
[0.203s] Level 1:colcon.colcon_core.package_discovery:discover_packages(ignore) using defaults
[0.203s] Level 1:colcon.colcon_core.package_discovery:discover_packages(path) discover
[0.203s] Level 1:colcon.colcon_core.package_discovery:discover_packages(path) using defaults
[0.216s] Level 5:colcon.colcon_core.verb:set package 'livox_ros_driver2' build argument 'cmake_args' from command line to '['-DROS_EDITION=ROS2', '-DHUMBLE_ROS=humble']'
[0.216s] Level 5:colcon.colcon_core.verb:set package 'livox_ros_driver2' build argument 'cmake_target' from command line to 'None'
[0.216s] Level 5:colcon.colcon_core.verb:set package 'livox_ros_driver2' build argument 'cmake_target_skip_unavailable' from command line to 'False'
[0.216s] Level 5:colcon.colcon_core.verb:set package 'livox_ros_driver2' build argument 'cmake_clean_cache' from command line to 'False'
[0.216s] Level 5:colcon.colcon_core.verb:set package 'livox_ros_driver2' build argument 'cmake_clean_first' from command line to 'False'
[0.216s] Level 5:colcon.colcon_core.verb:set package 'livox_ros_driver2' build argument 'cmake_force_configure' from command line to 'False'
[0.216s] Level 5:colcon.colcon_core.verb:set package 'livox_ros_driver2' build argument 'ament_cmake_args' from command line to 'None'
[0.216s] Level 5:colcon.colcon_core.verb:set package 'livox_ros_driver2' build argument 'catkin_cmake_args' from command line to 'None'
[0.216s] Level 5:colcon.colcon_core.verb:set package 'livox_ros_driver2' build argument 'catkin_skip_building_tests' from command line to 'False'
[0.216s] DEBUG:colcon.colcon_core.verb:Building package 'livox_ros_driver2' with the following arguments: {'ament_cmake_args': None, 'build_base': '/home/yutou/ros2_ws/src/ws_livox/build/livox_ros_driver2', 'catkin_cmake_args': None, 'catkin_skip_building_tests': False, 'cmake_args': ['-DROS_EDITION=ROS2', '-DHUMBLE_ROS=humble'], 'cmake_clean_cache': False, 'cmake_clean_first': False, 'cmake_force_configure': False, 'cmake_target': None, 'cmake_target_skip_unavailable': False, 'install_base': '/home/yutou/ros2_ws/src/ws_livox/install/livox_ros_driver2', 'merge_install': False, 'path': '/home/yutou/ros2_ws/src/ws_livox/src/livox_ros_driver2', 'symlink_install': False, 'test_result_base': None}
[0.216s] INFO:colcon.colcon_core.executor:Executing jobs using 'parallel' executor
[0.217s] DEBUG:colcon.colcon_parallel_executor.executor.parallel:run_until_complete
[0.217s] INFO:colcon.colcon_ros.task.ament_cmake.build:Building ROS package in '/home/yutou/ros2_ws/src/ws_livox/src/livox_ros_driver2' with build type 'ament_cmake'
[0.217s] INFO:colcon.colcon_cmake.task.cmake.build:Building CMake package in '/home/yutou/ros2_ws/src/ws_livox/src/livox_ros_driver2'
[0.221s] INFO:colcon.colcon_core.plugin_system:Skipping extension 'colcon_core.shell.bat': Not used on non-Windows systems
[0.221s] INFO:colcon.colcon_core.shell:Skip shell extension 'powershell' for command environment: Not usable outside of PowerShell
[0.221s] DEBUG:colcon.colcon_core.shell:Skip shell extension 'dsv' for command environment
[0.232s] DEBUG:colcon.colcon_core.event_handler.log_command:Invoking command in '/home/yutou/ros2_ws/src/ws_livox/build/livox_ros_driver2': CMAKE_PREFIX_PATH=/opt/ros/humble /usr/bin/cmake /home/yutou/ros2_ws/src/ws_livox/src/livox_ros_driver2 -DROS_EDITION=ROS2 -DHUMBLE_ROS=humble -DCMAKE_INSTALL_PREFIX=/home/yutou/ros2_ws/src/ws_livox/install/livox_ros_driver2
[4.074s] DEBUG:colcon.colcon_core.event_handler.log_command:Invoked command in '/home/yutou/ros2_ws/src/ws_livox/build/livox_ros_driver2' returned '0': CMAKE_PREFIX_PATH=/opt/ros/humble /usr/bin/cmake /home/yutou/ros2_ws/src/ws_livox/src/livox_ros_driver2 -DROS_EDITION=ROS2 -DHUMBLE_ROS=humble -DCMAKE_INSTALL_PREFIX=/home/yutou/ros2_ws/src/ws_livox/install/livox_ros_driver2
[4.074s] DEBUG:colcon.colcon_core.event_handler.log_command:Invoking command in '/home/yutou/ros2_ws/src/ws_livox/build/livox_ros_driver2': CMAKE_PREFIX_PATH=/opt/ros/humble /usr/bin/cmake --build /home/yutou/ros2_ws/src/ws_livox/build/livox_ros_driver2 -- -j20 -l20
[11.350s] DEBUG:colcon.colcon_core.event_handler.log_command:Invoked command in '/home/yutou/ros2_ws/src/ws_livox/build/livox_ros_driver2' returned '0': CMAKE_PREFIX_PATH=/opt/ros/humble /usr/bin/cmake --build /home/yutou/ros2_ws/src/ws_livox/build/livox_ros_driver2 -- -j20 -l20
[11.359s] DEBUG:colcon.colcon_core.event_handler.log_command:Invoking command in '/home/yutou/ros2_ws/src/ws_livox/build/livox_ros_driver2': CMAKE_PREFIX_PATH=/opt/ros/humble /usr/bin/cmake --install /home/yutou/ros2_ws/src/ws_livox/build/livox_ros_driver2
[11.418s] Level 1:colcon.colcon_core.environment:create_environment_scripts_only(livox_ros_driver2)
[11.419s] DEBUG:colcon.colcon_core.event_handler.log_command:Invoked command in '/home/yutou/ros2_ws/src/ws_livox/build/livox_ros_driver2' returned '0': CMAKE_PREFIX_PATH=/opt/ros/humble /usr/bin/cmake --install /home/yutou/ros2_ws/src/ws_livox/build/livox_ros_driver2
[11.424s] Level 1:colcon.colcon_core.environment:checking '/home/yutou/ros2_ws/src/ws_livox/install/livox_ros_driver2' for CMake module files
[11.425s] Level 1:colcon.colcon_core.environment:checking '/home/yutou/ros2_ws/src/ws_livox/install/livox_ros_driver2' for CMake config files
[11.425s] Level 1:colcon.colcon_core.shell:create_environment_hook('livox_ros_driver2', 'cmake_prefix_path')
[11.426s] INFO:colcon.colcon_core.shell:Creating environment hook '/home/yutou/ros2_ws/src/ws_livox/install/livox_ros_driver2/share/livox_ros_driver2/hook/cmake_prefix_path.ps1'
[11.427s] INFO:colcon.colcon_core.shell:Creating environment descriptor '/home/yutou/ros2_ws/src/ws_livox/install/livox_ros_driver2/share/livox_ros_driver2/hook/cmake_prefix_path.dsv'
[11.428s] INFO:colcon.colcon_core.shell:Creating environment hook '/home/yutou/ros2_ws/src/ws_livox/install/livox_ros_driver2/share/livox_ros_driver2/hook/cmake_prefix_path.sh'
[11.430s] Level 1:colcon.colcon_core.environment:checking '/home/yutou/ros2_ws/src/ws_livox/install/livox_ros_driver2/lib'
[11.430s] Level 1:colcon.colcon_core.shell:create_environment_hook('livox_ros_driver2', 'ld_library_path_lib')
[11.430s] INFO:colcon.colcon_core.shell:Creating environment hook '/home/yutou/ros2_ws/src/ws_livox/install/livox_ros_driver2/share/livox_ros_driver2/hook/ld_library_path_lib.ps1'
[11.431s] INFO:colcon.colcon_core.shell:Creating environment descriptor '/home/yutou/ros2_ws/src/ws_livox/install/livox_ros_driver2/share/livox_ros_driver2/hook/ld_library_path_lib.dsv'
[11.431s] INFO:colcon.colcon_core.shell:Creating environment hook '/home/yutou/ros2_ws/src/ws_livox/install/livox_ros_driver2/share/livox_ros_driver2/hook/ld_library_path_lib.sh'
[11.431s] Level 1:colcon.colcon_core.environment:checking '/home/yutou/ros2_ws/src/ws_livox/install/livox_ros_driver2/bin'
[11.432s] Level 1:colcon.colcon_core.environment:checking '/home/yutou/ros2_ws/src/ws_livox/install/livox_ros_driver2/lib/pkgconfig/livox_ros_driver2.pc'
[11.434s] Level 1:colcon.colcon_core.environment:checking '/home/yutou/ros2_ws/src/ws_livox/install/livox_ros_driver2/lib/python3.10/site-packages'
[11.434s] Level 1:colcon.colcon_core.environment:checking '/home/yutou/ros2_ws/src/ws_livox/install/livox_ros_driver2/bin'
[11.434s] INFO:colcon.colcon_core.shell:Creating package script '/home/yutou/ros2_ws/src/ws_livox/install/livox_ros_driver2/share/livox_ros_driver2/package.ps1'
[11.436s] INFO:colcon.colcon_core.shell:Creating package descriptor '/home/yutou/ros2_ws/src/ws_livox/install/livox_ros_driver2/share/livox_ros_driver2/package.dsv'
[11.437s] INFO:colcon.colcon_core.shell:Creating package script '/home/yutou/ros2_ws/src/ws_livox/install/livox_ros_driver2/share/livox_ros_driver2/package.sh'
[11.438s] INFO:colcon.colcon_core.shell:Creating package script '/home/yutou/ros2_ws/src/ws_livox/install/livox_ros_driver2/share/livox_ros_driver2/package.bash'
[11.439s] INFO:colcon.colcon_core.shell:Creating package script '/home/yutou/ros2_ws/src/ws_livox/install/livox_ros_driver2/share/livox_ros_driver2/package.zsh'
[11.441s] Level 1:colcon.colcon_core.environment:create_file_with_runtime_dependencies(/home/yutou/ros2_ws/src/ws_livox/install/livox_ros_driver2/share/colcon-core/packages/livox_ros_driver2)
[11.441s] Level 1:colcon.colcon_core.environment:create_environment_scripts_only(livox_ros_driver2)
[11.441s] Level 1:colcon.colcon_core.environment:checking '/home/yutou/ros2_ws/src/ws_livox/install/livox_ros_driver2' for CMake module files
[11.442s] Level 1:colcon.colcon_core.environment:checking '/home/yutou/ros2_ws/src/ws_livox/install/livox_ros_driver2' for CMake config files
[11.442s] Level 1:colcon.colcon_core.shell:create_environment_hook('livox_ros_driver2', 'cmake_prefix_path')
[11.442s] INFO:colcon.colcon_core.shell:Creating environment hook '/home/yutou/ros2_ws/src/ws_livox/install/livox_ros_driver2/share/livox_ros_driver2/hook/cmake_prefix_path.ps1'
[11.443s] INFO:colcon.colcon_core.shell:Creating environment descriptor '/home/yutou/ros2_ws/src/ws_livox/install/livox_ros_driver2/share/livox_ros_driver2/hook/cmake_prefix_path.dsv'
[11.443s] INFO:colcon.colcon_core.shell:Creating environment hook '/home/yutou/ros2_ws/src/ws_livox/install/livox_ros_driver2/share/livox_ros_driver2/hook/cmake_prefix_path.sh'
[11.443s] Level 1:colcon.colcon_core.environment:checking '/home/yutou/ros2_ws/src/ws_livox/install/livox_ros_driver2/lib'
[11.444s] Level 1:colcon.colcon_core.shell:create_environment_hook('livox_ros_driver2', 'ld_library_path_lib')
[11.444s] INFO:colcon.colcon_core.shell:Creating environment hook '/home/yutou/ros2_ws/src/ws_livox/install/livox_ros_driver2/share/livox_ros_driver2/hook/ld_library_path_lib.ps1'
[11.444s] INFO:colcon.colcon_core.shell:Creating environment descriptor '/home/yutou/ros2_ws/src/ws_livox/install/livox_ros_driver2/share/livox_ros_driver2/hook/ld_library_path_lib.dsv'
[11.444s] INFO:colcon.colcon_core.shell:Creating environment hook '/home/yutou/ros2_ws/src/ws_livox/install/livox_ros_driver2/share/livox_ros_driver2/hook/ld_library_path_lib.sh'
[11.444s] Level 1:colcon.colcon_core.environment:checking '/home/yutou/ros2_ws/src/ws_livox/install/livox_ros_driver2/bin'
[11.444s] Level 1:colcon.colcon_core.environment:checking '/home/yutou/ros2_ws/src/ws_livox/install/livox_ros_driver2/lib/pkgconfig/livox_ros_driver2.pc'
[11.445s] Level 1:colcon.colcon_core.environment:checking '/home/yutou/ros2_ws/src/ws_livox/install/livox_ros_driver2/lib/python3.10/site-packages'
[11.445s] Level 1:colcon.colcon_core.environment:checking '/home/yutou/ros2_ws/src/ws_livox/install/livox_ros_driver2/bin'
[11.445s] INFO:colcon.colcon_core.shell:Creating package script '/home/yutou/ros2_ws/src/ws_livox/install/livox_ros_driver2/share/livox_ros_driver2/package.ps1'
[11.445s] INFO:colcon.colcon_core.shell:Creating package descriptor '/home/yutou/ros2_ws/src/ws_livox/install/livox_ros_driver2/share/livox_ros_driver2/package.dsv'
[11.446s] INFO:colcon.colcon_core.shell:Creating package script '/home/yutou/ros2_ws/src/ws_livox/install/livox_ros_driver2/share/livox_ros_driver2/package.sh'
[11.446s] INFO:colcon.colcon_core.shell:Creating package script '/home/yutou/ros2_ws/src/ws_livox/install/livox_ros_driver2/share/livox_ros_driver2/package.bash'
[11.446s] INFO:colcon.colcon_core.shell:Creating package script '/home/yutou/ros2_ws/src/ws_livox/install/livox_ros_driver2/share/livox_ros_driver2/package.zsh'
[11.446s] Level 1:colcon.colcon_core.environment:create_file_with_runtime_dependencies(/home/yutou/ros2_ws/src/ws_livox/install/livox_ros_driver2/share/colcon-core/packages/livox_ros_driver2)
[11.446s] DEBUG:colcon.colcon_parallel_executor.executor.parallel:closing loop
[11.447s] DEBUG:colcon.colcon_parallel_executor.executor.parallel:loop closed
[11.447s] DEBUG:colcon.colcon_parallel_executor.executor.parallel:run_until_complete finished with '0'
[11.447s] DEBUG:colcon.colcon_core.event_reactor:joining thread
[11.463s] INFO:colcon.colcon_core.plugin_system:Skipping extension 'colcon_notification.desktop_notification.notify_send': Could not find 'notify-send'
[11.463s] INFO:colcon.colcon_core.plugin_system:Skipping extension 'colcon_notification.desktop_notification.terminal_notifier': Not used on non-Darwin systems
[11.463s] INFO:colcon.colcon_core.plugin_system:Skipping extension 'colcon_notification.desktop_notification.win32': Not used on non-Windows systems
[11.463s] INFO:colcon.colcon_notification.desktop_notification:Sending desktop notification using 'notify2'
[11.465s] DEBUG:colcon.colcon_notification.desktop_notification.notify2:Failed to initialize notify2: org.freedesktop.DBus.Error.Spawn.ExecFailed: /usr/bin/dbus-launch terminated abnormally without any error message
[11.465s] DEBUG:colcon.colcon_core.event_reactor:joined thread
[11.466s] INFO:colcon.colcon_core.shell:Creating prefix script '/home/yutou/ros2_ws/src/ws_livox/install/local_setup.ps1'
[11.467s] INFO:colcon.colcon_core.shell:Creating prefix util module '/home/yutou/ros2_ws/src/ws_livox/install/_local_setup_util_ps1.py'
[11.469s] INFO:colcon.colcon_core.shell:Creating prefix chain script '/home/yutou/ros2_ws/src/ws_livox/install/setup.ps1'
[11.469s] INFO:colcon.colcon_core.shell:Creating prefix script '/home/yutou/ros2_ws/src/ws_livox/install/local_setup.sh'
[11.470s] INFO:colcon.colcon_core.shell:Creating prefix util module '/home/yutou/ros2_ws/src/ws_livox/install/_local_setup_util_sh.py'
[11.471s] INFO:colcon.colcon_core.shell:Creating prefix chain script '/home/yutou/ros2_ws/src/ws_livox/install/setup.sh'
[11.471s] INFO:colcon.colcon_core.shell:Creating prefix script '/home/yutou/ros2_ws/src/ws_livox/install/local_setup.bash'
[11.472s] INFO:colcon.colcon_core.shell:Creating prefix chain script '/home/yutou/ros2_ws/src/ws_livox/install/setup.bash'
[11.472s] INFO:colcon.colcon_core.shell:Creating prefix script '/home/yutou/ros2_ws/src/ws_livox/install/local_setup.zsh'
[11.473s] INFO:colcon.colcon_core.shell:Creating prefix chain script '/home/yutou/ros2_ws/src/ws_livox/install/setup.zsh'
