[0.015s] Invoking command in '/home/yutou/ros2_ws/build/fishbot_navigation2': CMAKE_PREFIX_PATH=${CMAKE_PREFIX_PATH}:/home/yutou/ros2_ws/install/service_server:/home/yutou/ros2_ws/install/fishbot_description:/home/yutou/ros2_ws/install/example_topic_rclpy:/opt/ros/humble /usr/bin/cmake --build /home/yutou/ros2_ws/build/fishbot_navigation2 -- -j20 -l20
[0.049s] Invoked command in '/home/yutou/ros2_ws/build/fishbot_navigation2' returned '0': CMAKE_PREFIX_PATH=${CMAKE_PREFIX_PATH}:/home/yutou/ros2_ws/install/service_server:/home/yutou/ros2_ws/install/fishbot_description:/home/yutou/ros2_ws/install/example_topic_rclpy:/opt/ros/humble /usr/bin/cmake --build /home/yutou/ros2_ws/build/fishbot_navigation2 -- -j20 -l20
[0.060s] Invoking command in '/home/yutou/ros2_ws/build/fishbot_navigation2': CMAKE_PREFIX_PATH=${CMAKE_PREFIX_PATH}:/home/yutou/ros2_ws/install/service_server:/home/yutou/ros2_ws/install/fishbot_description:/home/yutou/ros2_ws/install/example_topic_rclpy:/opt/ros/humble /usr/bin/cmake --install /home/yutou/ros2_ws/build/fishbot_navigation2
[0.067s] -- Install configuration: ""
[0.067s] -- Up-to-date: /home/yutou/ros2_ws/install/fishbot_navigation2/share/fishbot_navigation2//launch
[0.068s] -- Installing: /home/yutou/ros2_ws/install/fishbot_navigation2/share/fishbot_navigation2//launch/navigation2.launch.py
[0.068s] -- Up-to-date: /home/yutou/ros2_ws/install/fishbot_navigation2/share/fishbot_navigation2//maps
[0.068s] -- Installing: /home/yutou/ros2_ws/install/fishbot_navigation2/share/fishbot_navigation2//maps/fishbot_map.pgm
[0.068s] -- Installing: /home/yutou/ros2_ws/install/fishbot_navigation2/share/fishbot_navigation2//maps/fishbot_map.yaml
[0.068s] -- Up-to-date: /home/yutou/ros2_ws/install/fishbot_navigation2/share/fishbot_navigation2//param
[0.068s] -- Up-to-date: /home/yutou/ros2_ws/install/fishbot_navigation2/share/fishbot_navigation2//param/fishbot_nav2.yaml
[0.068s] -- Up-to-date: /home/yutou/ros2_ws/install/fishbot_navigation2/share/ament_index/resource_index/package_run_dependencies/fishbot_navigation2
[0.068s] -- Up-to-date: /home/yutou/ros2_ws/install/fishbot_navigation2/share/ament_index/resource_index/parent_prefix_path/fishbot_navigation2
[0.068s] -- Up-to-date: /home/yutou/ros2_ws/install/fishbot_navigation2/share/fishbot_navigation2/environment/ament_prefix_path.sh
[0.068s] -- Up-to-date: /home/yutou/ros2_ws/install/fishbot_navigation2/share/fishbot_navigation2/environment/ament_prefix_path.dsv
[0.068s] -- Up-to-date: /home/yutou/ros2_ws/install/fishbot_navigation2/share/fishbot_navigation2/environment/path.sh
[0.068s] -- Up-to-date: /home/yutou/ros2_ws/install/fishbot_navigation2/share/fishbot_navigation2/environment/path.dsv
[0.068s] -- Up-to-date: /home/yutou/ros2_ws/install/fishbot_navigation2/share/fishbot_navigation2/local_setup.bash
[0.069s] -- Up-to-date: /home/yutou/ros2_ws/install/fishbot_navigation2/share/fishbot_navigation2/local_setup.sh
[0.069s] -- Up-to-date: /home/yutou/ros2_ws/install/fishbot_navigation2/share/fishbot_navigation2/local_setup.zsh
[0.069s] -- Up-to-date: /home/yutou/ros2_ws/install/fishbot_navigation2/share/fishbot_navigation2/local_setup.dsv
[0.069s] -- Installing: /home/yutou/ros2_ws/install/fishbot_navigation2/share/fishbot_navigation2/package.dsv
[0.069s] -- Up-to-date: /home/yutou/ros2_ws/install/fishbot_navigation2/share/ament_index/resource_index/packages/fishbot_navigation2
[0.069s] -- Up-to-date: /home/yutou/ros2_ws/install/fishbot_navigation2/share/fishbot_navigation2/cmake/fishbot_navigation2Config.cmake
[0.069s] -- Up-to-date: /home/yutou/ros2_ws/install/fishbot_navigation2/share/fishbot_navigation2/cmake/fishbot_navigation2Config-version.cmake
[0.069s] -- Up-to-date: /home/yutou/ros2_ws/install/fishbot_navigation2/share/fishbot_navigation2/package.xml
[0.071s] Invoked command in '/home/yutou/ros2_ws/build/fishbot_navigation2' returned '0': CMAKE_PREFIX_PATH=${CMAKE_PREFIX_PATH}:/home/yutou/ros2_ws/install/service_server:/home/yutou/ros2_ws/install/fishbot_description:/home/yutou/ros2_ws/install/example_topic_rclpy:/opt/ros/humble /usr/bin/cmake --install /home/yutou/ros2_ws/build/fishbot_navigation2
