[0.015s] Invoking command in '/home/yutou/ros2_ws/build/greenstory_interfaces': CMAKE_PREFIX_PATH=/home/yutou/ros2_ws/install/service_server:/home/yutou/ros2_ws/install/fishbot_description:/opt/ros/humble /usr/bin/cmake /home/yutou/ros2_ws/src/greenstory_interfaces -DCMAKE_INSTALL_PREFIX=/home/yutou/ros2_ws/install/greenstory_interfaces
[0.081s] -- The C compiler identification is GNU 11.4.0
[0.129s] -- The CXX compiler identification is GNU 11.4.0
[0.139s] -- Detecting C compiler ABI info
[0.197s] -- Detecting C compiler ABI info - done
[0.206s] -- Check for working C compiler: /usr/bin/cc - skipped
[0.207s] -- Detecting C compile features
[0.208s] -- Detecting C compile features - done
[0.213s] -- Detecting CXX compiler ABI info
[0.297s] -- Detecting CXX compiler ABI info - done
[0.302s] -- Check for working CXX compiler: /usr/bin/c++ - skipped
[0.302s] -- Detecting CXX compile features
[0.302s] -- Detecting CXX compile features - done
[0.308s] -- Found ament_cmake: 1.3.12 (/opt/ros/humble/share/ament_cmake/cmake)
[0.451s] -- Found Python3: /usr/bin/python3 (found version "3.10.12") found components: Interpreter 
[0.546s] -- Found geometry_msgs: 4.9.0 (/opt/ros/humble/share/geometry_msgs/cmake)
[0.604s] -- Found rosidl_generator_c: 3.1.7 (/opt/ros/humble/share/rosidl_generator_c/cmake)
[0.611s] -- Found rosidl_adapter: 3.1.7 (/opt/ros/humble/share/rosidl_adapter/cmake)
[0.626s] -- Found rosidl_generator_cpp: 3.1.7 (/opt/ros/humble/share/rosidl_generator_cpp/cmake)
[0.650s] -- Using all available rosidl_typesupport_c: rosidl_typesupport_fastrtps_c;rosidl_typesupport_introspection_c
[0.669s] -- Using all available rosidl_typesupport_cpp: rosidl_typesupport_fastrtps_cpp;rosidl_typesupport_introspection_cpp
[0.710s] -- Found rosidl_default_generators: 1.2.0 (/opt/ros/humble/share/rosidl_default_generators/cmake)
[0.808s] [31mCMake Error at /opt/ros/humble/share/rosidl_adapter/cmake/rosidl_adapt_interfaces.cmake:59 (message):
[0.808s]   execute_process(/usr/bin/python3 -m rosidl_adapter --package-name
[0.808s]   greenstory_interfaces --arguments-file
[0.808s]   /home/yutou/ros2_ws/build/greenstory_interfaces/rosidl_adapter__arguments__greenstory_interfaces.json
[0.808s]   --output-dir
[0.808s]   /home/yutou/ros2_ws/build/greenstory_interfaces/rosidl_adapter/greenstory_interfaces
[0.808s]   --output-file
[0.808s]   /home/yutou/ros2_ws/build/greenstory_interfaces/rosidl_adapter/greenstory_interfaces.idls)
[0.809s]   returned error code 1:
[0.809s] 
[0.809s]   Traceback (most recent call last):
[0.809s] 
[0.809s]     File "/usr/lib/python3.10/runpy.py", line 196, in _run_module_as_main
[0.809s]       return _run_code(code, main_globals, None,
[0.809s]     File "/usr/lib/python3.10/runpy.py", line 86, in _run_code
[0.809s]       exec(code, run_globals)
[0.809s]     File "/opt/ros/humble/local/lib/python3.10/dist-packages/rosidl_adapter/__main__.py", line 19, in <module>
[0.809s]       sys.exit(main())
[0.809s]     File "/opt/ros/humble/local/lib/python3.10/dist-packages/rosidl_adapter/main.py", line 53, in main
[0.809s]       abs_idl_file = convert_to_idl(
[0.809s]     File "/opt/ros/humble/local/lib/python3.10/dist-packages/rosidl_adapter/__init__.py", line 24, in convert_to_idl
[0.809s]       return convert_srv_to_idl(
[0.809s]     File "/opt/ros/humble/local/lib/python3.10/dist-packages/rosidl_adapter/srv/__init__.py", line 28, in convert_srv_to_idl
[0.809s]       srv = parse_service_string(package_name, input_file.stem, content)
[0.809s]     File "/opt/ros/humble/local/lib/python3.10/dist-packages/rosidl_adapter/parser.py", line 859, in parse_service_string
[0.810s]       request_message = parse_message_string(
[0.810s]     File "/opt/ros/humble/local/lib/python3.10/dist-packages/rosidl_adapter/parser.py", line 544, in parse_message_string
[0.810s]       msg = MessageSpecification(pkg_name, msg_name, fields, constants)
[0.810s]     File "/opt/ros/humble/local/lib/python3.10/dist-packages/rosidl_adapter/parser.py", line 388, in __init__
[0.810s]       self.base_type = BaseType(
[0.810s]     File "/opt/ros/humble/local/lib/python3.10/dist-packages/rosidl_adapter/parser.py", line 205, in __init__
[0.810s]       raise InvalidResourceName(
[0.810s] 
[0.810s]   rosidl_adapter.parser.InvalidResourceName: 'tell_story_Request' is an
[0.810s]   invalid message name.  It should have the pattern '^[A-Z][A-Za-z0-9]*$'
[0.810s] 
[0.810s] Call Stack (most recent call first):
[0.810s]   /opt/ros/humble/share/rosidl_cmake/cmake/rosidl_generate_interfaces.cmake:130 (rosidl_adapt_interfaces)
[0.810s]   CMakeLists.txt:16 (rosidl_generate_interfaces)
[0.810s] 
[0.810s] [0m
[0.811s] -- Configuring incomplete, errors occurred!
[0.811s] See also "/home/yutou/ros2_ws/build/greenstory_interfaces/CMakeFiles/CMakeOutput.log".
[0.814s] Invoked command in '/home/yutou/ros2_ws/build/greenstory_interfaces' returned '1': CMAKE_PREFIX_PATH=/home/yutou/ros2_ws/install/service_server:/home/yutou/ros2_ws/install/fishbot_description:/opt/ros/humble /usr/bin/cmake /home/yutou/ros2_ws/src/greenstory_interfaces -DCMAKE_INSTALL_PREFIX=/home/yutou/ros2_ws/install/greenstory_interfaces
