[0.000000] (-) TimerEvent: {}
[0.000224] (example_topic_rclpy) JobQueued: {'identifier': 'example_topic_rclpy', 'dependencies': OrderedDict()}
[0.000252] (service_server) JobQueued: {'identifier': 'service_server', 'dependencies': OrderedDict()}
[0.000461] (example_topic_rclpy) JobStarted: {'identifier': 'example_topic_rclpy'}
[0.013083] (service_server) JobStarted: {'identifier': 'service_server'}
[0.099853] (-) TimerEvent: {}
[0.200079] (-) TimerEvent: {}
[0.300281] (-) TimerEvent: {}
[0.400574] (-) TimerEvent: {}
[0.500813] (-) TimerEvent: {}
[0.538173] (service_server) Command: {'cmd': ['/usr/bin/python3', 'setup.py', 'egg_info', '--egg-base', '../../build/service_server', 'build', '--build-base', '/home/fishros/wyq/ros2_object/build/service_server/build', 'install', '--record', '/home/fishros/wyq/ros2_object/build/service_server/install.log', '--single-version-externally-managed'], 'cwd': '/home/fishros/wyq/ros2_object/src/service_server', 'env': {'LESSOPEN': '| /usr/bin/lesspipe %s', 'GJS_DEBUG_TOPICS': 'JS ERROR;JS LOG', 'CONDA_PROMPT_MODIFIER': '(base)', 'LANGUAGE': 'zh_CN:zh', 'USER': 'fishros', 'XDG_SESSION_TYPE': 'x11', 'GIT_ASKPASS': '/usr/share/code/resources/app/extensions/git/dist/askpass.sh', 'SHLVL': '2', 'LD_LIBRARY_PATH': '/opt/ros/humble/opt/rviz_ogre_vendor/lib:/opt/ros/humble/lib/x86_64-linux-gnu:/opt/ros/humble/lib', 'HOME': '/home/fishros', 'CHROME_DESKTOP': 'code-url-handler.desktop', 'CONDA_SHLVL': '1', 'DESKTOP_SESSION': 'ubuntu', 'TERM_PROGRAM_VERSION': '1.86.2', 'GIO_LAUNCHED_DESKTOP_FILE': '/usr/share/applications/code.desktop', 'GNOME_SHELL_SESSION_MODE': 'ubuntu', 'ROS_PYTHON_VERSION': '3', 'GTK_MODULES': 'gail:atk-bridge', 'VSCODE_GIT_ASKPASS_MAIN': '/usr/share/code/resources/app/extensions/git/dist/askpass-main.js', 'VSCODE_GIT_ASKPASS_NODE': '/usr/share/code/code', 'MANAGERPID': '2321', 'SYSTEMD_EXEC_PID': '2904', 'DBUS_SESSION_BUS_ADDRESS': 'unix:path=/run/user/1000/bus', '_CE_M': '', 'GIO_LAUNCHED_DESKTOP_FILE_PID': '19479', 'COLORTERM': 'truecolor', 'ROS_DISTRO': 'humble', 'LOGNAME': 'fishros', 'GTK_IM_MODULE': 'ibus', 'JOURNAL_STREAM': '8:28742', 'ROS_VERSION': '2', 'XDG_SESSION_CLASS': 'user', 'USERNAME': 'fishros', 'TERM': 'xterm-256color', '_CE_CONDA': '', 'ROS_LOCALHOST_ONLY': '0', 'GNOME_DESKTOP_SESSION_ID': 'this-is-deprecated', 'WINDOWPATH': '2', 'PATH': '/home/fishros/anaconda3/bin:/home/fishros/anaconda3/condabin:/opt/ros/humble/bin:/usr/local/sbin:/usr/local/bin:/usr/sbin:/usr/bin:/sbin:/bin:/usr/games:/usr/local/games:/snap/bin:/snap/bin', 'INVOCATION_ID': 'f268c67ac69e4e1b90e5e256620e6c9c', 'SESSION_MANAGER': 'local/fishros-linux:@/tmp/.ICE-unix/2880,unix/fishros-linux:/tmp/.ICE-unix/2880', 'XDG_MENU_PREFIX': 'gnome-', 'XDG_RUNTIME_DIR': '/run/user/1000', 'GDK_BACKEND': 'x11', 'DISPLAY': ':1', 'XDG_CURRENT_DESKTOP': 'Unity', 'LANG': 'zh_CN.UTF-8', 'VSCODE_INJECTION': '1', 'TERM_PROGRAM': 'vscode', 'LS_COLORS': '', 'XMODIFIERS': '@im=ibus', 'XDG_SESSION_DESKTOP': 'ubuntu', 'XAUTHORITY': '/run/user/1000/gdm/Xauthority', 'VSCODE_GIT_IPC_HANDLE': '/run/user/1000/vscode-git-f8ebb7ef07.sock', 'ORIGINAL_XDG_CURRENT_DESKTOP': 'ubuntu:GNOME', 'SSH_AUTH_SOCK': '/run/user/1000/keyring/ssh', 'SSH_AGENT_LAUNCHER': 'gnome-keyring', 'AMENT_PREFIX_PATH': '/opt/ros/humble', 'GSETTINGS_SCHEMA_DIR': '/home/fishros/anaconda3/share/glib-2.0/schemas', 'CONDA_PYTHON_EXE': '/home/fishros/anaconda3/bin/python', 'SHELL': '/usr/bin/fish', 'GDMSESSION': 'ubuntu', 'QT_ACCESSIBILITY': '1', 'CONDA_DEFAULT_ENV': 'base', 'LESSCLOSE': '/usr/bin/lesspipe %s %s', 'GPG_AGENT_INFO': '/run/user/1000/gnupg/S.gpg-agent:0:1', 'GJS_DEBUG_OUTPUT': 'stderr', 'VSCODE_GIT_ASKPASS_EXTRA_ARGS': '', 'QT_IM_MODULE': 'ibus', 'PWD': '/home/fishros/wyq/ros2_object/build/service_server', 'CONDA_EXE': '/home/fishros/anaconda3/bin/conda', 'XDG_CONFIG_DIRS': '/etc/xdg/xdg-ubuntu:/etc/xdg', 'XDG_DATA_DIRS': '/usr/share/ubuntu:/usr/share/gnome:/usr/local/share/:/usr/share/:/var/lib/snapd/desktop:/usr/share/code/resources/app/out/vs/workbench/contrib/terminal/browser/media/fish_xdg_data', 'PYTHONPATH': '/home/fishros/wyq/ros2_object/build/service_server/prefix_override:/home/fishros/wyq/ros2_object/install/service_server/lib/python3.10/site-packages:/opt/ros/humble/lib/python3.10/site-packages:/opt/ros/humble/local/lib/python3.10/dist-packages', 'GSETTINGS_SCHEMA_DIR_CONDA_BACKUP': '', 'CONDA_PREFIX': '/home/fishros/anaconda3', 'COLCON': '1'}, 'shell': False}
[0.542339] (example_topic_rclpy) Command: {'cmd': ['/usr/bin/python3', 'setup.py', 'egg_info', '--egg-base', '../../build/example_topic_rclpy', 'build', '--build-base', '/home/fishros/wyq/ros2_object/build/example_topic_rclpy/build', 'install', '--record', '/home/fishros/wyq/ros2_object/build/example_topic_rclpy/install.log', '--single-version-externally-managed'], 'cwd': '/home/fishros/wyq/ros2_object/src/example_topic_rclpy', 'env': {'LESSOPEN': '| /usr/bin/lesspipe %s', 'GJS_DEBUG_TOPICS': 'JS ERROR;JS LOG', 'CONDA_PROMPT_MODIFIER': '(base)', 'LANGUAGE': 'zh_CN:zh', 'USER': 'fishros', 'XDG_SESSION_TYPE': 'x11', 'GIT_ASKPASS': '/usr/share/code/resources/app/extensions/git/dist/askpass.sh', 'SHLVL': '2', 'LD_LIBRARY_PATH': '/opt/ros/humble/opt/rviz_ogre_vendor/lib:/opt/ros/humble/lib/x86_64-linux-gnu:/opt/ros/humble/lib', 'HOME': '/home/fishros', 'CHROME_DESKTOP': 'code-url-handler.desktop', 'CONDA_SHLVL': '1', 'DESKTOP_SESSION': 'ubuntu', 'TERM_PROGRAM_VERSION': '1.86.2', 'GIO_LAUNCHED_DESKTOP_FILE': '/usr/share/applications/code.desktop', 'GNOME_SHELL_SESSION_MODE': 'ubuntu', 'ROS_PYTHON_VERSION': '3', 'GTK_MODULES': 'gail:atk-bridge', 'VSCODE_GIT_ASKPASS_MAIN': '/usr/share/code/resources/app/extensions/git/dist/askpass-main.js', 'VSCODE_GIT_ASKPASS_NODE': '/usr/share/code/code', 'MANAGERPID': '2321', 'SYSTEMD_EXEC_PID': '2904', 'DBUS_SESSION_BUS_ADDRESS': 'unix:path=/run/user/1000/bus', '_CE_M': '', 'GIO_LAUNCHED_DESKTOP_FILE_PID': '19479', 'COLORTERM': 'truecolor', 'ROS_DISTRO': 'humble', 'LOGNAME': 'fishros', 'GTK_IM_MODULE': 'ibus', 'JOURNAL_STREAM': '8:28742', 'ROS_VERSION': '2', 'XDG_SESSION_CLASS': 'user', 'USERNAME': 'fishros', 'TERM': 'xterm-256color', '_CE_CONDA': '', 'ROS_LOCALHOST_ONLY': '0', 'GNOME_DESKTOP_SESSION_ID': 'this-is-deprecated', 'WINDOWPATH': '2', 'PATH': '/home/fishros/anaconda3/bin:/home/fishros/anaconda3/condabin:/opt/ros/humble/bin:/usr/local/sbin:/usr/local/bin:/usr/sbin:/usr/bin:/sbin:/bin:/usr/games:/usr/local/games:/snap/bin:/snap/bin', 'INVOCATION_ID': 'f268c67ac69e4e1b90e5e256620e6c9c', 'SESSION_MANAGER': 'local/fishros-linux:@/tmp/.ICE-unix/2880,unix/fishros-linux:/tmp/.ICE-unix/2880', 'XDG_MENU_PREFIX': 'gnome-', 'XDG_RUNTIME_DIR': '/run/user/1000', 'GDK_BACKEND': 'x11', 'DISPLAY': ':1', 'XDG_CURRENT_DESKTOP': 'Unity', 'LANG': 'zh_CN.UTF-8', 'VSCODE_INJECTION': '1', 'TERM_PROGRAM': 'vscode', 'LS_COLORS': '', 'XMODIFIERS': '@im=ibus', 'XDG_SESSION_DESKTOP': 'ubuntu', 'XAUTHORITY': '/run/user/1000/gdm/Xauthority', 'VSCODE_GIT_IPC_HANDLE': '/run/user/1000/vscode-git-f8ebb7ef07.sock', 'ORIGINAL_XDG_CURRENT_DESKTOP': 'ubuntu:GNOME', 'SSH_AUTH_SOCK': '/run/user/1000/keyring/ssh', 'SSH_AGENT_LAUNCHER': 'gnome-keyring', 'AMENT_PREFIX_PATH': '/opt/ros/humble', 'GSETTINGS_SCHEMA_DIR': '/home/fishros/anaconda3/share/glib-2.0/schemas', 'CONDA_PYTHON_EXE': '/home/fishros/anaconda3/bin/python', 'SHELL': '/usr/bin/fish', 'GDMSESSION': 'ubuntu', 'QT_ACCESSIBILITY': '1', 'CONDA_DEFAULT_ENV': 'base', 'LESSCLOSE': '/usr/bin/lesspipe %s %s', 'GPG_AGENT_INFO': '/run/user/1000/gnupg/S.gpg-agent:0:1', 'GJS_DEBUG_OUTPUT': 'stderr', 'VSCODE_GIT_ASKPASS_EXTRA_ARGS': '', 'QT_IM_MODULE': 'ibus', 'PWD': '/home/fishros/wyq/ros2_object/build/example_topic_rclpy', 'CONDA_EXE': '/home/fishros/anaconda3/bin/conda', 'XDG_CONFIG_DIRS': '/etc/xdg/xdg-ubuntu:/etc/xdg', 'XDG_DATA_DIRS': '/usr/share/ubuntu:/usr/share/gnome:/usr/local/share/:/usr/share/:/var/lib/snapd/desktop:/usr/share/code/resources/app/out/vs/workbench/contrib/terminal/browser/media/fish_xdg_data', 'PYTHONPATH': '/home/fishros/wyq/ros2_object/build/example_topic_rclpy/prefix_override:/home/fishros/wyq/ros2_object/install/example_topic_rclpy/lib/python3.10/site-packages:/opt/ros/humble/lib/python3.10/site-packages:/opt/ros/humble/local/lib/python3.10/dist-packages', 'GSETTINGS_SCHEMA_DIR_CONDA_BACKUP': '', 'CONDA_PREFIX': '/home/fishros/anaconda3', 'COLCON': '1'}, 'shell': False}
[0.600972] (-) TimerEvent: {}
[0.673208] (service_server) StdoutLine: {'line': b'running egg_info\n'}
[0.673604] (service_server) StdoutLine: {'line': b'writing ../../build/service_server/service_server.egg-info/PKG-INFO\n'}
[0.673791] (service_server) StdoutLine: {'line': b'writing dependency_links to ../../build/service_server/service_server.egg-info/dependency_links.txt\n'}
[0.673865] (service_server) StdoutLine: {'line': b'writing entry points to ../../build/service_server/service_server.egg-info/entry_points.txt\n'}
[0.673938] (service_server) StdoutLine: {'line': b'writing requirements to ../../build/service_server/service_server.egg-info/requires.txt\n'}
[0.673974] (service_server) StdoutLine: {'line': b'writing top-level names to ../../build/service_server/service_server.egg-info/top_level.txt\n'}
[0.674941] (service_server) StdoutLine: {'line': b"reading manifest file '../../build/service_server/service_server.egg-info/SOURCES.txt'\n"}
[0.675069] (example_topic_rclpy) StdoutLine: {'line': b'running egg_info\n'}
[0.675626] (example_topic_rclpy) StdoutLine: {'line': b'writing ../../build/example_topic_rclpy/example_topic_rclpy.egg-info/PKG-INFO\n'}
[0.675810] (service_server) StdoutLine: {'line': b"writing manifest file '../../build/service_server/service_server.egg-info/SOURCES.txt'\n"}
[0.675851] (service_server) StdoutLine: {'line': b'running build\n'}
[0.675882] (service_server) StdoutLine: {'line': b'running build_py\n'}
[0.675910] (service_server) StdoutLine: {'line': b'copying service_server/service_server.py -> /home/fishros/wyq/ros2_object/build/service_server/build/lib/service_server\n'}
[0.675943] (example_topic_rclpy) StdoutLine: {'line': b'writing dependency_links to ../../build/example_topic_rclpy/example_topic_rclpy.egg-info/dependency_links.txt\n'}
[0.675972] (example_topic_rclpy) StdoutLine: {'line': b'writing entry points to ../../build/example_topic_rclpy/example_topic_rclpy.egg-info/entry_points.txt\n'}
[0.676001] (example_topic_rclpy) StdoutLine: {'line': b'writing requirements to ../../build/example_topic_rclpy/example_topic_rclpy.egg-info/requires.txt\n'}
[0.676030] (example_topic_rclpy) StdoutLine: {'line': b'writing top-level names to ../../build/example_topic_rclpy/example_topic_rclpy.egg-info/top_level.txt\n'}
[0.676073] (service_server) StdoutLine: {'line': b'running install\n'}
[0.676224] (service_server) StderrLine: {'line': b'/usr/lib/python3/dist-packages/setuptools/command/install.py:34: SetuptoolsDeprecationWarning: setup.py install is deprecated. Use build and pip and other standards-based tools.\n'}
[0.676267] (service_server) StderrLine: {'line': b'  warnings.warn(\n'}
[0.676356] (service_server) StdoutLine: {'line': b'running install_lib\n'}
[0.676773] (service_server) StdoutLine: {'line': b'copying /home/fishros/wyq/ros2_object/build/service_server/build/lib/service_server/service_server.py -> /home/fishros/wyq/ros2_object/install/service_server/lib/python3.10/site-packages/service_server\n'}
[0.676856] (example_topic_rclpy) StdoutLine: {'line': b"reading manifest file '../../build/example_topic_rclpy/example_topic_rclpy.egg-info/SOURCES.txt'\n"}
[0.677054] (service_server) StdoutLine: {'line': b'byte-compiling /home/fishros/wyq/ros2_object/install/service_server/lib/python3.10/site-packages/service_server/service_server.py to service_server.cpython-310.pyc\n'}
[0.677404] (service_server) StdoutLine: {'line': b'running install_data\n'}
[0.677532] (example_topic_rclpy) StdoutLine: {'line': b"writing manifest file '../../build/example_topic_rclpy/example_topic_rclpy.egg-info/SOURCES.txt'\n"}
[0.677567] (example_topic_rclpy) StdoutLine: {'line': b'running build\n'}
[0.677595] (example_topic_rclpy) StdoutLine: {'line': b'running build_py\n'}
[0.677634] (service_server) StdoutLine: {'line': b'running install_egg_info\n'}
[0.677869] (example_topic_rclpy) StdoutLine: {'line': b'running install\n'}
[0.677990] (example_topic_rclpy) StderrLine: {'line': b'/usr/lib/python3/dist-packages/setuptools/command/install.py:34: SetuptoolsDeprecationWarning: setup.py install is deprecated. Use build and pip and other standards-based tools.\n'}
[0.678026] (example_topic_rclpy) StderrLine: {'line': b'  warnings.warn(\n'}
[0.678078] (example_topic_rclpy) StdoutLine: {'line': b'running install_lib\n'}
[0.678703] (service_server) StdoutLine: {'line': b"removing '/home/fishros/wyq/ros2_object/install/service_server/lib/python3.10/site-packages/service_server-0.0.0-py3.10.egg-info' (and everything under it)\n"}
[0.678819] (example_topic_rclpy) StdoutLine: {'line': b'running install_data\n'}
[0.678869] (service_server) StdoutLine: {'line': b'Copying ../../build/service_server/service_server.egg-info to /home/fishros/wyq/ros2_object/install/service_server/lib/python3.10/site-packages/service_server-0.0.0-py3.10.egg-info\n'}
[0.678954] (example_topic_rclpy) StdoutLine: {'line': b'running install_egg_info\n'}
[0.679371] (service_server) StdoutLine: {'line': b'running install_scripts\n'}
[0.680021] (example_topic_rclpy) StdoutLine: {'line': b"removing '/home/fishros/wyq/ros2_object/install/example_topic_rclpy/lib/python3.10/site-packages/example_topic_rclpy-0.0.0-py3.10.egg-info' (and everything under it)\n"}
[0.680156] (example_topic_rclpy) StdoutLine: {'line': b'Copying ../../build/example_topic_rclpy/example_topic_rclpy.egg-info to /home/fishros/wyq/ros2_object/install/example_topic_rclpy/lib/python3.10/site-packages/example_topic_rclpy-0.0.0-py3.10.egg-info\n'}
[0.680664] (example_topic_rclpy) StdoutLine: {'line': b'running install_scripts\n'}
[0.692387] (service_server) StdoutLine: {'line': b'Installing service script to /home/fishros/wyq/ros2_object/install/service_server/lib/service_server\n'}
[0.692583] (service_server) StdoutLine: {'line': b'Installing service_client script to /home/fishros/wyq/ros2_object/install/service_server/lib/service_server\n'}
[0.692705] (service_server) StdoutLine: {'line': b"writing list of installed files to '/home/fishros/wyq/ros2_object/build/service_server/install.log'\n"}
[0.693590] (example_topic_rclpy) StdoutLine: {'line': b'Installing topic_publisher_02 script to /home/fishros/wyq/ros2_object/install/example_topic_rclpy/lib/example_topic_rclpy\n'}
[0.693670] (example_topic_rclpy) StdoutLine: {'line': b'Installing topic_subscriber_02 script to /home/fishros/wyq/ros2_object/install/example_topic_rclpy/lib/example_topic_rclpy\n'}
[0.693799] (example_topic_rclpy) StdoutLine: {'line': b"writing list of installed files to '/home/fishros/wyq/ros2_object/build/example_topic_rclpy/install.log'\n"}
[0.701066] (-) TimerEvent: {}
[0.708602] (service_server) CommandEnded: {'returncode': 0}
[0.719424] (service_server) JobEnded: {'identifier': 'service_server', 'rc': 0}
[0.721157] (example_topic_rclpy) CommandEnded: {'returncode': 0}
[0.725498] (example_topic_rclpy) JobEnded: {'identifier': 'example_topic_rclpy', 'rc': 0}
[0.725879] (-) EventReactorShutdown: {}
