[0.293s] DEBUG:colcon:Command line arguments: ['/usr/bin/colcon', 'build']
[0.293s] DEBUG:colcon:Parsed command line arguments: Namespace(log_base=None, log_level=None, verb_name='build', build_base='build', install_base='install', merge_install=False, symlink_install=False, test_result_base=None, continue_on_error=False, executor='parallel', parallel_workers=20, event_handlers=None, ignore_user_meta=False, metas=['./colcon.meta'], base_paths=['.'], packages_ignore=None, packages_ignore_regex=None, paths=None, packages_up_to=None, packages_up_to_regex=None, packages_above=None, packages_above_and_dependencies=None, packages_above_depth=None, packages_select_by_dep=None, packages_skip_by_dep=None, packages_skip_up_to=None, packages_select_build_failed=False, packages_skip_build_finished=False, packages_select_test_failures=False, packages_skip_test_passed=False, packages_select=None, packages_skip=None, packages_select_regex=None, packages_skip_regex=None, packages_start=None, packages_end=None, allow_overriding=[], cmake_args=None, cmake_target=None, cmake_target_skip_unavailable=False, cmake_clean_cache=False, cmake_clean_first=False, cmake_force_configure=False, ament_cmake_args=None, catkin_cmake_args=None, catkin_skip_building_tests=False, verb_parser=<colcon_defaults.argument_parser.defaults.DefaultArgumentsDecorator object at 0x764719a57e80>, verb_extension=<colcon_core.verb.build.BuildVerb object at 0x76471a289150>, main=<bound method BuildVerb.main of <colcon_core.verb.build.BuildVerb object at 0x76471a289150>>)
[0.326s] Level 1:colcon.colcon_core.package_discovery:discover_packages(colcon_meta) check parameters
[0.326s] Level 1:colcon.colcon_core.package_discovery:discover_packages(recursive) check parameters
[0.326s] Level 1:colcon.colcon_core.package_discovery:discover_packages(ignore) check parameters
[0.326s] Level 1:colcon.colcon_core.package_discovery:discover_packages(path) check parameters
[0.326s] Level 1:colcon.colcon_core.package_discovery:discover_packages(colcon_meta) discover
[0.326s] Level 1:colcon.colcon_core.package_discovery:discover_packages(recursive) discover
[0.326s] INFO:colcon.colcon_core.package_discovery:Crawling recursively for packages in '/home/fishros/wyq/ros2_object'
[0.326s] Level 1:colcon.colcon_core.package_identification:_identify(.) by extensions ['ignore', 'ignore_ament_install']
[0.326s] Level 1:colcon.colcon_core.package_identification:_identify(.) by extension 'ignore'
[0.326s] Level 1:colcon.colcon_core.package_identification:_identify(.) by extension 'ignore_ament_install'
[0.326s] Level 1:colcon.colcon_core.package_identification:_identify(.) by extensions ['colcon_pkg']
[0.326s] Level 1:colcon.colcon_core.package_identification:_identify(.) by extension 'colcon_pkg'
[0.326s] Level 1:colcon.colcon_core.package_identification:_identify(.) by extensions ['colcon_meta']
[0.327s] Level 1:colcon.colcon_core.package_identification:_identify(.) by extension 'colcon_meta'
[0.327s] Level 1:colcon.colcon_core.package_identification:_identify(.) by extensions ['ros']
[0.327s] Level 1:colcon.colcon_core.package_identification:_identify(.) by extension 'ros'
[0.336s] Level 1:colcon.colcon_core.package_identification:_identify(.) by extensions ['cmake', 'python']
[0.336s] Level 1:colcon.colcon_core.package_identification:_identify(.) by extension 'cmake'
[0.336s] Level 1:colcon.colcon_core.package_identification:_identify(.) by extension 'python'
[0.336s] Level 1:colcon.colcon_core.package_identification:_identify(.) by extensions ['python_setup_py']
[0.336s] Level 1:colcon.colcon_core.package_identification:_identify(.) by extension 'python_setup_py'
[0.336s] Level 1:colcon.colcon_core.package_identification:_identify(build) by extensions ['ignore', 'ignore_ament_install']
[0.336s] Level 1:colcon.colcon_core.package_identification:_identify(build) by extension 'ignore'
[0.336s] Level 1:colcon.colcon_core.package_identification:_identify(build) ignored
[0.336s] Level 1:colcon.colcon_core.package_identification:_identify(install) by extensions ['ignore', 'ignore_ament_install']
[0.336s] Level 1:colcon.colcon_core.package_identification:_identify(install) by extension 'ignore'
[0.336s] Level 1:colcon.colcon_core.package_identification:_identify(install) ignored
[0.336s] Level 1:colcon.colcon_core.package_identification:_identify(log) by extensions ['ignore', 'ignore_ament_install']
[0.336s] Level 1:colcon.colcon_core.package_identification:_identify(log) by extension 'ignore'
[0.336s] Level 1:colcon.colcon_core.package_identification:_identify(log) ignored
[0.336s] Level 1:colcon.colcon_core.package_identification:_identify(src) by extensions ['ignore', 'ignore_ament_install']
[0.336s] Level 1:colcon.colcon_core.package_identification:_identify(src) by extension 'ignore'
[0.336s] Level 1:colcon.colcon_core.package_identification:_identify(src) by extension 'ignore_ament_install'
[0.336s] Level 1:colcon.colcon_core.package_identification:_identify(src) by extensions ['colcon_pkg']
[0.336s] Level 1:colcon.colcon_core.package_identification:_identify(src) by extension 'colcon_pkg'
[0.336s] Level 1:colcon.colcon_core.package_identification:_identify(src) by extensions ['colcon_meta']
[0.337s] Level 1:colcon.colcon_core.package_identification:_identify(src) by extension 'colcon_meta'
[0.337s] Level 1:colcon.colcon_core.package_identification:_identify(src) by extensions ['ros']
[0.337s] Level 1:colcon.colcon_core.package_identification:_identify(src) by extension 'ros'
[0.337s] Level 1:colcon.colcon_core.package_identification:_identify(src) by extensions ['cmake', 'python']
[0.337s] Level 1:colcon.colcon_core.package_identification:_identify(src) by extension 'cmake'
[0.337s] Level 1:colcon.colcon_core.package_identification:_identify(src) by extension 'python'
[0.337s] Level 1:colcon.colcon_core.package_identification:_identify(src) by extensions ['python_setup_py']
[0.337s] Level 1:colcon.colcon_core.package_identification:_identify(src) by extension 'python_setup_py'
[0.337s] Level 1:colcon.colcon_core.package_identification:_identify(src/example_topic_rclpy) by extensions ['ignore', 'ignore_ament_install']
[0.337s] Level 1:colcon.colcon_core.package_identification:_identify(src/example_topic_rclpy) by extension 'ignore'
[0.337s] Level 1:colcon.colcon_core.package_identification:_identify(src/example_topic_rclpy) by extension 'ignore_ament_install'
[0.337s] Level 1:colcon.colcon_core.package_identification:_identify(src/example_topic_rclpy) by extensions ['colcon_pkg']
[0.337s] Level 1:colcon.colcon_core.package_identification:_identify(src/example_topic_rclpy) by extension 'colcon_pkg'
[0.337s] Level 1:colcon.colcon_core.package_identification:_identify(src/example_topic_rclpy) by extensions ['colcon_meta']
[0.337s] Level 1:colcon.colcon_core.package_identification:_identify(src/example_topic_rclpy) by extension 'colcon_meta'
[0.337s] Level 1:colcon.colcon_core.package_identification:_identify(src/example_topic_rclpy) by extensions ['ros']
[0.337s] Level 1:colcon.colcon_core.package_identification:_identify(src/example_topic_rclpy) by extension 'ros'
[0.339s] DEBUG:colcon.colcon_core.package_identification:Package 'src/example_topic_rclpy' with type 'ros.ament_python' and name 'example_topic_rclpy'
[0.339s] Level 1:colcon.colcon_core.package_identification:_identify(src/service_server) by extensions ['ignore', 'ignore_ament_install']
[0.339s] Level 1:colcon.colcon_core.package_identification:_identify(src/service_server) by extension 'ignore'
[0.339s] Level 1:colcon.colcon_core.package_identification:_identify(src/service_server) by extension 'ignore_ament_install'
[0.339s] Level 1:colcon.colcon_core.package_identification:_identify(src/service_server) by extensions ['colcon_pkg']
[0.339s] Level 1:colcon.colcon_core.package_identification:_identify(src/service_server) by extension 'colcon_pkg'
[0.339s] Level 1:colcon.colcon_core.package_identification:_identify(src/service_server) by extensions ['colcon_meta']
[0.339s] Level 1:colcon.colcon_core.package_identification:_identify(src/service_server) by extension 'colcon_meta'
[0.339s] Level 1:colcon.colcon_core.package_identification:_identify(src/service_server) by extensions ['ros']
[0.339s] Level 1:colcon.colcon_core.package_identification:_identify(src/service_server) by extension 'ros'
[0.340s] DEBUG:colcon.colcon_core.package_identification:Package 'src/service_server' with type 'ros.ament_python' and name 'service_server'
[0.340s] Level 1:colcon.colcon_core.package_discovery:discover_packages(recursive) using defaults
[0.340s] Level 1:colcon.colcon_core.package_discovery:discover_packages(ignore) discover
[0.340s] Level 1:colcon.colcon_core.package_discovery:discover_packages(ignore) using defaults
[0.340s] Level 1:colcon.colcon_core.package_discovery:discover_packages(path) discover
[0.340s] Level 1:colcon.colcon_core.package_discovery:discover_packages(path) using defaults
[0.360s] Level 1:colcon.colcon_core.package_discovery:discover_packages(prefix_path) check parameters
[0.360s] Level 1:colcon.colcon_core.package_discovery:discover_packages(prefix_path) discover
[0.363s] DEBUG:colcon.colcon_installed_package_information.package_discovery:Found 270 installed packages in /opt/ros/humble
[0.364s] Level 1:colcon.colcon_core.package_discovery:discover_packages(prefix_path) using defaults
[0.398s] Level 5:colcon.colcon_core.verb:set package 'example_topic_rclpy' build argument 'cmake_args' from command line to 'None'
[0.398s] Level 5:colcon.colcon_core.verb:set package 'example_topic_rclpy' build argument 'cmake_target' from command line to 'None'
[0.398s] Level 5:colcon.colcon_core.verb:set package 'example_topic_rclpy' build argument 'cmake_target_skip_unavailable' from command line to 'False'
[0.398s] Level 5:colcon.colcon_core.verb:set package 'example_topic_rclpy' build argument 'cmake_clean_cache' from command line to 'False'
[0.398s] Level 5:colcon.colcon_core.verb:set package 'example_topic_rclpy' build argument 'cmake_clean_first' from command line to 'False'
[0.398s] Level 5:colcon.colcon_core.verb:set package 'example_topic_rclpy' build argument 'cmake_force_configure' from command line to 'False'
[0.398s] Level 5:colcon.colcon_core.verb:set package 'example_topic_rclpy' build argument 'ament_cmake_args' from command line to 'None'
[0.398s] Level 5:colcon.colcon_core.verb:set package 'example_topic_rclpy' build argument 'catkin_cmake_args' from command line to 'None'
[0.398s] Level 5:colcon.colcon_core.verb:set package 'example_topic_rclpy' build argument 'catkin_skip_building_tests' from command line to 'False'
[0.398s] DEBUG:colcon.colcon_core.verb:Building package 'example_topic_rclpy' with the following arguments: {'ament_cmake_args': None, 'build_base': '/home/fishros/wyq/ros2_object/build/example_topic_rclpy', 'catkin_cmake_args': None, 'catkin_skip_building_tests': False, 'cmake_args': None, 'cmake_clean_cache': False, 'cmake_clean_first': False, 'cmake_force_configure': False, 'cmake_target': None, 'cmake_target_skip_unavailable': False, 'install_base': '/home/fishros/wyq/ros2_object/install/example_topic_rclpy', 'merge_install': False, 'path': '/home/fishros/wyq/ros2_object/src/example_topic_rclpy', 'symlink_install': False, 'test_result_base': None}
[0.399s] Level 5:colcon.colcon_core.verb:set package 'service_server' build argument 'cmake_args' from command line to 'None'
[0.399s] Level 5:colcon.colcon_core.verb:set package 'service_server' build argument 'cmake_target' from command line to 'None'
[0.399s] Level 5:colcon.colcon_core.verb:set package 'service_server' build argument 'cmake_target_skip_unavailable' from command line to 'False'
[0.399s] Level 5:colcon.colcon_core.verb:set package 'service_server' build argument 'cmake_clean_cache' from command line to 'False'
[0.399s] Level 5:colcon.colcon_core.verb:set package 'service_server' build argument 'cmake_clean_first' from command line to 'False'
[0.399s] Level 5:colcon.colcon_core.verb:set package 'service_server' build argument 'cmake_force_configure' from command line to 'False'
[0.399s] Level 5:colcon.colcon_core.verb:set package 'service_server' build argument 'ament_cmake_args' from command line to 'None'
[0.399s] Level 5:colcon.colcon_core.verb:set package 'service_server' build argument 'catkin_cmake_args' from command line to 'None'
[0.399s] Level 5:colcon.colcon_core.verb:set package 'service_server' build argument 'catkin_skip_building_tests' from command line to 'False'
[0.399s] DEBUG:colcon.colcon_core.verb:Building package 'service_server' with the following arguments: {'ament_cmake_args': None, 'build_base': '/home/fishros/wyq/ros2_object/build/service_server', 'catkin_cmake_args': None, 'catkin_skip_building_tests': False, 'cmake_args': None, 'cmake_clean_cache': False, 'cmake_clean_first': False, 'cmake_force_configure': False, 'cmake_target': None, 'cmake_target_skip_unavailable': False, 'install_base': '/home/fishros/wyq/ros2_object/install/service_server', 'merge_install': False, 'path': '/home/fishros/wyq/ros2_object/src/service_server', 'symlink_install': False, 'test_result_base': None}
[0.399s] INFO:colcon.colcon_core.executor:Executing jobs using 'parallel' executor
[0.401s] DEBUG:colcon.colcon_parallel_executor.executor.parallel:run_until_complete
[0.401s] INFO:colcon.colcon_ros.task.ament_python.build:Building ROS package in '/home/fishros/wyq/ros2_object/src/example_topic_rclpy' with build type 'ament_python'
[0.402s] Level 1:colcon.colcon_core.shell:create_environment_hook('example_topic_rclpy', 'ament_prefix_path')
[0.407s] INFO:colcon.colcon_core.plugin_system:Skipping extension 'colcon_core.shell.bat': Not used on non-Windows systems
[0.407s] INFO:colcon.colcon_core.shell:Creating environment hook '/home/fishros/wyq/ros2_object/install/example_topic_rclpy/share/example_topic_rclpy/hook/ament_prefix_path.ps1'
[0.407s] INFO:colcon.colcon_core.shell:Creating environment descriptor '/home/fishros/wyq/ros2_object/install/example_topic_rclpy/share/example_topic_rclpy/hook/ament_prefix_path.dsv'
[0.408s] INFO:colcon.colcon_core.shell:Creating environment hook '/home/fishros/wyq/ros2_object/install/example_topic_rclpy/share/example_topic_rclpy/hook/ament_prefix_path.sh'
[0.410s] INFO:colcon.colcon_core.shell:Skip shell extension 'powershell' for command environment: Not usable outside of PowerShell
[0.410s] DEBUG:colcon.colcon_core.shell:Skip shell extension 'dsv' for command environment
[0.414s] INFO:colcon.colcon_ros.task.ament_python.build:Building ROS package in '/home/fishros/wyq/ros2_object/src/service_server' with build type 'ament_python'
[0.414s] Level 1:colcon.colcon_core.shell:create_environment_hook('service_server', 'ament_prefix_path')
[0.416s] INFO:colcon.colcon_core.shell:Creating environment hook '/home/fishros/wyq/ros2_object/install/service_server/share/service_server/hook/ament_prefix_path.ps1'
[0.416s] INFO:colcon.colcon_core.shell:Creating environment descriptor '/home/fishros/wyq/ros2_object/install/service_server/share/service_server/hook/ament_prefix_path.dsv'
[0.416s] INFO:colcon.colcon_core.shell:Creating environment hook '/home/fishros/wyq/ros2_object/install/service_server/share/service_server/hook/ament_prefix_path.sh'
[0.418s] INFO:colcon.colcon_core.shell:Skip shell extension 'powershell' for command environment: Not usable outside of PowerShell
[0.418s] DEBUG:colcon.colcon_core.shell:Skip shell extension 'dsv' for command environment
[0.568s] INFO:colcon.colcon_core.task.python.build:Building Python package in '/home/fishros/wyq/ros2_object/src/example_topic_rclpy'
[0.570s] INFO:colcon.colcon_core.shell:Skip shell extension 'powershell' for command environment: Not usable outside of PowerShell
[0.570s] DEBUG:colcon.colcon_core.shell:Skip shell extension 'dsv' for command environment
[0.721s] INFO:colcon.colcon_core.task.python.build:Building Python package in '/home/fishros/wyq/ros2_object/src/service_server'
[0.721s] INFO:colcon.colcon_core.shell:Skip shell extension 'powershell' for command environment: Not usable outside of PowerShell
[0.721s] DEBUG:colcon.colcon_core.shell:Skip shell extension 'dsv' for command environment
[0.942s] DEBUG:colcon.colcon_core.event_handler.log_command:Invoking command in '/home/fishros/wyq/ros2_object/src/service_server': CONDA_PROMPT_MODIFIER=(base) PYTHONPATH=/home/fishros/wyq/ros2_object/build/service_server/prefix_override:/home/fishros/wyq/ros2_object/install/service_server/lib/python3.10/site-packages:${PYTHONPATH} /usr/bin/python3 setup.py egg_info --egg-base ../../build/service_server build --build-base /home/fishros/wyq/ros2_object/build/service_server/build install --record /home/fishros/wyq/ros2_object/build/service_server/install.log --single-version-externally-managed
[0.945s] DEBUG:colcon.colcon_core.event_handler.log_command:Invoking command in '/home/fishros/wyq/ros2_object/src/example_topic_rclpy': CONDA_PROMPT_MODIFIER=(base) PYTHONPATH=/home/fishros/wyq/ros2_object/build/example_topic_rclpy/prefix_override:/home/fishros/wyq/ros2_object/install/example_topic_rclpy/lib/python3.10/site-packages:${PYTHONPATH} /usr/bin/python3 setup.py egg_info --egg-base ../../build/example_topic_rclpy build --build-base /home/fishros/wyq/ros2_object/build/example_topic_rclpy/build install --record /home/fishros/wyq/ros2_object/build/example_topic_rclpy/install.log --single-version-externally-managed
[1.110s] DEBUG:colcon.colcon_core.event_handler.log_command:Invoked command in '/home/fishros/wyq/ros2_object/src/service_server' returned '0': CONDA_PROMPT_MODIFIER=(base) PYTHONPATH=/home/fishros/wyq/ros2_object/build/service_server/prefix_override:/home/fishros/wyq/ros2_object/install/service_server/lib/python3.10/site-packages:${PYTHONPATH} /usr/bin/python3 setup.py egg_info --egg-base ../../build/service_server build --build-base /home/fishros/wyq/ros2_object/build/service_server/build install --record /home/fishros/wyq/ros2_object/build/service_server/install.log --single-version-externally-managed
[1.114s] Level 1:colcon.colcon_core.environment:checking '/home/fishros/wyq/ros2_object/install/service_server' for CMake module files
[1.114s] Level 1:colcon.colcon_core.environment:checking '/home/fishros/wyq/ros2_object/install/service_server' for CMake config files
[1.115s] Level 1:colcon.colcon_core.environment:checking '/home/fishros/wyq/ros2_object/install/service_server/lib'
[1.115s] Level 1:colcon.colcon_core.environment:checking '/home/fishros/wyq/ros2_object/install/service_server/bin'
[1.115s] Level 1:colcon.colcon_core.environment:checking '/home/fishros/wyq/ros2_object/install/service_server/lib/pkgconfig/service_server.pc'
[1.115s] Level 1:colcon.colcon_core.environment:checking '/home/fishros/wyq/ros2_object/install/service_server/lib/python3.10/site-packages'
[1.115s] Level 1:colcon.colcon_core.shell:create_environment_hook('service_server', 'pythonpath')
[1.116s] INFO:colcon.colcon_core.shell:Creating environment hook '/home/fishros/wyq/ros2_object/install/service_server/share/service_server/hook/pythonpath.ps1'
[1.116s] INFO:colcon.colcon_core.shell:Creating environment descriptor '/home/fishros/wyq/ros2_object/install/service_server/share/service_server/hook/pythonpath.dsv'
[1.117s] INFO:colcon.colcon_core.shell:Creating environment hook '/home/fishros/wyq/ros2_object/install/service_server/share/service_server/hook/pythonpath.sh'
[1.117s] Level 1:colcon.colcon_core.environment:checking '/home/fishros/wyq/ros2_object/install/service_server/bin'
[1.117s] Level 1:colcon.colcon_core.environment:create_environment_scripts_only(service_server)
[1.118s] INFO:colcon.colcon_core.shell:Creating package script '/home/fishros/wyq/ros2_object/install/service_server/share/service_server/package.ps1'
[1.118s] INFO:colcon.colcon_core.shell:Creating package descriptor '/home/fishros/wyq/ros2_object/install/service_server/share/service_server/package.dsv'
[1.119s] INFO:colcon.colcon_core.shell:Creating package script '/home/fishros/wyq/ros2_object/install/service_server/share/service_server/package.sh'
[1.119s] INFO:colcon.colcon_core.shell:Creating package script '/home/fishros/wyq/ros2_object/install/service_server/share/service_server/package.bash'
[1.120s] INFO:colcon.colcon_core.shell:Creating package script '/home/fishros/wyq/ros2_object/install/service_server/share/service_server/package.zsh'
[1.120s] Level 1:colcon.colcon_core.environment:create_file_with_runtime_dependencies(/home/fishros/wyq/ros2_object/install/service_server/share/colcon-core/packages/service_server)
[1.122s] Level 1:colcon.colcon_core.environment:checking '/home/fishros/wyq/ros2_object/install/example_topic_rclpy' for CMake module files
[1.122s] DEBUG:colcon.colcon_core.event_handler.log_command:Invoked command in '/home/fishros/wyq/ros2_object/src/example_topic_rclpy' returned '0': CONDA_PROMPT_MODIFIER=(base) PYTHONPATH=/home/fishros/wyq/ros2_object/build/example_topic_rclpy/prefix_override:/home/fishros/wyq/ros2_object/install/example_topic_rclpy/lib/python3.10/site-packages:${PYTHONPATH} /usr/bin/python3 setup.py egg_info --egg-base ../../build/example_topic_rclpy build --build-base /home/fishros/wyq/ros2_object/build/example_topic_rclpy/build install --record /home/fishros/wyq/ros2_object/build/example_topic_rclpy/install.log --single-version-externally-managed
[1.123s] Level 1:colcon.colcon_core.environment:checking '/home/fishros/wyq/ros2_object/install/example_topic_rclpy' for CMake config files
[1.123s] Level 1:colcon.colcon_core.environment:checking '/home/fishros/wyq/ros2_object/install/example_topic_rclpy/lib'
[1.123s] Level 1:colcon.colcon_core.environment:checking '/home/fishros/wyq/ros2_object/install/example_topic_rclpy/bin'
[1.123s] Level 1:colcon.colcon_core.environment:checking '/home/fishros/wyq/ros2_object/install/example_topic_rclpy/lib/pkgconfig/example_topic_rclpy.pc'
[1.123s] Level 1:colcon.colcon_core.environment:checking '/home/fishros/wyq/ros2_object/install/example_topic_rclpy/lib/python3.10/site-packages'
[1.123s] Level 1:colcon.colcon_core.shell:create_environment_hook('example_topic_rclpy', 'pythonpath')
[1.124s] INFO:colcon.colcon_core.shell:Creating environment hook '/home/fishros/wyq/ros2_object/install/example_topic_rclpy/share/example_topic_rclpy/hook/pythonpath.ps1'
[1.124s] INFO:colcon.colcon_core.shell:Creating environment descriptor '/home/fishros/wyq/ros2_object/install/example_topic_rclpy/share/example_topic_rclpy/hook/pythonpath.dsv'
[1.124s] INFO:colcon.colcon_core.shell:Creating environment hook '/home/fishros/wyq/ros2_object/install/example_topic_rclpy/share/example_topic_rclpy/hook/pythonpath.sh'
[1.125s] Level 1:colcon.colcon_core.environment:checking '/home/fishros/wyq/ros2_object/install/example_topic_rclpy/bin'
[1.125s] Level 1:colcon.colcon_core.environment:create_environment_scripts_only(example_topic_rclpy)
[1.125s] INFO:colcon.colcon_core.shell:Creating package script '/home/fishros/wyq/ros2_object/install/example_topic_rclpy/share/example_topic_rclpy/package.ps1'
[1.126s] INFO:colcon.colcon_core.shell:Creating package descriptor '/home/fishros/wyq/ros2_object/install/example_topic_rclpy/share/example_topic_rclpy/package.dsv'
[1.126s] INFO:colcon.colcon_core.shell:Creating package script '/home/fishros/wyq/ros2_object/install/example_topic_rclpy/share/example_topic_rclpy/package.sh'
[1.126s] INFO:colcon.colcon_core.shell:Creating package script '/home/fishros/wyq/ros2_object/install/example_topic_rclpy/share/example_topic_rclpy/package.bash'
[1.126s] INFO:colcon.colcon_core.shell:Creating package script '/home/fishros/wyq/ros2_object/install/example_topic_rclpy/share/example_topic_rclpy/package.zsh'
[1.126s] Level 1:colcon.colcon_core.environment:create_file_with_runtime_dependencies(/home/fishros/wyq/ros2_object/install/example_topic_rclpy/share/colcon-core/packages/example_topic_rclpy)
[1.126s] DEBUG:colcon.colcon_parallel_executor.executor.parallel:closing loop
[1.127s] DEBUG:colcon.colcon_parallel_executor.executor.parallel:loop closed
[1.127s] DEBUG:colcon.colcon_parallel_executor.executor.parallel:run_until_complete finished with '0'
[1.127s] DEBUG:colcon.colcon_core.event_reactor:joining thread
[1.131s] INFO:colcon.colcon_core.plugin_system:Skipping extension 'colcon_notification.desktop_notification.terminal_notifier': Not used on non-Darwin systems
[1.131s] INFO:colcon.colcon_core.plugin_system:Skipping extension 'colcon_notification.desktop_notification.win32': Not used on non-Windows systems
[1.131s] INFO:colcon.colcon_notification.desktop_notification:Sending desktop notification using 'notify2'
[1.141s] DEBUG:colcon.colcon_core.event_reactor:joined thread
[1.142s] INFO:colcon.colcon_core.shell:Creating prefix script '/home/fishros/wyq/ros2_object/install/local_setup.ps1'
[1.143s] INFO:colcon.colcon_core.shell:Creating prefix util module '/home/fishros/wyq/ros2_object/install/_local_setup_util_ps1.py'
[1.144s] INFO:colcon.colcon_core.shell:Creating prefix chain script '/home/fishros/wyq/ros2_object/install/setup.ps1'
[1.145s] INFO:colcon.colcon_core.shell:Creating prefix script '/home/fishros/wyq/ros2_object/install/local_setup.sh'
[1.145s] INFO:colcon.colcon_core.shell:Creating prefix util module '/home/fishros/wyq/ros2_object/install/_local_setup_util_sh.py'
[1.146s] INFO:colcon.colcon_core.shell:Creating prefix chain script '/home/fishros/wyq/ros2_object/install/setup.sh'
[1.146s] INFO:colcon.colcon_core.shell:Creating prefix script '/home/fishros/wyq/ros2_object/install/local_setup.bash'
[1.147s] INFO:colcon.colcon_core.shell:Creating prefix chain script '/home/fishros/wyq/ros2_object/install/setup.bash'
[1.148s] INFO:colcon.colcon_core.shell:Creating prefix script '/home/fishros/wyq/ros2_object/install/local_setup.zsh'
[1.148s] INFO:colcon.colcon_core.shell:Creating prefix chain script '/home/fishros/wyq/ros2_object/install/setup.zsh'
