[0.017s] Invoking command in '/home/yutou/ros2_ws/build/livox_ros_driver2': CMAKE_PREFIX_PATH=/home/yutou/ros2_ws/install/ros2_driver::/opt/ros/humble /usr/bin/cmake /home/yutou/ros2_ws/src/ws_livox/src/livox_ros_driver2 -DCMAKE_INSTALL_PREFIX=/home/yutou/ros2_ws/install/livox_ros_driver2
[0.077s] -- livox_ros_driver2 version: 1.2.4
[0.077s] -- Found ament_cmake_auto: 1.3.12 (/opt/ros/humble/share/ament_cmake_auto/cmake)
[0.299s] -- Using all available rosidl_typesupport_c: rosidl_typesupport_fastrtps_c;rosidl_typesupport_introspection_c
[0.305s] -- Found rosidl_adapter: 3.1.7 (/opt/ros/humble/share/rosidl_adapter/cmake)
[0.402s] -- Using all available rosidl_typesupport_cpp: rosidl_typesupport_fastrtps_cpp;rosidl_typesupport_introspection_cpp
[0.605s] -- Found rmw_implementation_cmake: 6.1.2 (/opt/ros/humble/share/rmw_implementation_cmake/cmake)
[0.607s] -- Found rmw_fastrtps_cpp: 6.2.8 (/opt/ros/humble/share/rmw_fastrtps_cpp/cmake)
[0.840s] -- Using RMW implementation 'rmw_fastrtps_cpp' as default
[1.234s] -- Eigen found (include: /usr/include/eigen3, version: 3.4.0)
[1.347s] -- FLANN found (include: /usr/include, lib: /usr/lib/x86_64-linux-gnu/libflann_cpp.so)
[2.076s] -- OpenNI found (version: 1.5.4.0, include: /usr/include/ni, lib: /usr/lib/libOpenNI.so;libusb::libusb)
[2.082s] -- OpenNI2 found (version: 2.2.0.33, include: /usr/include/openni2, lib: /usr/lib/x86_64-linux-gnu/libOpenNI2.so;libusb::libusb)
[2.307s] -- Eigen found (include: /usr/include/eigen3, version: 3.4.0)
[2.322s] -- OpenNI found (version: 1.5.4.0, include: /usr/include/ni, lib: /usr/lib/libOpenNI.so;libusb::libusb)
[2.337s] -- OpenNI2 found (version: 2.2.0.33, include: /usr/include/openni2, lib: /usr/lib/x86_64-linux-gnu/libOpenNI2.so;libusb::libusb)
[2.672s] -- Found Qhull version 8.0.2
[3.035s] -- OpenNI found (version: 1.5.4.0, include: /usr/include/ni, lib: /usr/lib/libOpenNI.so;libusb::libusb)
[3.385s] -- Checking for module 'apr-1'
[3.395s] --   No package 'apr-1' found
[3.698s] -- Found ament_cmake_ros: 0.10.0 (/opt/ros/humble/share/ament_cmake_ros/cmake)
[4.211s] -- Using all available rosidl_typesupport_c: rosidl_typesupport_fastrtps_c;rosidl_typesupport_introspection_c
[4.774s] -- Using all available rosidl_typesupport_cpp: rosidl_typesupport_fastrtps_cpp;rosidl_typesupport_introspection_cpp
[4.827s] -- Found python_cmake_module: 0.10.0 (/opt/ros/humble/share/python_cmake_module/cmake)
[4.891s] -- Using PYTHON_EXECUTABLE: /usr/bin/python3
[4.892s] -- Using PYTHON_INCLUDE_DIRS: /usr/include/python3.10
[4.892s] -- Using PYTHON_LIBRARIES: /usr/lib/x86_64-linux-gnu/libpython3.10.so
[4.948s] -- Found ament_lint_auto: 0.12.14 (/opt/ros/humble/share/ament_lint_auto/cmake)
[5.000s] -- Added test 'copyright' to check source files copyright and LICENSE
[5.024s] -- Added test 'cppcheck' to perform static code analysis on C / C++ code
[5.029s] -- Configured cppcheck include dirs: /home/yutou/ros2_ws/src/ws_livox/src/livox_ros_driver2/3rdparty;/home/yutou/ros2_ws/src/ws_livox/src/livox_ros_driver2/src
[5.029s] -- Configured cppcheck exclude dirs and/or files: 
[5.042s] -- Added test 'cpplint' to check C / C++ code against the Google style
[5.043s] -- Configured cpplint exclude dirs and/or files: 
[5.046s] -- Added test 'flake8' to check Python code syntax and style conventions
[5.052s] -- Added test 'lint_cmake' to check CMake code style
[5.057s] -- Added test 'pep257' to check Python code against some of the docstring style conventions in PEP 257
[5.073s] -- Added test 'uncrustify' to check C / C++ code style
[5.074s] -- Configured uncrustify additional arguments: 
[5.079s] -- Added test 'xmllint' to check XML markup files
[5.094s] -- Configuring done
[5.113s] [0mCMake Error: The following variables are used in this project, but they are set to NOTFOUND.
[5.113s] Please set them or make sure they are set and tested correctly in the CMake files:
[5.113s] /home/yutou/ros2_ws/src/ws_livox/src/livox_ros_driver2/LIVOX_INTERFACES_INCLUDE_DIRECTORIES
[5.113s]    used as include directory in directory /home/yutou/ros2_ws/src/ws_livox/src/livox_ros_driver2
[5.114s] [0m
[5.372s] -- Generating done
[5.385s] [0mCMake Generate step failed.  Build files cannot be regenerated correctly.[0m
[5.475s] Invoked command in '/home/yutou/ros2_ws/build/livox_ros_driver2' returned '1': CMAKE_PREFIX_PATH=/home/yutou/ros2_ws/install/ros2_driver::/opt/ros/humble /usr/bin/cmake /home/yutou/ros2_ws/src/ws_livox/src/livox_ros_driver2 -DCMAKE_INSTALL_PREFIX=/home/yutou/ros2_ws/install/livox_ros_driver2
