[0.504s] Invoking command in '/home/yutou/ros2_ws/src/bags_record': PYTHONPATH=/home/yutou/ros2_ws/build/bags_record/prefix_override:/usr/lib/python3/dist-packages/colcon_core/task/python/colcon_distutils_commands:/home/yutou/ros2_ws/install/bags_record/lib/python3.10/site-packages:${PYTHONPATH} /usr/bin/python3 -W ignore:setup.py install is deprecated -W ignore:easy_install command is deprecated setup.py egg_info --egg-base ../../build/bags_record build --build-base /home/yutou/ros2_ws/build/bags_record/build install --record /home/yutou/ros2_ws/build/bags_record/install.log --single-version-externally-managed install_data
[0.633s] running egg_info
[0.633s] writing ../../build/bags_record/bags_record.egg-info/PKG-INFO
[0.633s] writing dependency_links to ../../build/bags_record/bags_record.egg-info/dependency_links.txt
[0.633s] writing entry points to ../../build/bags_record/bags_record.egg-info/entry_points.txt
[0.634s] writing requirements to ../../build/bags_record/bags_record.egg-info/requires.txt
[0.634s] writing top-level names to ../../build/bags_record/bags_record.egg-info/top_level.txt
[0.635s] reading manifest file '../../build/bags_record/bags_record.egg-info/SOURCES.txt'
[0.635s] writing manifest file '../../build/bags_record/bags_record.egg-info/SOURCES.txt'
[0.635s] running build
[0.635s] running build_py
[0.635s] copying bags_record/bag_recorder.py -> /home/yutou/ros2_ws/build/bags_record/build/lib/bags_record
[0.636s] running install
[0.636s] running install_lib
[0.636s] copying /home/yutou/ros2_ws/build/bags_record/build/lib/bags_record/bag_recorder.py -> /home/yutou/ros2_ws/install/bags_record/lib/python3.10/site-packages/bags_record
[0.636s] byte-compiling /home/yutou/ros2_ws/install/bags_record/lib/python3.10/site-packages/bags_record/bag_recorder.py to bag_recorder.cpython-310.pyc
[0.637s] running install_data
[0.637s] running install_egg_info
[0.638s] removing '/home/yutou/ros2_ws/install/bags_record/lib/python3.10/site-packages/bags_record-0.0.0-py3.10.egg-info' (and everything under it)
[0.638s] Copying ../../build/bags_record/bags_record.egg-info to /home/yutou/ros2_ws/install/bags_record/lib/python3.10/site-packages/bags_record-0.0.0-py3.10.egg-info
[0.638s] running install_scripts
[0.652s] Installing bag_recorder script to /home/yutou/ros2_ws/install/bags_record/lib/bags_record
[0.652s] writing list of installed files to '/home/yutou/ros2_ws/build/bags_record/install.log'
[0.669s] Invoked command in '/home/yutou/ros2_ws/src/bags_record' returned '0': PYTHONPATH=/home/yutou/ros2_ws/build/bags_record/prefix_override:/usr/lib/python3/dist-packages/colcon_core/task/python/colcon_distutils_commands:/home/yutou/ros2_ws/install/bags_record/lib/python3.10/site-packages:${PYTHONPATH} /usr/bin/python3 -W ignore:setup.py install is deprecated -W ignore:easy_install command is deprecated setup.py egg_info --egg-base ../../build/bags_record build --build-base /home/yutou/ros2_ws/build/bags_record/build install --record /home/yutou/ros2_ws/build/bags_record/install.log --single-version-externally-managed install_data
