[0.030s] Invoking command in '/home/yutou/ros2_ws/build/cartographer': CMAKE_PREFIX_PATH=/opt/ros/humble /usr/bin/cmake /home/yutou/ros2_ws/packages/cartographer -DCMAKE_INSTALL_PREFIX=/home/yutou/ros2_ws/install/cartographer
[0.327s] -- The C compiler identification is GNU 11.4.0
[0.327s] -- The CXX compiler identification is GNU 11.4.0
[0.327s] -- Detecting C compiler ABI info
[0.327s] -- Detecting C compiler ABI info - done
[0.327s] -- Check for working C compiler: /usr/bin/cc - skipped
[0.327s] -- Detecting C compile features
[0.327s] -- Detecting C compile features - done
[0.328s] -- Detecting CXX compiler ABI info
[0.328s] -- Detecting CXX compiler ABI info - done
[0.328s] -- Check for working CXX compiler: /usr/bin/c++ - skipped
[0.328s] -- Detecting CXX compile features
[0.328s] -- Detecting CXX compile features - done
[0.328s] -- Build type: Release
[0.328s] Files /home/yutou/ros2_ws/build/cartographer/AllFiles.cmake and - differ
[0.436s] -- Found Python: /usr/bin/python3.10 (found version "3.10.12") found components: Interpreter 
[0.439s] -- Looking for pthread.h
[0.509s] -- Looking for pthread.h - found
[0.509s] -- Performing Test CMAKE_HAVE_LIBC_PTHREAD
[0.569s] -- Performing Test CMAKE_HAVE_LIBC_PTHREAD - Success
[0.570s] -- Found Threads: TRUE  
[0.574s] -- Found GMock: gmock_main  
[0.599s] -- Found Boost: /usr/lib/x86_64-linux-gnu/cmake/Boost-1.74.0/BoostConfig.cmake (found version "1.74.0") found components: iostreams 
[0.615s] -- Found required Ceres dependency: Eigen version 3.4.0 in /usr/include/eigen3
[0.624s] -- Found required Ceres dependency: glog
[0.625s] -- Found required Ceres dependency: gflags
[0.625s] -- Found Ceres version: 2.0.0 installed in: /usr with components: [EigenSparse, SparseLinearAlgebraLibrary, LAPACK, SuiteSparse, CXSparse, SchurSpecializations, Multithreading]
[0.633s] -- Found Lua: /usr/lib/x86_64-linux-gnu/liblua5.2.so;/usr/lib/x86_64-linux-gnu/libm.so (found version "5.2.4") 
[0.651s] -- Found Protobuf: /usr/lib/x86_64-linux-gnu/libprotobuf.so (found suitable version "3.12.4", minimum required is "3.0.0") 
[0.658s] -- Found PkgConfig: /usr/bin/pkg-config (found version "0.29.2") 
[0.658s] -- Checking for one of the modules 'cairo>=1.12.16'
[0.717s] -- Could NOT find Sphinx (missing: SPHINX_EXECUTABLE) 
[0.748s] -- Configuring done
[0.941s] -- Generating done
[1.013s] -- Build files have been written to: /home/yutou/ros2_ws/build/cartographer
[1.021s] Invoked command in '/home/yutou/ros2_ws/build/cartographer' returned '0': CMAKE_PREFIX_PATH=/opt/ros/humble /usr/bin/cmake /home/yutou/ros2_ws/packages/cartographer -DCMAKE_INSTALL_PREFIX=/home/yutou/ros2_ws/install/cartographer
[1.023s] Invoking command in '/home/yutou/ros2_ws/build/cartographer': CMAKE_PREFIX_PATH=/opt/ros/humble /usr/bin/cmake --build /home/yutou/ros2_ws/build/cartographer -- -j20 -l20
[1.072s] [  0%] [34m[1mRunning C++ protocol buffer compiler on /home/yutou/ros2_ws/packages/cartographer/cartographer/transform/proto/transform.proto[0m
[1.073s] [  0%] [34m[1mRunning C++ protocol buffer compiler on /home/yutou/ros2_ws/packages/cartographer/cartographer/mapping/proto/grid_2d.proto[0m
[1.074s] [  0%] [34m[1mRunning C++ protocol buffer compiler on /home/yutou/ros2_ws/packages/cartographer/cartographer/mapping/proto/grid_2d_options.proto[0m
[1.074s] [  0%] [34m[1mRunning C++ protocol buffer compiler on /home/yutou/ros2_ws/packages/cartographer/cartographer/common/proto/ceres_solver_options.proto[0m
[1.074s] [  0%] [34m[1mRunning C++ protocol buffer compiler on /home/yutou/ros2_ws/packages/cartographer/cartographer/ground_truth/proto/relations.proto[0m
[1.074s] [  0%] [34m[1mRunning C++ protocol buffer compiler on /home/yutou/ros2_ws/packages/cartographer/cartographer/mapping/proto/hybrid_grid.proto[0m
[1.075s] [  0%] [34m[1mRunning C++ protocol buffer compiler on /home/yutou/ros2_ws/packages/cartographer/cartographer/mapping/proto/cell_limits_2d.proto[0m
[1.076s] [  0%] [34m[1mRunning C++ protocol buffer compiler on /home/yutou/ros2_ws/packages/cartographer/cartographer/mapping/proto/local_trajectory_builder_options_3d.proto[0m
[1.076s] [  1%] [34m[1mRunning C++ protocol buffer compiler on /home/yutou/ros2_ws/packages/cartographer/cartographer/mapping/proto/map_limits.proto[0m
[1.076s] [  2%] [34m[1mRunning C++ protocol buffer compiler on /home/yutou/ros2_ws/packages/cartographer/cartographer/mapping/proto/connected_components.proto[0m
[1.076s] [  2%] [34m[1mRunning C++ protocol buffer compiler on /home/yutou/ros2_ws/packages/cartographer/cartographer/mapping/proto/normal_estimation_options_2d.proto[0m
[1.076s] [  2%] [34m[1mRunning C++ protocol buffer compiler on /home/yutou/ros2_ws/packages/cartographer/cartographer/mapping/proto/local_trajectory_builder_options_2d.proto[0m
[1.076s] [  3%] [34m[1mRunning C++ protocol buffer compiler on /home/yutou/ros2_ws/packages/cartographer/cartographer/mapping/proto/motion_filter_options.proto[0m
[1.076s] [  3%] [34m[1mRunning C++ protocol buffer compiler on /home/yutou/ros2_ws/packages/cartographer/cartographer/mapping/proto/map_builder_options.proto[0m
[1.077s] [  3%] [34m[1mRunning C++ protocol buffer compiler on /home/yutou/ros2_ws/packages/cartographer/cartographer/mapping/proto/pose_graph.proto[0m
[1.077s] [  3%] [34m[1mRunning C++ protocol buffer compiler on /home/yutou/ros2_ws/packages/cartographer/cartographer/mapping/proto/pose_extrapolator_options.proto[0m
[1.078s] [  4%] [34m[1mRunning C++ protocol buffer compiler on /home/yutou/ros2_ws/packages/cartographer/cartographer/mapping/proto/pose_graph/constraint_builder_options.proto[0m
[1.079s] [  4%] [34m[1mRunning C++ protocol buffer compiler on /home/yutou/ros2_ws/packages/cartographer/cartographer/mapping/proto/pose_graph/optimization_problem_options.proto[0m
[1.080s] [  5%] [32mBuilding CXX object googletest/CMakeFiles/gtest.dir/src/gtest-all.cc.o[0m
[1.088s] [  5%] [34m[1mRunning C++ protocol buffer compiler on /home/yutou/ros2_ws/packages/cartographer/cartographer/mapping/proto/range_data_inserter_options.proto[0m
[1.088s] [  5%] [34m[1mRunning C++ protocol buffer compiler on /home/yutou/ros2_ws/packages/cartographer/cartographer/mapping/proto/pose_graph_options.proto[0m
[1.088s] [  6%] [34m[1mRunning C++ protocol buffer compiler on /home/yutou/ros2_ws/packages/cartographer/cartographer/mapping/proto/probability_grid_range_data_inserter_options_2d.proto[0m
[1.089s] [  6%] [34m[1mRunning C++ protocol buffer compiler on /home/yutou/ros2_ws/packages/cartographer/cartographer/mapping/proto/probability_grid.proto[0m
[1.089s] [  5%] Built target cartographer_detect_changes
[1.091s] [  6%] [34m[1mRunning C++ protocol buffer compiler on /home/yutou/ros2_ws/packages/cartographer/cartographer/mapping/proto/scan_matching/ceres_scan_matcher_options_2d.proto[0m
[1.091s] [  7%] [34m[1mRunning C++ protocol buffer compiler on /home/yutou/ros2_ws/packages/cartographer/cartographer/mapping/proto/scan_matching/fast_correlative_scan_matcher_options_2d.proto[0m
[1.091s] [  7%] [34m[1mRunning C++ protocol buffer compiler on /home/yutou/ros2_ws/packages/cartographer/cartographer/mapping/proto/scan_matching/ceres_scan_matcher_options_3d.proto[0m
[1.092s] [  7%] [34m[1mRunning C++ protocol buffer compiler on /home/yutou/ros2_ws/packages/cartographer/cartographer/mapping/proto/scan_matching/fast_correlative_scan_matcher_options_3d.proto[0m
[1.093s] [  7%] [34m[1mRunning C++ protocol buffer compiler on /home/yutou/ros2_ws/packages/cartographer/cartographer/mapping/proto/scan_matching/real_time_correlative_scan_matcher_options.proto[0m
[1.093s] [  7%] [34m[1mRunning C++ protocol buffer compiler on /home/yutou/ros2_ws/packages/cartographer/cartographer/mapping/proto/range_data_inserter_options_3d.proto[0m
[1.094s] [  7%] [34m[1mRunning C++ protocol buffer compiler on /home/yutou/ros2_ws/packages/cartographer/cartographer/mapping/proto/submap.proto[0m
[1.095s] [  7%] [34m[1mRunning C++ protocol buffer compiler on /home/yutou/ros2_ws/packages/cartographer/cartographer/mapping/proto/submap_visualization.proto[0m
[1.096s] [  8%] [34m[1mRunning C++ protocol buffer compiler on /home/yutou/ros2_ws/packages/cartographer/cartographer/mapping/proto/serialization.proto[0m
[1.097s] [  8%] [34m[1mRunning C++ protocol buffer compiler on /home/yutou/ros2_ws/packages/cartographer/cartographer/mapping/proto/submaps_options_2d.proto[0m
[1.097s] [  8%] [34m[1mRunning C++ protocol buffer compiler on /home/yutou/ros2_ws/packages/cartographer/cartographer/mapping/proto/trajectory_builder_options.proto[0m
[1.097s] [  8%] [34m[1mRunning C++ protocol buffer compiler on /home/yutou/ros2_ws/packages/cartographer/cartographer/mapping/proto/trajectory.proto[0m
[1.097s] [  9%] [34m[1mRunning C++ protocol buffer compiler on /home/yutou/ros2_ws/packages/cartographer/cartographer/mapping/proto/trajectory_node_data.proto[0m
[1.097s] [  9%] [34m[1mRunning C++ protocol buffer compiler on /home/yutou/ros2_ws/packages/cartographer/cartographer/mapping/proto/submaps_options_3d.proto[0m
[1.101s] [ 10%] [34m[1mRunning C++ protocol buffer compiler on /home/yutou/ros2_ws/packages/cartographer/cartographer/mapping/proto/tsdf_2d.proto[0m
[1.102s] [ 10%] [34m[1mRunning C++ protocol buffer compiler on /home/yutou/ros2_ws/packages/cartographer/cartographer/sensor/proto/adaptive_voxel_filter_options.proto[0m
[1.102s] [ 10%] [34m[1mRunning C++ protocol buffer compiler on /home/yutou/ros2_ws/packages/cartographer/cartographer/mapping/proto/tsdf_range_data_inserter_options_2d.proto[0m
[1.103s] [ 11%] [34m[1mRunning C++ protocol buffer compiler on /home/yutou/ros2_ws/packages/cartographer/cartographer/sensor/proto/sensor.proto[0m
[1.104s] [ 11%] [34m[1mRunning C++ protocol buffer compiler on /home/yutou/ros2_ws/packages/cartographer/cartographer/transform/proto/timestamped_transform.proto[0m
[1.148s] [ 11%] [32mBuilding CXX object CMakeFiles/cartographer.dir/cartographer/common/configuration_file_resolver.cc.o[0m
[1.148s] [ 11%] [32mBuilding CXX object CMakeFiles/cartographer.dir/cartographer/common/internal/testing/thread_pool_for_testing.cc.o[0m
[1.148s] [ 11%] [32mBuilding CXX object CMakeFiles/cartographer.dir/cartographer/common/histogram.cc.o[0m
[1.148s] [ 11%] [32mBuilding CXX object CMakeFiles/cartographer.dir/cartographer/common/internal/ceres_solver_options.cc.o[0m
[1.148s] [ 12%] [32mBuilding CXX object CMakeFiles/cartographer.dir/cartographer/common/lua_parameter_dictionary.cc.o[0m
[1.148s] [ 12%] [32mBuilding CXX object CMakeFiles/cartographer.dir/cartographer/common/time.cc.o[0m
[1.149s] [ 13%] [32mBuilding CXX object CMakeFiles/cartographer.dir/cartographer/ground_truth/autogenerate_ground_truth.cc.o[0m
[1.150s] [ 14%] [32mBuilding CXX object CMakeFiles/cartographer.dir/cartographer/common/fixed_ratio_sampler.cc.o[0m
[1.150s] [ 14%] [32mBuilding CXX object CMakeFiles/cartographer.dir/cartographer/io/coloring_points_processor.cc.o[0m
[1.150s] [ 14%] [32mBuilding CXX object CMakeFiles/cartographer.dir/cartographer/io/color.cc.o[0m
[1.150s] [ 14%] [32mBuilding CXX object CMakeFiles/cartographer.dir/cartographer/common/task.cc.o[0m
[1.150s] [ 14%] [32mBuilding CXX object CMakeFiles/cartographer.dir/cartographer/common/thread_pool.cc.o[0m
[1.150s] [ 15%] [32mBuilding CXX object CMakeFiles/cartographer.dir/cartographer/io/counting_points_processor.cc.o[0m
[1.150s] [ 15%] [32mBuilding CXX object CMakeFiles/cartographer.dir/cartographer/ground_truth/relations_text_file.cc.o[0m
[1.150s] [ 16%] [32mBuilding CXX object CMakeFiles/cartographer.dir/cartographer/io/frame_id_filtering_points_processor.cc.o[0m
[1.150s] [ 16%] [32mBuilding CXX object CMakeFiles/cartographer.dir/cartographer/io/draw_trajectories.cc.o[0m
[1.153s] [ 16%] [32mBuilding CXX object CMakeFiles/cartographer.dir/cartographer/io/fixed_ratio_sampling_points_processor.cc.o[0m
[1.156s] [ 16%] [32mBuilding CXX object CMakeFiles/cartographer.dir/cartographer/io/file_writer.cc.o[0m
[1.156s] [ 16%] [32mBuilding CXX object CMakeFiles/cartographer.dir/cartographer/io/hybrid_grid_points_processor.cc.o[0m
[2.760s] [ 16%] [32mBuilding CXX object CMakeFiles/cartographer.dir/cartographer/io/image.cc.o[0m
[3.136s] [ 16%] [32mBuilding CXX object CMakeFiles/cartographer.dir/cartographer/io/intensity_to_color_points_processor.cc.o[0m
[3.257s] [ 17%] [32mBuilding CXX object CMakeFiles/cartographer.dir/cartographer/io/internal/in_memory_proto_stream.cc.o[0m
[3.279s] [ 17%] [32mBuilding CXX object CMakeFiles/cartographer.dir/cartographer/io/internal/mapping_state_serialization.cc.o[0m
[3.290s] [ 17%] [32mBuilding CXX object CMakeFiles/cartographer.dir/cartographer/io/internal/pbstream_info.cc.o[0m
[3.316s] [ 17%] [32mBuilding CXX object CMakeFiles/cartographer.dir/cartographer/io/internal/pbstream_migrate.cc.o[0m
[3.495s] [ 18%] [32mBuilding CXX object CMakeFiles/cartographer.dir/cartographer/io/min_max_range_filtering_points_processor.cc.o[0m
[4.062s] [ 18%] [32mBuilding CXX object CMakeFiles/cartographer.dir/cartographer/io/outlier_removing_points_processor.cc.o[0m
[4.957s] [ 18%] [32mBuilding CXX object CMakeFiles/cartographer.dir/cartographer/io/pcd_writing_points_processor.cc.o[0m
[5.175s] [ 18%] [32mBuilding CXX object CMakeFiles/cartographer.dir/cartographer/io/ply_writing_points_processor.cc.o[0m
[5.187s] [ 19%] [32mBuilding CXX object CMakeFiles/cartographer.dir/cartographer/io/points_batch.cc.o[0m
[5.334s] [ 19%] [32mBuilding CXX object CMakeFiles/cartographer.dir/cartographer/io/points_processor_pipeline_builder.cc.o[0m
[5.701s] [ 19%] [32mBuilding CXX object CMakeFiles/cartographer.dir/cartographer/io/probability_grid_points_processor.cc.o[0m
[6.034s] [ 20%] [32mBuilding CXX object CMakeFiles/cartographer.dir/cartographer/io/proto_stream.cc.o[0m
[6.210s] [ 20%] [32mBuilding CXX object CMakeFiles/cartographer.dir/cartographer/io/proto_stream_deserializer.cc.o[0m
[6.365s] [ 20%] [32mBuilding CXX object CMakeFiles/cartographer.dir/cartographer/io/serialization_format_migration.cc.o[0m
[6.582s] [ 20%] [32mBuilding CXX object CMakeFiles/cartographer.dir/cartographer/io/submap_painter.cc.o[0m
[6.766s] [ 21%] [32mBuilding CXX object CMakeFiles/cartographer.dir/cartographer/io/vertical_range_filtering_points_processor.cc.o[0m
[6.880s] [ 21%] [32mBuilding CXX object CMakeFiles/cartographer.dir/cartographer/io/xray_points_processor.cc.o[0m
[6.978s] [ 21%] [32mBuilding CXX object CMakeFiles/cartographer.dir/cartographer/io/xyz_writing_points_processor.cc.o[0m
[7.087s] [ 21%] [32mBuilding CXX object CMakeFiles/cartographer.dir/cartographer/mapping/2d/grid_2d.cc.o[0m
[7.643s] [ 22%] [32mBuilding CXX object CMakeFiles/cartographer.dir/cartographer/mapping/2d/probability_grid.cc.o[0m
[8.694s] [ 22%] [32mBuilding CXX object CMakeFiles/cartographer.dir/cartographer/mapping/2d/probability_grid_range_data_inserter_2d.cc.o[0m
[8.835s] [ 22%] [32mBuilding CXX object CMakeFiles/cartographer.dir/cartographer/mapping/2d/submap_2d.cc.o[0m
[9.203s] [ 22%] [32mBuilding CXX object CMakeFiles/cartographer.dir/cartographer/mapping/3d/range_data_inserter_3d.cc.o[0m
[9.774s] [ 23%] [32mBuilding CXX object CMakeFiles/cartographer.dir/cartographer/mapping/3d/submap_3d.cc.o[0m
[10.775s] [ 23%] [32mBuilding CXX object CMakeFiles/cartographer.dir/cartographer/mapping/detect_floors.cc.o[0m
[11.855s] [ 23%] [32mBuilding CXX object CMakeFiles/cartographer.dir/cartographer/mapping/imu_tracker.cc.o[0m
[12.264s] [ 23%] [32mBuilding CXX object CMakeFiles/cartographer.dir/cartographer/mapping/internal/2d/local_slam_result_2d.cc.o[0m
[13.098s] [ 24%] [32mBuilding CXX object CMakeFiles/cartographer.dir/cartographer/mapping/internal/2d/local_trajectory_builder_2d.cc.o[0m
[13.686s] [ 24%] [32mBuilding CXX object CMakeFiles/cartographer.dir/cartographer/mapping/internal/2d/local_trajectory_builder_options_2d.cc.o[0m
[14.250s] [ 24%] [32mBuilding CXX object CMakeFiles/cartographer.dir/cartographer/mapping/internal/2d/normal_estimation_2d.cc.o[0m
[14.697s] [ 24%] [32mBuilding CXX object CMakeFiles/cartographer.dir/cartographer/mapping/internal/2d/overlapping_submaps_trimmer_2d.cc.o[0m
[14.826s] [ 25%] [32mBuilding CXX object CMakeFiles/cartographer.dir/cartographer/mapping/internal/2d/pose_graph_2d.cc.o[0m
[14.899s] [ 25%] [32mBuilding CXX object CMakeFiles/cartographer.dir/cartographer/mapping/internal/2d/ray_to_pixel_mask.cc.o[0m
[15.402s] [ 25%] [32mBuilding CXX object CMakeFiles/cartographer.dir/cartographer/mapping/internal/2d/scan_matching/ceres_scan_matcher_2d.cc.o[0m
[16.034s] [ 25%] [32mBuilding CXX object CMakeFiles/cartographer.dir/cartographer/mapping/internal/2d/scan_matching/correlative_scan_matcher_2d.cc.o[0m
[16.163s] [ 25%] [32m[1mLinking CXX static library ../lib/libgtest.a[0m
[16.269s] [ 25%] Built target gtest
[16.278s] [ 26%] [32mBuilding CXX object CMakeFiles/cartographer.dir/cartographer/mapping/internal/2d/scan_matching/fast_correlative_scan_matcher_2d.cc.o[0m
[16.279s] [ 26%] [32mBuilding CXX object CMakeFiles/cartographer.dir/cartographer/mapping/internal/2d/scan_matching/occupied_space_cost_function_2d.cc.o[0m
[16.445s] [ 26%] [32mBuilding CXX object CMakeFiles/cartographer.dir/cartographer/mapping/internal/2d/scan_matching/real_time_correlative_scan_matcher_2d.cc.o[0m
[16.576s] [ 26%] [32mBuilding CXX object CMakeFiles/cartographer.dir/cartographer/mapping/internal/2d/scan_matching/tsdf_match_cost_function_2d.cc.o[0m
[16.978s] [ 27%] [32mBuilding CXX object CMakeFiles/cartographer.dir/cartographer/mapping/internal/2d/tsd_value_converter.cc.o[0m
[17.563s] [ 28%] [32mBuilding CXX object gmock/CMakeFiles/gmock.dir/src/gmock-all.cc.o[0m
[17.658s] [ 28%] [32mBuilding CXX object CMakeFiles/cartographer.dir/cartographer/mapping/internal/2d/tsdf_2d.cc.o[0m
[17.911s] [ 28%] [32mBuilding CXX object CMakeFiles/cartographer.dir/cartographer/mapping/internal/2d/tsdf_range_data_inserter_2d.cc.o[0m
[18.364s] [ 28%] [32mBuilding CXX object CMakeFiles/cartographer.dir/cartographer/mapping/internal/3d/local_slam_result_3d.cc.o[0m
[18.560s] [ 29%] [32mBuilding CXX object CMakeFiles/cartographer.dir/cartographer/mapping/internal/3d/local_trajectory_builder_3d.cc.o[0m
[18.660s] [ 29%] [32mBuilding CXX object CMakeFiles/cartographer.dir/cartographer/mapping/internal/3d/local_trajectory_builder_options_3d.cc.o[0m
[19.193s] [ 29%] [32mBuilding CXX object CMakeFiles/cartographer.dir/cartographer/mapping/internal/3d/pose_graph_3d.cc.o[0m
[20.042s] [ 30%] [32mBuilding CXX object CMakeFiles/cartographer.dir/cartographer/mapping/internal/3d/scan_matching/ceres_scan_matcher_3d.cc.o[0m
[20.107s] [ 30%] [32mBuilding CXX object CMakeFiles/cartographer.dir/cartographer/mapping/internal/3d/scan_matching/fast_correlative_scan_matcher_3d.cc.o[0m
[21.029s] [ 30%] [32mBuilding CXX object CMakeFiles/cartographer.dir/cartographer/mapping/internal/3d/scan_matching/intensity_cost_function_3d.cc.o[0m
[21.295s] [ 30%] [32mBuilding CXX object CMakeFiles/cartographer.dir/cartographer/mapping/internal/3d/scan_matching/low_resolution_matcher.cc.o[0m
[21.308s] [ 31%] [32mBuilding CXX object CMakeFiles/cartographer.dir/cartographer/mapping/internal/3d/scan_matching/precomputation_grid_3d.cc.o[0m
[21.350s] [ 31%] [32mBuilding CXX object CMakeFiles/cartographer.dir/cartographer/mapping/internal/3d/scan_matching/real_time_correlative_scan_matcher_3d.cc.o[0m
[21.671s] [ 31%] [32mBuilding CXX object CMakeFiles/cartographer.dir/cartographer/mapping/internal/3d/scan_matching/rotational_scan_matcher.cc.o[0m
[21.879s] [ 31%] [32mBuilding CXX object CMakeFiles/cartographer.dir/cartographer/mapping/internal/collated_trajectory_builder.cc.o[0m
[22.419s] [ 32%] [32mBuilding CXX object CMakeFiles/cartographer.dir/cartographer/mapping/internal/connected_components.cc.o[0m
[22.436s] [ 32%] [32m[1mLinking CXX static library ../lib/libgmock.a[0m
[22.480s] [ 32%] Built target gmock
[22.486s] [ 32%] [32mBuilding CXX object CMakeFiles/cartographer.dir/cartographer/mapping/internal/constraints/constraint_builder.cc.o[0m
[22.795s] [ 32%] [32mBuilding CXX object CMakeFiles/cartographer.dir/cartographer/mapping/internal/constraints/constraint_builder_2d.cc.o[0m
[23.212s] [ 32%] [32mBuilding CXX object CMakeFiles/cartographer.dir/cartographer/mapping/internal/constraints/constraint_builder_3d.cc.o[0m
[23.542s] [ 33%] [32mBuilding CXX object CMakeFiles/cartographer.dir/cartographer/mapping/internal/eigen_quaterniond_from_two_vectors.cc.o[0m
[23.900s] [ 33%] [32mBuilding CXX object CMakeFiles/cartographer.dir/cartographer/mapping/internal/global_trajectory_builder.cc.o[0m
[23.919s] [ 33%] [32mBuilding CXX object CMakeFiles/cartographer.dir/cartographer/mapping/internal/imu_based_pose_extrapolator.cc.o[0m
[24.715s] [ 33%] [32mBuilding CXX object gmock/CMakeFiles/gmock_main.dir/src/gmock_main.cc.o[0m
[25.621s] [ 33%] [32mBuilding CXX object CMakeFiles/cartographer.dir/cartographer/mapping/internal/motion_filter.cc.o[0m
[25.673s] [ 34%] [32mBuilding CXX object CMakeFiles/cartographer.dir/cartographer/mapping/internal/optimization/ceres_pose.cc.o[0m
[26.105s] [ 34%] [32mBuilding CXX object CMakeFiles/cartographer.dir/cartographer/mapping/internal/optimization/cost_functions/spa_cost_function_2d.cc.o[0m
[26.394s] [ 34%] [32mBuilding CXX object CMakeFiles/cartographer.dir/cartographer/mapping/internal/optimization/optimization_problem_2d.cc.o[0m
[26.545s] [ 34%] [32m[1mLinking CXX static library ../lib/libgmock_main.a[0m
[26.591s] [ 34%] Built target gmock_main
[26.607s] [ 34%] [32mBuilding CXX object CMakeFiles/cartographer.dir/cartographer/mapping/internal/optimization/optimization_problem_3d.cc.o[0m
[27.033s] [ 35%] [32mBuilding CXX object CMakeFiles/cartographer.dir/cartographer/mapping/internal/optimization/optimization_problem_options.cc.o[0m
[27.104s] [ 35%] [32mBuilding CXX object CMakeFiles/cartographer.dir/cartographer/mapping/internal/range_data_collator.cc.o[0m
[27.672s] [ 35%] [32mBuilding CXX object CMakeFiles/cartographer.dir/cartographer/mapping/internal/scan_matching/real_time_correlative_scan_matcher.cc.o[0m
[27.930s] [ 35%] [32mBuilding CXX object CMakeFiles/cartographer.dir/cartographer/mapping/internal/submap_controller.cc.o[0m
[28.138s] [ 36%] [32mBuilding CXX object CMakeFiles/cartographer.dir/cartographer/mapping/internal/trajectory_connectivity_state.cc.o[0m
[28.173s] [ 36%] [32mBuilding CXX object CMakeFiles/cartographer.dir/cartographer/mapping/map_builder.cc.o[0m
[28.527s] [ 36%] [32mBuilding CXX object CMakeFiles/cartographer.dir/cartographer/mapping/map_builder_interface.cc.o[0m
[28.831s] [ 36%] [32mBuilding CXX object CMakeFiles/cartographer.dir/cartographer/mapping/pose_extrapolator.cc.o[0m
[29.283s] [ 37%] [32mBuilding CXX object CMakeFiles/cartographer.dir/cartographer/mapping/pose_extrapolator_interface.cc.o[0m
[29.535s] [ 37%] [32mBuilding CXX object CMakeFiles/cartographer.dir/cartographer/mapping/pose_graph.cc.o[0m
[29.715s] [ 37%] [32mBuilding CXX object CMakeFiles/cartographer.dir/cartographer/mapping/pose_graph_trimmer.cc.o[0m
[29.760s] [ 37%] [32mBuilding CXX object CMakeFiles/cartographer.dir/cartographer/mapping/probability_values.cc.o[0m
[30.380s] [ 38%] [32mBuilding CXX object CMakeFiles/cartographer.dir/cartographer/mapping/range_data_inserter_interface.cc.o[0m
[30.972s] [ 38%] [32mBuilding CXX object CMakeFiles/cartographer.dir/cartographer/mapping/trajectory_builder_interface.cc.o[0m
[31.229s] [ 38%] [32mBuilding CXX object CMakeFiles/cartographer.dir/cartographer/mapping/trajectory_node.cc.o[0m
[31.591s] [ 39%] [32mBuilding CXX object CMakeFiles/cartographer.dir/cartographer/mapping/value_conversion_tables.cc.o[0m
[32.434s] [ 39%] [32mBuilding CXX object CMakeFiles/cartographer.dir/cartographer/metrics/counter.cc.o[0m
[32.593s] [ 39%] [32mBuilding CXX object CMakeFiles/cartographer.dir/cartographer/metrics/gauge.cc.o[0m
[32.725s] [ 39%] [32mBuilding CXX object CMakeFiles/cartographer.dir/cartographer/metrics/histogram.cc.o[0m
[32.776s] [ 40%] [32mBuilding CXX object CMakeFiles/cartographer.dir/cartographer/metrics/register.cc.o[0m
[32.818s] [ 40%] [32mBuilding CXX object CMakeFiles/cartographer.dir/cartographer/sensor/compressed_point_cloud.cc.o[0m
[33.019s] [ 40%] [32mBuilding CXX object CMakeFiles/cartographer.dir/cartographer/sensor/fixed_frame_pose_data.cc.o[0m
[33.276s] [ 40%] [32mBuilding CXX object CMakeFiles/cartographer.dir/cartographer/sensor/imu_data.cc.o[0m
[33.466s] [ 41%] [32mBuilding CXX object CMakeFiles/cartographer.dir/cartographer/sensor/internal/collator.cc.o[0m
[33.483s] [ 41%] [32mBuilding CXX object CMakeFiles/cartographer.dir/cartographer/sensor/internal/ordered_multi_queue.cc.o[0m
[33.634s] [ 41%] [32mBuilding CXX object CMakeFiles/cartographer.dir/cartographer/sensor/internal/trajectory_collator.cc.o[0m
[33.737s] [ 41%] [32mBuilding CXX object CMakeFiles/cartographer.dir/cartographer/sensor/internal/voxel_filter.cc.o[0m
[33.773s] [ 42%] [32mBuilding CXX object CMakeFiles/cartographer.dir/cartographer/sensor/landmark_data.cc.o[0m
[34.059s] [ 42%] [32mBuilding CXX object CMakeFiles/cartographer.dir/cartographer/sensor/odometry_data.cc.o[0m
[34.121s] [ 42%] [32mBuilding CXX object CMakeFiles/cartographer.dir/cartographer/sensor/point_cloud.cc.o[0m
[34.239s] [ 42%] [32mBuilding CXX object CMakeFiles/cartographer.dir/cartographer/sensor/range_data.cc.o[0m
[34.768s] [ 43%] [32mBuilding CXX object CMakeFiles/cartographer.dir/cartographer/sensor/timed_point_cloud_data.cc.o[0m
[35.242s] [ 43%] [32mBuilding CXX object CMakeFiles/cartographer.dir/cartographer/transform/rigid_transform.cc.o[0m
[35.706s] [ 43%] [32mBuilding CXX object CMakeFiles/cartographer.dir/cartographer/transform/timestamped_transform.cc.o[0m
[36.065s] [ 43%] [32mBuilding CXX object CMakeFiles/cartographer.dir/cartographer/transform/transform.cc.o[0m
[36.760s] [ 44%] [32mBuilding CXX object CMakeFiles/cartographer.dir/cartographer/transform/transform_interpolation_buffer.cc.o[0m
[37.127s] [ 44%] [32mBuilding CXX object CMakeFiles/cartographer.dir/cartographer/common/proto/ceres_solver_options.pb.cc.o[0m
[37.712s] [ 44%] [32mBuilding CXX object CMakeFiles/cartographer.dir/cartographer/ground_truth/proto/relations.pb.cc.o[0m
[37.831s] [ 44%] [32mBuilding CXX object CMakeFiles/cartographer.dir/cartographer/mapping/proto/cell_limits_2d.pb.cc.o[0m
[38.173s] [ 45%] [32mBuilding CXX object CMakeFiles/cartographer.dir/cartographer/mapping/proto/connected_components.pb.cc.o[0m
[38.341s] [ 45%] [32mBuilding CXX object CMakeFiles/cartographer.dir/cartographer/mapping/proto/grid_2d.pb.cc.o[0m
[38.559s] [ 45%] [32mBuilding CXX object CMakeFiles/cartographer.dir/cartographer/mapping/proto/grid_2d_options.pb.cc.o[0m
[38.630s] [ 45%] [32mBuilding CXX object CMakeFiles/cartographer.dir/cartographer/mapping/proto/hybrid_grid.pb.cc.o[0m
[38.667s] [ 46%] [32mBuilding CXX object CMakeFiles/cartographer.dir/cartographer/mapping/proto/local_trajectory_builder_options_2d.pb.cc.o[0m
[38.678s] [ 46%] [32mBuilding CXX object CMakeFiles/cartographer.dir/cartographer/mapping/proto/local_trajectory_builder_options_3d.pb.cc.o[0m
[38.812s] [ 46%] [32mBuilding CXX object CMakeFiles/cartographer.dir/cartographer/mapping/proto/map_builder_options.pb.cc.o[0m
[38.917s] [ 46%] [32mBuilding CXX object CMakeFiles/cartographer.dir/cartographer/mapping/proto/map_limits.pb.cc.o[0m
[39.234s] [ 47%] [32mBuilding CXX object CMakeFiles/cartographer.dir/cartographer/mapping/proto/motion_filter_options.pb.cc.o[0m
[39.264s] [ 47%] [32mBuilding CXX object CMakeFiles/cartographer.dir/cartographer/mapping/proto/normal_estimation_options_2d.pb.cc.o[0m
[39.283s] [ 47%] [32mBuilding CXX object CMakeFiles/cartographer.dir/cartographer/mapping/proto/pose_extrapolator_options.pb.cc.o[0m
[39.285s] [ 48%] [32mBuilding CXX object CMakeFiles/cartographer.dir/cartographer/mapping/proto/pose_graph.pb.cc.o[0m
[39.294s] [ 48%] [32mBuilding CXX object CMakeFiles/cartographer.dir/cartographer/mapping/proto/pose_graph/constraint_builder_options.pb.cc.o[0m
[39.329s] [ 48%] [32mBuilding CXX object CMakeFiles/cartographer.dir/cartographer/mapping/proto/pose_graph/optimization_problem_options.pb.cc.o[0m
[39.457s] [ 48%] [32mBuilding CXX object CMakeFiles/cartographer.dir/cartographer/mapping/proto/pose_graph_options.pb.cc.o[0m
[39.575s] [ 49%] [32mBuilding CXX object CMakeFiles/cartographer.dir/cartographer/mapping/proto/probability_grid.pb.cc.o[0m
[39.759s] [ 49%] [32mBuilding CXX object CMakeFiles/cartographer.dir/cartographer/mapping/proto/probability_grid_range_data_inserter_options_2d.pb.cc.o[0m
[39.806s] [ 49%] [32mBuilding CXX object CMakeFiles/cartographer.dir/cartographer/mapping/proto/range_data_inserter_options.pb.cc.o[0m
[39.850s] [ 49%] [32mBuilding CXX object CMakeFiles/cartographer.dir/cartographer/mapping/proto/range_data_inserter_options_3d.pb.cc.o[0m
[39.904s] [ 50%] [32mBuilding CXX object CMakeFiles/cartographer.dir/cartographer/mapping/proto/scan_matching/ceres_scan_matcher_options_2d.pb.cc.o[0m
[39.971s] [ 50%] [32mBuilding CXX object CMakeFiles/cartographer.dir/cartographer/mapping/proto/scan_matching/ceres_scan_matcher_options_3d.pb.cc.o[0m
[40.230s] [ 50%] [32mBuilding CXX object CMakeFiles/cartographer.dir/cartographer/mapping/proto/scan_matching/fast_correlative_scan_matcher_options_2d.pb.cc.o[0m
[40.262s] [ 50%] [32mBuilding CXX object CMakeFiles/cartographer.dir/cartographer/mapping/proto/scan_matching/fast_correlative_scan_matcher_options_3d.pb.cc.o[0m
[40.308s] [ 51%] [32mBuilding CXX object CMakeFiles/cartographer.dir/cartographer/mapping/proto/scan_matching/real_time_correlative_scan_matcher_options.pb.cc.o[0m
[40.365s] [ 51%] [32mBuilding CXX object CMakeFiles/cartographer.dir/cartographer/mapping/proto/serialization.pb.cc.o[0m
[40.378s] [ 51%] [32mBuilding CXX object CMakeFiles/cartographer.dir/cartographer/mapping/proto/submap.pb.cc.o[0m
[40.408s] [ 51%] [32mBuilding CXX object CMakeFiles/cartographer.dir/cartographer/mapping/proto/submap_visualization.pb.cc.o[0m
[40.460s] [ 52%] [32mBuilding CXX object CMakeFiles/cartographer.dir/cartographer/mapping/proto/submaps_options_2d.pb.cc.o[0m
[40.681s] [ 52%] [32mBuilding CXX object CMakeFiles/cartographer.dir/cartographer/mapping/proto/submaps_options_3d.pb.cc.o[0m
[40.899s] [ 52%] [32mBuilding CXX object CMakeFiles/cartographer.dir/cartographer/mapping/proto/trajectory.pb.cc.o[0m
[40.952s] [ 52%] [32mBuilding CXX object CMakeFiles/cartographer.dir/cartographer/mapping/proto/trajectory_builder_options.pb.cc.o[0m
[41.001s] [ 53%] [32mBuilding CXX object CMakeFiles/cartographer.dir/cartographer/mapping/proto/trajectory_node_data.pb.cc.o[0m
[41.051s] [ 53%] [32mBuilding CXX object CMakeFiles/cartographer.dir/cartographer/mapping/proto/tsdf_2d.pb.cc.o[0m
[41.083s] [ 53%] [32mBuilding CXX object CMakeFiles/cartographer.dir/cartographer/sensor/proto/adaptive_voxel_filter_options.pb.cc.o[0m
[41.084s] [ 53%] [32mBuilding CXX object CMakeFiles/cartographer.dir/cartographer/mapping/proto/tsdf_range_data_inserter_options_2d.pb.cc.o[0m
[41.151s] [ 54%] [32mBuilding CXX object CMakeFiles/cartographer.dir/cartographer/sensor/proto/sensor.pb.cc.o[0m
[41.171s] [ 54%] [32mBuilding CXX object CMakeFiles/cartographer.dir/cartographer/transform/proto/timestamped_transform.pb.cc.o[0m
[41.203s] [ 54%] [32mBuilding CXX object CMakeFiles/cartographer.dir/cartographer/transform/proto/transform.pb.cc.o[0m
[45.008s] [ 54%] [32m[1mLinking CXX static library libcartographer.a[0m
[45.146s] [ 54%] Built target cartographer
[45.177s] [ 54%] [32mBuilding CXX object CMakeFiles/cartographer_compute_relations_metrics.dir/cartographer/ground_truth/compute_relations_metrics_main.cc.o[0m
[45.178s] [ 54%] [32mBuilding CXX object CMakeFiles/cartographer_test_library.dir/cartographer/io/internal/testing/test_helpers.cc.o[0m
[45.179s] [ 54%] [32mBuilding CXX object CMakeFiles/cartographer_test_library.dir/cartographer/io/fake_file_writer.cc.o[0m
[45.179s] [ 54%] [32mBuilding CXX object CMakeFiles/cartographer_autogenerate_ground_truth.dir/cartographer/ground_truth/autogenerate_ground_truth_main.cc.o[0m
[45.179s] [ 54%] [32mBuilding CXX object CMakeFiles/cartographer_pbstream.dir/cartographer/io/pbstream_main.cc.o[0m
[45.179s] [ 54%] [32mBuilding CXX object CMakeFiles/cartographer_test_library.dir/cartographer/mapping/internal/testing/test_helpers.cc.o[0m
[45.181s] [ 54%] [32mBuilding CXX object CMakeFiles/cartographer_print_configuration.dir/cartographer/common/print_configuration_main.cc.o[0m
[45.182s] [ 55%] [32mBuilding CXX object CMakeFiles/cartographer_test_library.dir/cartographer/io/fake_file_writer_test.cc.o[0m
[45.952s] [ 56%] [32m[1mLinking CXX executable cartographer_pbstream[0m
[46.256s] [ 56%] Built target cartographer_pbstream
[46.326s] [ 56%] [32m[1mLinking CXX executable cartographer_print_configuration[0m
[46.410s] [ 56%] Built target cartographer_print_configuration
[47.211s] [ 57%] [32m[1mLinking CXX executable cartographer_autogenerate_ground_truth[0m
[47.327s] [ 57%] Built target cartographer_autogenerate_ground_truth
[47.773s] [ 57%] [32m[1mLinking CXX static library libcartographer_test_library.a[0m
[47.799s] [ 57%] Built target cartographer_test_library
[47.818s] [ 57%] [32mBuilding CXX object CMakeFiles/cartographer.common.task_test.dir/cartographer/common/task_test.cc.o[0m
[47.821s] [ 58%] [32mBuilding CXX object CMakeFiles/cartographer.common.internal.blocking_queue_test.dir/cartographer/common/internal/blocking_queue_test.cc.o[0m
[47.821s] [ 59%] [32mBuilding CXX object CMakeFiles/cartographer.common.fixed_ratio_sampler_test.dir/cartographer/common/fixed_ratio_sampler_test.cc.o[0m
[47.822s] [ 59%] [32mBuilding CXX object CMakeFiles/cartographer.common.thread_pool_test.dir/cartographer/common/thread_pool_test.cc.o[0m
[47.822s] [ 59%] [32mBuilding CXX object CMakeFiles/cartographer.io.fake_file_writer_test.dir/cartographer/io/fake_file_writer_test.cc.o[0m
[47.822s] [ 59%] [32mBuilding CXX object CMakeFiles/cartographer.common.internal.rate_timer_test.dir/cartographer/common/internal/rate_timer_test.cc.o[0m
[47.822s] [ 59%] [32mBuilding CXX object CMakeFiles/cartographer.common.lua_parameter_dictionary_test.dir/cartographer/common/lua_parameter_dictionary_test.cc.o[0m
[47.822s] [ 59%] [32mBuilding CXX object CMakeFiles/cartographer.io.probability_grid_points_processor_test.dir/cartographer/io/probability_grid_points_processor_test.cc.o[0m
[47.823s] [ 59%] [32mBuilding CXX object CMakeFiles/cartographer.common.configuration_files_test.dir/cartographer/common/configuration_files_test.cc.o[0m
[47.823s] [ 59%] [32mBuilding CXX object CMakeFiles/cartographer.io.points_processor_pipeline_builder_test.dir/cartographer/io/points_processor_pipeline_builder_test.cc.o[0m
[47.823s] [ 59%] [32mBuilding CXX object CMakeFiles/cartographer.io.proto_stream_deserializer_test.dir/cartographer/io/proto_stream_deserializer_test.cc.o[0m
[47.823s] [ 59%] [32mBuilding CXX object CMakeFiles/cartographer.io.serialization_format_migration_test.dir/cartographer/io/serialization_format_migration_test.cc.o[0m
[47.824s] [ 59%] [32mBuilding CXX object CMakeFiles/cartographer.io.proto_stream_test.dir/cartographer/io/proto_stream_test.cc.o[0m
[47.824s] [ 59%] [32mBuilding CXX object CMakeFiles/cartographer.mapping.2d.range_data_inserter_2d_test.dir/cartographer/mapping/2d/range_data_inserter_2d_test.cc.o[0m
[47.824s] [ 59%] [32mBuilding CXX object CMakeFiles/cartographer.mapping.2d.map_limits_test.dir/cartographer/mapping/2d/map_limits_test.cc.o[0m
[47.825s] [ 59%] [32mBuilding CXX object CMakeFiles/cartographer.mapping.2d.probability_grid_test.dir/cartographer/mapping/2d/probability_grid_test.cc.o[0m
[47.826s] [ 59%] [32mBuilding CXX object CMakeFiles/cartographer.mapping.2d.submap_2d_test.dir/cartographer/mapping/2d/submap_2d_test.cc.o[0m
[47.828s] [ 59%] [32mBuilding CXX object CMakeFiles/cartographer.common.math_test.dir/cartographer/common/math_test.cc.o[0m
[47.831s] [ 59%] [32mBuilding CXX object CMakeFiles/cartographer.io.internal.in_memory_proto_stream_test.dir/cartographer/io/internal/in_memory_proto_stream_test.cc.o[0m
[48.140s] [ 59%] [32m[1mLinking CXX executable cartographer_compute_relations_metrics[0m
[48.331s] [ 59%] Built target cartographer_compute_relations_metrics
[48.355s] [ 59%] [32mBuilding CXX object CMakeFiles/cartographer.mapping.2d.xy_index_test.dir/cartographer/mapping/2d/xy_index_test.cc.o[0m
[50.347s] [ 59%] [32m[1mLinking CXX executable cartographer.common.fixed_ratio_sampler_test[0m
[50.520s] [ 59%] Built target cartographer.common.fixed_ratio_sampler_test
[50.545s] [ 59%] [32mBuilding CXX object CMakeFiles/cartographer.mapping.3d.hybrid_grid_test.dir/cartographer/mapping/3d/hybrid_grid_test.cc.o[0m
[50.666s] [ 60%] [32m[1mLinking CXX executable cartographer.common.thread_pool_test[0m
[50.892s] [ 60%] Built target cartographer.common.thread_pool_test
[50.938s] [ 61%] [32mBuilding CXX object CMakeFiles/cartographer.mapping.3d.range_data_inserter_3d_test.dir/cartographer/mapping/3d/range_data_inserter_3d_test.cc.o[0m
[51.170s] [ 61%] [32m[1mLinking CXX executable cartographer.io.fake_file_writer_test[0m
[51.439s] [ 61%] Built target cartographer.io.fake_file_writer_test
[51.441s] [ 62%] [32m[1mLinking CXX executable cartographer.io.proto_stream_test[0m
[51.452s] [ 63%] [32m[1mLinking CXX executable cartographer.common.math_test[0m
[51.477s] [ 63%] [32mBuilding CXX object CMakeFiles/cartographer.mapping.3d.submap_3d_test.dir/cartographer/mapping/3d/submap_3d_test.cc.o[0m
[51.719s] [ 63%] Built target cartographer.io.proto_stream_test
[51.765s] [ 63%] Built target cartographer.common.math_test
[51.772s] [ 64%] [32mBuilding CXX object CMakeFiles/cartographer.mapping.id_test.dir/cartographer/mapping/id_test.cc.o[0m
[51.809s] [ 64%] [32mBuilding CXX object CMakeFiles/cartographer.mapping.imu_tracker_test.dir/cartographer/mapping/imu_tracker_test.cc.o[0m
[51.939s] [ 64%] [32m[1mLinking CXX executable cartographer.common.internal.blocking_queue_test[0m
[52.148s] [ 64%] Built target cartographer.common.internal.blocking_queue_test
[52.162s] [ 65%] [32m[1mLinking CXX executable cartographer.common.internal.rate_timer_test[0m
[52.180s] [ 66%] [32mBuilding CXX object CMakeFiles/cartographer.mapping.internal.2d.normal_estimation_2d_test.dir/cartographer/mapping/internal/2d/normal_estimation_2d_test.cc.o[0m
[52.180s] [ 67%] [32m[1mLinking CXX executable cartographer.io.internal.in_memory_proto_stream_test[0m
[52.237s] [ 67%] [32m[1mLinking CXX executable cartographer.common.task_test[0m
[52.363s] [ 67%] [32m[1mLinking CXX executable cartographer.io.proto_stream_deserializer_test[0m
[52.379s] [ 67%] Built target cartographer.common.internal.rate_timer_test
[52.439s] [ 67%] [32mBuilding CXX object CMakeFiles/cartographer.mapping.internal.2d.overlapping_submaps_trimmer_2d_test.dir/cartographer/mapping/internal/2d/overlapping_submaps_trimmer_2d_test.cc.o[0m
[52.471s] [ 68%] [32m[1mLinking CXX executable cartographer.mapping.2d.xy_index_test[0m
[52.480s] [ 68%] Built target cartographer.io.internal.in_memory_proto_stream_test
[52.494s] [ 68%] Built target cartographer.common.task_test
[52.509s] [ 69%] [32mBuilding CXX object CMakeFiles/cartographer.mapping.internal.2d.pose_graph_2d_test.dir/cartographer/mapping/internal/2d/pose_graph_2d_test.cc.o[0m
[52.528s] [ 69%] [32mBuilding CXX object CMakeFiles/cartographer.mapping.internal.2d.ray_to_pixel_mask_test.dir/cartographer/mapping/internal/2d/ray_to_pixel_mask_test.cc.o[0m
[52.615s] gmake[2]: *** Deleting file 'cartographer.mapping.2d.xy_index_test'
[52.615s] gmake[2]: *** Deleting file 'cartographer.io.proto_stream_deserializer_test'
[52.615s] gmake[2]: *** [CMakeFiles/cartographer.mapping.id_test.dir/build.make:76: CMakeFiles/cartographer.mapping.id_test.dir/cartographer/mapping/id_test.cc.o] Interrupt
[52.615s] gmake[2]: *** [CMakeFiles/cartographer.mapping.3d.range_data_inserter_3d_test.dir/build.make:76: CMakeFiles/cartographer.mapping.3d.range_data_inserter_3d_test.dir/cartographer/mapping/3d/range_data_inserter_3d_test.cc.o] Interrupt
[52.615s] gmake[2]: *** wait: No child processes.  Stop.
[52.615s] gmake[2]: *** Waiting for unfinished jobs....
[52.615s] gmake[2]: *** wait: No child processes.  Stop.
[52.615s] gmake[1]: *** [CMakeFiles/Makefile2:1110: CMakeFiles/cartographer.mapping.3d.range_data_inserter_3d_test.dir/all] Interrupt
[52.615s] gmake[1]: *** [CMakeFiles/Makefile2:1170: CMakeFiles/cartographer.mapping.id_test.dir/all] Interrupt
[52.615s] gmake[1]: *** [CMakeFiles/Makefile2:1080: CMakeFiles/cartographer.mapping.3d.hybrid_grid_test.dir/all] Error 2
[52.615s] gmake[2]: *** [CMakeFiles/cartographer.io.probability_grid_points_processor_test.dir/build.make:76: CMakeFiles/cartographer.io.probability_grid_points_processor_test.dir/cartographer/io/probability_grid_points_processor_test.cc.o] Interrupt
[52.616s] gmake[1]: *** [CMakeFiles/Makefile2:810: CMakeFiles/cartographer.io.probability_grid_points_processor_test.dir/all] Interrupt
[52.616s] gmake[2]: *** wait: No child processes.  Stop.
[52.616s] gmake[2]: *** Waiting for unfinished jobs....
[52.616s] gmake[2]: *** wait: No child processes.  Stop.
[52.616s] gmake[2]: *** [CMakeFiles/cartographer.io.proto_stream_deserializer_test.dir/build.make:140: cartographer.io.proto_stream_deserializer_test] Interrupt
[52.616s] gmake[2]: *** [CMakeFiles/cartographer.io.serialization_format_migration_test.dir/build.make:76: CMakeFiles/cartographer.io.serialization_format_migration_test.dir/cartographer/io/serialization_format_migration_test.cc.o] Interrupt
[52.616s] gmake[2]: *** [CMakeFiles/cartographer.common.configuration_files_test.dir/build.make:76: CMakeFiles/cartographer.common.configuration_files_test.dir/cartographer/common/configuration_files_test.cc.o] Interrupt
[52.616s] gmake[2]: *** [CMakeFiles/cartographer.mapping.2d.range_data_inserter_2d_test.dir/build.make:76: CMakeFiles/cartographer.mapping.2d.range_data_inserter_2d_test.dir/cartographer/mapping/2d/range_data_inserter_2d_test.cc.o] Interrupt
[52.616s] gmake[1]: *** [CMakeFiles/Makefile2:1020: CMakeFiles/cartographer.mapping.2d.submap_2d_test.dir/all] Error 2
[52.616s] gmake[1]: *** [CMakeFiles/Makefile2:840: CMakeFiles/cartographer.io.proto_stream_deserializer_test.dir/all] Interrupt
[52.616s] gmake[1]: *** [CMakeFiles/Makefile2:900: CMakeFiles/cartographer.io.serialization_format_migration_test.dir/all] Interrupt
[52.616s] gmake[2]: *** wait: No child processes.  Stop.
[52.616s] gmake[2]: *** Waiting for unfinished jobs....
[52.616s] gmake[2]: *** wait: No child processes.  Stop.
[52.616s] gmake[2]: *** [CMakeFiles/cartographer.mapping.3d.submap_3d_test.dir/build.make:76: CMakeFiles/cartographer.mapping.3d.submap_3d_test.dir/cartographer/mapping/3d/submap_3d_test.cc.o] Interrupt
[52.617s] gmake[2]: *** [CMakeFiles/cartographer.mapping.imu_tracker_test.dir/build.make:76: CMakeFiles/cartographer.mapping.imu_tracker_test.dir/cartographer/mapping/imu_tracker_test.cc.o] Interrupt
[52.617s] gmake[1]: *** [CMakeFiles/Makefile2:990: CMakeFiles/cartographer.mapping.2d.range_data_inserter_2d_test.dir/all] Interrupt
[52.617s] gmake[1]: *** [CMakeFiles/Makefile2:930: CMakeFiles/cartographer.mapping.2d.map_limits_test.dir/all] Error 2
[52.617s] gmake[1]: *** [CMakeFiles/Makefile2:1140: CMakeFiles/cartographer.mapping.3d.submap_3d_test.dir/all] Interrupt
[52.617s] gmake[2]: *** [CMakeFiles/cartographer.mapping.internal.2d.normal_estimation_2d_test.dir/build.make:76: CMakeFiles/cartographer.mapping.internal.2d.normal_estimation_2d_test.dir/cartographer/mapping/internal/2d/normal_estimation_2d_test.cc.o] Interrupt
[52.617s] gmake[1]: *** [CMakeFiles/Makefile2:480: CMakeFiles/cartographer.common.configuration_files_test.dir/all] Interrupt
[52.617s] gmake[1]: *** [CMakeFiles/Makefile2:1200: CMakeFiles/cartographer.mapping.imu_tracker_test.dir/all] Interrupt
[52.617s] gmake[2]: *** wait: No child processes.  Stop.
[52.617s] gmake[2]: *** Waiting for unfinished jobs....
[52.617s] gmake[2]: *** wait: No child processes.  Stop.
[52.617s] gmake[1]: *** [CMakeFiles/Makefile2:1230: CMakeFiles/cartographer.mapping.internal.2d.normal_estimation_2d_test.dir/all] Interrupt
[52.617s] gmake[2]: *** [CMakeFiles/cartographer.mapping.internal.2d.overlapping_submaps_trimmer_2d_test.dir/build.make:76: CMakeFiles/cartographer.mapping.internal.2d.overlapping_submaps_trimmer_2d_test.dir/cartographer/mapping/internal/2d/overlapping_submaps_trimmer_2d_test.cc.o] Interrupt
[52.617s] gmake[1]: *** [CMakeFiles/Makefile2:600: CMakeFiles/cartographer.common.lua_parameter_dictionary_test.dir/all] Error 2
[52.617s] gmake[1]: *** [CMakeFiles/Makefile2:1260: CMakeFiles/cartographer.mapping.internal.2d.overlapping_submaps_trimmer_2d_test.dir/all] Interrupt
[52.621s] gmake[2]: *** [CMakeFiles/cartographer.mapping.2d.probability_grid_test.dir/build.make:76: CMakeFiles/cartographer.mapping.2d.probability_grid_test.dir/cartographer/mapping/2d/probability_grid_test.cc.o] Interrupt
[52.621s] gmake[2]: *** [CMakeFiles/cartographer.mapping.2d.xy_index_test.dir/build.make:140: cartographer.mapping.2d.xy_index_test] Interrupt
[52.622s] gmake[2]: *** [CMakeFiles/cartographer.io.points_processor_pipeline_builder_test.dir/build.make:76: CMakeFiles/cartographer.io.points_processor_pipeline_builder_test.dir/cartographer/io/points_processor_pipeline_builder_test.cc.o] Interrupt
[52.622s] gmake[2]: *** wait: No child processes.  Stop.
[52.622s] gmake[2]: *** [CMakeFiles/cartographer.mapping.internal.2d.pose_graph_2d_test.dir/build.make:76: CMakeFiles/cartographer.mapping.internal.2d.pose_graph_2d_test.dir/cartographer/mapping/internal/2d/pose_graph_2d_test.cc.o] Interrupt
[52.622s] gmake[2]: *** Waiting for unfinished jobs....
[52.622s] gmake[2]: *** wait: No child processes.  Stop.
[52.622s] gmake[1]: *** [CMakeFiles/Makefile2:780: CMakeFiles/cartographer.io.points_processor_pipeline_builder_test.dir/all] Interrupt
[52.622s] gmake[1]: *** [CMakeFiles/Makefile2:960: CMakeFiles/cartographer.mapping.2d.probability_grid_test.dir/all] Interrupt
[52.622s] gmake[1]: *** [CMakeFiles/Makefile2:1050: CMakeFiles/cartographer.mapping.2d.xy_index_test.dir/all] Interrupt
[52.622s] gmake[1]: *** [CMakeFiles/Makefile2:1290: CMakeFiles/cartographer.mapping.internal.2d.pose_graph_2d_test.dir/all] Interrupt
[52.622s] gmake[1]: *** [CMakeFiles/Makefile2:1320: CMakeFiles/cartographer.mapping.internal.2d.ray_to_pixel_mask_test.dir/all] Error 2
[52.622s] gmake: *** [Makefile:146: all] Interrupt
[52.688s] Invoked command in '/home/yutou/ros2_ws/build/cartographer' returned '-2': CMAKE_PREFIX_PATH=/opt/ros/humble /usr/bin/cmake --build /home/yutou/ros2_ws/build/cartographer -- -j20 -l20
