[0.658s] Invoking command in '/home/yutou/ros2_ws/src/fishbot_description': PYTHONPATH=/home/yutou/ros2_ws/build/fishbot_description/prefix_override:/usr/lib/python3/dist-packages/colcon_core/task/python/colcon_distutils_commands:/home/yutou/ros2_ws/install/fishbot_description/lib/python3.10/site-packages:${PYTHONPATH} /usr/bin/python3 -W ignore:setup.py install is deprecated -W ignore:easy_install command is deprecated setup.py egg_info --egg-base ../../build/fishbot_description build --build-base /home/yutou/ros2_ws/build/fishbot_description/build install --record /home/yutou/ros2_ws/build/fishbot_description/install.log --single-version-externally-managed install_data
[0.789s] running egg_info
[0.789s] creating ../../build/fishbot_description/fishbot_description.egg-info
[0.789s] writing ../../build/fishbot_description/fishbot_description.egg-info/PKG-INFO
[0.790s] writing dependency_links to ../../build/fishbot_description/fishbot_description.egg-info/dependency_links.txt
[0.790s] writing entry points to ../../build/fishbot_description/fishbot_description.egg-info/entry_points.txt
[0.790s] writing requirements to ../../build/fishbot_description/fishbot_description.egg-info/requires.txt
[0.790s] writing top-level names to ../../build/fishbot_description/fishbot_description.egg-info/top_level.txt
[0.790s] writing manifest file '../../build/fishbot_description/fishbot_description.egg-info/SOURCES.txt'
[0.791s] reading manifest file '../../build/fishbot_description/fishbot_description.egg-info/SOURCES.txt'
[0.792s] writing manifest file '../../build/fishbot_description/fishbot_description.egg-info/SOURCES.txt'
[0.792s] running build
[0.792s] running build_py
[0.792s] creating /home/yutou/ros2_ws/build/fishbot_description/build
[0.792s] creating /home/yutou/ros2_ws/build/fishbot_description/build/lib
[0.792s] creating /home/yutou/ros2_ws/build/fishbot_description/build/lib/fishbot_description
[0.792s] copying fishbot_description/__init__.py -> /home/yutou/ros2_ws/build/fishbot_description/build/lib/fishbot_description
[0.792s] running install
[0.793s] running install_lib
[0.793s] creating /home/yutou/ros2_ws/install/fishbot_description/lib/python3.10/site-packages/fishbot_description
[0.793s] copying /home/yutou/ros2_ws/build/fishbot_description/build/lib/fishbot_description/__init__.py -> /home/yutou/ros2_ws/install/fishbot_description/lib/python3.10/site-packages/fishbot_description
[0.793s] byte-compiling /home/yutou/ros2_ws/install/fishbot_description/lib/python3.10/site-packages/fishbot_description/__init__.py to __init__.cpython-310.pyc
[0.793s] running install_data
[0.793s] creating /home/yutou/ros2_ws/install/fishbot_description/share/ament_index
[0.793s] creating /home/yutou/ros2_ws/install/fishbot_description/share/ament_index/resource_index
[0.793s] creating /home/yutou/ros2_ws/install/fishbot_description/share/ament_index/resource_index/packages
[0.793s] copying resource/fishbot_description -> /home/yutou/ros2_ws/install/fishbot_description/share/ament_index/resource_index/packages
[0.794s] copying package.xml -> /home/yutou/ros2_ws/install/fishbot_description/share/fishbot_description
[0.794s] creating /home/yutou/ros2_ws/install/fishbot_description/share/fishbot_description/launch
[0.794s] copying launch/display_rviz2.launch.py -> /home/yutou/ros2_ws/install/fishbot_description/share/fishbot_description/launch
[0.794s] creating /home/yutou/ros2_ws/install/fishbot_description/share/fishbot_description/urdf
[0.794s] copying urdf/fishbot_base.urdf -> /home/yutou/ros2_ws/install/fishbot_description/share/fishbot_description/urdf
[0.794s] running install_egg_info
[0.795s] Copying ../../build/fishbot_description/fishbot_description.egg-info to /home/yutou/ros2_ws/install/fishbot_description/lib/python3.10/site-packages/fishbot_description-0.0.0-py3.10.egg-info
[0.795s] running install_scripts
[0.809s] writing list of installed files to '/home/yutou/ros2_ws/build/fishbot_description/install.log'
[0.829s] Invoked command in '/home/yutou/ros2_ws/src/fishbot_description' returned '0': PYTHONPATH=/home/yutou/ros2_ws/build/fishbot_description/prefix_override:/usr/lib/python3/dist-packages/colcon_core/task/python/colcon_distutils_commands:/home/yutou/ros2_ws/install/fishbot_description/lib/python3.10/site-packages:${PYTHONPATH} /usr/bin/python3 -W ignore:setup.py install is deprecated -W ignore:easy_install command is deprecated setup.py egg_info --egg-base ../../build/fishbot_description build --build-base /home/yutou/ros2_ws/build/fishbot_description/build install --record /home/yutou/ros2_ws/build/fishbot_description/install.log --single-version-externally-managed install_data
