[0.372s] Invoking command in '/home/yutou/ros2_ws/src/story': PYTHONPATH=/home/yutou/ros2_ws/build/story/prefix_override:/usr/lib/python3/dist-packages/colcon_core/task/python/colcon_distutils_commands:/home/yutou/ros2_ws/install/story/lib/python3.10/site-packages:${PYTHONPATH} /usr/bin/python3 -W ignore:setup.py install is deprecated -W ignore:easy_install command is deprecated setup.py egg_info --egg-base ../../build/story build --build-base /home/yutou/ros2_ws/build/story/build install --record /home/yutou/ros2_ws/build/story/install.log --single-version-externally-managed install_data
[0.507s] running egg_info
[0.507s] creating ../../build/story/story.egg-info
[0.507s] writing ../../build/story/story.egg-info/PKG-INFO
[0.507s] writing dependency_links to ../../build/story/story.egg-info/dependency_links.txt
[0.507s] writing entry points to ../../build/story/story.egg-info/entry_points.txt
[0.508s] writing requirements to ../../build/story/story.egg-info/requires.txt
[0.508s] writing top-level names to ../../build/story/story.egg-info/top_level.txt
[0.508s] writing manifest file '../../build/story/story.egg-info/SOURCES.txt'
[0.509s] reading manifest file '../../build/story/story.egg-info/SOURCES.txt'
[0.509s] writing manifest file '../../build/story/story.egg-info/SOURCES.txt'
[0.509s] running build
[0.509s] running build_py
[0.509s] creating /home/yutou/ros2_ws/build/story/build
[0.510s] creating /home/yutou/ros2_ws/build/story/build/lib
[0.510s] creating /home/yutou/ros2_ws/build/story/build/lib/story
[0.510s] copying story/story_pub.py -> /home/yutou/ros2_ws/build/story/build/lib/story
[0.510s] copying story/story_sub.py -> /home/yutou/ros2_ws/build/story/build/lib/story
[0.510s] copying story/__init__.py -> /home/yutou/ros2_ws/build/story/build/lib/story
[0.510s] running install
[0.510s] running install_lib
[0.510s] creating /home/yutou/ros2_ws/install/story/lib/python3.10/site-packages/story
[0.510s] copying /home/yutou/ros2_ws/build/story/build/lib/story/story_pub.py -> /home/yutou/ros2_ws/install/story/lib/python3.10/site-packages/story
[0.510s] copying /home/yutou/ros2_ws/build/story/build/lib/story/story_sub.py -> /home/yutou/ros2_ws/install/story/lib/python3.10/site-packages/story
[0.510s] copying /home/yutou/ros2_ws/build/story/build/lib/story/__init__.py -> /home/yutou/ros2_ws/install/story/lib/python3.10/site-packages/story
[0.511s] byte-compiling /home/yutou/ros2_ws/install/story/lib/python3.10/site-packages/story/story_pub.py to story_pub.cpython-310.pyc
[0.511s] byte-compiling /home/yutou/ros2_ws/install/story/lib/python3.10/site-packages/story/story_sub.py to story_sub.cpython-310.pyc
[0.511s] byte-compiling /home/yutou/ros2_ws/install/story/lib/python3.10/site-packages/story/__init__.py to __init__.cpython-310.pyc
[0.511s] running install_data
[0.511s] creating /home/yutou/ros2_ws/install/story/share/ament_index
[0.511s] creating /home/yutou/ros2_ws/install/story/share/ament_index/resource_index
[0.511s] creating /home/yutou/ros2_ws/install/story/share/ament_index/resource_index/packages
[0.511s] copying resource/story -> /home/yutou/ros2_ws/install/story/share/ament_index/resource_index/packages
[0.512s] copying package.xml -> /home/yutou/ros2_ws/install/story/share/story
[0.512s] running install_egg_info
[0.513s] Copying ../../build/story/story.egg-info to /home/yutou/ros2_ws/install/story/lib/python3.10/site-packages/story-0.0.0-py3.10.egg-info
[0.513s] running install_scripts
[0.527s] Installing story_pub script to /home/yutou/ros2_ws/install/story/lib/story
[0.527s] writing list of installed files to '/home/yutou/ros2_ws/build/story/install.log'
[0.542s] Invoked command in '/home/yutou/ros2_ws/src/story' returned '0': PYTHONPATH=/home/yutou/ros2_ws/build/story/prefix_override:/usr/lib/python3/dist-packages/colcon_core/task/python/colcon_distutils_commands:/home/yutou/ros2_ws/install/story/lib/python3.10/site-packages:${PYTHONPATH} /usr/bin/python3 -W ignore:setup.py install is deprecated -W ignore:easy_install command is deprecated setup.py egg_info --egg-base ../../build/story build --build-base /home/yutou/ros2_ws/build/story/build install --record /home/yutou/ros2_ws/build/story/install.log --single-version-externally-managed install_data
