[0.180s] Invoking command in '/home/yutou/ros2_ws/build/base_cpp': CMAKE_PREFIX_PATH=${CMAKE_PREFIX_PATH}:/home/yutou/ros2_ws/install/base:/opt/ros/humble /usr/bin/cmake --build /home/yutou/ros2_ws/build/base_cpp -- -j20 -l20
[0.232s] [ 50%] [32mBuilding CXX object CMakeFiles/publisher.dir/src/publisher.cpp.o[0m
[2.911s] [100%] [32m[1mLinking CXX executable publisher[0m
[3.043s] [100%] Built target publisher
[3.052s] Invoked command in '/home/yutou/ros2_ws/build/base_cpp' returned '0': CMAKE_PREFIX_PATH=${CMAKE_PREFIX_PATH}:/home/yutou/ros2_ws/install/base:/opt/ros/humble /usr/bin/cmake --build /home/yutou/ros2_ws/build/base_cpp -- -j20 -l20
[3.060s] Invoking command in '/home/yutou/ros2_ws/build/base_cpp': CMAKE_PREFIX_PATH=${CMAKE_PREFIX_PATH}:/home/yutou/ros2_ws/install/base:/opt/ros/humble /usr/bin/cmake --install /home/yutou/ros2_ws/build/base_cpp
[3.066s] -- Install configuration: ""
[3.066s] -- Installing: /home/yutou/ros2_ws/install/base_cpp/lib/base_cpp/publisher
[3.067s] -- Set runtime path of "/home/yutou/ros2_ws/install/base_cpp/lib/base_cpp/publisher" to ""
[3.067s] -- Up-to-date: /home/yutou/ros2_ws/install/base_cpp/share/base_cpp//launch
[3.067s] -- Installing: /home/yutou/ros2_ws/install/base_cpp/share/base_cpp//launch/run.launch.py
[3.067s] -- Up-to-date: /home/yutou/ros2_ws/install/base_cpp/share/ament_index/resource_index/package_run_dependencies/base_cpp
[3.068s] -- Up-to-date: /home/yutou/ros2_ws/install/base_cpp/share/ament_index/resource_index/parent_prefix_path/base_cpp
[3.068s] -- Up-to-date: /home/yutou/ros2_ws/install/base_cpp/share/base_cpp/environment/ament_prefix_path.sh
[3.068s] -- Up-to-date: /home/yutou/ros2_ws/install/base_cpp/share/base_cpp/environment/ament_prefix_path.dsv
[3.068s] -- Up-to-date: /home/yutou/ros2_ws/install/base_cpp/share/base_cpp/environment/path.sh
[3.068s] -- Up-to-date: /home/yutou/ros2_ws/install/base_cpp/share/base_cpp/environment/path.dsv
[3.068s] -- Up-to-date: /home/yutou/ros2_ws/install/base_cpp/share/base_cpp/local_setup.bash
[3.068s] -- Up-to-date: /home/yutou/ros2_ws/install/base_cpp/share/base_cpp/local_setup.sh
[3.068s] -- Up-to-date: /home/yutou/ros2_ws/install/base_cpp/share/base_cpp/local_setup.zsh
[3.068s] -- Up-to-date: /home/yutou/ros2_ws/install/base_cpp/share/base_cpp/local_setup.dsv
[3.068s] -- Installing: /home/yutou/ros2_ws/install/base_cpp/share/base_cpp/package.dsv
[3.068s] -- Up-to-date: /home/yutou/ros2_ws/install/base_cpp/share/ament_index/resource_index/packages/base_cpp
[3.068s] -- Up-to-date: /home/yutou/ros2_ws/install/base_cpp/share/base_cpp/cmake/base_cppConfig.cmake
[3.068s] -- Up-to-date: /home/yutou/ros2_ws/install/base_cpp/share/base_cpp/cmake/base_cppConfig-version.cmake
[3.068s] -- Up-to-date: /home/yutou/ros2_ws/install/base_cpp/share/base_cpp/package.xml
[3.069s] Invoked command in '/home/yutou/ros2_ws/build/base_cpp' returned '0': CMAKE_PREFIX_PATH=${CMAKE_PREFIX_PATH}:/home/yutou/ros2_ws/install/base:/opt/ros/humble /usr/bin/cmake --install /home/yutou/ros2_ws/build/base_cpp
