[0.301s] Invoking command in '/home/yutou/ros2_ws/build/fishbot_navigation2': CMAKE_PREFIX_PATH=/opt/ros/humble /usr/bin/cmake /home/yutou/ros2_ws/src/fishbot_navigation2 -DCMAKE_INSTALL_PREFIX=/home/yutou/ros2_ws/install/fishbot_navigation2
[0.343s] -- The C compiler identification is GNU 11.4.0
[0.388s] -- The CXX compiler identification is GNU 11.4.0
[0.394s] -- Detecting C compiler ABI info
[0.448s] -- Detecting C compiler ABI info - done
[0.456s] -- Check for working C compiler: /usr/bin/cc - skipped
[0.456s] -- Detecting C compile features
[0.457s] -- Detecting C compile features - done
[0.462s] -- Detecting CXX compiler ABI info
[0.534s] -- Detecting CXX compiler ABI info - done
[0.539s] -- Check for working CXX compiler: /usr/bin/c++ - skipped
[0.539s] -- Detecting CXX compile features
[0.540s] -- Detecting CXX compile features - done
[0.542s] -- Found ament_cmake: 1.3.12 (/opt/ros/humble/share/ament_cmake/cmake)
[0.651s] -- Found Python3: /usr/bin/python3 (found version "3.10.12") found components: Interpreter 
[0.744s] -- Found nav2_bringup: 1.1.18 (/opt/ros/humble/share/nav2_bringup/cmake)
[0.747s] -- Found ament_lint_auto: 0.12.14 (/opt/ros/humble/share/ament_lint_auto/cmake)
[0.810s] -- Added test 'flake8' to check Python code syntax and style conventions
[0.811s] -- Added test 'lint_cmake' to check CMake code style
[0.811s] -- Added test 'pep257' to check Python code against some of the docstring style conventions in PEP 257
[0.813s] -- Added test 'xmllint' to check XML markup files
[0.815s] -- Configuring done
[0.817s] -- Generating done
[0.818s] -- Build files have been written to: /home/yutou/ros2_ws/build/fishbot_navigation2
[0.821s] Invoked command in '/home/yutou/ros2_ws/build/fishbot_navigation2' returned '0': CMAKE_PREFIX_PATH=/opt/ros/humble /usr/bin/cmake /home/yutou/ros2_ws/src/fishbot_navigation2 -DCMAKE_INSTALL_PREFIX=/home/yutou/ros2_ws/install/fishbot_navigation2
[0.822s] Invoking command in '/home/yutou/ros2_ws/build/fishbot_navigation2': CMAKE_PREFIX_PATH=/opt/ros/humble /usr/bin/cmake --build /home/yutou/ros2_ws/build/fishbot_navigation2 -- -j20 -l20
[0.869s] Invoked command in '/home/yutou/ros2_ws/build/fishbot_navigation2' returned '0': CMAKE_PREFIX_PATH=/opt/ros/humble /usr/bin/cmake --build /home/yutou/ros2_ws/build/fishbot_navigation2 -- -j20 -l20
[0.871s] Invoking command in '/home/yutou/ros2_ws/build/fishbot_navigation2': CMAKE_PREFIX_PATH=/opt/ros/humble /usr/bin/cmake --install /home/yutou/ros2_ws/build/fishbot_navigation2
[0.878s] -- Install configuration: ""
[0.878s] -- Installing: /home/yutou/ros2_ws/install/fishbot_navigation2/share/fishbot_navigation2//launch
[0.878s] -- Installing: /home/yutou/ros2_ws/install/fishbot_navigation2/share/fishbot_navigation2//launch/navigation2.launch.py
[0.878s] -- Installing: /home/yutou/ros2_ws/install/fishbot_navigation2/share/fishbot_navigation2//config
[0.878s] -- Installing: /home/yutou/ros2_ws/install/fishbot_navigation2/share/fishbot_navigation2//maps
[0.878s] -- Installing: /home/yutou/ros2_ws/install/fishbot_navigation2/share/fishbot_navigation2//param
[0.879s] -- Installing: /home/yutou/ros2_ws/install/fishbot_navigation2/share/fishbot_navigation2//param/fishbot_nav2.yaml
[0.879s] -- Installing: /home/yutou/ros2_ws/install/fishbot_navigation2/share/ament_index/resource_index/package_run_dependencies/fishbot_navigation2
[0.879s] -- Installing: /home/yutou/ros2_ws/install/fishbot_navigation2/share/ament_index/resource_index/parent_prefix_path/fishbot_navigation2
[0.879s] -- Installing: /home/yutou/ros2_ws/install/fishbot_navigation2/share/fishbot_navigation2/environment/ament_prefix_path.sh
[0.879s] -- Installing: /home/yutou/ros2_ws/install/fishbot_navigation2/share/fishbot_navigation2/environment/ament_prefix_path.dsv
[0.879s] -- Installing: /home/yutou/ros2_ws/install/fishbot_navigation2/share/fishbot_navigation2/environment/path.sh
[0.879s] -- Installing: /home/yutou/ros2_ws/install/fishbot_navigation2/share/fishbot_navigation2/environment/path.dsv
[0.879s] -- Installing: /home/yutou/ros2_ws/install/fishbot_navigation2/share/fishbot_navigation2/local_setup.bash
[0.879s] -- Installing: /home/yutou/ros2_ws/install/fishbot_navigation2/share/fishbot_navigation2/local_setup.sh
[0.879s] -- Installing: /home/yutou/ros2_ws/install/fishbot_navigation2/share/fishbot_navigation2/local_setup.zsh
[0.879s] -- Installing: /home/yutou/ros2_ws/install/fishbot_navigation2/share/fishbot_navigation2/local_setup.dsv
[0.879s] -- Installing: /home/yutou/ros2_ws/install/fishbot_navigation2/share/fishbot_navigation2/package.dsv
[0.879s] -- Installing: /home/yutou/ros2_ws/install/fishbot_navigation2/share/ament_index/resource_index/packages/fishbot_navigation2
[0.879s] -- Installing: /home/yutou/ros2_ws/install/fishbot_navigation2/share/fishbot_navigation2/cmake/fishbot_navigation2Config.cmake
[0.879s] -- Installing: /home/yutou/ros2_ws/install/fishbot_navigation2/share/fishbot_navigation2/cmake/fishbot_navigation2Config-version.cmake
[0.879s] -- Installing: /home/yutou/ros2_ws/install/fishbot_navigation2/share/fishbot_navigation2/package.xml
[0.881s] Invoked command in '/home/yutou/ros2_ws/build/fishbot_navigation2' returned '0': CMAKE_PREFIX_PATH=/opt/ros/humble /usr/bin/cmake --install /home/yutou/ros2_ws/build/fishbot_navigation2
