[0.504s] Invoking command in '/home/yutou/ros2_ws/src/example_topic_rclpy': PYTHONPATH=/home/yutou/ros2_ws/build/example_topic_rclpy/prefix_override:/usr/lib/python3/dist-packages/colcon_core/task/python/colcon_distutils_commands:/home/yutou/ros2_ws/install/example_topic_rclpy/lib/python3.10/site-packages:${PYTHONPATH} /usr/bin/python3 -W ignore:setup.py install is deprecated -W ignore:easy_install command is deprecated setup.py egg_info --egg-base ../../build/example_topic_rclpy build --build-base /home/yutou/ros2_ws/build/example_topic_rclpy/build install --record /home/yutou/ros2_ws/build/example_topic_rclpy/install.log --single-version-externally-managed install_data
[0.639s] running egg_info
[0.639s] creating ../../build/example_topic_rclpy/example_topic_rclpy.egg-info
[0.639s] writing ../../build/example_topic_rclpy/example_topic_rclpy.egg-info/PKG-INFO
[0.639s] writing dependency_links to ../../build/example_topic_rclpy/example_topic_rclpy.egg-info/dependency_links.txt
[0.639s] writing entry points to ../../build/example_topic_rclpy/example_topic_rclpy.egg-info/entry_points.txt
[0.640s] writing requirements to ../../build/example_topic_rclpy/example_topic_rclpy.egg-info/requires.txt
[0.640s] writing top-level names to ../../build/example_topic_rclpy/example_topic_rclpy.egg-info/top_level.txt
[0.640s] writing manifest file '../../build/example_topic_rclpy/example_topic_rclpy.egg-info/SOURCES.txt'
[0.640s] reading manifest file '../../build/example_topic_rclpy/example_topic_rclpy.egg-info/SOURCES.txt'
[0.641s] writing manifest file '../../build/example_topic_rclpy/example_topic_rclpy.egg-info/SOURCES.txt'
[0.641s] running build
[0.641s] running build_py
[0.641s] creating /home/yutou/ros2_ws/build/example_topic_rclpy/build
[0.641s] creating /home/yutou/ros2_ws/build/example_topic_rclpy/build/lib
[0.641s] creating /home/yutou/ros2_ws/build/example_topic_rclpy/build/lib/example_topic_rclpy
[0.641s] copying example_topic_rclpy/topic_publisher_02.py -> /home/yutou/ros2_ws/build/example_topic_rclpy/build/lib/example_topic_rclpy
[0.641s] copying example_topic_rclpy/topic_subscriber_02.py -> /home/yutou/ros2_ws/build/example_topic_rclpy/build/lib/example_topic_rclpy
[0.641s] copying example_topic_rclpy/__init__.py -> /home/yutou/ros2_ws/build/example_topic_rclpy/build/lib/example_topic_rclpy
[0.642s] running install
[0.642s] running install_lib
[0.642s] creating /home/yutou/ros2_ws/install/example_topic_rclpy/lib/python3.10/site-packages/example_topic_rclpy
[0.642s] copying /home/yutou/ros2_ws/build/example_topic_rclpy/build/lib/example_topic_rclpy/topic_publisher_02.py -> /home/yutou/ros2_ws/install/example_topic_rclpy/lib/python3.10/site-packages/example_topic_rclpy
[0.642s] copying /home/yutou/ros2_ws/build/example_topic_rclpy/build/lib/example_topic_rclpy/topic_subscriber_02.py -> /home/yutou/ros2_ws/install/example_topic_rclpy/lib/python3.10/site-packages/example_topic_rclpy
[0.642s] copying /home/yutou/ros2_ws/build/example_topic_rclpy/build/lib/example_topic_rclpy/__init__.py -> /home/yutou/ros2_ws/install/example_topic_rclpy/lib/python3.10/site-packages/example_topic_rclpy
[0.642s] byte-compiling /home/yutou/ros2_ws/install/example_topic_rclpy/lib/python3.10/site-packages/example_topic_rclpy/topic_publisher_02.py to topic_publisher_02.cpython-310.pyc
[0.642s] byte-compiling /home/yutou/ros2_ws/install/example_topic_rclpy/lib/python3.10/site-packages/example_topic_rclpy/topic_subscriber_02.py to topic_subscriber_02.cpython-310.pyc
[0.643s] byte-compiling /home/yutou/ros2_ws/install/example_topic_rclpy/lib/python3.10/site-packages/example_topic_rclpy/__init__.py to __init__.cpython-310.pyc
[0.643s] running install_data
[0.643s] creating /home/yutou/ros2_ws/install/example_topic_rclpy/share/ament_index
[0.643s] creating /home/yutou/ros2_ws/install/example_topic_rclpy/share/ament_index/resource_index
[0.643s] creating /home/yutou/ros2_ws/install/example_topic_rclpy/share/ament_index/resource_index/packages
[0.643s] copying resource/example_topic_rclpy -> /home/yutou/ros2_ws/install/example_topic_rclpy/share/ament_index/resource_index/packages
[0.643s] copying package.xml -> /home/yutou/ros2_ws/install/example_topic_rclpy/share/example_topic_rclpy
[0.643s] running install_egg_info
[0.644s] Copying ../../build/example_topic_rclpy/example_topic_rclpy.egg-info to /home/yutou/ros2_ws/install/example_topic_rclpy/lib/python3.10/site-packages/example_topic_rclpy-0.0.0-py3.10.egg-info
[0.645s] running install_scripts
[0.658s] Installing topic_publisher_02 script to /home/yutou/ros2_ws/install/example_topic_rclpy/lib/example_topic_rclpy
[0.658s] Installing topic_subscriber_02 script to /home/yutou/ros2_ws/install/example_topic_rclpy/lib/example_topic_rclpy
[0.658s] writing list of installed files to '/home/yutou/ros2_ws/build/example_topic_rclpy/install.log'
[0.676s] Invoked command in '/home/yutou/ros2_ws/src/example_topic_rclpy' returned '0': PYTHONPATH=/home/yutou/ros2_ws/build/example_topic_rclpy/prefix_override:/usr/lib/python3/dist-packages/colcon_core/task/python/colcon_distutils_commands:/home/yutou/ros2_ws/install/example_topic_rclpy/lib/python3.10/site-packages:${PYTHONPATH} /usr/bin/python3 -W ignore:setup.py install is deprecated -W ignore:easy_install command is deprecated setup.py egg_info --egg-base ../../build/example_topic_rclpy build --build-base /home/yutou/ros2_ws/build/example_topic_rclpy/build install --record /home/yutou/ros2_ws/build/example_topic_rclpy/install.log --single-version-externally-managed install_data
