In file included from [01m[K/home/yutou/ros2_ws/src/Livox-SDK2/sdk_core/../3rdparty/rapidjson/stream.h:19[m[K,
                 from [01m[K/home/yutou/ros2_ws/src/Livox-SDK2/sdk_core/../3rdparty/rapidjson/memorystream.h:22[m[K,
                 from [01m[K/home/yutou/ros2_ws/src/Livox-SDK2/sdk_core/../3rdparty/rapidjson/encodedstream.h:22[m[K,
                 from [01m[K/home/yutou/ros2_ws/src/Livox-SDK2/sdk_core/../3rdparty/rapidjson/document.h:26[m[K,
                 from [01m[K/home/yutou/ros2_ws/src/Livox-SDK2/sdk_core/command_handler/parse_lidar_state_info.h:38[m[K,
                 from [01m[K/home/yutou/ros2_ws/src/Livox-SDK2/sdk_core/command_handler/parse_lidar_state_info.cpp:2[m[K:
[01m[K/home/yutou/ros2_ws/src/Livox-SDK2/sdk_core/../3rdparty/rapidjson/rapidjson.h:542:29:[m[K [01;35m[Kwarning: [m[Kunknown option after ‘[01m[K#pragma GCC diagnostic[m[K’ kind [[01;35m[K]8;;https://gcc.gnu.org/onlinedocs/gcc/Warning-Options.html#index-Wpragmas-Wpragmas]8;;[m[K]
  542 | #define RAPIDJSON_PRAGMA(x) [01;35m[K_Pragma[m[K(RAPIDJSON_STRINGIFY(x))
      |                             [01;35m[K^~~~~~~[m[K
[01m[K/home/yutou/ros2_ws/src/Livox-SDK2/sdk_core/../3rdparty/rapidjson/rapidjson.h:543:34:[m[K [01;36m[Knote: [m[Kin expansion of macro ‘[01m[KRAPIDJSON_PRAGMA[m[K’
  543 | #define RAPIDJSON_DIAG_PRAGMA(x) [01;36m[KRAPIDJSON_PRAGMA[m[K(GCC diagnostic x)
      |                                  [01;36m[K^~~~~~~~~~~~~~~~[m[K
[01m[K/home/yutou/ros2_ws/src/Livox-SDK2/sdk_core/../3rdparty/rapidjson/rapidjson.h:545:3:[m[K [01;36m[Knote: [m[Kin expansion of macro ‘[01m[KRAPIDJSON_DIAG_PRAGMA[m[K’
  545 |   [01;36m[KRAPIDJSON_DIAG_PRAGMA[m[K(ignored RAPIDJSON_STRINGIFY(RAPIDJSON_JOIN(-W, x)))
      |   [01;36m[K^~~~~~~~~~~~~~~~~~~~~[m[K
[01m[K/home/yutou/ros2_ws/src/Livox-SDK2/sdk_core/../3rdparty/rapidjson/internal/dtoa.h:36:1:[m[K [01;36m[Knote: [m[Kin expansion of macro ‘[01m[KRAPIDJSON_DIAG_OFF[m[K’
   36 | [01;36m[KRAPIDJSON_DIAG_OFF[m[K(array - bounds)  // some gcc versions generate wrong warnings
      | [01;36m[K^~~~~~~~~~~~~~~~~~[m[K
[01m[K/home/yutou/ros2_ws/src/Livox-SDK2/sdk_core/../3rdparty/rapidjson/rapidjson.h:542:29:[m[K [01;36m[Knote: [m[Kdid you mean ‘[01m[K-Warray-bounds[m[K’?
  542 | #define RAPIDJSON_PRAGMA(x) [01;36m[K_Pragma[m[K(RAPIDJSON_STRINGIFY(x))
      |                             [01;36m[K^~~~~~~[m[K
[01m[K/home/yutou/ros2_ws/src/Livox-SDK2/sdk_core/../3rdparty/rapidjson/rapidjson.h:543:34:[m[K [01;36m[Knote: [m[Kin expansion of macro ‘[01m[KRAPIDJSON_PRAGMA[m[K’
  543 | #define RAPIDJSON_DIAG_PRAGMA(x) [01;36m[KRAPIDJSON_PRAGMA[m[K(GCC diagnostic x)
      |                                  [01;36m[K^~~~~~~~~~~~~~~~[m[K
[01m[K/home/yutou/ros2_ws/src/Livox-SDK2/sdk_core/../3rdparty/rapidjson/rapidjson.h:545:3:[m[K [01;36m[Knote: [m[Kin expansion of macro ‘[01m[KRAPIDJSON_DIAG_PRAGMA[m[K’
  545 |   [01;36m[KRAPIDJSON_DIAG_PRAGMA[m[K(ignored RAPIDJSON_STRINGIFY(RAPIDJSON_JOIN(-W, x)))
      |   [01;36m[K^~~~~~~~~~~~~~~~~~~~~[m[K
[01m[K/home/yutou/ros2_ws/src/Livox-SDK2/sdk_core/../3rdparty/rapidjson/internal/dtoa.h:36:1:[m[K [01;36m[Knote: [m[Kin expansion of macro ‘[01m[KRAPIDJSON_DIAG_OFF[m[K’
   36 | [01;36m[KRAPIDJSON_DIAG_OFF[m[K(array - bounds)  // some gcc versions generate wrong warnings
      | [01;36m[K^~~~~~~~~~~~~~~~~~[m[K
gmake[2]: *** [sdk_core/CMakeFiles/livox_lidar_sdk_static.dir/build.make:426: sdk_core/CMakeFiles/livox_lidar_sdk_static.dir/data_handler/data_handler.cpp.o] Interrupt
gmake[2]: *** [sdk_core/CMakeFiles/livox_lidar_sdk_shared.dir/build.make:468: sdk_core/CMakeFiles/livox_lidar_sdk_shared.dir/command_handler/hap_command_handler.cpp.o] Interrupt
gmake[2]: *** [sdk_core/CMakeFiles/livox_lidar_sdk_shared.dir/build.make:482: sdk_core/CMakeFiles/livox_lidar_sdk_shared.dir/command_handler/mid360_command_handler.cpp.o] Interrupt
gmake[2]: *** [sdk_core/CMakeFiles/livox_lidar_sdk_shared.dir/build.make:510: sdk_core/CMakeFiles/livox_lidar_sdk_shared.dir/command_handler/parse_lidar_state_info.cpp.o] Interrupt
gmake[2]: *** [sdk_core/CMakeFiles/livox_lidar_sdk_shared.dir/build.make:496: sdk_core/CMakeFiles/livox_lidar_sdk_shared.dir/command_handler/build_request.cpp.o] Interrupt
gmake[2]: *** [sdk_core/CMakeFiles/livox_lidar_sdk_static.dir/build.make:440: sdk_core/CMakeFiles/livox_lidar_sdk_static.dir/command_handler/command_impl.cpp.o] Interrupt
gmake[2]: *** [sdk_core/CMakeFiles/livox_lidar_sdk_static.dir/build.make:468: sdk_core/CMakeFiles/livox_lidar_sdk_static.dir/command_handler/hap_command_handler.cpp.o] Interrupt
gmake[2]: *** [sdk_core/CMakeFiles/livox_lidar_sdk_shared.dir/build.make:454: sdk_core/CMakeFiles/livox_lidar_sdk_shared.dir/command_handler/general_command_handler.cpp.o] Interrupt
gmake[2]: *** [sdk_core/CMakeFiles/livox_lidar_sdk_shared.dir/build.make:426: sdk_core/CMakeFiles/livox_lidar_sdk_shared.dir/data_handler/data_handler.cpp.o] Interrupt
gmake[2]: *** [sdk_core/CMakeFiles/livox_lidar_sdk_static.dir/build.make:202: sdk_core/CMakeFiles/livox_lidar_sdk_static.dir/base/logging.cpp.o] Interrupt
gmake[2]: *** [sdk_core/CMakeFiles/livox_lidar_sdk_static.dir/build.make:160: sdk_core/CMakeFiles/livox_lidar_sdk_static.dir/base/io_loop.cpp.o] Interrupt
gmake[2]: *** [sdk_core/CMakeFiles/livox_lidar_sdk_static.dir/build.make:482: sdk_core/CMakeFiles/livox_lidar_sdk_static.dir/command_handler/mid360_command_handler.cpp.o] Interrupt
gmake[2]: *** [sdk_core/CMakeFiles/livox_lidar_sdk_static.dir/build.make:496: sdk_core/CMakeFiles/livox_lidar_sdk_static.dir/command_handler/build_request.cpp.o] Interrupt
gmake[2]: *** [sdk_core/CMakeFiles/livox_lidar_sdk_static.dir/build.make:510: sdk_core/CMakeFiles/livox_lidar_sdk_static.dir/command_handler/parse_lidar_state_info.cpp.o] Interrupt
gmake[2]: *** [sdk_core/CMakeFiles/livox_lidar_sdk_shared.dir/build.make:160: sdk_core/CMakeFiles/livox_lidar_sdk_shared.dir/base/io_loop.cpp.o] Interrupt
gmake[2]: *** [sdk_core/CMakeFiles/livox_lidar_sdk_shared.dir/build.make:440: sdk_core/CMakeFiles/livox_lidar_sdk_shared.dir/command_handler/command_impl.cpp.o] Interrupt
gmake[2]: *** [sdk_core/CMakeFiles/livox_lidar_sdk_static.dir/build.make:454: sdk_core/CMakeFiles/livox_lidar_sdk_static.dir/command_handler/general_command_handler.cpp.o] Interrupt
gmake[2]: *** [sdk_core/CMakeFiles/livox_lidar_sdk_shared.dir/build.make:202: sdk_core/CMakeFiles/livox_lidar_sdk_shared.dir/base/logging.cpp.o] Interrupt
gmake[2]: *** [sdk_core/CMakeFiles/livox_lidar_sdk_shared.dir/build.make:90: sdk_core/CMakeFiles/livox_lidar_sdk_shared.dir/device_manager.cpp.o] Interrupt
gmake[2]: *** [sdk_core/CMakeFiles/livox_lidar_sdk_shared.dir/build.make:524: sdk_core/CMakeFiles/livox_lidar_sdk_shared.dir/debug_point_cloud_handler/debug_point_cloud_manager.cpp.o] Interrupt
gmake[1]: *** [CMakeFiles/Makefile2:223: sdk_core/CMakeFiles/livox_lidar_sdk_static.dir/all] Interrupt
gmake[1]: *** wait: No child processes.  Stop.
gmake[1]: *** Waiting for unfinished jobs....
gmake[1]: *** wait: No child processes.  Stop.
gmake: *** [Makefile:136: all] Error 2
