[0.012s] Invoking command in '/home/yutou/ros2_ws/build/livox_sdk2': /usr/bin/cmake --build /home/yutou/ros2_ws/build/livox_sdk2 -- -j20 -l20
[0.057s] [35m[1mConsolidate compiler generated dependencies of target livox_lidar_sdk_shared[0m
[0.062s] [35m[1mConsolidate compiler generated dependencies of target livox_lidar_sdk_static[0m
[0.086s] [  1%] [32mBuilding CXX object sdk_core/CMakeFiles/livox_lidar_sdk_shared.dir/__/3rdparty/FastCRC/FastCRCsw.cpp.o[0m
[0.088s] [  2%] [32mBuilding CXX object sdk_core/CMakeFiles/livox_lidar_sdk_shared.dir/base/thread_base.cpp.o[0m
[0.088s] [  3%] [32mBuilding CXX object sdk_core/CMakeFiles/livox_lidar_sdk_static.dir/__/3rdparty/FastCRC/FastCRCsw.cpp.o[0m
[0.088s] [  4%] [32mBuilding CXX object sdk_core/CMakeFiles/livox_lidar_sdk_shared.dir/base/io_loop.cpp.o[0m
[0.088s] [  6%] [32mBuilding CXX object sdk_core/CMakeFiles/livox_lidar_sdk_shared.dir/device_manager.cpp.o[0m
[0.088s] [  7%] [32mBuilding CXX object sdk_core/CMakeFiles/livox_lidar_sdk_shared.dir/base/multiple_io/multiple_io_epoll.cpp.o[0m
[0.089s] [  8%] [32mBuilding CXX object sdk_core/CMakeFiles/livox_lidar_sdk_shared.dir/base/network/unix/network_util.cpp.o[0m
[0.090s] [  9%] [32mBuilding CXX object sdk_core/CMakeFiles/livox_lidar_sdk_shared.dir/base/io_thread.cpp.o[0m
[0.090s] [ 10%] [32mBuilding CXX object sdk_core/CMakeFiles/livox_lidar_sdk_shared.dir/base/logging.cpp.o[0m
[0.090s] [ 13%] [32mBuilding CXX object sdk_core/CMakeFiles/livox_lidar_sdk_static.dir/base/network/unix/network_util.cpp.o[0m
[0.090s] [ 13%] [32mBuilding CXX object sdk_core/CMakeFiles/livox_lidar_sdk_static.dir/base/io_thread.cpp.o[0m
[0.090s] [ 15%] [32mBuilding CXX object sdk_core/CMakeFiles/livox_lidar_sdk_shared.dir/base/multiple_io/multiple_io_select.cpp.o[0m
[0.090s] [ 15%] [32mBuilding CXX object sdk_core/CMakeFiles/livox_lidar_sdk_shared.dir/base/multiple_io/multiple_io_base.cpp.o[0m
[0.090s] [ 18%] [32mBuilding CXX object sdk_core/CMakeFiles/livox_lidar_sdk_static.dir/base/io_loop.cpp.o[0m
[0.090s] [ 18%] [32mBuilding CXX object sdk_core/CMakeFiles/livox_lidar_sdk_static.dir/base/logging.cpp.o[0m
[0.090s] [ 19%] [32mBuilding CXX object sdk_core/CMakeFiles/livox_lidar_sdk_static.dir/base/thread_base.cpp.o[0m
[0.090s] [ 20%] [32mBuilding CXX object sdk_core/CMakeFiles/livox_lidar_sdk_static.dir/base/multiple_io/multiple_io_base.cpp.o[0m
[0.090s] [ 21%] [32mBuilding CXX object sdk_core/CMakeFiles/livox_lidar_sdk_shared.dir/base/multiple_io/multiple_io_poll.cpp.o[0m
[0.092s] [ 22%] [32mBuilding CXX object sdk_core/CMakeFiles/livox_lidar_sdk_shared.dir/base/multiple_io/multiple_io_kqueue.cpp.o[0m
[0.094s] [ 24%] [32mBuilding CXX object sdk_core/CMakeFiles/livox_lidar_sdk_shared.dir/base/wake_up/unix/wake_up_pipe.cpp.o[0m
[0.152s] [ 25%] [32mBuilding CXX object sdk_core/CMakeFiles/livox_lidar_sdk_shared.dir/comm/comm_port.cpp.o[0m
[0.196s] [ 26%] [32mBuilding CXX object sdk_core/CMakeFiles/livox_lidar_sdk_static.dir/base/multiple_io/multiple_io_epoll.cpp.o[0m
[0.207s] [ 27%] [32mBuilding CXX object sdk_core/CMakeFiles/livox_lidar_sdk_shared.dir/comm/sdk_protocol.cpp.o[0m
[0.302s] [ 28%] [32mBuilding CXX object sdk_core/CMakeFiles/livox_lidar_sdk_shared.dir/comm/generate_seq.cpp.o[0m
[0.318s] [ 31%] [32mBuilding CXX object sdk_core/CMakeFiles/livox_lidar_sdk_static.dir/base/multiple_io/multiple_io_poll.cpp.o[0m
[0.318s] [ 31%] [32mBuilding CXX object sdk_core/CMakeFiles/livox_lidar_sdk_shared.dir/data_handler/data_handler.cpp.o[0m
[0.336s] [ 32%] [32mBuilding CXX object sdk_core/CMakeFiles/livox_lidar_sdk_static.dir/base/multiple_io/multiple_io_select.cpp.o[0m
[0.374s] [ 33%] [32mBuilding CXX object sdk_core/CMakeFiles/livox_lidar_sdk_shared.dir/command_handler/command_impl.cpp.o[0m
[0.382s] [ 34%] [32mBuilding CXX object sdk_core/CMakeFiles/livox_lidar_sdk_shared.dir/command_handler/general_command_handler.cpp.o[0m
[0.406s] [ 36%] [32mBuilding CXX object sdk_core/CMakeFiles/livox_lidar_sdk_shared.dir/command_handler/hap_command_handler.cpp.o[0m
[0.413s] [ 37%] [32mBuilding CXX object sdk_core/CMakeFiles/livox_lidar_sdk_static.dir/base/wake_up/unix/wake_up_pipe.cpp.o[0m
[0.413s] [ 38%] [32mBuilding CXX object sdk_core/CMakeFiles/livox_lidar_sdk_static.dir/base/multiple_io/multiple_io_kqueue.cpp.o[0m
[0.462s] [ 39%] [32mBuilding CXX object sdk_core/CMakeFiles/livox_lidar_sdk_static.dir/comm/comm_port.cpp.o[0m
[0.486s] [ 40%] [32mBuilding CXX object sdk_core/CMakeFiles/livox_lidar_sdk_shared.dir/command_handler/mid360_command_handler.cpp.o[0m
[0.534s] [ 42%] [32mBuilding CXX object sdk_core/CMakeFiles/livox_lidar_sdk_shared.dir/command_handler/build_request.cpp.o[0m
[0.559s] [ 43%] [32mBuilding CXX object sdk_core/CMakeFiles/livox_lidar_sdk_static.dir/comm/sdk_protocol.cpp.o[0m
[0.571s] [ 44%] [32mBuilding CXX object sdk_core/CMakeFiles/livox_lidar_sdk_shared.dir/command_handler/parse_lidar_state_info.cpp.o[0m
[0.631s] [ 45%] [32mBuilding CXX object sdk_core/CMakeFiles/livox_lidar_sdk_static.dir/comm/generate_seq.cpp.o[0m
[0.647s] [ 46%] [32mBuilding CXX object sdk_core/CMakeFiles/livox_lidar_sdk_shared.dir/debug_point_cloud_handler/debug_point_cloud_manager.cpp.o[0m
[0.654s] [ 48%] [32mBuilding CXX object sdk_core/CMakeFiles/livox_lidar_sdk_static.dir/data_handler/data_handler.cpp.o[0m
[0.663s] [ 49%] [32mBuilding CXX object sdk_core/CMakeFiles/livox_lidar_sdk_static.dir/command_handler/command_impl.cpp.o[0m
[0.676s] [ 50%] [32mBuilding CXX object sdk_core/CMakeFiles/livox_lidar_sdk_static.dir/command_handler/general_command_handler.cpp.o[0m
[0.686s] [ 51%] [32mBuilding CXX object sdk_core/CMakeFiles/livox_lidar_sdk_static.dir/command_handler/hap_command_handler.cpp.o[0m
[0.714s] [ 53%] [32mBuilding CXX object sdk_core/CMakeFiles/livox_lidar_sdk_static.dir/command_handler/mid360_command_handler.cpp.o[0m
[0.769s] [ 54%] [32mBuilding CXX object sdk_core/CMakeFiles/livox_lidar_sdk_static.dir/command_handler/build_request.cpp.o[0m
[0.834s] [ 55%] [32mBuilding CXX object sdk_core/CMakeFiles/livox_lidar_sdk_static.dir/command_handler/parse_lidar_state_info.cpp.o[0m
[1.232s] In file included from [01m[K/home/yutou/ros2_ws/src/Livox-SDK2/sdk_core/../3rdparty/rapidjson/stream.h:19[m[K,
[1.233s]                  from [01m[K/home/yutou/ros2_ws/src/Livox-SDK2/sdk_core/../3rdparty/rapidjson/memorystream.h:22[m[K,
[1.233s]                  from [01m[K/home/yutou/ros2_ws/src/Livox-SDK2/sdk_core/../3rdparty/rapidjson/encodedstream.h:22[m[K,
[1.233s]                  from [01m[K/home/yutou/ros2_ws/src/Livox-SDK2/sdk_core/../3rdparty/rapidjson/document.h:26[m[K,
[1.233s]                  from [01m[K/home/yutou/ros2_ws/src/Livox-SDK2/sdk_core/command_handler/parse_lidar_state_info.h:38[m[K,
[1.233s]                  from [01m[K/home/yutou/ros2_ws/src/Livox-SDK2/sdk_core/command_handler/parse_lidar_state_info.cpp:2[m[K:
[1.233s] [01m[K/home/yutou/ros2_ws/src/Livox-SDK2/sdk_core/../3rdparty/rapidjson/rapidjson.h:542:29:[m[K [01;35m[Kwarning: [m[Kunknown option after ‘[01m[K#pragma GCC diagnostic[m[K’ kind [[01;35m[K]8;;https://gcc.gnu.org/onlinedocs/gcc/Warning-Options.html#index-Wpragmas-Wpragmas]8;;[m[K]
[1.233s]   542 | #define RAPIDJSON_PRAGMA(x) [01;35m[K_Pragma[m[K(RAPIDJSON_STRINGIFY(x))
[1.233s]       |                             [01;35m[K^~~~~~~[m[K
[1.233s] [01m[K/home/yutou/ros2_ws/src/Livox-SDK2/sdk_core/../3rdparty/rapidjson/rapidjson.h:543:34:[m[K [01;36m[Knote: [m[Kin expansion of macro ‘[01m[KRAPIDJSON_PRAGMA[m[K’
[1.233s]   543 | #define RAPIDJSON_DIAG_PRAGMA(x) [01;36m[KRAPIDJSON_PRAGMA[m[K(GCC diagnostic x)
[1.233s]       |                                  [01;36m[K^~~~~~~~~~~~~~~~[m[K
[1.233s] [01m[K/home/yutou/ros2_ws/src/Livox-SDK2/sdk_core/../3rdparty/rapidjson/rapidjson.h:545:3:[m[K [01;36m[Knote: [m[Kin expansion of macro ‘[01m[KRAPIDJSON_DIAG_PRAGMA[m[K’
[1.233s]   545 |   [01;36m[KRAPIDJSON_DIAG_PRAGMA[m[K(ignored RAPIDJSON_STRINGIFY(RAPIDJSON_JOIN(-W, x)))
[1.233s]       |   [01;36m[K^~~~~~~~~~~~~~~~~~~~~[m[K
[1.233s] [01m[K/home/yutou/ros2_ws/src/Livox-SDK2/sdk_core/../3rdparty/rapidjson/internal/dtoa.h:36:1:[m[K [01;36m[Knote: [m[Kin expansion of macro ‘[01m[KRAPIDJSON_DIAG_OFF[m[K’
[1.233s]    36 | [01;36m[KRAPIDJSON_DIAG_OFF[m[K(array - bounds)  // some gcc versions generate wrong warnings
[1.233s]       | [01;36m[K^~~~~~~~~~~~~~~~~~[m[K
[1.233s] [01m[K/home/yutou/ros2_ws/src/Livox-SDK2/sdk_core/../3rdparty/rapidjson/rapidjson.h:542:29:[m[K [01;36m[Knote: [m[Kdid you mean ‘[01m[K-Warray-bounds[m[K’?
[1.234s]   542 | #define RAPIDJSON_PRAGMA(x) [01;36m[K_Pragma[m[K(RAPIDJSON_STRINGIFY(x))
[1.234s]       |                             [01;36m[K^~~~~~~[m[K
[1.234s] [01m[K/home/yutou/ros2_ws/src/Livox-SDK2/sdk_core/../3rdparty/rapidjson/rapidjson.h:543:34:[m[K [01;36m[Knote: [m[Kin expansion of macro ‘[01m[KRAPIDJSON_PRAGMA[m[K’
[1.234s]   543 | #define RAPIDJSON_DIAG_PRAGMA(x) [01;36m[KRAPIDJSON_PRAGMA[m[K(GCC diagnostic x)
[1.234s]       |                                  [01;36m[K^~~~~~~~~~~~~~~~[m[K
[1.234s] [01m[K/home/yutou/ros2_ws/src/Livox-SDK2/sdk_core/../3rdparty/rapidjson/rapidjson.h:545:3:[m[K [01;36m[Knote: [m[Kin expansion of macro ‘[01m[KRAPIDJSON_DIAG_PRAGMA[m[K’
[1.234s]   545 |   [01;36m[KRAPIDJSON_DIAG_PRAGMA[m[K(ignored RAPIDJSON_STRINGIFY(RAPIDJSON_JOIN(-W, x)))
[1.234s]       |   [01;36m[K^~~~~~~~~~~~~~~~~~~~~[m[K
[1.234s] [01m[K/home/yutou/ros2_ws/src/Livox-SDK2/sdk_core/../3rdparty/rapidjson/internal/dtoa.h:36:1:[m[K [01;36m[Knote: [m[Kin expansion of macro ‘[01m[KRAPIDJSON_DIAG_OFF[m[K’
[1.234s]    36 | [01;36m[KRAPIDJSON_DIAG_OFF[m[K(array - bounds)  // some gcc versions generate wrong warnings
[1.234s]       | [01;36m[K^~~~~~~~~~~~~~~~~~[m[K
[1.345s] gmake[2]: *** [sdk_core/CMakeFiles/livox_lidar_sdk_static.dir/build.make:426: sdk_core/CMakeFiles/livox_lidar_sdk_static.dir/data_handler/data_handler.cpp.o] Interrupt
[1.346s] gmake[2]: *** [sdk_core/CMakeFiles/livox_lidar_sdk_shared.dir/build.make:468: sdk_core/CMakeFiles/livox_lidar_sdk_shared.dir/command_handler/hap_command_handler.cpp.o] Interrupt
[1.346s] gmake[2]: *** [sdk_core/CMakeFiles/livox_lidar_sdk_shared.dir/build.make:482: sdk_core/CMakeFiles/livox_lidar_sdk_shared.dir/command_handler/mid360_command_handler.cpp.o] Interrupt
[1.346s] gmake[2]: *** [sdk_core/CMakeFiles/livox_lidar_sdk_shared.dir/build.make:510: sdk_core/CMakeFiles/livox_lidar_sdk_shared.dir/command_handler/parse_lidar_state_info.cpp.o] Interrupt
[1.346s] gmake[2]: *** [sdk_core/CMakeFiles/livox_lidar_sdk_shared.dir/build.make:496: sdk_core/CMakeFiles/livox_lidar_sdk_shared.dir/command_handler/build_request.cpp.o] Interrupt
[1.346s] gmake[2]: *** [sdk_core/CMakeFiles/livox_lidar_sdk_static.dir/build.make:440: sdk_core/CMakeFiles/livox_lidar_sdk_static.dir/command_handler/command_impl.cpp.o] Interrupt
[1.346s] gmake[2]: *** [sdk_core/CMakeFiles/livox_lidar_sdk_static.dir/build.make:468: sdk_core/CMakeFiles/livox_lidar_sdk_static.dir/command_handler/hap_command_handler.cpp.o] Interrupt
[1.346s] gmake[2]: *** [sdk_core/CMakeFiles/livox_lidar_sdk_shared.dir/build.make:454: sdk_core/CMakeFiles/livox_lidar_sdk_shared.dir/command_handler/general_command_handler.cpp.o] Interrupt
[1.346s] gmake[2]: *** [sdk_core/CMakeFiles/livox_lidar_sdk_shared.dir/build.make:426: sdk_core/CMakeFiles/livox_lidar_sdk_shared.dir/data_handler/data_handler.cpp.o] Interrupt
[1.347s] gmake[2]: *** [sdk_core/CMakeFiles/livox_lidar_sdk_static.dir/build.make:202: sdk_core/CMakeFiles/livox_lidar_sdk_static.dir/base/logging.cpp.o] Interrupt
[1.347s] gmake[2]: *** [sdk_core/CMakeFiles/livox_lidar_sdk_static.dir/build.make:160: sdk_core/CMakeFiles/livox_lidar_sdk_static.dir/base/io_loop.cpp.o] Interrupt
[1.347s] gmake[2]: *** [sdk_core/CMakeFiles/livox_lidar_sdk_static.dir/build.make:482: sdk_core/CMakeFiles/livox_lidar_sdk_static.dir/command_handler/mid360_command_handler.cpp.o] Interrupt
[1.347s] gmake[2]: *** [sdk_core/CMakeFiles/livox_lidar_sdk_static.dir/build.make:496: sdk_core/CMakeFiles/livox_lidar_sdk_static.dir/command_handler/build_request.cpp.o] Interrupt
[1.347s] gmake[2]: *** [sdk_core/CMakeFiles/livox_lidar_sdk_static.dir/build.make:510: sdk_core/CMakeFiles/livox_lidar_sdk_static.dir/command_handler/parse_lidar_state_info.cpp.o] Interrupt
[1.347s] gmake[2]: *** [sdk_core/CMakeFiles/livox_lidar_sdk_shared.dir/build.make:160: sdk_core/CMakeFiles/livox_lidar_sdk_shared.dir/base/io_loop.cpp.o] Interrupt
[1.347s] gmake[2]: *** [sdk_core/CMakeFiles/livox_lidar_sdk_shared.dir/build.make:440: sdk_core/CMakeFiles/livox_lidar_sdk_shared.dir/command_handler/command_impl.cpp.o] Interrupt
[1.347s] gmake[2]: *** [sdk_core/CMakeFiles/livox_lidar_sdk_static.dir/build.make:454: sdk_core/CMakeFiles/livox_lidar_sdk_static.dir/command_handler/general_command_handler.cpp.o] Interrupt
[1.349s] gmake[2]: *** [sdk_core/CMakeFiles/livox_lidar_sdk_shared.dir/build.make:202: sdk_core/CMakeFiles/livox_lidar_sdk_shared.dir/base/logging.cpp.o] Interrupt
[1.349s] gmake[2]: *** [sdk_core/CMakeFiles/livox_lidar_sdk_shared.dir/build.make:90: sdk_core/CMakeFiles/livox_lidar_sdk_shared.dir/device_manager.cpp.o] Interrupt
[1.349s] gmake[2]: *** [sdk_core/CMakeFiles/livox_lidar_sdk_shared.dir/build.make:524: sdk_core/CMakeFiles/livox_lidar_sdk_shared.dir/debug_point_cloud_handler/debug_point_cloud_manager.cpp.o] Interrupt
[1.351s] gmake[1]: *** [CMakeFiles/Makefile2:223: sdk_core/CMakeFiles/livox_lidar_sdk_static.dir/all] Interrupt
[1.351s] gmake[1]: *** wait: No child processes.  Stop.
[1.351s] gmake[1]: *** Waiting for unfinished jobs....
[1.351s] gmake[1]: *** wait: No child processes.  Stop.
[1.351s] gmake: *** [Makefile:136: all] Error 2
