[0.148s] Invoking command in '/home/yutou/ros2_ws/build/base_cpp': CMAKE_PREFIX_PATH=${CMAKE_PREFIX_PATH}:/home/yutou/ros2_ws/install/base:/opt/ros/humble /usr/bin/cmake --build /home/yutou/ros2_ws/build/base_cpp -- -j20 -l20
[0.182s] [35m[1mConsolidate compiler generated dependencies of target publisher[0m
[0.197s] [ 50%] [32mBuilding CXX object CMakeFiles/publisher.dir/src/publisher.cpp.o[0m
[2.786s] [100%] [32m[1mLinking CXX executable publisher[0m
[2.907s] [100%] Built target publisher
[2.916s] Invoked command in '/home/yutou/ros2_ws/build/base_cpp' returned '0': CMAKE_PREFIX_PATH=${CMAKE_PREFIX_PATH}:/home/yutou/ros2_ws/install/base:/opt/ros/humble /usr/bin/cmake --build /home/yutou/ros2_ws/build/base_cpp -- -j20 -l20
[2.924s] Invoking command in '/home/yutou/ros2_ws/build/base_cpp': CMAKE_PREFIX_PATH=${CMAKE_PREFIX_PATH}:/home/yutou/ros2_ws/install/base:/opt/ros/humble /usr/bin/cmake --install /home/yutou/ros2_ws/build/base_cpp
[2.929s] -- Install configuration: ""
[2.929s] -- Installing: /home/yutou/ros2_ws/install/base_cpp/lib/base_cpp/publisher
[2.930s] -- Set runtime path of "/home/yutou/ros2_ws/install/base_cpp/lib/base_cpp/publisher" to ""
[2.930s] -- Up-to-date: /home/yutou/ros2_ws/install/base_cpp/share/ament_index/resource_index/package_run_dependencies/base_cpp
[2.930s] -- Up-to-date: /home/yutou/ros2_ws/install/base_cpp/share/ament_index/resource_index/parent_prefix_path/base_cpp
[2.930s] -- Up-to-date: /home/yutou/ros2_ws/install/base_cpp/share/base_cpp/environment/ament_prefix_path.sh
[2.930s] -- Up-to-date: /home/yutou/ros2_ws/install/base_cpp/share/base_cpp/environment/ament_prefix_path.dsv
[2.930s] -- Up-to-date: /home/yutou/ros2_ws/install/base_cpp/share/base_cpp/environment/path.sh
[2.931s] -- Up-to-date: /home/yutou/ros2_ws/install/base_cpp/share/base_cpp/environment/path.dsv
[2.931s] -- Up-to-date: /home/yutou/ros2_ws/install/base_cpp/share/base_cpp/local_setup.bash
[2.931s] -- Up-to-date: /home/yutou/ros2_ws/install/base_cpp/share/base_cpp/local_setup.sh
[2.931s] -- Up-to-date: /home/yutou/ros2_ws/install/base_cpp/share/base_cpp/local_setup.zsh
[2.931s] -- Up-to-date: /home/yutou/ros2_ws/install/base_cpp/share/base_cpp/local_setup.dsv
[2.931s] -- Installing: /home/yutou/ros2_ws/install/base_cpp/share/base_cpp/package.dsv
[2.931s] -- Up-to-date: /home/yutou/ros2_ws/install/base_cpp/share/ament_index/resource_index/packages/base_cpp
[2.931s] -- Up-to-date: /home/yutou/ros2_ws/install/base_cpp/share/base_cpp/cmake/base_cppConfig.cmake
[2.931s] -- Up-to-date: /home/yutou/ros2_ws/install/base_cpp/share/base_cpp/cmake/base_cppConfig-version.cmake
[2.931s] -- Up-to-date: /home/yutou/ros2_ws/install/base_cpp/share/base_cpp/package.xml
[2.932s] Invoked command in '/home/yutou/ros2_ws/build/base_cpp' returned '0': CMAKE_PREFIX_PATH=${CMAKE_PREFIX_PATH}:/home/yutou/ros2_ws/install/base:/opt/ros/humble /usr/bin/cmake --install /home/yutou/ros2_ws/build/base_cpp
