[0.641s] Invoking command in '/home/yutou/ros2_ws/src/service_server': PYTHONPATH=/home/yutou/ros2_ws/build/service_server/prefix_override:/usr/lib/python3/dist-packages/colcon_core/task/python/colcon_distutils_commands:/home/yutou/ros2_ws/install/service_server/lib/python3.10/site-packages:${PYTHONPATH} /usr/bin/python3 -W ignore:setup.py install is deprecated -W ignore:easy_install command is deprecated setup.py egg_info --egg-base ../../build/service_server build --build-base /home/yutou/ros2_ws/build/service_server/build install --record /home/yutou/ros2_ws/build/service_server/install.log --single-version-externally-managed install_data
[0.768s] running egg_info
[0.768s] writing ../../build/service_server/service_server.egg-info/PKG-INFO
[0.768s] writing dependency_links to ../../build/service_server/service_server.egg-info/dependency_links.txt
[0.769s] writing entry points to ../../build/service_server/service_server.egg-info/entry_points.txt
[0.769s] writing requirements to ../../build/service_server/service_server.egg-info/requires.txt
[0.769s] writing top-level names to ../../build/service_server/service_server.egg-info/top_level.txt
[0.770s] reading manifest file '../../build/service_server/service_server.egg-info/SOURCES.txt'
[0.770s] writing manifest file '../../build/service_server/service_server.egg-info/SOURCES.txt'
[0.770s] running build
[0.770s] running build_py
[0.770s] running install
[0.771s] running install_lib
[0.771s] running install_data
[0.771s] running install_egg_info
[0.773s] removing '/home/yutou/ros2_ws/install/service_server/lib/python3.10/site-packages/service_server-0.0.0-py3.10.egg-info' (and everything under it)
[0.773s] Copying ../../build/service_server/service_server.egg-info to /home/yutou/ros2_ws/install/service_server/lib/python3.10/site-packages/service_server-0.0.0-py3.10.egg-info
[0.773s] running install_scripts
[0.788s] Installing server script to /home/yutou/ros2_ws/install/service_server/lib/service_server
[0.788s] Installing service script to /home/yutou/ros2_ws/install/service_server/lib/service_server
[0.788s] Installing service_client script to /home/yutou/ros2_ws/install/service_server/lib/service_server
[0.788s] writing list of installed files to '/home/yutou/ros2_ws/build/service_server/install.log'
[0.806s] Invoked command in '/home/yutou/ros2_ws/src/service_server' returned '0': PYTHONPATH=/home/yutou/ros2_ws/build/service_server/prefix_override:/usr/lib/python3/dist-packages/colcon_core/task/python/colcon_distutils_commands:/home/yutou/ros2_ws/install/service_server/lib/python3.10/site-packages:${PYTHONPATH} /usr/bin/python3 -W ignore:setup.py install is deprecated -W ignore:easy_install command is deprecated setup.py egg_info --egg-base ../../build/service_server build --build-base /home/yutou/ros2_ws/build/service_server/build install --record /home/yutou/ros2_ws/build/service_server/install.log --single-version-externally-managed install_data
