[0.165s] DEBUG:colcon:Command line arguments: ['/usr/bin/colcon', 'build', '--packages-up-to', 'fishbot_navigation']
[0.165s] DEBUG:colcon:Parsed command line arguments: Namespace(log_base=None, log_level=None, verb_name='build', build_base='build', install_base='install', merge_install=False, symlink_install=False, test_result_base=None, continue_on_error=False, executor='parallel', parallel_workers=20, event_handlers=None, ignore_user_meta=False, metas=['./colcon.meta'], base_paths=['.'], packages_ignore=None, packages_ignore_regex=None, paths=None, packages_up_to=['fishbot_navigation'], packages_up_to_regex=None, packages_above=None, packages_above_and_dependencies=None, packages_above_depth=None, packages_select_by_dep=None, packages_skip_by_dep=None, packages_skip_up_to=None, packages_select_build_failed=False, packages_skip_build_finished=False, packages_select_test_failures=False, packages_skip_test_passed=False, packages_select=None, packages_skip=None, packages_select_regex=None, packages_skip_regex=None, packages_start=None, packages_end=None, cmake_args=None, cmake_target=None, cmake_target_skip_unavailable=False, cmake_clean_cache=False, cmake_clean_first=False, cmake_force_configure=False, ament_cmake_args=None, catkin_cmake_args=None, catkin_skip_building_tests=False, mixin_files=None, mixin=None, verb_parser=<colcon_mixin.mixin.mixin_argument.MixinArgumentDecorator object at 0x72fe9a18b9d0>, verb_extension=<colcon_core.verb.build.BuildVerb object at 0x72fe9a2d09a0>, main=<bound method BuildVerb.main of <colcon_core.verb.build.BuildVerb object at 0x72fe9a2d09a0>>, mixin_verb=('build',))
[0.396s] Level 1:colcon.colcon_core.package_discovery:discover_packages(colcon_meta) check parameters
[0.396s] Level 1:colcon.colcon_core.package_discovery:discover_packages(recursive) check parameters
[0.396s] Level 1:colcon.colcon_core.package_discovery:discover_packages(ignore) check parameters
[0.396s] Level 1:colcon.colcon_core.package_discovery:discover_packages(path) check parameters
[0.396s] Level 1:colcon.colcon_core.package_discovery:discover_packages(colcon_meta) discover
[0.396s] Level 1:colcon.colcon_core.package_discovery:discover_packages(recursive) discover
[0.396s] INFO:colcon.colcon_core.package_discovery:Crawling recursively for packages in '/home/yutou/ros2_ws'
[0.396s] Level 1:colcon.colcon_core.package_identification:_identify(.) by extensions ['ignore', 'ignore_ament_install']
[0.396s] Level 1:colcon.colcon_core.package_identification:_identify(.) by extension 'ignore'
[0.396s] Level 1:colcon.colcon_core.package_identification:_identify(.) by extension 'ignore_ament_install'
[0.396s] Level 1:colcon.colcon_core.package_identification:_identify(.) by extensions ['colcon_pkg']
[0.396s] Level 1:colcon.colcon_core.package_identification:_identify(.) by extension 'colcon_pkg'
[0.397s] Level 1:colcon.colcon_core.package_identification:_identify(.) by extensions ['colcon_meta']
[0.397s] Level 1:colcon.colcon_core.package_identification:_identify(.) by extension 'colcon_meta'
[0.397s] Level 1:colcon.colcon_core.package_identification:_identify(.) by extensions ['ros']
[0.397s] Level 1:colcon.colcon_core.package_identification:_identify(.) by extension 'ros'
[0.411s] Level 1:colcon.colcon_core.package_identification:_identify(.) by extensions ['cmake', 'python']
[0.412s] Level 1:colcon.colcon_core.package_identification:_identify(.) by extension 'cmake'
[0.412s] Level 1:colcon.colcon_core.package_identification:_identify(.) by extension 'python'
[0.412s] Level 1:colcon.colcon_core.package_identification:_identify(.) by extensions ['python_setup_py']
[0.412s] Level 1:colcon.colcon_core.package_identification:_identify(.) by extension 'python_setup_py'
[0.412s] Level 1:colcon.colcon_core.package_identification:_identify(build) by extensions ['ignore', 'ignore_ament_install']
[0.412s] Level 1:colcon.colcon_core.package_identification:_identify(build) by extension 'ignore'
[0.412s] Level 1:colcon.colcon_core.package_identification:_identify(build) ignored
[0.412s] Level 1:colcon.colcon_core.package_identification:_identify(install) by extensions ['ignore', 'ignore_ament_install']
[0.412s] Level 1:colcon.colcon_core.package_identification:_identify(install) by extension 'ignore'
[0.412s] Level 1:colcon.colcon_core.package_identification:_identify(install) ignored
[0.412s] Level 1:colcon.colcon_core.package_identification:_identify(log) by extensions ['ignore', 'ignore_ament_install']
[0.412s] Level 1:colcon.colcon_core.package_identification:_identify(log) by extension 'ignore'
[0.412s] Level 1:colcon.colcon_core.package_identification:_identify(log) ignored
[0.412s] Level 1:colcon.colcon_core.package_identification:_identify(packages) by extensions ['ignore', 'ignore_ament_install']
[0.412s] Level 1:colcon.colcon_core.package_identification:_identify(packages) by extension 'ignore'
[0.412s] Level 1:colcon.colcon_core.package_identification:_identify(packages) by extension 'ignore_ament_install'
[0.412s] Level 1:colcon.colcon_core.package_identification:_identify(packages) by extensions ['colcon_pkg']
[0.412s] Level 1:colcon.colcon_core.package_identification:_identify(packages) by extension 'colcon_pkg'
[0.412s] Level 1:colcon.colcon_core.package_identification:_identify(packages) by extensions ['colcon_meta']
[0.412s] Level 1:colcon.colcon_core.package_identification:_identify(packages) by extension 'colcon_meta'
[0.412s] Level 1:colcon.colcon_core.package_identification:_identify(packages) by extensions ['ros']
[0.412s] Level 1:colcon.colcon_core.package_identification:_identify(packages) by extension 'ros'
[0.412s] Level 1:colcon.colcon_core.package_identification:_identify(packages) by extensions ['cmake', 'python']
[0.412s] Level 1:colcon.colcon_core.package_identification:_identify(packages) by extension 'cmake'
[0.412s] Level 1:colcon.colcon_core.package_identification:_identify(packages) by extension 'python'
[0.412s] Level 1:colcon.colcon_core.package_identification:_identify(packages) by extensions ['python_setup_py']
[0.412s] Level 1:colcon.colcon_core.package_identification:_identify(packages) by extension 'python_setup_py'
[0.412s] Level 1:colcon.colcon_core.package_identification:_identify(packages/cartographer) by extensions ['ignore', 'ignore_ament_install']
[0.413s] Level 1:colcon.colcon_core.package_identification:_identify(packages/cartographer) by extension 'ignore'
[0.413s] Level 1:colcon.colcon_core.package_identification:_identify(packages/cartographer) by extension 'ignore_ament_install'
[0.413s] Level 1:colcon.colcon_core.package_identification:_identify(packages/cartographer) by extensions ['colcon_pkg']
[0.413s] Level 1:colcon.colcon_core.package_identification:_identify(packages/cartographer) by extension 'colcon_pkg'
[0.413s] Level 1:colcon.colcon_core.package_identification:_identify(packages/cartographer) by extensions ['colcon_meta']
[0.413s] Level 1:colcon.colcon_core.package_identification:_identify(packages/cartographer) by extension 'colcon_meta'
[0.413s] Level 1:colcon.colcon_core.package_identification:_identify(packages/cartographer) by extensions ['ros']
[0.413s] Level 1:colcon.colcon_core.package_identification:_identify(packages/cartographer) by extension 'ros'
[0.415s] DEBUG:colcon.colcon_core.package_identification:Package 'packages/cartographer' with type 'ros.cmake' and name 'cartographer'
[0.415s] Level 1:colcon.colcon_core.package_identification:_identify(packages/cartographer_ros) by extensions ['ignore', 'ignore_ament_install']
[0.415s] Level 1:colcon.colcon_core.package_identification:_identify(packages/cartographer_ros) by extension 'ignore'
[0.415s] Level 1:colcon.colcon_core.package_identification:_identify(packages/cartographer_ros) by extension 'ignore_ament_install'
[0.416s] Level 1:colcon.colcon_core.package_identification:_identify(packages/cartographer_ros) by extensions ['colcon_pkg']
[0.416s] Level 1:colcon.colcon_core.package_identification:_identify(packages/cartographer_ros) by extension 'colcon_pkg'
[0.416s] Level 1:colcon.colcon_core.package_identification:_identify(packages/cartographer_ros) by extensions ['colcon_meta']
[0.416s] Level 1:colcon.colcon_core.package_identification:_identify(packages/cartographer_ros) by extension 'colcon_meta'
[0.416s] Level 1:colcon.colcon_core.package_identification:_identify(packages/cartographer_ros) by extensions ['ros']
[0.416s] Level 1:colcon.colcon_core.package_identification:_identify(packages/cartographer_ros) by extension 'ros'
[0.416s] Level 1:colcon.colcon_core.package_identification:_identify(packages/cartographer_ros) by extensions ['cmake', 'python']
[0.416s] Level 1:colcon.colcon_core.package_identification:_identify(packages/cartographer_ros) by extension 'cmake'
[0.416s] Level 1:colcon.colcon_core.package_identification:_identify(packages/cartographer_ros) by extension 'python'
[0.416s] Level 1:colcon.colcon_core.package_identification:_identify(packages/cartographer_ros) by extensions ['python_setup_py']
[0.416s] Level 1:colcon.colcon_core.package_identification:_identify(packages/cartographer_ros) by extension 'python_setup_py'
[0.416s] Level 1:colcon.colcon_core.package_identification:_identify(packages/cartographer_ros/cartographer_ros) by extensions ['ignore', 'ignore_ament_install']
[0.416s] Level 1:colcon.colcon_core.package_identification:_identify(packages/cartographer_ros/cartographer_ros) by extension 'ignore'
[0.416s] Level 1:colcon.colcon_core.package_identification:_identify(packages/cartographer_ros/cartographer_ros) by extension 'ignore_ament_install'
[0.416s] Level 1:colcon.colcon_core.package_identification:_identify(packages/cartographer_ros/cartographer_ros) by extensions ['colcon_pkg']
[0.416s] Level 1:colcon.colcon_core.package_identification:_identify(packages/cartographer_ros/cartographer_ros) by extension 'colcon_pkg'
[0.416s] Level 1:colcon.colcon_core.package_identification:_identify(packages/cartographer_ros/cartographer_ros) by extensions ['colcon_meta']
[0.416s] Level 1:colcon.colcon_core.package_identification:_identify(packages/cartographer_ros/cartographer_ros) by extension 'colcon_meta'
[0.416s] Level 1:colcon.colcon_core.package_identification:_identify(packages/cartographer_ros/cartographer_ros) by extensions ['ros']
[0.416s] Level 1:colcon.colcon_core.package_identification:_identify(packages/cartographer_ros/cartographer_ros) by extension 'ros'
[0.418s] DEBUG:colcon.colcon_core.package_identification:Package 'packages/cartographer_ros/cartographer_ros' with type 'ros.ament_cmake' and name 'cartographer_ros'
[0.418s] Level 1:colcon.colcon_core.package_identification:_identify(packages/cartographer_ros/cartographer_ros_msgs) by extensions ['ignore', 'ignore_ament_install']
[0.418s] Level 1:colcon.colcon_core.package_identification:_identify(packages/cartographer_ros/cartographer_ros_msgs) by extension 'ignore'
[0.418s] Level 1:colcon.colcon_core.package_identification:_identify(packages/cartographer_ros/cartographer_ros_msgs) by extension 'ignore_ament_install'
[0.418s] Level 1:colcon.colcon_core.package_identification:_identify(packages/cartographer_ros/cartographer_ros_msgs) by extensions ['colcon_pkg']
[0.418s] Level 1:colcon.colcon_core.package_identification:_identify(packages/cartographer_ros/cartographer_ros_msgs) by extension 'colcon_pkg'
[0.418s] Level 1:colcon.colcon_core.package_identification:_identify(packages/cartographer_ros/cartographer_ros_msgs) by extensions ['colcon_meta']
[0.418s] Level 1:colcon.colcon_core.package_identification:_identify(packages/cartographer_ros/cartographer_ros_msgs) by extension 'colcon_meta'
[0.418s] Level 1:colcon.colcon_core.package_identification:_identify(packages/cartographer_ros/cartographer_ros_msgs) by extensions ['ros']
[0.418s] Level 1:colcon.colcon_core.package_identification:_identify(packages/cartographer_ros/cartographer_ros_msgs) by extension 'ros'
[0.419s] DEBUG:colcon.colcon_core.package_identification:Package 'packages/cartographer_ros/cartographer_ros_msgs' with type 'ros.ament_cmake' and name 'cartographer_ros_msgs'
[0.419s] Level 1:colcon.colcon_core.package_identification:_identify(packages/cartographer_ros/cartographer_rviz) by extensions ['ignore', 'ignore_ament_install']
[0.419s] Level 1:colcon.colcon_core.package_identification:_identify(packages/cartographer_ros/cartographer_rviz) by extension 'ignore'
[0.419s] Level 1:colcon.colcon_core.package_identification:_identify(packages/cartographer_ros/cartographer_rviz) by extension 'ignore_ament_install'
[0.419s] Level 1:colcon.colcon_core.package_identification:_identify(packages/cartographer_ros/cartographer_rviz) by extensions ['colcon_pkg']
[0.419s] Level 1:colcon.colcon_core.package_identification:_identify(packages/cartographer_ros/cartographer_rviz) by extension 'colcon_pkg'
[0.419s] Level 1:colcon.colcon_core.package_identification:_identify(packages/cartographer_ros/cartographer_rviz) by extensions ['colcon_meta']
[0.419s] Level 1:colcon.colcon_core.package_identification:_identify(packages/cartographer_ros/cartographer_rviz) by extension 'colcon_meta'
[0.419s] Level 1:colcon.colcon_core.package_identification:_identify(packages/cartographer_ros/cartographer_rviz) by extensions ['ros']
[0.419s] Level 1:colcon.colcon_core.package_identification:_identify(packages/cartographer_ros/cartographer_rviz) by extension 'ros'
[0.420s] DEBUG:colcon.colcon_core.package_identification:Package 'packages/cartographer_ros/cartographer_rviz' with type 'ros.ament_cmake' and name 'cartographer_rviz'
[0.420s] Level 1:colcon.colcon_core.package_identification:_identify(packages/cartographer_ros/docs) by extensions ['ignore', 'ignore_ament_install']
[0.420s] Level 1:colcon.colcon_core.package_identification:_identify(packages/cartographer_ros/docs) by extension 'ignore'
[0.420s] Level 1:colcon.colcon_core.package_identification:_identify(packages/cartographer_ros/docs) ignored
[0.420s] Level 1:colcon.colcon_core.package_identification:_identify(packages/cartographer_ros/scripts) by extensions ['ignore', 'ignore_ament_install']
[0.420s] Level 1:colcon.colcon_core.package_identification:_identify(packages/cartographer_ros/scripts) by extension 'ignore'
[0.420s] Level 1:colcon.colcon_core.package_identification:_identify(packages/cartographer_ros/scripts) by extension 'ignore_ament_install'
[0.420s] Level 1:colcon.colcon_core.package_identification:_identify(packages/cartographer_ros/scripts) by extensions ['colcon_pkg']
[0.420s] Level 1:colcon.colcon_core.package_identification:_identify(packages/cartographer_ros/scripts) by extension 'colcon_pkg'
[0.420s] Level 1:colcon.colcon_core.package_identification:_identify(packages/cartographer_ros/scripts) by extensions ['colcon_meta']
[0.420s] Level 1:colcon.colcon_core.package_identification:_identify(packages/cartographer_ros/scripts) by extension 'colcon_meta'
[0.420s] Level 1:colcon.colcon_core.package_identification:_identify(packages/cartographer_ros/scripts) by extensions ['ros']
[0.420s] Level 1:colcon.colcon_core.package_identification:_identify(packages/cartographer_ros/scripts) by extension 'ros'
[0.421s] Level 1:colcon.colcon_core.package_identification:_identify(packages/cartographer_ros/scripts) by extensions ['cmake', 'python']
[0.421s] Level 1:colcon.colcon_core.package_identification:_identify(packages/cartographer_ros/scripts) by extension 'cmake'
[0.421s] Level 1:colcon.colcon_core.package_identification:_identify(packages/cartographer_ros/scripts) by extension 'python'
[0.421s] Level 1:colcon.colcon_core.package_identification:_identify(packages/cartographer_ros/scripts) by extensions ['python_setup_py']
[0.421s] Level 1:colcon.colcon_core.package_identification:_identify(packages/cartographer_ros/scripts) by extension 'python_setup_py'
[0.421s] Level 1:colcon.colcon_core.package_identification:_identify(src) by extensions ['ignore', 'ignore_ament_install']
[0.421s] Level 1:colcon.colcon_core.package_identification:_identify(src) by extension 'ignore'
[0.421s] Level 1:colcon.colcon_core.package_identification:_identify(src) by extension 'ignore_ament_install'
[0.421s] Level 1:colcon.colcon_core.package_identification:_identify(src) by extensions ['colcon_pkg']
[0.421s] Level 1:colcon.colcon_core.package_identification:_identify(src) by extension 'colcon_pkg'
[0.421s] Level 1:colcon.colcon_core.package_identification:_identify(src) by extensions ['colcon_meta']
[0.421s] Level 1:colcon.colcon_core.package_identification:_identify(src) by extension 'colcon_meta'
[0.421s] Level 1:colcon.colcon_core.package_identification:_identify(src) by extensions ['ros']
[0.421s] Level 1:colcon.colcon_core.package_identification:_identify(src) by extension 'ros'
[0.421s] Level 1:colcon.colcon_core.package_identification:_identify(src) by extensions ['cmake', 'python']
[0.421s] Level 1:colcon.colcon_core.package_identification:_identify(src) by extension 'cmake'
[0.421s] Level 1:colcon.colcon_core.package_identification:_identify(src) by extension 'python'
[0.421s] Level 1:colcon.colcon_core.package_identification:_identify(src) by extensions ['python_setup_py']
[0.421s] Level 1:colcon.colcon_core.package_identification:_identify(src) by extension 'python_setup_py'
[0.421s] Level 1:colcon.colcon_core.package_identification:_identify(src/example_topic_rclpy) by extensions ['ignore', 'ignore_ament_install']
[0.421s] Level 1:colcon.colcon_core.package_identification:_identify(src/example_topic_rclpy) by extension 'ignore'
[0.421s] Level 1:colcon.colcon_core.package_identification:_identify(src/example_topic_rclpy) by extension 'ignore_ament_install'
[0.421s] Level 1:colcon.colcon_core.package_identification:_identify(src/example_topic_rclpy) by extensions ['colcon_pkg']
[0.421s] Level 1:colcon.colcon_core.package_identification:_identify(src/example_topic_rclpy) by extension 'colcon_pkg'
[0.421s] Level 1:colcon.colcon_core.package_identification:_identify(src/example_topic_rclpy) by extensions ['colcon_meta']
[0.421s] Level 1:colcon.colcon_core.package_identification:_identify(src/example_topic_rclpy) by extension 'colcon_meta'
[0.421s] Level 1:colcon.colcon_core.package_identification:_identify(src/example_topic_rclpy) by extensions ['ros']
[0.421s] Level 1:colcon.colcon_core.package_identification:_identify(src/example_topic_rclpy) by extension 'ros'
[0.422s] DEBUG:colcon.colcon_core.package_identification:Package 'src/example_topic_rclpy' with type 'ros.ament_python' and name 'example_topic_rclpy'
[0.422s] Level 1:colcon.colcon_core.package_identification:_identify(src/fishbot_cartographer) by extensions ['ignore', 'ignore_ament_install']
[0.422s] Level 1:colcon.colcon_core.package_identification:_identify(src/fishbot_cartographer) by extension 'ignore'
[0.422s] Level 1:colcon.colcon_core.package_identification:_identify(src/fishbot_cartographer) by extension 'ignore_ament_install'
[0.422s] Level 1:colcon.colcon_core.package_identification:_identify(src/fishbot_cartographer) by extensions ['colcon_pkg']
[0.422s] Level 1:colcon.colcon_core.package_identification:_identify(src/fishbot_cartographer) by extension 'colcon_pkg'
[0.422s] Level 1:colcon.colcon_core.package_identification:_identify(src/fishbot_cartographer) by extensions ['colcon_meta']
[0.422s] Level 1:colcon.colcon_core.package_identification:_identify(src/fishbot_cartographer) by extension 'colcon_meta'
[0.422s] Level 1:colcon.colcon_core.package_identification:_identify(src/fishbot_cartographer) by extensions ['ros']
[0.422s] Level 1:colcon.colcon_core.package_identification:_identify(src/fishbot_cartographer) by extension 'ros'
[0.423s] DEBUG:colcon.colcon_core.package_identification:Package 'src/fishbot_cartographer' with type 'ros.ament_cmake' and name 'fishbot_cartographer'
[0.423s] Level 1:colcon.colcon_core.package_identification:_identify(src/fishbot_description) by extensions ['ignore', 'ignore_ament_install']
[0.423s] Level 1:colcon.colcon_core.package_identification:_identify(src/fishbot_description) by extension 'ignore'
[0.423s] Level 1:colcon.colcon_core.package_identification:_identify(src/fishbot_description) by extension 'ignore_ament_install'
[0.423s] Level 1:colcon.colcon_core.package_identification:_identify(src/fishbot_description) by extensions ['colcon_pkg']
[0.423s] Level 1:colcon.colcon_core.package_identification:_identify(src/fishbot_description) by extension 'colcon_pkg'
[0.423s] Level 1:colcon.colcon_core.package_identification:_identify(src/fishbot_description) by extensions ['colcon_meta']
[0.423s] Level 1:colcon.colcon_core.package_identification:_identify(src/fishbot_description) by extension 'colcon_meta'
[0.423s] Level 1:colcon.colcon_core.package_identification:_identify(src/fishbot_description) by extensions ['ros']
[0.423s] Level 1:colcon.colcon_core.package_identification:_identify(src/fishbot_description) by extension 'ros'
[0.423s] DEBUG:colcon.colcon_core.package_identification:Package 'src/fishbot_description' with type 'ros.ament_python' and name 'fishbot_description'
[0.423s] Level 1:colcon.colcon_core.package_identification:_identify(src/fishbot_navigation2) by extensions ['ignore', 'ignore_ament_install']
[0.424s] Level 1:colcon.colcon_core.package_identification:_identify(src/fishbot_navigation2) by extension 'ignore'
[0.424s] Level 1:colcon.colcon_core.package_identification:_identify(src/fishbot_navigation2) by extension 'ignore_ament_install'
[0.424s] Level 1:colcon.colcon_core.package_identification:_identify(src/fishbot_navigation2) by extensions ['colcon_pkg']
[0.424s] Level 1:colcon.colcon_core.package_identification:_identify(src/fishbot_navigation2) by extension 'colcon_pkg'
[0.424s] Level 1:colcon.colcon_core.package_identification:_identify(src/fishbot_navigation2) by extensions ['colcon_meta']
[0.424s] Level 1:colcon.colcon_core.package_identification:_identify(src/fishbot_navigation2) by extension 'colcon_meta'
[0.424s] Level 1:colcon.colcon_core.package_identification:_identify(src/fishbot_navigation2) by extensions ['ros']
[0.424s] Level 1:colcon.colcon_core.package_identification:_identify(src/fishbot_navigation2) by extension 'ros'
[0.424s] DEBUG:colcon.colcon_core.package_identification:Package 'src/fishbot_navigation2' with type 'ros.ament_cmake' and name 'fishbot_navigation2'
[0.424s] Level 1:colcon.colcon_core.package_identification:_identify(src/service_server) by extensions ['ignore', 'ignore_ament_install']
[0.424s] Level 1:colcon.colcon_core.package_identification:_identify(src/service_server) by extension 'ignore'
[0.424s] Level 1:colcon.colcon_core.package_identification:_identify(src/service_server) by extension 'ignore_ament_install'
[0.424s] Level 1:colcon.colcon_core.package_identification:_identify(src/service_server) by extensions ['colcon_pkg']
[0.424s] Level 1:colcon.colcon_core.package_identification:_identify(src/service_server) by extension 'colcon_pkg'
[0.424s] Level 1:colcon.colcon_core.package_identification:_identify(src/service_server) by extensions ['colcon_meta']
[0.424s] Level 1:colcon.colcon_core.package_identification:_identify(src/service_server) by extension 'colcon_meta'
[0.424s] Level 1:colcon.colcon_core.package_identification:_identify(src/service_server) by extensions ['ros']
[0.424s] Level 1:colcon.colcon_core.package_identification:_identify(src/service_server) by extension 'ros'
[0.425s] DEBUG:colcon.colcon_core.package_identification:Package 'src/service_server' with type 'ros.ament_python' and name 'service_server'
[0.425s] Level 1:colcon.colcon_core.package_identification:_identify(src/world) by extensions ['ignore', 'ignore_ament_install']
[0.425s] Level 1:colcon.colcon_core.package_identification:_identify(src/world) by extension 'ignore'
[0.425s] Level 1:colcon.colcon_core.package_identification:_identify(src/world) by extension 'ignore_ament_install'
[0.425s] Level 1:colcon.colcon_core.package_identification:_identify(src/world) by extensions ['colcon_pkg']
[0.425s] Level 1:colcon.colcon_core.package_identification:_identify(src/world) by extension 'colcon_pkg'
[0.425s] Level 1:colcon.colcon_core.package_identification:_identify(src/world) by extensions ['colcon_meta']
[0.425s] Level 1:colcon.colcon_core.package_identification:_identify(src/world) by extension 'colcon_meta'
[0.425s] Level 1:colcon.colcon_core.package_identification:_identify(src/world) by extensions ['ros']
[0.425s] Level 1:colcon.colcon_core.package_identification:_identify(src/world) by extension 'ros'
[0.425s] Level 1:colcon.colcon_core.package_identification:_identify(src/world) by extensions ['cmake', 'python']
[0.425s] Level 1:colcon.colcon_core.package_identification:_identify(src/world) by extension 'cmake'
[0.425s] Level 1:colcon.colcon_core.package_identification:_identify(src/world) by extension 'python'
[0.425s] Level 1:colcon.colcon_core.package_identification:_identify(src/world) by extensions ['python_setup_py']
[0.425s] Level 1:colcon.colcon_core.package_identification:_identify(src/world) by extension 'python_setup_py'
[0.425s] Level 1:colcon.colcon_core.package_identification:_identify(src/world/world_first) by extensions ['ignore', 'ignore_ament_install']
[0.426s] Level 1:colcon.colcon_core.package_identification:_identify(src/world/world_first) by extension 'ignore'
[0.426s] Level 1:colcon.colcon_core.package_identification:_identify(src/world/world_first) by extension 'ignore_ament_install'
[0.426s] Level 1:colcon.colcon_core.package_identification:_identify(src/world/world_first) by extensions ['colcon_pkg']
[0.426s] Level 1:colcon.colcon_core.package_identification:_identify(src/world/world_first) by extension 'colcon_pkg'
[0.426s] Level 1:colcon.colcon_core.package_identification:_identify(src/world/world_first) by extensions ['colcon_meta']
[0.426s] Level 1:colcon.colcon_core.package_identification:_identify(src/world/world_first) by extension 'colcon_meta'
[0.426s] Level 1:colcon.colcon_core.package_identification:_identify(src/world/world_first) by extensions ['ros']
[0.426s] Level 1:colcon.colcon_core.package_identification:_identify(src/world/world_first) by extension 'ros'
[0.426s] Level 1:colcon.colcon_core.package_identification:_identify(src/world/world_first) by extensions ['cmake', 'python']
[0.426s] Level 1:colcon.colcon_core.package_identification:_identify(src/world/world_first) by extension 'cmake'
[0.426s] Level 1:colcon.colcon_core.package_identification:_identify(src/world/world_first) by extension 'python'
[0.426s] Level 1:colcon.colcon_core.package_identification:_identify(src/world/world_first) by extensions ['python_setup_py']
[0.426s] Level 1:colcon.colcon_core.package_identification:_identify(src/world/world_first) by extension 'python_setup_py'
[0.426s] Level 1:colcon.colcon_core.package_identification:_identify(src/world/world_second) by extensions ['ignore', 'ignore_ament_install']
[0.426s] Level 1:colcon.colcon_core.package_identification:_identify(src/world/world_second) by extension 'ignore'
[0.426s] Level 1:colcon.colcon_core.package_identification:_identify(src/world/world_second) by extension 'ignore_ament_install'
[0.426s] Level 1:colcon.colcon_core.package_identification:_identify(src/world/world_second) by extensions ['colcon_pkg']
[0.426s] Level 1:colcon.colcon_core.package_identification:_identify(src/world/world_second) by extension 'colcon_pkg'
[0.426s] Level 1:colcon.colcon_core.package_identification:_identify(src/world/world_second) by extensions ['colcon_meta']
[0.426s] Level 1:colcon.colcon_core.package_identification:_identify(src/world/world_second) by extension 'colcon_meta'
[0.426s] Level 1:colcon.colcon_core.package_identification:_identify(src/world/world_second) by extensions ['ros']
[0.426s] Level 1:colcon.colcon_core.package_identification:_identify(src/world/world_second) by extension 'ros'
[0.426s] Level 1:colcon.colcon_core.package_identification:_identify(src/world/world_second) by extensions ['cmake', 'python']
[0.426s] Level 1:colcon.colcon_core.package_identification:_identify(src/world/world_second) by extension 'cmake'
[0.426s] Level 1:colcon.colcon_core.package_identification:_identify(src/world/world_second) by extension 'python'
[0.426s] Level 1:colcon.colcon_core.package_identification:_identify(src/world/world_second) by extensions ['python_setup_py']
[0.426s] Level 1:colcon.colcon_core.package_identification:_identify(src/world/world_second) by extension 'python_setup_py'
[0.426s] Level 1:colcon.colcon_core.package_identification:_identify(src/world/world_thrid) by extensions ['ignore', 'ignore_ament_install']
[0.426s] Level 1:colcon.colcon_core.package_identification:_identify(src/world/world_thrid) by extension 'ignore'
[0.426s] Level 1:colcon.colcon_core.package_identification:_identify(src/world/world_thrid) by extension 'ignore_ament_install'
[0.426s] Level 1:colcon.colcon_core.package_identification:_identify(src/world/world_thrid) by extensions ['colcon_pkg']
[0.426s] Level 1:colcon.colcon_core.package_identification:_identify(src/world/world_thrid) by extension 'colcon_pkg'
[0.426s] Level 1:colcon.colcon_core.package_identification:_identify(src/world/world_thrid) by extensions ['colcon_meta']
[0.426s] Level 1:colcon.colcon_core.package_identification:_identify(src/world/world_thrid) by extension 'colcon_meta'
[0.426s] Level 1:colcon.colcon_core.package_identification:_identify(src/world/world_thrid) by extensions ['ros']
[0.426s] Level 1:colcon.colcon_core.package_identification:_identify(src/world/world_thrid) by extension 'ros'
[0.426s] Level 1:colcon.colcon_core.package_identification:_identify(src/world/world_thrid) by extensions ['cmake', 'python']
[0.427s] Level 1:colcon.colcon_core.package_identification:_identify(src/world/world_thrid) by extension 'cmake'
[0.427s] Level 1:colcon.colcon_core.package_identification:_identify(src/world/world_thrid) by extension 'python'
[0.427s] Level 1:colcon.colcon_core.package_identification:_identify(src/world/world_thrid) by extensions ['python_setup_py']
[0.427s] Level 1:colcon.colcon_core.package_identification:_identify(src/world/world_thrid) by extension 'python_setup_py'
[0.427s] Level 1:colcon.colcon_core.package_discovery:discover_packages(recursive) using defaults
[0.427s] Level 1:colcon.colcon_core.package_discovery:discover_packages(ignore) discover
[0.427s] Level 1:colcon.colcon_core.package_discovery:discover_packages(ignore) using defaults
[0.427s] Level 1:colcon.colcon_core.package_discovery:discover_packages(path) discover
[0.427s] Level 1:colcon.colcon_core.package_discovery:discover_packages(path) using defaults
