running egg_info
creating ../../build/bags_record/bags_record.egg-info
writing ../../build/bags_record/bags_record.egg-info/PKG-INFO
writing dependency_links to ../../build/bags_record/bags_record.egg-info/dependency_links.txt
writing entry points to ../../build/bags_record/bags_record.egg-info/entry_points.txt
writing requirements to ../../build/bags_record/bags_record.egg-info/requires.txt
writing top-level names to ../../build/bags_record/bags_record.egg-info/top_level.txt
writing manifest file '../../build/bags_record/bags_record.egg-info/SOURCES.txt'
reading manifest file '../../build/bags_record/bags_record.egg-info/SOURCES.txt'
writing manifest file '../../build/bags_record/bags_record.egg-info/SOURCES.txt'
running build
running build_py
creating /home/yutou/ros2_ws/build/bags_record/build
creating /home/yutou/ros2_ws/build/bags_record/build/lib
creating /home/yutou/ros2_ws/build/bags_record/build/lib/bags_record
copying bags_record/__init__.py -> /home/yutou/ros2_ws/build/bags_record/build/lib/bags_record
copying bags_record/bag_recorder.py -> /home/yutou/ros2_ws/build/bags_record/build/lib/bags_record
running install
running install_lib
creating /home/yutou/ros2_ws/install/bags_record/lib/python3.10/site-packages/bags_record
copying /home/yutou/ros2_ws/build/bags_record/build/lib/bags_record/__init__.py -> /home/yutou/ros2_ws/install/bags_record/lib/python3.10/site-packages/bags_record
copying /home/yutou/ros2_ws/build/bags_record/build/lib/bags_record/bag_recorder.py -> /home/yutou/ros2_ws/install/bags_record/lib/python3.10/site-packages/bags_record
byte-compiling /home/yutou/ros2_ws/install/bags_record/lib/python3.10/site-packages/bags_record/__init__.py to __init__.cpython-310.pyc
byte-compiling /home/yutou/ros2_ws/install/bags_record/lib/python3.10/site-packages/bags_record/bag_recorder.py to bag_recorder.cpython-310.pyc
running install_data
creating /home/yutou/ros2_ws/install/bags_record/share/ament_index
creating /home/yutou/ros2_ws/install/bags_record/share/ament_index/resource_index
creating /home/yutou/ros2_ws/install/bags_record/share/ament_index/resource_index/packages
copying resource/bags_record -> /home/yutou/ros2_ws/install/bags_record/share/ament_index/resource_index/packages
copying package.xml -> /home/yutou/ros2_ws/install/bags_record/share/bags_record
running install_egg_info
Copying ../../build/bags_record/bags_record.egg-info to /home/yutou/ros2_ws/install/bags_record/lib/python3.10/site-packages/bags_record-0.0.0-py3.10.egg-info
running install_scripts
writing list of installed files to '/home/yutou/ros2_ws/build/bags_record/install.log'
