[0.544s] Invoking command in '/home/yutou/ros2_ws/src/bags_record': PYTHONPATH=/home/yutou/ros2_ws/build/bags_record/prefix_override:/usr/lib/python3/dist-packages/colcon_core/task/python/colcon_distutils_commands:/home/yutou/ros2_ws/install/bags_record/lib/python3.10/site-packages:${PYTHONPATH} /usr/bin/python3 -W ignore:setup.py install is deprecated -W ignore:easy_install command is deprecated setup.py egg_info --egg-base ../../build/bags_record build --build-base /home/yutou/ros2_ws/build/bags_record/build install --record /home/yutou/ros2_ws/build/bags_record/install.log --single-version-externally-managed install_data
[0.674s] running egg_info
[0.675s] creating ../../build/bags_record/bags_record.egg-info
[0.675s] writing ../../build/bags_record/bags_record.egg-info/PKG-INFO
[0.675s] writing dependency_links to ../../build/bags_record/bags_record.egg-info/dependency_links.txt
[0.675s] writing entry points to ../../build/bags_record/bags_record.egg-info/entry_points.txt
[0.675s] writing requirements to ../../build/bags_record/bags_record.egg-info/requires.txt
[0.675s] writing top-level names to ../../build/bags_record/bags_record.egg-info/top_level.txt
[0.675s] writing manifest file '../../build/bags_record/bags_record.egg-info/SOURCES.txt'
[0.676s] reading manifest file '../../build/bags_record/bags_record.egg-info/SOURCES.txt'
[0.676s] writing manifest file '../../build/bags_record/bags_record.egg-info/SOURCES.txt'
[0.676s] running build
[0.676s] running build_py
[0.676s] creating /home/yutou/ros2_ws/build/bags_record/build
[0.676s] creating /home/yutou/ros2_ws/build/bags_record/build/lib
[0.677s] creating /home/yutou/ros2_ws/build/bags_record/build/lib/bags_record
[0.677s] copying bags_record/__init__.py -> /home/yutou/ros2_ws/build/bags_record/build/lib/bags_record
[0.677s] copying bags_record/bag_recorder.py -> /home/yutou/ros2_ws/build/bags_record/build/lib/bags_record
[0.677s] running install
[0.677s] running install_lib
[0.677s] creating /home/yutou/ros2_ws/install/bags_record/lib/python3.10/site-packages/bags_record
[0.677s] copying /home/yutou/ros2_ws/build/bags_record/build/lib/bags_record/__init__.py -> /home/yutou/ros2_ws/install/bags_record/lib/python3.10/site-packages/bags_record
[0.677s] copying /home/yutou/ros2_ws/build/bags_record/build/lib/bags_record/bag_recorder.py -> /home/yutou/ros2_ws/install/bags_record/lib/python3.10/site-packages/bags_record
[0.677s] byte-compiling /home/yutou/ros2_ws/install/bags_record/lib/python3.10/site-packages/bags_record/__init__.py to __init__.cpython-310.pyc
[0.678s] byte-compiling /home/yutou/ros2_ws/install/bags_record/lib/python3.10/site-packages/bags_record/bag_recorder.py to bag_recorder.cpython-310.pyc
[0.678s] running install_data
[0.678s] creating /home/yutou/ros2_ws/install/bags_record/share/ament_index
[0.678s] creating /home/yutou/ros2_ws/install/bags_record/share/ament_index/resource_index
[0.678s] creating /home/yutou/ros2_ws/install/bags_record/share/ament_index/resource_index/packages
[0.678s] copying resource/bags_record -> /home/yutou/ros2_ws/install/bags_record/share/ament_index/resource_index/packages
[0.678s] copying package.xml -> /home/yutou/ros2_ws/install/bags_record/share/bags_record
[0.678s] running install_egg_info
[0.679s] Copying ../../build/bags_record/bags_record.egg-info to /home/yutou/ros2_ws/install/bags_record/lib/python3.10/site-packages/bags_record-0.0.0-py3.10.egg-info
[0.680s] running install_scripts
[0.693s] writing list of installed files to '/home/yutou/ros2_ws/build/bags_record/install.log'
[0.709s] Invoked command in '/home/yutou/ros2_ws/src/bags_record' returned '0': PYTHONPATH=/home/yutou/ros2_ws/build/bags_record/prefix_override:/usr/lib/python3/dist-packages/colcon_core/task/python/colcon_distutils_commands:/home/yutou/ros2_ws/install/bags_record/lib/python3.10/site-packages:${PYTHONPATH} /usr/bin/python3 -W ignore:setup.py install is deprecated -W ignore:easy_install command is deprecated setup.py egg_info --egg-base ../../build/bags_record build --build-base /home/yutou/ros2_ws/build/bags_record/build install --record /home/yutou/ros2_ws/build/bags_record/install.log --single-version-externally-managed install_data
