[0.012s] Invoking command in '/home/yutou/ros2_ws/build/fishbot_navigation2': CMAKE_PREFIX_PATH=/opt/ros/humble /usr/bin/cmake --build /home/yutou/ros2_ws/build/fishbot_navigation2 -- -j20 -l20
[0.062s] Invoked command in '/home/yutou/ros2_ws/build/fishbot_navigation2' returned '0': CMAKE_PREFIX_PATH=/opt/ros/humble /usr/bin/cmake --build /home/yutou/ros2_ws/build/fishbot_navigation2 -- -j20 -l20
[0.074s] Invoking command in '/home/yutou/ros2_ws/build/fishbot_navigation2': CMAKE_PREFIX_PATH=/opt/ros/humble /usr/bin/cmake --install /home/yutou/ros2_ws/build/fishbot_navigation2
[0.082s] -- Install configuration: ""
[0.082s] -- Up-to-date: /home/yutou/ros2_ws/install/fishbot_navigation2/share/fishbot_navigation2//launch
[0.082s] -- Up-to-date: /home/yutou/ros2_ws/install/fishbot_navigation2/share/fishbot_navigation2//launch/navigation2.launch.py
[0.082s] -- Up-to-date: /home/yutou/ros2_ws/install/fishbot_navigation2/share/fishbot_navigation2//config
[0.082s] -- Up-to-date: /home/yutou/ros2_ws/install/fishbot_navigation2/share/fishbot_navigation2//maps
[0.082s] -- Up-to-date: /home/yutou/ros2_ws/install/fishbot_navigation2/share/fishbot_navigation2//param
[0.082s] -- Up-to-date: /home/yutou/ros2_ws/install/fishbot_navigation2/share/fishbot_navigation2//param/fishbot_nav2.yaml
[0.082s] -- Up-to-date: /home/yutou/ros2_ws/install/fishbot_navigation2/share/ament_index/resource_index/package_run_dependencies/fishbot_navigation2
[0.083s] -- Up-to-date: /home/yutou/ros2_ws/install/fishbot_navigation2/share/ament_index/resource_index/parent_prefix_path/fishbot_navigation2
[0.083s] -- Up-to-date: /home/yutou/ros2_ws/install/fishbot_navigation2/share/fishbot_navigation2/environment/ament_prefix_path.sh
[0.083s] -- Up-to-date: /home/yutou/ros2_ws/install/fishbot_navigation2/share/fishbot_navigation2/environment/ament_prefix_path.dsv
[0.083s] -- Up-to-date: /home/yutou/ros2_ws/install/fishbot_navigation2/share/fishbot_navigation2/environment/path.sh
[0.083s] -- Up-to-date: /home/yutou/ros2_ws/install/fishbot_navigation2/share/fishbot_navigation2/environment/path.dsv
[0.083s] -- Up-to-date: /home/yutou/ros2_ws/install/fishbot_navigation2/share/fishbot_navigation2/local_setup.bash
[0.083s] -- Up-to-date: /home/yutou/ros2_ws/install/fishbot_navigation2/share/fishbot_navigation2/local_setup.sh
[0.083s] -- Up-to-date: /home/yutou/ros2_ws/install/fishbot_navigation2/share/fishbot_navigation2/local_setup.zsh
[0.083s] -- Up-to-date: /home/yutou/ros2_ws/install/fishbot_navigation2/share/fishbot_navigation2/local_setup.dsv
[0.083s] -- Up-to-date: /home/yutou/ros2_ws/install/fishbot_navigation2/share/fishbot_navigation2/package.dsv
[0.083s] -- Up-to-date: /home/yutou/ros2_ws/install/fishbot_navigation2/share/ament_index/resource_index/packages/fishbot_navigation2
[0.083s] -- Up-to-date: /home/yutou/ros2_ws/install/fishbot_navigation2/share/fishbot_navigation2/cmake/fishbot_navigation2Config.cmake
[0.083s] -- Up-to-date: /home/yutou/ros2_ws/install/fishbot_navigation2/share/fishbot_navigation2/cmake/fishbot_navigation2Config-version.cmake
[0.083s] -- Up-to-date: /home/yutou/ros2_ws/install/fishbot_navigation2/share/fishbot_navigation2/package.xml
[0.085s] Invoked command in '/home/yutou/ros2_ws/build/fishbot_navigation2' returned '0': CMAKE_PREFIX_PATH=/opt/ros/humble /usr/bin/cmake --install /home/yutou/ros2_ws/build/fishbot_navigation2
