/home/yutou/ros2_ws/install/service_server/lib/python3.10/site-packages/service_server/service_server.py
/home/yutou/ros2_ws/install/service_server/lib/python3.10/site-packages/service_server/server.py
/home/yutou/ros2_ws/install/service_server/lib/python3.10/site-packages/service_server/service_client.py
/home/yutou/ros2_ws/install/service_server/lib/python3.10/site-packages/service_server/__init__.py
/home/yutou/ros2_ws/install/service_server/lib/python3.10/site-packages/service_server/__pycache__/service_server.cpython-310.pyc
/home/yutou/ros2_ws/install/service_server/lib/python3.10/site-packages/service_server/__pycache__/server.cpython-310.pyc
/home/yutou/ros2_ws/install/service_server/lib/python3.10/site-packages/service_server/__pycache__/service_client.cpython-310.pyc
/home/yutou/ros2_ws/install/service_server/lib/python3.10/site-packages/service_server/__pycache__/__init__.cpython-310.pyc
/home/yutou/ros2_ws/install/service_server/share/ament_index/resource_index/packages/service_server
/home/yutou/ros2_ws/install/service_server/share/service_server/package.xml
/home/yutou/ros2_ws/install/service_server/lib/python3.10/site-packages/service_server-0.0.0-py3.10.egg-info/entry_points.txt
/home/yutou/ros2_ws/install/service_server/lib/python3.10/site-packages/service_server-0.0.0-py3.10.egg-info/dependency_links.txt
/home/yutou/ros2_ws/install/service_server/lib/python3.10/site-packages/service_server-0.0.0-py3.10.egg-info/SOURCES.txt
/home/yutou/ros2_ws/install/service_server/lib/python3.10/site-packages/service_server-0.0.0-py3.10.egg-info/top_level.txt
/home/yutou/ros2_ws/install/service_server/lib/python3.10/site-packages/service_server-0.0.0-py3.10.egg-info/PKG-INFO
/home/yutou/ros2_ws/install/service_server/lib/python3.10/site-packages/service_server-0.0.0-py3.10.egg-info/requires.txt
/home/yutou/ros2_ws/install/service_server/lib/python3.10/site-packages/service_server-0.0.0-py3.10.egg-info/zip-safe
/home/yutou/ros2_ws/install/service_server/lib/service_server/server
/home/yutou/ros2_ws/install/service_server/lib/service_server/service
/home/yutou/ros2_ws/install/service_server/lib/service_server/service_client
