[0.147s] Invoking command in '/home/yutou/ros2_ws/build/base_cpp': CMAKE_PREFIX_PATH=/home/yutou/ros2_ws/install/base:/opt/ros/humble /usr/bin/cmake --build /home/yutou/ros2_ws/build/base_cpp -- -j20 -l20
[0.179s] [35m[1mConsolidate compiler generated dependencies of target talker[0m
[0.193s] [ 50%] [32mBuilding CXX object CMakeFiles/talker.dir/src/publisher.cpp.o[0m
[2.809s] [100%] [32m[1mLinking CXX executable talker[0m
[2.984s] [100%] Built target talker
[2.993s] Invoked command in '/home/yutou/ros2_ws/build/base_cpp' returned '0': CMAKE_PREFIX_PATH=/home/yutou/ros2_ws/install/base:/opt/ros/humble /usr/bin/cmake --build /home/yutou/ros2_ws/build/base_cpp -- -j20 -l20
[3.002s] Invoking command in '/home/yutou/ros2_ws/build/base_cpp': CMAKE_PREFIX_PATH=/home/yutou/ros2_ws/install/base:/opt/ros/humble /usr/bin/cmake --install /home/yutou/ros2_ws/build/base_cpp
[3.011s] -- Install configuration: ""
[3.011s] -- Installing: /home/yutou/ros2_ws/install/base_cpp/lib/base_cpp/talker
[3.012s] -- Set runtime path of "/home/yutou/ros2_ws/install/base_cpp/lib/base_cpp/talker" to ""
[3.012s] -- Installing: /home/yutou/ros2_ws/install/base_cpp/share/ament_index/resource_index/package_run_dependencies/base_cpp
[3.012s] -- Installing: /home/yutou/ros2_ws/install/base_cpp/share/ament_index/resource_index/parent_prefix_path/base_cpp
[3.012s] -- Installing: /home/yutou/ros2_ws/install/base_cpp/share/base_cpp/environment/ament_prefix_path.sh
[3.013s] -- Installing: /home/yutou/ros2_ws/install/base_cpp/share/base_cpp/environment/ament_prefix_path.dsv
[3.013s] -- Installing: /home/yutou/ros2_ws/install/base_cpp/share/base_cpp/environment/path.sh
[3.013s] -- Installing: /home/yutou/ros2_ws/install/base_cpp/share/base_cpp/environment/path.dsv
[3.013s] -- Installing: /home/yutou/ros2_ws/install/base_cpp/share/base_cpp/local_setup.bash
[3.013s] -- Installing: /home/yutou/ros2_ws/install/base_cpp/share/base_cpp/local_setup.sh
[3.013s] -- Installing: /home/yutou/ros2_ws/install/base_cpp/share/base_cpp/local_setup.zsh
[3.013s] -- Installing: /home/yutou/ros2_ws/install/base_cpp/share/base_cpp/local_setup.dsv
[3.014s] -- Installing: /home/yutou/ros2_ws/install/base_cpp/share/base_cpp/package.dsv
[3.014s] -- Installing: /home/yutou/ros2_ws/install/base_cpp/share/ament_index/resource_index/packages/base_cpp
[3.014s] -- Installing: /home/yutou/ros2_ws/install/base_cpp/share/base_cpp/cmake/base_cppConfig.cmake
[3.014s] -- Installing: /home/yutou/ros2_ws/install/base_cpp/share/base_cpp/cmake/base_cppConfig-version.cmake
[3.014s] -- Installing: /home/yutou/ros2_ws/install/base_cpp/share/base_cpp/package.xml
[3.015s] Invoked command in '/home/yutou/ros2_ws/build/base_cpp' returned '0': CMAKE_PREFIX_PATH=/home/yutou/ros2_ws/install/base:/opt/ros/humble /usr/bin/cmake --install /home/yutou/ros2_ws/build/base_cpp
