[0.155s] Invoking command in '/home/yutou/ros2_ws/build/livox_ros_driver2': CMAKE_PREFIX_PATH=/home/yutou/ros2_ws/install/ros2_driver:/opt/ros/humble /usr/bin/cmake /home/yutou/ros2_ws/packages/ws_livox/src/livox_ros_driver2 -DCMAKE_INSTALL_PREFIX=/home/yutou/ros2_ws/install/livox_ros_driver2
[0.174s] -- livox_ros_driver2 version: 1.2.4
[0.175s] -- Found ament_cmake_auto: 1.3.12 (/opt/ros/humble/share/ament_cmake_auto/cmake)
[0.362s] -- Using all available rosidl_typesupport_c: rosidl_typesupport_fastrtps_c;rosidl_typesupport_introspection_c
[0.367s] -- Found rosidl_adapter: 3.1.7 (/opt/ros/humble/share/rosidl_adapter/cmake)
[0.413s] -- Using all available rosidl_typesupport_cpp: rosidl_typesupport_fastrtps_cpp;rosidl_typesupport_introspection_cpp
[0.502s] -- Found rmw_implementation_cmake: 6.1.2 (/opt/ros/humble/share/rmw_implementation_cmake/cmake)
[0.504s] -- Found rmw_fastrtps_cpp: 6.2.8 (/opt/ros/humble/share/rmw_fastrtps_cpp/cmake)
[0.618s] -- Using RMW implementation 'rmw_fastrtps_cpp' as default
[0.767s] -- Eigen found (include: /usr/include/eigen3, version: 3.4.0)
[0.806s] -- FLANN found (include: /usr/include, lib: /usr/lib/x86_64-linux-gnu/libflann_cpp.so)
[1.240s] -- OpenNI found (version: 1.5.4.0, include: /usr/include/ni, lib: /usr/lib/libOpenNI.so;libusb::libusb)
[1.249s] -- OpenNI2 found (version: 2.2.0.33, include: /usr/include/openni2, lib: /usr/lib/x86_64-linux-gnu/libOpenNI2.so;libusb::libusb)
[1.369s] -- Eigen found (include: /usr/include/eigen3, version: 3.4.0)
[1.373s] -- OpenNI found (version: 1.5.4.0, include: /usr/include/ni, lib: /usr/lib/libOpenNI.so;libusb::libusb)
[1.377s] -- OpenNI2 found (version: 2.2.0.33, include: /usr/include/openni2, lib: /usr/lib/x86_64-linux-gnu/libOpenNI2.so;libusb::libusb)
[1.491s] -- Found Qhull version 8.0.2
[1.606s] -- OpenNI found (version: 1.5.4.0, include: /usr/include/ni, lib: /usr/lib/libOpenNI.so;libusb::libusb)
[1.760s] -- Checking for module 'apr-1'
[1.764s] --   No package 'apr-1' found
[1.918s] -- Found ament_cmake_ros: 0.10.0 (/opt/ros/humble/share/ament_cmake_ros/cmake)
[2.085s] -- Using all available rosidl_typesupport_c: rosidl_typesupport_fastrtps_c;rosidl_typesupport_introspection_c
[2.298s] -- Using all available rosidl_typesupport_cpp: rosidl_typesupport_fastrtps_cpp;rosidl_typesupport_introspection_cpp
[2.318s] -- Found python_cmake_module: 0.10.0 (/opt/ros/humble/share/python_cmake_module/cmake)
[2.338s] -- Using PYTHON_EXECUTABLE: /usr/bin/python3
[2.338s] -- Using PYTHON_INCLUDE_DIRS: /usr/include/python3.10
[2.338s] -- Using PYTHON_LIBRARIES: /usr/lib/x86_64-linux-gnu/libpython3.10.so
[2.365s] -- Found ament_lint_auto: 0.12.14 (/opt/ros/humble/share/ament_lint_auto/cmake)
[2.382s] -- Added test 'copyright' to check source files copyright and LICENSE
[2.385s] -- Added test 'cppcheck' to perform static code analysis on C / C++ code
[2.386s] -- Configured cppcheck include dirs: /home/yutou/ros2_ws/packages/ws_livox/src/livox_ros_driver2/3rdparty;/home/yutou/ros2_ws/packages/ws_livox/src/livox_ros_driver2/src
[2.386s] -- Configured cppcheck exclude dirs and/or files: 
[2.389s] -- Added test 'cpplint' to check C / C++ code against the Google style
[2.389s] -- Configured cpplint exclude dirs and/or files: 
[2.390s] -- Added test 'flake8' to check Python code syntax and style conventions
[2.391s] -- Added test 'lint_cmake' to check CMake code style
[2.392s] -- Added test 'pep257' to check Python code against some of the docstring style conventions in PEP 257
[2.395s] -- Added test 'uncrustify' to check C / C++ code style
[2.395s] -- Configured uncrustify additional arguments: 
[2.396s] -- Added test 'xmllint' to check XML markup files
[2.399s] -- Configuring done
[2.402s] [0mCMake Error: The following variables are used in this project, but they are set to NOTFOUND.
[2.402s] Please set them or make sure they are set and tested correctly in the CMake files:
[2.402s] /home/yutou/ros2_ws/packages/ws_livox/src/livox_ros_driver2/LIVOX_INTERFACES_INCLUDE_DIRECTORIES
[2.402s]    used as include directory in directory /home/yutou/ros2_ws/packages/ws_livox/src/livox_ros_driver2
[2.402s] [0m
[2.501s] -- Generating done
[2.503s] [0mCMake Generate step failed.  Build files cannot be regenerated correctly.[0m
[2.520s] Invoked command in '/home/yutou/ros2_ws/build/livox_ros_driver2' returned '1': CMAKE_PREFIX_PATH=/home/yutou/ros2_ws/install/ros2_driver:/opt/ros/humble /usr/bin/cmake /home/yutou/ros2_ws/packages/ws_livox/src/livox_ros_driver2 -DCMAKE_INSTALL_PREFIX=/home/yutou/ros2_ws/install/livox_ros_driver2
