[0.015s] Invoking command in '/home/yutou/ros2_ws/build/fishbot_navigation2': CMAKE_PREFIX_PATH=${CMAKE_PREFIX_PATH}:/home/yutou/ros2_ws/install/service_server:/home/yutou/ros2_ws/install/fishbot_description:/home/yutou/ros2_ws/install/example_topic_rclpy:/opt/ros/humble /usr/bin/cmake --build /home/yutou/ros2_ws/build/fishbot_navigation2 -- -j20 -l20
[0.037s] -- Found ament_cmake: 1.3.12 (/opt/ros/humble/share/ament_cmake/cmake)
[0.169s] -- Found nav2_bringup: 1.1.18 (/opt/ros/humble/share/nav2_bringup/cmake)
[0.169s] -- Found ament_lint_auto: 0.12.14 (/opt/ros/humble/share/ament_lint_auto/cmake)
[0.237s] -- Added test 'flake8' to check Python code syntax and style conventions
[0.238s] -- Added test 'lint_cmake' to check CMake code style
[0.238s] -- Added test 'pep257' to check Python code against some of the docstring style conventions in PEP 257
[0.239s] -- Added test 'xmllint' to check XML markup files
[0.240s] -- Configuring done
[0.244s] -- Generating done
[0.246s] -- Build files have been written to: /home/yutou/ros2_ws/build/fishbot_navigation2
[0.271s] Invoked command in '/home/yutou/ros2_ws/build/fishbot_navigation2' returned '0': CMAKE_PREFIX_PATH=${CMAKE_PREFIX_PATH}:/home/yutou/ros2_ws/install/service_server:/home/yutou/ros2_ws/install/fishbot_description:/home/yutou/ros2_ws/install/example_topic_rclpy:/opt/ros/humble /usr/bin/cmake --build /home/yutou/ros2_ws/build/fishbot_navigation2 -- -j20 -l20
[0.282s] Invoking command in '/home/yutou/ros2_ws/build/fishbot_navigation2': CMAKE_PREFIX_PATH=${CMAKE_PREFIX_PATH}:/home/yutou/ros2_ws/install/service_server:/home/yutou/ros2_ws/install/fishbot_description:/home/yutou/ros2_ws/install/example_topic_rclpy:/opt/ros/humble /usr/bin/cmake --install /home/yutou/ros2_ws/build/fishbot_navigation2
[0.291s] -- Install configuration: ""
[0.291s] -- Up-to-date: /home/yutou/ros2_ws/install/fishbot_navigation2/share/fishbot_navigation2//launch
[0.291s] -- Installing: /home/yutou/ros2_ws/install/fishbot_navigation2/share/fishbot_navigation2//launch/navigation2.launch.py
[0.291s] -- Up-to-date: /home/yutou/ros2_ws/install/fishbot_navigation2/share/fishbot_navigation2//maps
[0.291s] -- Up-to-date: /home/yutou/ros2_ws/install/fishbot_navigation2/share/fishbot_navigation2//param
[0.291s] -- Up-to-date: /home/yutou/ros2_ws/install/fishbot_navigation2/share/fishbot_navigation2//param/fishbot_nav2.yaml
[0.291s] -- Up-to-date: /home/yutou/ros2_ws/install/fishbot_navigation2/share/ament_index/resource_index/package_run_dependencies/fishbot_navigation2
[0.291s] -- Installing: /home/yutou/ros2_ws/install/fishbot_navigation2/share/ament_index/resource_index/parent_prefix_path/fishbot_navigation2
[0.291s] -- Up-to-date: /home/yutou/ros2_ws/install/fishbot_navigation2/share/fishbot_navigation2/environment/ament_prefix_path.sh
[0.291s] -- Installing: /home/yutou/ros2_ws/install/fishbot_navigation2/share/fishbot_navigation2/environment/ament_prefix_path.dsv
[0.292s] -- Up-to-date: /home/yutou/ros2_ws/install/fishbot_navigation2/share/fishbot_navigation2/environment/path.sh
[0.292s] -- Installing: /home/yutou/ros2_ws/install/fishbot_navigation2/share/fishbot_navigation2/environment/path.dsv
[0.292s] -- Up-to-date: /home/yutou/ros2_ws/install/fishbot_navigation2/share/fishbot_navigation2/local_setup.bash
[0.292s] -- Up-to-date: /home/yutou/ros2_ws/install/fishbot_navigation2/share/fishbot_navigation2/local_setup.sh
[0.292s] -- Up-to-date: /home/yutou/ros2_ws/install/fishbot_navigation2/share/fishbot_navigation2/local_setup.zsh
[0.292s] -- Installing: /home/yutou/ros2_ws/install/fishbot_navigation2/share/fishbot_navigation2/local_setup.dsv
[0.292s] -- Installing: /home/yutou/ros2_ws/install/fishbot_navigation2/share/fishbot_navigation2/package.dsv
[0.292s] -- Up-to-date: /home/yutou/ros2_ws/install/fishbot_navigation2/share/ament_index/resource_index/packages/fishbot_navigation2
[0.292s] -- Up-to-date: /home/yutou/ros2_ws/install/fishbot_navigation2/share/fishbot_navigation2/cmake/fishbot_navigation2Config.cmake
[0.292s] -- Up-to-date: /home/yutou/ros2_ws/install/fishbot_navigation2/share/fishbot_navigation2/cmake/fishbot_navigation2Config-version.cmake
[0.292s] -- Up-to-date: /home/yutou/ros2_ws/install/fishbot_navigation2/share/fishbot_navigation2/package.xml
[0.293s] Invoked command in '/home/yutou/ros2_ws/build/fishbot_navigation2' returned '0': CMAKE_PREFIX_PATH=${CMAKE_PREFIX_PATH}:/home/yutou/ros2_ws/install/service_server:/home/yutou/ros2_ws/install/fishbot_description:/home/yutou/ros2_ws/install/example_topic_rclpy:/opt/ros/humble /usr/bin/cmake --install /home/yutou/ros2_ws/build/fishbot_navigation2
