[0.065s] DEBUG:colcon:Command line arguments: ['/usr/bin/colcon', 'build', '--packages-select', 'story']
[0.065s] DEBUG:colcon:Parsed command line arguments: Namespace(log_base=None, log_level=None, verb_name='build', build_base='build', install_base='install', merge_install=False, symlink_install=False, test_result_base=None, continue_on_error=False, executor='parallel', parallel_workers=20, event_handlers=None, ignore_user_meta=False, metas=['./colcon.meta'], base_paths=['.'], packages_ignore=None, packages_ignore_regex=None, paths=None, packages_up_to=None, packages_up_to_regex=None, packages_above=None, packages_above_and_dependencies=None, packages_above_depth=None, packages_select_by_dep=None, packages_skip_by_dep=None, packages_skip_up_to=None, packages_select_build_failed=False, packages_skip_build_finished=False, packages_select_test_failures=False, packages_skip_test_passed=False, packages_select=['story'], packages_skip=None, packages_select_regex=None, packages_skip_regex=None, packages_start=None, packages_end=None, cmake_args=None, cmake_target=None, cmake_target_skip_unavailable=False, cmake_clean_cache=False, cmake_clean_first=False, cmake_force_configure=False, ament_cmake_args=None, catkin_cmake_args=None, catkin_skip_building_tests=False, mixin_files=None, mixin=None, verb_parser=<colcon_mixin.mixin.mixin_argument.MixinArgumentDecorator object at 0x7a34af1dcb80>, verb_extension=<colcon_core.verb.build.BuildVerb object at 0x7a34af2dd9f0>, main=<bound method BuildVerb.main of <colcon_core.verb.build.BuildVerb object at 0x7a34af2dd9f0>>, mixin_verb=('build',))
[0.149s] Level 1:colcon.colcon_core.package_discovery:discover_packages(colcon_meta) check parameters
[0.149s] Level 1:colcon.colcon_core.package_discovery:discover_packages(recursive) check parameters
[0.149s] Level 1:colcon.colcon_core.package_discovery:discover_packages(ignore) check parameters
[0.149s] Level 1:colcon.colcon_core.package_discovery:discover_packages(path) check parameters
[0.149s] Level 1:colcon.colcon_core.package_discovery:discover_packages(colcon_meta) discover
[0.149s] Level 1:colcon.colcon_core.package_discovery:discover_packages(recursive) discover
[0.149s] INFO:colcon.colcon_core.package_discovery:Crawling recursively for packages in '/home/yutou/ros2_ws'
[0.149s] Level 1:colcon.colcon_core.package_identification:_identify(.) by extensions ['ignore', 'ignore_ament_install']
[0.149s] Level 1:colcon.colcon_core.package_identification:_identify(.) by extension 'ignore'
[0.149s] Level 1:colcon.colcon_core.package_identification:_identify(.) by extension 'ignore_ament_install'
[0.149s] Level 1:colcon.colcon_core.package_identification:_identify(.) by extensions ['colcon_pkg']
[0.149s] Level 1:colcon.colcon_core.package_identification:_identify(.) by extension 'colcon_pkg'
[0.149s] Level 1:colcon.colcon_core.package_identification:_identify(.) by extensions ['colcon_meta']
[0.149s] Level 1:colcon.colcon_core.package_identification:_identify(.) by extension 'colcon_meta'
[0.149s] Level 1:colcon.colcon_core.package_identification:_identify(.) by extensions ['ros']
[0.149s] Level 1:colcon.colcon_core.package_identification:_identify(.) by extension 'ros'
[0.157s] Level 1:colcon.colcon_core.package_identification:_identify(.) by extensions ['cmake', 'python']
[0.157s] Level 1:colcon.colcon_core.package_identification:_identify(.) by extension 'cmake'
[0.157s] Level 1:colcon.colcon_core.package_identification:_identify(.) by extension 'python'
[0.157s] Level 1:colcon.colcon_core.package_identification:_identify(.) by extensions ['python_setup_py']
[0.157s] Level 1:colcon.colcon_core.package_identification:_identify(.) by extension 'python_setup_py'
[0.157s] Level 1:colcon.colcon_core.package_identification:_identify(build) by extensions ['ignore', 'ignore_ament_install']
[0.157s] Level 1:colcon.colcon_core.package_identification:_identify(build) by extension 'ignore'
[0.157s] Level 1:colcon.colcon_core.package_identification:_identify(build) ignored
[0.157s] Level 1:colcon.colcon_core.package_identification:_identify(install) by extensions ['ignore', 'ignore_ament_install']
[0.157s] Level 1:colcon.colcon_core.package_identification:_identify(install) by extension 'ignore'
[0.157s] Level 1:colcon.colcon_core.package_identification:_identify(install) ignored
[0.157s] Level 1:colcon.colcon_core.package_identification:_identify(log) by extensions ['ignore', 'ignore_ament_install']
[0.157s] Level 1:colcon.colcon_core.package_identification:_identify(log) by extension 'ignore'
[0.157s] Level 1:colcon.colcon_core.package_identification:_identify(log) ignored
[0.157s] Level 1:colcon.colcon_core.package_identification:_identify(packages) by extensions ['ignore', 'ignore_ament_install']
[0.157s] Level 1:colcon.colcon_core.package_identification:_identify(packages) by extension 'ignore'
[0.158s] Level 1:colcon.colcon_core.package_identification:_identify(packages) by extension 'ignore_ament_install'
[0.158s] Level 1:colcon.colcon_core.package_identification:_identify(packages) by extensions ['colcon_pkg']
[0.158s] Level 1:colcon.colcon_core.package_identification:_identify(packages) by extension 'colcon_pkg'
[0.158s] Level 1:colcon.colcon_core.package_identification:_identify(packages) by extensions ['colcon_meta']
[0.158s] Level 1:colcon.colcon_core.package_identification:_identify(packages) by extension 'colcon_meta'
[0.158s] Level 1:colcon.colcon_core.package_identification:_identify(packages) by extensions ['ros']
[0.158s] Level 1:colcon.colcon_core.package_identification:_identify(packages) by extension 'ros'
[0.158s] Level 1:colcon.colcon_core.package_identification:_identify(packages) by extensions ['cmake', 'python']
[0.158s] Level 1:colcon.colcon_core.package_identification:_identify(packages) by extension 'cmake'
[0.158s] Level 1:colcon.colcon_core.package_identification:_identify(packages) by extension 'python'
[0.158s] Level 1:colcon.colcon_core.package_identification:_identify(packages) by extensions ['python_setup_py']
[0.158s] Level 1:colcon.colcon_core.package_identification:_identify(packages) by extension 'python_setup_py'
[0.158s] Level 1:colcon.colcon_core.package_identification:_identify(packages/cartographer) by extensions ['ignore', 'ignore_ament_install']
[0.158s] Level 1:colcon.colcon_core.package_identification:_identify(packages/cartographer) by extension 'ignore'
[0.158s] Level 1:colcon.colcon_core.package_identification:_identify(packages/cartographer) by extension 'ignore_ament_install'
[0.158s] Level 1:colcon.colcon_core.package_identification:_identify(packages/cartographer) by extensions ['colcon_pkg']
[0.158s] Level 1:colcon.colcon_core.package_identification:_identify(packages/cartographer) by extension 'colcon_pkg'
[0.158s] Level 1:colcon.colcon_core.package_identification:_identify(packages/cartographer) by extensions ['colcon_meta']
[0.158s] Level 1:colcon.colcon_core.package_identification:_identify(packages/cartographer) by extension 'colcon_meta'
[0.158s] Level 1:colcon.colcon_core.package_identification:_identify(packages/cartographer) by extensions ['ros']
[0.158s] Level 1:colcon.colcon_core.package_identification:_identify(packages/cartographer) by extension 'ros'
[0.160s] DEBUG:colcon.colcon_core.package_identification:Package 'packages/cartographer' with type 'ros.cmake' and name 'cartographer'
[0.160s] Level 1:colcon.colcon_core.package_identification:_identify(packages/cartographer_ros) by extensions ['ignore', 'ignore_ament_install']
[0.160s] Level 1:colcon.colcon_core.package_identification:_identify(packages/cartographer_ros) by extension 'ignore'
[0.160s] Level 1:colcon.colcon_core.package_identification:_identify(packages/cartographer_ros) by extension 'ignore_ament_install'
[0.160s] Level 1:colcon.colcon_core.package_identification:_identify(packages/cartographer_ros) by extensions ['colcon_pkg']
[0.160s] Level 1:colcon.colcon_core.package_identification:_identify(packages/cartographer_ros) by extension 'colcon_pkg'
[0.160s] Level 1:colcon.colcon_core.package_identification:_identify(packages/cartographer_ros) by extensions ['colcon_meta']
[0.160s] Level 1:colcon.colcon_core.package_identification:_identify(packages/cartographer_ros) by extension 'colcon_meta'
[0.160s] Level 1:colcon.colcon_core.package_identification:_identify(packages/cartographer_ros) by extensions ['ros']
[0.160s] Level 1:colcon.colcon_core.package_identification:_identify(packages/cartographer_ros) by extension 'ros'
[0.160s] Level 1:colcon.colcon_core.package_identification:_identify(packages/cartographer_ros) by extensions ['cmake', 'python']
[0.160s] Level 1:colcon.colcon_core.package_identification:_identify(packages/cartographer_ros) by extension 'cmake'
[0.160s] Level 1:colcon.colcon_core.package_identification:_identify(packages/cartographer_ros) by extension 'python'
[0.160s] Level 1:colcon.colcon_core.package_identification:_identify(packages/cartographer_ros) by extensions ['python_setup_py']
[0.160s] Level 1:colcon.colcon_core.package_identification:_identify(packages/cartographer_ros) by extension 'python_setup_py'
[0.160s] Level 1:colcon.colcon_core.package_identification:_identify(packages/cartographer_ros/cartographer_ros) by extensions ['ignore', 'ignore_ament_install']
[0.161s] Level 1:colcon.colcon_core.package_identification:_identify(packages/cartographer_ros/cartographer_ros) by extension 'ignore'
[0.161s] Level 1:colcon.colcon_core.package_identification:_identify(packages/cartographer_ros/cartographer_ros) by extension 'ignore_ament_install'
[0.161s] Level 1:colcon.colcon_core.package_identification:_identify(packages/cartographer_ros/cartographer_ros) by extensions ['colcon_pkg']
[0.161s] Level 1:colcon.colcon_core.package_identification:_identify(packages/cartographer_ros/cartographer_ros) by extension 'colcon_pkg'
[0.161s] Level 1:colcon.colcon_core.package_identification:_identify(packages/cartographer_ros/cartographer_ros) by extensions ['colcon_meta']
[0.161s] Level 1:colcon.colcon_core.package_identification:_identify(packages/cartographer_ros/cartographer_ros) by extension 'colcon_meta'
[0.161s] Level 1:colcon.colcon_core.package_identification:_identify(packages/cartographer_ros/cartographer_ros) by extensions ['ros']
[0.161s] Level 1:colcon.colcon_core.package_identification:_identify(packages/cartographer_ros/cartographer_ros) by extension 'ros'
[0.162s] DEBUG:colcon.colcon_core.package_identification:Package 'packages/cartographer_ros/cartographer_ros' with type 'ros.ament_cmake' and name 'cartographer_ros'
[0.162s] Level 1:colcon.colcon_core.package_identification:_identify(packages/cartographer_ros/cartographer_ros_msgs) by extensions ['ignore', 'ignore_ament_install']
[0.162s] Level 1:colcon.colcon_core.package_identification:_identify(packages/cartographer_ros/cartographer_ros_msgs) by extension 'ignore'
[0.162s] Level 1:colcon.colcon_core.package_identification:_identify(packages/cartographer_ros/cartographer_ros_msgs) by extension 'ignore_ament_install'
[0.162s] Level 1:colcon.colcon_core.package_identification:_identify(packages/cartographer_ros/cartographer_ros_msgs) by extensions ['colcon_pkg']
[0.162s] Level 1:colcon.colcon_core.package_identification:_identify(packages/cartographer_ros/cartographer_ros_msgs) by extension 'colcon_pkg'
[0.162s] Level 1:colcon.colcon_core.package_identification:_identify(packages/cartographer_ros/cartographer_ros_msgs) by extensions ['colcon_meta']
[0.162s] Level 1:colcon.colcon_core.package_identification:_identify(packages/cartographer_ros/cartographer_ros_msgs) by extension 'colcon_meta'
[0.162s] Level 1:colcon.colcon_core.package_identification:_identify(packages/cartographer_ros/cartographer_ros_msgs) by extensions ['ros']
[0.162s] Level 1:colcon.colcon_core.package_identification:_identify(packages/cartographer_ros/cartographer_ros_msgs) by extension 'ros'
[0.163s] DEBUG:colcon.colcon_core.package_identification:Package 'packages/cartographer_ros/cartographer_ros_msgs' with type 'ros.ament_cmake' and name 'cartographer_ros_msgs'
[0.163s] Level 1:colcon.colcon_core.package_identification:_identify(packages/cartographer_ros/cartographer_rviz) by extensions ['ignore', 'ignore_ament_install']
[0.163s] Level 1:colcon.colcon_core.package_identification:_identify(packages/cartographer_ros/cartographer_rviz) by extension 'ignore'
[0.163s] Level 1:colcon.colcon_core.package_identification:_identify(packages/cartographer_ros/cartographer_rviz) by extension 'ignore_ament_install'
[0.163s] Level 1:colcon.colcon_core.package_identification:_identify(packages/cartographer_ros/cartographer_rviz) by extensions ['colcon_pkg']
[0.163s] Level 1:colcon.colcon_core.package_identification:_identify(packages/cartographer_ros/cartographer_rviz) by extension 'colcon_pkg'
[0.163s] Level 1:colcon.colcon_core.package_identification:_identify(packages/cartographer_ros/cartographer_rviz) by extensions ['colcon_meta']
[0.163s] Level 1:colcon.colcon_core.package_identification:_identify(packages/cartographer_ros/cartographer_rviz) by extension 'colcon_meta'
[0.163s] Level 1:colcon.colcon_core.package_identification:_identify(packages/cartographer_ros/cartographer_rviz) by extensions ['ros']
[0.163s] Level 1:colcon.colcon_core.package_identification:_identify(packages/cartographer_ros/cartographer_rviz) by extension 'ros'
[0.164s] DEBUG:colcon.colcon_core.package_identification:Package 'packages/cartographer_ros/cartographer_rviz' with type 'ros.ament_cmake' and name 'cartographer_rviz'
[0.164s] Level 1:colcon.colcon_core.package_identification:_identify(packages/cartographer_ros/docs) by extensions ['ignore', 'ignore_ament_install']
[0.164s] Level 1:colcon.colcon_core.package_identification:_identify(packages/cartographer_ros/docs) by extension 'ignore'
[0.164s] Level 1:colcon.colcon_core.package_identification:_identify(packages/cartographer_ros/docs) ignored
[0.164s] Level 1:colcon.colcon_core.package_identification:_identify(packages/cartographer_ros/scripts) by extensions ['ignore', 'ignore_ament_install']
[0.164s] Level 1:colcon.colcon_core.package_identification:_identify(packages/cartographer_ros/scripts) by extension 'ignore'
[0.164s] Level 1:colcon.colcon_core.package_identification:_identify(packages/cartographer_ros/scripts) by extension 'ignore_ament_install'
[0.164s] Level 1:colcon.colcon_core.package_identification:_identify(packages/cartographer_ros/scripts) by extensions ['colcon_pkg']
[0.164s] Level 1:colcon.colcon_core.package_identification:_identify(packages/cartographer_ros/scripts) by extension 'colcon_pkg'
[0.164s] Level 1:colcon.colcon_core.package_identification:_identify(packages/cartographer_ros/scripts) by extensions ['colcon_meta']
[0.164s] Level 1:colcon.colcon_core.package_identification:_identify(packages/cartographer_ros/scripts) by extension 'colcon_meta'
[0.164s] Level 1:colcon.colcon_core.package_identification:_identify(packages/cartographer_ros/scripts) by extensions ['ros']
[0.164s] Level 1:colcon.colcon_core.package_identification:_identify(packages/cartographer_ros/scripts) by extension 'ros'
[0.164s] Level 1:colcon.colcon_core.package_identification:_identify(packages/cartographer_ros/scripts) by extensions ['cmake', 'python']
[0.164s] Level 1:colcon.colcon_core.package_identification:_identify(packages/cartographer_ros/scripts) by extension 'cmake'
[0.164s] Level 1:colcon.colcon_core.package_identification:_identify(packages/cartographer_ros/scripts) by extension 'python'
[0.164s] Level 1:colcon.colcon_core.package_identification:_identify(packages/cartographer_ros/scripts) by extensions ['python_setup_py']
[0.164s] Level 1:colcon.colcon_core.package_identification:_identify(packages/cartographer_ros/scripts) by extension 'python_setup_py'
[0.165s] Level 1:colcon.colcon_core.package_identification:_identify(src) by extensions ['ignore', 'ignore_ament_install']
[0.165s] Level 1:colcon.colcon_core.package_identification:_identify(src) by extension 'ignore'
[0.165s] Level 1:colcon.colcon_core.package_identification:_identify(src) by extension 'ignore_ament_install'
[0.165s] Level 1:colcon.colcon_core.package_identification:_identify(src) by extensions ['colcon_pkg']
[0.165s] Level 1:colcon.colcon_core.package_identification:_identify(src) by extension 'colcon_pkg'
[0.165s] Level 1:colcon.colcon_core.package_identification:_identify(src) by extensions ['colcon_meta']
[0.165s] Level 1:colcon.colcon_core.package_identification:_identify(src) by extension 'colcon_meta'
[0.165s] Level 1:colcon.colcon_core.package_identification:_identify(src) by extensions ['ros']
[0.165s] Level 1:colcon.colcon_core.package_identification:_identify(src) by extension 'ros'
[0.165s] Level 1:colcon.colcon_core.package_identification:_identify(src) by extensions ['cmake', 'python']
[0.165s] Level 1:colcon.colcon_core.package_identification:_identify(src) by extension 'cmake'
[0.165s] Level 1:colcon.colcon_core.package_identification:_identify(src) by extension 'python'
[0.165s] Level 1:colcon.colcon_core.package_identification:_identify(src) by extensions ['python_setup_py']
[0.165s] Level 1:colcon.colcon_core.package_identification:_identify(src) by extension 'python_setup_py'
[0.165s] Level 1:colcon.colcon_core.package_identification:_identify(src/example_topic_rclpy) by extensions ['ignore', 'ignore_ament_install']
[0.165s] Level 1:colcon.colcon_core.package_identification:_identify(src/example_topic_rclpy) by extension 'ignore'
[0.165s] Level 1:colcon.colcon_core.package_identification:_identify(src/example_topic_rclpy) by extension 'ignore_ament_install'
[0.165s] Level 1:colcon.colcon_core.package_identification:_identify(src/example_topic_rclpy) by extensions ['colcon_pkg']
[0.165s] Level 1:colcon.colcon_core.package_identification:_identify(src/example_topic_rclpy) by extension 'colcon_pkg'
[0.165s] Level 1:colcon.colcon_core.package_identification:_identify(src/example_topic_rclpy) by extensions ['colcon_meta']
[0.165s] Level 1:colcon.colcon_core.package_identification:_identify(src/example_topic_rclpy) by extension 'colcon_meta'
[0.165s] Level 1:colcon.colcon_core.package_identification:_identify(src/example_topic_rclpy) by extensions ['ros']
[0.165s] Level 1:colcon.colcon_core.package_identification:_identify(src/example_topic_rclpy) by extension 'ros'
[0.165s] DEBUG:colcon.colcon_core.package_identification:Package 'src/example_topic_rclpy' with type 'ros.ament_python' and name 'example_topic_rclpy'
[0.165s] Level 1:colcon.colcon_core.package_identification:_identify(src/fishbot_cartographer) by extensions ['ignore', 'ignore_ament_install']
[0.166s] Level 1:colcon.colcon_core.package_identification:_identify(src/fishbot_cartographer) by extension 'ignore'
[0.166s] Level 1:colcon.colcon_core.package_identification:_identify(src/fishbot_cartographer) by extension 'ignore_ament_install'
[0.166s] Level 1:colcon.colcon_core.package_identification:_identify(src/fishbot_cartographer) by extensions ['colcon_pkg']
[0.166s] Level 1:colcon.colcon_core.package_identification:_identify(src/fishbot_cartographer) by extension 'colcon_pkg'
[0.166s] Level 1:colcon.colcon_core.package_identification:_identify(src/fishbot_cartographer) by extensions ['colcon_meta']
[0.166s] Level 1:colcon.colcon_core.package_identification:_identify(src/fishbot_cartographer) by extension 'colcon_meta'
[0.166s] Level 1:colcon.colcon_core.package_identification:_identify(src/fishbot_cartographer) by extensions ['ros']
[0.166s] Level 1:colcon.colcon_core.package_identification:_identify(src/fishbot_cartographer) by extension 'ros'
[0.166s] DEBUG:colcon.colcon_core.package_identification:Package 'src/fishbot_cartographer' with type 'ros.ament_cmake' and name 'fishbot_cartographer'
[0.166s] Level 1:colcon.colcon_core.package_identification:_identify(src/fishbot_description) by extensions ['ignore', 'ignore_ament_install']
[0.166s] Level 1:colcon.colcon_core.package_identification:_identify(src/fishbot_description) by extension 'ignore'
[0.166s] Level 1:colcon.colcon_core.package_identification:_identify(src/fishbot_description) by extension 'ignore_ament_install'
[0.166s] Level 1:colcon.colcon_core.package_identification:_identify(src/fishbot_description) by extensions ['colcon_pkg']
[0.166s] Level 1:colcon.colcon_core.package_identification:_identify(src/fishbot_description) by extension 'colcon_pkg'
[0.166s] Level 1:colcon.colcon_core.package_identification:_identify(src/fishbot_description) by extensions ['colcon_meta']
[0.166s] Level 1:colcon.colcon_core.package_identification:_identify(src/fishbot_description) by extension 'colcon_meta'
[0.166s] Level 1:colcon.colcon_core.package_identification:_identify(src/fishbot_description) by extensions ['ros']
[0.166s] Level 1:colcon.colcon_core.package_identification:_identify(src/fishbot_description) by extension 'ros'
[0.166s] DEBUG:colcon.colcon_core.package_identification:Package 'src/fishbot_description' with type 'ros.ament_python' and name 'fishbot_description'
[0.167s] Level 1:colcon.colcon_core.package_identification:_identify(src/fishbot_navigation2) by extensions ['ignore', 'ignore_ament_install']
[0.167s] Level 1:colcon.colcon_core.package_identification:_identify(src/fishbot_navigation2) by extension 'ignore'
[0.167s] Level 1:colcon.colcon_core.package_identification:_identify(src/fishbot_navigation2) by extension 'ignore_ament_install'
[0.167s] Level 1:colcon.colcon_core.package_identification:_identify(src/fishbot_navigation2) by extensions ['colcon_pkg']
[0.167s] Level 1:colcon.colcon_core.package_identification:_identify(src/fishbot_navigation2) by extension 'colcon_pkg'
[0.167s] Level 1:colcon.colcon_core.package_identification:_identify(src/fishbot_navigation2) by extensions ['colcon_meta']
[0.167s] Level 1:colcon.colcon_core.package_identification:_identify(src/fishbot_navigation2) by extension 'colcon_meta'
[0.167s] Level 1:colcon.colcon_core.package_identification:_identify(src/fishbot_navigation2) by extensions ['ros']
[0.167s] Level 1:colcon.colcon_core.package_identification:_identify(src/fishbot_navigation2) by extension 'ros'
[0.167s] DEBUG:colcon.colcon_core.package_identification:Package 'src/fishbot_navigation2' with type 'ros.ament_cmake' and name 'fishbot_navigation2'
[0.167s] Level 1:colcon.colcon_core.package_identification:_identify(src/greenstory_interfaces) by extensions ['ignore', 'ignore_ament_install']
[0.167s] Level 1:colcon.colcon_core.package_identification:_identify(src/greenstory_interfaces) by extension 'ignore'
[0.167s] Level 1:colcon.colcon_core.package_identification:_identify(src/greenstory_interfaces) by extension 'ignore_ament_install'
[0.167s] Level 1:colcon.colcon_core.package_identification:_identify(src/greenstory_interfaces) by extensions ['colcon_pkg']
[0.167s] Level 1:colcon.colcon_core.package_identification:_identify(src/greenstory_interfaces) by extension 'colcon_pkg'
[0.167s] Level 1:colcon.colcon_core.package_identification:_identify(src/greenstory_interfaces) by extensions ['colcon_meta']
[0.167s] Level 1:colcon.colcon_core.package_identification:_identify(src/greenstory_interfaces) by extension 'colcon_meta'
[0.167s] Level 1:colcon.colcon_core.package_identification:_identify(src/greenstory_interfaces) by extensions ['ros']
[0.167s] Level 1:colcon.colcon_core.package_identification:_identify(src/greenstory_interfaces) by extension 'ros'
[0.168s] DEBUG:colcon.colcon_core.package_identification:Package 'src/greenstory_interfaces' with type 'ros.ament_cmake' and name 'greenstory_interfaces'
[0.168s] Level 1:colcon.colcon_core.package_identification:_identify(src/service_server) by extensions ['ignore', 'ignore_ament_install']
[0.168s] Level 1:colcon.colcon_core.package_identification:_identify(src/service_server) by extension 'ignore'
[0.168s] Level 1:colcon.colcon_core.package_identification:_identify(src/service_server) by extension 'ignore_ament_install'
[0.168s] Level 1:colcon.colcon_core.package_identification:_identify(src/service_server) by extensions ['colcon_pkg']
[0.168s] Level 1:colcon.colcon_core.package_identification:_identify(src/service_server) by extension 'colcon_pkg'
[0.168s] Level 1:colcon.colcon_core.package_identification:_identify(src/service_server) by extensions ['colcon_meta']
[0.168s] Level 1:colcon.colcon_core.package_identification:_identify(src/service_server) by extension 'colcon_meta'
[0.168s] Level 1:colcon.colcon_core.package_identification:_identify(src/service_server) by extensions ['ros']
[0.168s] Level 1:colcon.colcon_core.package_identification:_identify(src/service_server) by extension 'ros'
[0.168s] DEBUG:colcon.colcon_core.package_identification:Package 'src/service_server' with type 'ros.ament_python' and name 'service_server'
[0.168s] Level 1:colcon.colcon_core.package_identification:_identify(src/story) by extensions ['ignore', 'ignore_ament_install']
[0.168s] Level 1:colcon.colcon_core.package_identification:_identify(src/story) by extension 'ignore'
[0.168s] Level 1:colcon.colcon_core.package_identification:_identify(src/story) by extension 'ignore_ament_install'
[0.168s] Level 1:colcon.colcon_core.package_identification:_identify(src/story) by extensions ['colcon_pkg']
[0.168s] Level 1:colcon.colcon_core.package_identification:_identify(src/story) by extension 'colcon_pkg'
[0.168s] Level 1:colcon.colcon_core.package_identification:_identify(src/story) by extensions ['colcon_meta']
[0.168s] Level 1:colcon.colcon_core.package_identification:_identify(src/story) by extension 'colcon_meta'
[0.169s] Level 1:colcon.colcon_core.package_identification:_identify(src/story) by extensions ['ros']
[0.169s] Level 1:colcon.colcon_core.package_identification:_identify(src/story) by extension 'ros'
[0.169s] DEBUG:colcon.colcon_core.package_identification:Package 'src/story' with type 'ros.ament_python' and name 'story'
[0.169s] Level 1:colcon.colcon_core.package_identification:_identify(src/world) by extensions ['ignore', 'ignore_ament_install']
[0.169s] Level 1:colcon.colcon_core.package_identification:_identify(src/world) by extension 'ignore'
[0.169s] Level 1:colcon.colcon_core.package_identification:_identify(src/world) by extension 'ignore_ament_install'
[0.169s] Level 1:colcon.colcon_core.package_identification:_identify(src/world) by extensions ['colcon_pkg']
[0.169s] Level 1:colcon.colcon_core.package_identification:_identify(src/world) by extension 'colcon_pkg'
[0.169s] Level 1:colcon.colcon_core.package_identification:_identify(src/world) by extensions ['colcon_meta']
[0.169s] Level 1:colcon.colcon_core.package_identification:_identify(src/world) by extension 'colcon_meta'
[0.169s] Level 1:colcon.colcon_core.package_identification:_identify(src/world) by extensions ['ros']
[0.169s] Level 1:colcon.colcon_core.package_identification:_identify(src/world) by extension 'ros'
[0.169s] Level 1:colcon.colcon_core.package_identification:_identify(src/world) by extensions ['cmake', 'python']
[0.169s] Level 1:colcon.colcon_core.package_identification:_identify(src/world) by extension 'cmake'
[0.169s] Level 1:colcon.colcon_core.package_identification:_identify(src/world) by extension 'python'
[0.169s] Level 1:colcon.colcon_core.package_identification:_identify(src/world) by extensions ['python_setup_py']
[0.169s] Level 1:colcon.colcon_core.package_identification:_identify(src/world) by extension 'python_setup_py'
[0.169s] Level 1:colcon.colcon_core.package_identification:_identify(src/world/world_first) by extensions ['ignore', 'ignore_ament_install']
[0.169s] Level 1:colcon.colcon_core.package_identification:_identify(src/world/world_first) by extension 'ignore'
[0.169s] Level 1:colcon.colcon_core.package_identification:_identify(src/world/world_first) by extension 'ignore_ament_install'
[0.169s] Level 1:colcon.colcon_core.package_identification:_identify(src/world/world_first) by extensions ['colcon_pkg']
[0.169s] Level 1:colcon.colcon_core.package_identification:_identify(src/world/world_first) by extension 'colcon_pkg'
[0.169s] Level 1:colcon.colcon_core.package_identification:_identify(src/world/world_first) by extensions ['colcon_meta']
[0.169s] Level 1:colcon.colcon_core.package_identification:_identify(src/world/world_first) by extension 'colcon_meta'
[0.170s] Level 1:colcon.colcon_core.package_identification:_identify(src/world/world_first) by extensions ['ros']
[0.170s] Level 1:colcon.colcon_core.package_identification:_identify(src/world/world_first) by extension 'ros'
[0.170s] Level 1:colcon.colcon_core.package_identification:_identify(src/world/world_first) by extensions ['cmake', 'python']
[0.170s] Level 1:colcon.colcon_core.package_identification:_identify(src/world/world_first) by extension 'cmake'
[0.170s] Level 1:colcon.colcon_core.package_identification:_identify(src/world/world_first) by extension 'python'
[0.170s] Level 1:colcon.colcon_core.package_identification:_identify(src/world/world_first) by extensions ['python_setup_py']
[0.170s] Level 1:colcon.colcon_core.package_identification:_identify(src/world/world_first) by extension 'python_setup_py'
[0.170s] Level 1:colcon.colcon_core.package_identification:_identify(src/world/world_second) by extensions ['ignore', 'ignore_ament_install']
[0.170s] Level 1:colcon.colcon_core.package_identification:_identify(src/world/world_second) by extension 'ignore'
[0.170s] Level 1:colcon.colcon_core.package_identification:_identify(src/world/world_second) by extension 'ignore_ament_install'
[0.170s] Level 1:colcon.colcon_core.package_identification:_identify(src/world/world_second) by extensions ['colcon_pkg']
[0.170s] Level 1:colcon.colcon_core.package_identification:_identify(src/world/world_second) by extension 'colcon_pkg'
[0.170s] Level 1:colcon.colcon_core.package_identification:_identify(src/world/world_second) by extensions ['colcon_meta']
[0.170s] Level 1:colcon.colcon_core.package_identification:_identify(src/world/world_second) by extension 'colcon_meta'
[0.170s] Level 1:colcon.colcon_core.package_identification:_identify(src/world/world_second) by extensions ['ros']
[0.170s] Level 1:colcon.colcon_core.package_identification:_identify(src/world/world_second) by extension 'ros'
[0.170s] Level 1:colcon.colcon_core.package_identification:_identify(src/world/world_second) by extensions ['cmake', 'python']
[0.170s] Level 1:colcon.colcon_core.package_identification:_identify(src/world/world_second) by extension 'cmake'
[0.170s] Level 1:colcon.colcon_core.package_identification:_identify(src/world/world_second) by extension 'python'
[0.170s] Level 1:colcon.colcon_core.package_identification:_identify(src/world/world_second) by extensions ['python_setup_py']
[0.170s] Level 1:colcon.colcon_core.package_identification:_identify(src/world/world_second) by extension 'python_setup_py'
[0.170s] Level 1:colcon.colcon_core.package_identification:_identify(src/world/world_thrid) by extensions ['ignore', 'ignore_ament_install']
[0.170s] Level 1:colcon.colcon_core.package_identification:_identify(src/world/world_thrid) by extension 'ignore'
[0.170s] Level 1:colcon.colcon_core.package_identification:_identify(src/world/world_thrid) by extension 'ignore_ament_install'
[0.170s] Level 1:colcon.colcon_core.package_identification:_identify(src/world/world_thrid) by extensions ['colcon_pkg']
[0.170s] Level 1:colcon.colcon_core.package_identification:_identify(src/world/world_thrid) by extension 'colcon_pkg'
[0.170s] Level 1:colcon.colcon_core.package_identification:_identify(src/world/world_thrid) by extensions ['colcon_meta']
[0.170s] Level 1:colcon.colcon_core.package_identification:_identify(src/world/world_thrid) by extension 'colcon_meta'
[0.170s] Level 1:colcon.colcon_core.package_identification:_identify(src/world/world_thrid) by extensions ['ros']
[0.170s] Level 1:colcon.colcon_core.package_identification:_identify(src/world/world_thrid) by extension 'ros'
[0.170s] Level 1:colcon.colcon_core.package_identification:_identify(src/world/world_thrid) by extensions ['cmake', 'python']
[0.170s] Level 1:colcon.colcon_core.package_identification:_identify(src/world/world_thrid) by extension 'cmake'
[0.170s] Level 1:colcon.colcon_core.package_identification:_identify(src/world/world_thrid) by extension 'python'
[0.170s] Level 1:colcon.colcon_core.package_identification:_identify(src/world/world_thrid) by extensions ['python_setup_py']
[0.170s] Level 1:colcon.colcon_core.package_identification:_identify(src/world/world_thrid) by extension 'python_setup_py'
[0.170s] Level 1:colcon.colcon_core.package_discovery:discover_packages(recursive) using defaults
[0.170s] Level 1:colcon.colcon_core.package_discovery:discover_packages(ignore) discover
[0.170s] Level 1:colcon.colcon_core.package_discovery:discover_packages(ignore) using defaults
[0.170s] Level 1:colcon.colcon_core.package_discovery:discover_packages(path) discover
[0.170s] Level 1:colcon.colcon_core.package_discovery:discover_packages(path) using defaults
[0.185s] INFO:colcon.colcon_core.package_selection:Skipping not selected package 'cartographer' in 'packages/cartographer'
[0.185s] INFO:colcon.colcon_core.package_selection:Skipping not selected package 'cartographer_ros_msgs' in 'packages/cartographer_ros/cartographer_ros_msgs'
[0.185s] INFO:colcon.colcon_core.package_selection:Skipping not selected package 'example_topic_rclpy' in 'src/example_topic_rclpy'
[0.185s] INFO:colcon.colcon_core.package_selection:Skipping not selected package 'fishbot_cartographer' in 'src/fishbot_cartographer'
[0.185s] INFO:colcon.colcon_core.package_selection:Skipping not selected package 'fishbot_description' in 'src/fishbot_description'
[0.185s] INFO:colcon.colcon_core.package_selection:Skipping not selected package 'fishbot_navigation2' in 'src/fishbot_navigation2'
[0.185s] INFO:colcon.colcon_core.package_selection:Skipping not selected package 'greenstory_interfaces' in 'src/greenstory_interfaces'
[0.185s] INFO:colcon.colcon_core.package_selection:Skipping not selected package 'service_server' in 'src/service_server'
[0.185s] INFO:colcon.colcon_core.package_selection:Skipping not selected package 'cartographer_ros' in 'packages/cartographer_ros/cartographer_ros'
[0.185s] INFO:colcon.colcon_core.package_selection:Skipping not selected package 'cartographer_rviz' in 'packages/cartographer_ros/cartographer_rviz'
[0.185s] Level 5:colcon.colcon_core.verb:set package 'story' build argument 'cmake_args' from command line to 'None'
[0.185s] Level 5:colcon.colcon_core.verb:set package 'story' build argument 'cmake_target' from command line to 'None'
[0.185s] Level 5:colcon.colcon_core.verb:set package 'story' build argument 'cmake_target_skip_unavailable' from command line to 'False'
[0.185s] Level 5:colcon.colcon_core.verb:set package 'story' build argument 'cmake_clean_cache' from command line to 'False'
[0.185s] Level 5:colcon.colcon_core.verb:set package 'story' build argument 'cmake_clean_first' from command line to 'False'
[0.185s] Level 5:colcon.colcon_core.verb:set package 'story' build argument 'cmake_force_configure' from command line to 'False'
[0.185s] Level 5:colcon.colcon_core.verb:set package 'story' build argument 'ament_cmake_args' from command line to 'None'
[0.185s] Level 5:colcon.colcon_core.verb:set package 'story' build argument 'catkin_cmake_args' from command line to 'None'
[0.185s] Level 5:colcon.colcon_core.verb:set package 'story' build argument 'catkin_skip_building_tests' from command line to 'False'
[0.185s] DEBUG:colcon.colcon_core.verb:Building package 'story' with the following arguments: {'ament_cmake_args': None, 'build_base': '/home/yutou/ros2_ws/build/story', 'catkin_cmake_args': None, 'catkin_skip_building_tests': False, 'cmake_args': None, 'cmake_clean_cache': False, 'cmake_clean_first': False, 'cmake_force_configure': False, 'cmake_target': None, 'cmake_target_skip_unavailable': False, 'install_base': '/home/yutou/ros2_ws/install/story', 'merge_install': False, 'path': '/home/yutou/ros2_ws/src/story', 'symlink_install': False, 'test_result_base': None}
[0.186s] INFO:colcon.colcon_core.executor:Executing jobs using 'parallel' executor
[0.186s] DEBUG:colcon.colcon_parallel_executor.executor.parallel:run_until_complete
[0.187s] INFO:colcon.colcon_ros.task.ament_python.build:Building ROS package in '/home/yutou/ros2_ws/src/story' with build type 'ament_python'
[0.187s] Level 1:colcon.colcon_core.shell:create_environment_hook('story', 'ament_prefix_path')
[0.188s] INFO:colcon.colcon_core.plugin_system:Skipping extension 'colcon_core.shell.bat': Not used on non-Windows systems
[0.188s] INFO:colcon.colcon_core.shell:Creating environment hook '/home/yutou/ros2_ws/install/story/share/story/hook/ament_prefix_path.ps1'
[0.188s] INFO:colcon.colcon_core.shell:Creating environment descriptor '/home/yutou/ros2_ws/install/story/share/story/hook/ament_prefix_path.dsv'
[0.189s] INFO:colcon.colcon_core.shell:Creating environment hook '/home/yutou/ros2_ws/install/story/share/story/hook/ament_prefix_path.sh'
[0.189s] INFO:colcon.colcon_core.shell:Skip shell extension 'powershell' for command environment: Not usable outside of PowerShell
[0.189s] DEBUG:colcon.colcon_core.shell:Skip shell extension 'dsv' for command environment
[0.339s] INFO:colcon.colcon_core.task.python.build:Building Python package in '/home/yutou/ros2_ws/src/story'
[0.340s] INFO:colcon.colcon_core.shell:Skip shell extension 'powershell' for command environment: Not usable outside of PowerShell
[0.340s] DEBUG:colcon.colcon_core.shell:Skip shell extension 'dsv' for command environment
[0.533s] DEBUG:colcon.colcon_core.event_handler.log_command:Invoking command in '/home/yutou/ros2_ws/src/story': PYTHONPATH=/home/yutou/ros2_ws/build/story/prefix_override:/usr/lib/python3/dist-packages/colcon_core/task/python/colcon_distutils_commands:/home/yutou/ros2_ws/install/story/lib/python3.10/site-packages:${PYTHONPATH} /usr/bin/python3 -W ignore:setup.py install is deprecated -W ignore:easy_install command is deprecated setup.py egg_info --egg-base ../../build/story build --build-base /home/yutou/ros2_ws/build/story/build install --record /home/yutou/ros2_ws/build/story/install.log --single-version-externally-managed install_data
[0.696s] DEBUG:colcon.colcon_core.event_handler.log_command:Invoked command in '/home/yutou/ros2_ws/src/story' returned '0': PYTHONPATH=/home/yutou/ros2_ws/build/story/prefix_override:/usr/lib/python3/dist-packages/colcon_core/task/python/colcon_distutils_commands:/home/yutou/ros2_ws/install/story/lib/python3.10/site-packages:${PYTHONPATH} /usr/bin/python3 -W ignore:setup.py install is deprecated -W ignore:easy_install command is deprecated setup.py egg_info --egg-base ../../build/story build --build-base /home/yutou/ros2_ws/build/story/build install --record /home/yutou/ros2_ws/build/story/install.log --single-version-externally-managed install_data
[0.698s] Level 1:colcon.colcon_core.environment:checking '/home/yutou/ros2_ws/install/story' for CMake module files
[0.699s] Level 1:colcon.colcon_core.environment:checking '/home/yutou/ros2_ws/install/story' for CMake config files
[0.699s] Level 1:colcon.colcon_core.environment:checking '/home/yutou/ros2_ws/install/story/lib'
[0.700s] Level 1:colcon.colcon_core.environment:checking '/home/yutou/ros2_ws/install/story/bin'
[0.700s] Level 1:colcon.colcon_core.environment:checking '/home/yutou/ros2_ws/install/story/lib/pkgconfig/story.pc'
[0.700s] Level 1:colcon.colcon_core.environment:checking '/home/yutou/ros2_ws/install/story/lib/python3.10/site-packages'
[0.700s] Level 1:colcon.colcon_core.shell:create_environment_hook('story', 'pythonpath')
[0.700s] INFO:colcon.colcon_core.shell:Creating environment hook '/home/yutou/ros2_ws/install/story/share/story/hook/pythonpath.ps1'
[0.701s] INFO:colcon.colcon_core.shell:Creating environment descriptor '/home/yutou/ros2_ws/install/story/share/story/hook/pythonpath.dsv'
[0.701s] INFO:colcon.colcon_core.shell:Creating environment hook '/home/yutou/ros2_ws/install/story/share/story/hook/pythonpath.sh'
[0.702s] Level 1:colcon.colcon_core.environment:checking '/home/yutou/ros2_ws/install/story/bin'
[0.702s] Level 1:colcon.colcon_core.environment:create_environment_scripts_only(story)
[0.703s] INFO:colcon.colcon_core.shell:Creating package script '/home/yutou/ros2_ws/install/story/share/story/package.ps1'
[0.704s] INFO:colcon.colcon_core.shell:Creating package descriptor '/home/yutou/ros2_ws/install/story/share/story/package.dsv'
[0.704s] INFO:colcon.colcon_core.shell:Creating package script '/home/yutou/ros2_ws/install/story/share/story/package.sh'
[0.705s] INFO:colcon.colcon_core.shell:Creating package script '/home/yutou/ros2_ws/install/story/share/story/package.bash'
[0.705s] INFO:colcon.colcon_core.shell:Creating package script '/home/yutou/ros2_ws/install/story/share/story/package.zsh'
[0.706s] Level 1:colcon.colcon_core.environment:create_file_with_runtime_dependencies(/home/yutou/ros2_ws/install/story/share/colcon-core/packages/story)
[0.706s] DEBUG:colcon.colcon_parallel_executor.executor.parallel:closing loop
[0.706s] DEBUG:colcon.colcon_parallel_executor.executor.parallel:loop closed
[0.706s] DEBUG:colcon.colcon_parallel_executor.executor.parallel:run_until_complete finished with '0'
[0.706s] DEBUG:colcon.colcon_core.event_reactor:joining thread
[0.711s] INFO:colcon.colcon_core.plugin_system:Skipping extension 'colcon_notification.desktop_notification.notify_send': Could not find 'notify-send'
[0.712s] INFO:colcon.colcon_core.plugin_system:Skipping extension 'colcon_notification.desktop_notification.terminal_notifier': Not used on non-Darwin systems
[0.712s] INFO:colcon.colcon_core.plugin_system:Skipping extension 'colcon_notification.desktop_notification.win32': Not used on non-Windows systems
[0.712s] INFO:colcon.colcon_notification.desktop_notification:Sending desktop notification using 'notify2'
[0.714s] DEBUG:colcon.colcon_notification.desktop_notification.notify2:Failed to initialize notify2: org.freedesktop.DBus.Error.Spawn.ExecFailed: /usr/bin/dbus-launch terminated abnormally without any error message
[0.714s] DEBUG:colcon.colcon_core.event_reactor:joined thread
[0.715s] INFO:colcon.colcon_core.shell:Creating prefix script '/home/yutou/ros2_ws/install/local_setup.ps1'
[0.716s] INFO:colcon.colcon_core.shell:Creating prefix util module '/home/yutou/ros2_ws/install/_local_setup_util_ps1.py'
[0.717s] INFO:colcon.colcon_core.shell:Creating prefix chain script '/home/yutou/ros2_ws/install/setup.ps1'
[0.717s] INFO:colcon.colcon_core.shell:Creating prefix script '/home/yutou/ros2_ws/install/local_setup.sh'
[0.718s] INFO:colcon.colcon_core.shell:Creating prefix util module '/home/yutou/ros2_ws/install/_local_setup_util_sh.py'
[0.718s] INFO:colcon.colcon_core.shell:Creating prefix chain script '/home/yutou/ros2_ws/install/setup.sh'
[0.719s] INFO:colcon.colcon_core.shell:Creating prefix script '/home/yutou/ros2_ws/install/local_setup.bash'
[0.719s] INFO:colcon.colcon_core.shell:Creating prefix chain script '/home/yutou/ros2_ws/install/setup.bash'
[0.720s] INFO:colcon.colcon_core.shell:Creating prefix script '/home/yutou/ros2_ws/install/local_setup.zsh'
[0.720s] INFO:colcon.colcon_core.shell:Creating prefix chain script '/home/yutou/ros2_ws/install/setup.zsh'
