[0.491s] Invoking command in '/home/yutou/ros2_ws/src/service_server': PYTHONPATH=/home/yutou/ros2_ws/build/service_server/prefix_override:/usr/lib/python3/dist-packages/colcon_core/task/python/colcon_distutils_commands:/home/yutou/ros2_ws/install/service_server/lib/python3.10/site-packages:${PYTHONPATH} /usr/bin/python3 -W ignore:setup.py install is deprecated -W ignore:easy_install command is deprecated setup.py egg_info --egg-base ../../build/service_server build --build-base /home/yutou/ros2_ws/build/service_server/build install --record /home/yutou/ros2_ws/build/service_server/install.log --single-version-externally-managed install_data
[0.617s] running egg_info
[0.617s] writing ../../build/service_server/service_server.egg-info/PKG-INFO
[0.617s] writing dependency_links to ../../build/service_server/service_server.egg-info/dependency_links.txt
[0.618s] writing entry points to ../../build/service_server/service_server.egg-info/entry_points.txt
[0.618s] writing requirements to ../../build/service_server/service_server.egg-info/requires.txt
[0.618s] writing top-level names to ../../build/service_server/service_server.egg-info/top_level.txt
[0.619s] reading manifest file '../../build/service_server/service_server.egg-info/SOURCES.txt'
[0.620s] writing manifest file '../../build/service_server/service_server.egg-info/SOURCES.txt'
[0.620s] running build
[0.620s] running build_py
[0.620s] copying service_server/service_server.py -> /home/yutou/ros2_ws/build/service_server/build/lib/service_server
[0.620s] copying service_server/service_client.py -> /home/yutou/ros2_ws/build/service_server/build/lib/service_server
[0.620s] running install
[0.620s] running install_lib
[0.621s] copying /home/yutou/ros2_ws/build/service_server/build/lib/service_server/service_server.py -> /home/yutou/ros2_ws/install/service_server/lib/python3.10/site-packages/service_server
[0.621s] copying /home/yutou/ros2_ws/build/service_server/build/lib/service_server/service_client.py -> /home/yutou/ros2_ws/install/service_server/lib/python3.10/site-packages/service_server
[0.621s] byte-compiling /home/yutou/ros2_ws/install/service_server/lib/python3.10/site-packages/service_server/service_server.py to service_server.cpython-310.pyc
[0.622s] byte-compiling /home/yutou/ros2_ws/install/service_server/lib/python3.10/site-packages/service_server/service_client.py to service_client.cpython-310.pyc
[0.622s] running install_data
[0.622s] running install_egg_info
[0.623s] removing '/home/yutou/ros2_ws/install/service_server/lib/python3.10/site-packages/service_server-0.0.0-py3.10.egg-info' (and everything under it)
[0.624s] Copying ../../build/service_server/service_server.egg-info to /home/yutou/ros2_ws/install/service_server/lib/python3.10/site-packages/service_server-0.0.0-py3.10.egg-info
[0.624s] running install_scripts
[0.640s] Installing service_client script to /home/yutou/ros2_ws/install/service_server/lib/service_server
[0.641s] Installing service_server script to /home/yutou/ros2_ws/install/service_server/lib/service_server
[0.641s] writing list of installed files to '/home/yutou/ros2_ws/build/service_server/install.log'
[0.678s] Invoked command in '/home/yutou/ros2_ws/src/service_server' returned '0': PYTHONPATH=/home/yutou/ros2_ws/build/service_server/prefix_override:/usr/lib/python3/dist-packages/colcon_core/task/python/colcon_distutils_commands:/home/yutou/ros2_ws/install/service_server/lib/python3.10/site-packages:${PYTHONPATH} /usr/bin/python3 -W ignore:setup.py install is deprecated -W ignore:easy_install command is deprecated setup.py egg_info --egg-base ../../build/service_server build --build-base /home/yutou/ros2_ws/build/service_server/build install --record /home/yutou/ros2_ws/build/service_server/install.log --single-version-externally-managed install_data
