[0.065s] DEBUG:colcon:Command line arguments: ['/usr/bin/colcon', 'build', '--packages-up-to', 'fishbot_navigation2', 'fishbot_description']
[0.065s] DEBUG:colcon:Parsed command line arguments: Namespace(log_base=None, log_level=None, verb_name='build', build_base='build', install_base='install', merge_install=False, symlink_install=False, test_result_base=None, continue_on_error=False, executor='parallel', parallel_workers=20, event_handlers=None, ignore_user_meta=False, metas=['./colcon.meta'], base_paths=['.'], packages_ignore=None, packages_ignore_regex=None, paths=None, packages_up_to=['fishbot_navigation2', 'fishbot_description'], packages_up_to_regex=None, packages_above=None, packages_above_and_dependencies=None, packages_above_depth=None, packages_select_by_dep=None, packages_skip_by_dep=None, packages_skip_up_to=None, packages_select_build_failed=False, packages_skip_build_finished=False, packages_select_test_failures=False, packages_skip_test_passed=False, packages_select=None, packages_skip=None, packages_select_regex=None, packages_skip_regex=None, packages_start=None, packages_end=None, cmake_args=None, cmake_target=None, cmake_target_skip_unavailable=False, cmake_clean_cache=False, cmake_clean_first=False, cmake_force_configure=False, ament_cmake_args=None, catkin_cmake_args=None, catkin_skip_building_tests=False, mixin_files=None, mixin=None, verb_parser=<colcon_mixin.mixin.mixin_argument.MixinArgumentDecorator object at 0x779b19e04940>, verb_extension=<colcon_core.verb.build.BuildVerb object at 0x779b19f21840>, main=<bound method BuildVerb.main of <colcon_core.verb.build.BuildVerb object at 0x779b19f21840>>, mixin_verb=('build',))
[0.149s] Level 1:colcon.colcon_core.package_discovery:discover_packages(colcon_meta) check parameters
[0.149s] Level 1:colcon.colcon_core.package_discovery:discover_packages(recursive) check parameters
[0.149s] Level 1:colcon.colcon_core.package_discovery:discover_packages(ignore) check parameters
[0.149s] Level 1:colcon.colcon_core.package_discovery:discover_packages(path) check parameters
[0.149s] Level 1:colcon.colcon_core.package_discovery:discover_packages(colcon_meta) discover
[0.149s] Level 1:colcon.colcon_core.package_discovery:discover_packages(recursive) discover
[0.149s] INFO:colcon.colcon_core.package_discovery:Crawling recursively for packages in '/home/yutou/ros2_ws'
[0.149s] Level 1:colcon.colcon_core.package_identification:_identify(.) by extensions ['ignore', 'ignore_ament_install']
[0.150s] Level 1:colcon.colcon_core.package_identification:_identify(.) by extension 'ignore'
[0.150s] Level 1:colcon.colcon_core.package_identification:_identify(.) by extension 'ignore_ament_install'
[0.150s] Level 1:colcon.colcon_core.package_identification:_identify(.) by extensions ['colcon_pkg']
[0.150s] Level 1:colcon.colcon_core.package_identification:_identify(.) by extension 'colcon_pkg'
[0.150s] Level 1:colcon.colcon_core.package_identification:_identify(.) by extensions ['colcon_meta']
[0.150s] Level 1:colcon.colcon_core.package_identification:_identify(.) by extension 'colcon_meta'
[0.150s] Level 1:colcon.colcon_core.package_identification:_identify(.) by extensions ['ros']
[0.150s] Level 1:colcon.colcon_core.package_identification:_identify(.) by extension 'ros'
[0.157s] Level 1:colcon.colcon_core.package_identification:_identify(.) by extensions ['cmake', 'python']
[0.158s] Level 1:colcon.colcon_core.package_identification:_identify(.) by extension 'cmake'
[0.158s] Level 1:colcon.colcon_core.package_identification:_identify(.) by extension 'python'
[0.158s] Level 1:colcon.colcon_core.package_identification:_identify(.) by extensions ['python_setup_py']
[0.158s] Level 1:colcon.colcon_core.package_identification:_identify(.) by extension 'python_setup_py'
[0.158s] Level 1:colcon.colcon_core.package_identification:_identify(build) by extensions ['ignore', 'ignore_ament_install']
[0.158s] Level 1:colcon.colcon_core.package_identification:_identify(build) by extension 'ignore'
[0.158s] Level 1:colcon.colcon_core.package_identification:_identify(build) ignored
[0.158s] Level 1:colcon.colcon_core.package_identification:_identify(install) by extensions ['ignore', 'ignore_ament_install']
[0.158s] Level 1:colcon.colcon_core.package_identification:_identify(install) by extension 'ignore'
[0.158s] Level 1:colcon.colcon_core.package_identification:_identify(install) ignored
[0.158s] Level 1:colcon.colcon_core.package_identification:_identify(log) by extensions ['ignore', 'ignore_ament_install']
[0.158s] Level 1:colcon.colcon_core.package_identification:_identify(log) by extension 'ignore'
[0.158s] Level 1:colcon.colcon_core.package_identification:_identify(log) ignored
[0.158s] Level 1:colcon.colcon_core.package_identification:_identify(packages) by extensions ['ignore', 'ignore_ament_install']
[0.158s] Level 1:colcon.colcon_core.package_identification:_identify(packages) by extension 'ignore'
[0.158s] Level 1:colcon.colcon_core.package_identification:_identify(packages) by extension 'ignore_ament_install'
[0.158s] Level 1:colcon.colcon_core.package_identification:_identify(packages) by extensions ['colcon_pkg']
[0.158s] Level 1:colcon.colcon_core.package_identification:_identify(packages) by extension 'colcon_pkg'
[0.158s] Level 1:colcon.colcon_core.package_identification:_identify(packages) by extensions ['colcon_meta']
[0.158s] Level 1:colcon.colcon_core.package_identification:_identify(packages) by extension 'colcon_meta'
[0.158s] Level 1:colcon.colcon_core.package_identification:_identify(packages) by extensions ['ros']
[0.158s] Level 1:colcon.colcon_core.package_identification:_identify(packages) by extension 'ros'
[0.158s] Level 1:colcon.colcon_core.package_identification:_identify(packages) by extensions ['cmake', 'python']
[0.158s] Level 1:colcon.colcon_core.package_identification:_identify(packages) by extension 'cmake'
[0.158s] Level 1:colcon.colcon_core.package_identification:_identify(packages) by extension 'python'
[0.158s] Level 1:colcon.colcon_core.package_identification:_identify(packages) by extensions ['python_setup_py']
[0.158s] Level 1:colcon.colcon_core.package_identification:_identify(packages) by extension 'python_setup_py'
[0.159s] Level 1:colcon.colcon_core.package_identification:_identify(packages/cartographer) by extensions ['ignore', 'ignore_ament_install']
[0.159s] Level 1:colcon.colcon_core.package_identification:_identify(packages/cartographer) by extension 'ignore'
[0.159s] Level 1:colcon.colcon_core.package_identification:_identify(packages/cartographer) by extension 'ignore_ament_install'
[0.159s] Level 1:colcon.colcon_core.package_identification:_identify(packages/cartographer) by extensions ['colcon_pkg']
[0.159s] Level 1:colcon.colcon_core.package_identification:_identify(packages/cartographer) by extension 'colcon_pkg'
[0.159s] Level 1:colcon.colcon_core.package_identification:_identify(packages/cartographer) by extensions ['colcon_meta']
[0.159s] Level 1:colcon.colcon_core.package_identification:_identify(packages/cartographer) by extension 'colcon_meta'
[0.159s] Level 1:colcon.colcon_core.package_identification:_identify(packages/cartographer) by extensions ['ros']
[0.159s] Level 1:colcon.colcon_core.package_identification:_identify(packages/cartographer) by extension 'ros'
[0.161s] DEBUG:colcon.colcon_core.package_identification:Package 'packages/cartographer' with type 'ros.cmake' and name 'cartographer'
[0.161s] Level 1:colcon.colcon_core.package_identification:_identify(packages/cartographer_ros) by extensions ['ignore', 'ignore_ament_install']
[0.161s] Level 1:colcon.colcon_core.package_identification:_identify(packages/cartographer_ros) by extension 'ignore'
[0.161s] Level 1:colcon.colcon_core.package_identification:_identify(packages/cartographer_ros) by extension 'ignore_ament_install'
[0.161s] Level 1:colcon.colcon_core.package_identification:_identify(packages/cartographer_ros) by extensions ['colcon_pkg']
[0.161s] Level 1:colcon.colcon_core.package_identification:_identify(packages/cartographer_ros) by extension 'colcon_pkg'
[0.161s] Level 1:colcon.colcon_core.package_identification:_identify(packages/cartographer_ros) by extensions ['colcon_meta']
[0.161s] Level 1:colcon.colcon_core.package_identification:_identify(packages/cartographer_ros) by extension 'colcon_meta'
[0.161s] Level 1:colcon.colcon_core.package_identification:_identify(packages/cartographer_ros) by extensions ['ros']
[0.161s] Level 1:colcon.colcon_core.package_identification:_identify(packages/cartographer_ros) by extension 'ros'
[0.161s] Level 1:colcon.colcon_core.package_identification:_identify(packages/cartographer_ros) by extensions ['cmake', 'python']
[0.161s] Level 1:colcon.colcon_core.package_identification:_identify(packages/cartographer_ros) by extension 'cmake'
[0.161s] Level 1:colcon.colcon_core.package_identification:_identify(packages/cartographer_ros) by extension 'python'
[0.161s] Level 1:colcon.colcon_core.package_identification:_identify(packages/cartographer_ros) by extensions ['python_setup_py']
[0.161s] Level 1:colcon.colcon_core.package_identification:_identify(packages/cartographer_ros) by extension 'python_setup_py'
[0.161s] Level 1:colcon.colcon_core.package_identification:_identify(packages/cartographer_ros/cartographer_ros) by extensions ['ignore', 'ignore_ament_install']
[0.161s] Level 1:colcon.colcon_core.package_identification:_identify(packages/cartographer_ros/cartographer_ros) by extension 'ignore'
[0.161s] Level 1:colcon.colcon_core.package_identification:_identify(packages/cartographer_ros/cartographer_ros) by extension 'ignore_ament_install'
[0.161s] Level 1:colcon.colcon_core.package_identification:_identify(packages/cartographer_ros/cartographer_ros) by extensions ['colcon_pkg']
[0.161s] Level 1:colcon.colcon_core.package_identification:_identify(packages/cartographer_ros/cartographer_ros) by extension 'colcon_pkg'
[0.161s] Level 1:colcon.colcon_core.package_identification:_identify(packages/cartographer_ros/cartographer_ros) by extensions ['colcon_meta']
[0.161s] Level 1:colcon.colcon_core.package_identification:_identify(packages/cartographer_ros/cartographer_ros) by extension 'colcon_meta'
[0.161s] Level 1:colcon.colcon_core.package_identification:_identify(packages/cartographer_ros/cartographer_ros) by extensions ['ros']
[0.161s] Level 1:colcon.colcon_core.package_identification:_identify(packages/cartographer_ros/cartographer_ros) by extension 'ros'
[0.163s] DEBUG:colcon.colcon_core.package_identification:Package 'packages/cartographer_ros/cartographer_ros' with type 'ros.ament_cmake' and name 'cartographer_ros'
[0.163s] Level 1:colcon.colcon_core.package_identification:_identify(packages/cartographer_ros/cartographer_ros_msgs) by extensions ['ignore', 'ignore_ament_install']
[0.163s] Level 1:colcon.colcon_core.package_identification:_identify(packages/cartographer_ros/cartographer_ros_msgs) by extension 'ignore'
[0.163s] Level 1:colcon.colcon_core.package_identification:_identify(packages/cartographer_ros/cartographer_ros_msgs) by extension 'ignore_ament_install'
[0.163s] Level 1:colcon.colcon_core.package_identification:_identify(packages/cartographer_ros/cartographer_ros_msgs) by extensions ['colcon_pkg']
[0.163s] Level 1:colcon.colcon_core.package_identification:_identify(packages/cartographer_ros/cartographer_ros_msgs) by extension 'colcon_pkg'
[0.163s] Level 1:colcon.colcon_core.package_identification:_identify(packages/cartographer_ros/cartographer_ros_msgs) by extensions ['colcon_meta']
[0.163s] Level 1:colcon.colcon_core.package_identification:_identify(packages/cartographer_ros/cartographer_ros_msgs) by extension 'colcon_meta'
[0.163s] Level 1:colcon.colcon_core.package_identification:_identify(packages/cartographer_ros/cartographer_ros_msgs) by extensions ['ros']
[0.163s] Level 1:colcon.colcon_core.package_identification:_identify(packages/cartographer_ros/cartographer_ros_msgs) by extension 'ros'
[0.164s] DEBUG:colcon.colcon_core.package_identification:Package 'packages/cartographer_ros/cartographer_ros_msgs' with type 'ros.ament_cmake' and name 'cartographer_ros_msgs'
[0.164s] Level 1:colcon.colcon_core.package_identification:_identify(packages/cartographer_ros/cartographer_rviz) by extensions ['ignore', 'ignore_ament_install']
[0.164s] Level 1:colcon.colcon_core.package_identification:_identify(packages/cartographer_ros/cartographer_rviz) by extension 'ignore'
[0.164s] Level 1:colcon.colcon_core.package_identification:_identify(packages/cartographer_ros/cartographer_rviz) by extension 'ignore_ament_install'
[0.164s] Level 1:colcon.colcon_core.package_identification:_identify(packages/cartographer_ros/cartographer_rviz) by extensions ['colcon_pkg']
[0.164s] Level 1:colcon.colcon_core.package_identification:_identify(packages/cartographer_ros/cartographer_rviz) by extension 'colcon_pkg'
[0.164s] Level 1:colcon.colcon_core.package_identification:_identify(packages/cartographer_ros/cartographer_rviz) by extensions ['colcon_meta']
[0.164s] Level 1:colcon.colcon_core.package_identification:_identify(packages/cartographer_ros/cartographer_rviz) by extension 'colcon_meta'
[0.164s] Level 1:colcon.colcon_core.package_identification:_identify(packages/cartographer_ros/cartographer_rviz) by extensions ['ros']
[0.164s] Level 1:colcon.colcon_core.package_identification:_identify(packages/cartographer_ros/cartographer_rviz) by extension 'ros'
[0.165s] DEBUG:colcon.colcon_core.package_identification:Package 'packages/cartographer_ros/cartographer_rviz' with type 'ros.ament_cmake' and name 'cartographer_rviz'
[0.165s] Level 1:colcon.colcon_core.package_identification:_identify(packages/cartographer_ros/docs) by extensions ['ignore', 'ignore_ament_install']
[0.165s] Level 1:colcon.colcon_core.package_identification:_identify(packages/cartographer_ros/docs) by extension 'ignore'
[0.165s] Level 1:colcon.colcon_core.package_identification:_identify(packages/cartographer_ros/docs) ignored
[0.165s] Level 1:colcon.colcon_core.package_identification:_identify(packages/cartographer_ros/scripts) by extensions ['ignore', 'ignore_ament_install']
[0.165s] Level 1:colcon.colcon_core.package_identification:_identify(packages/cartographer_ros/scripts) by extension 'ignore'
[0.165s] Level 1:colcon.colcon_core.package_identification:_identify(packages/cartographer_ros/scripts) by extension 'ignore_ament_install'
[0.165s] Level 1:colcon.colcon_core.package_identification:_identify(packages/cartographer_ros/scripts) by extensions ['colcon_pkg']
[0.165s] Level 1:colcon.colcon_core.package_identification:_identify(packages/cartographer_ros/scripts) by extension 'colcon_pkg'
[0.165s] Level 1:colcon.colcon_core.package_identification:_identify(packages/cartographer_ros/scripts) by extensions ['colcon_meta']
[0.165s] Level 1:colcon.colcon_core.package_identification:_identify(packages/cartographer_ros/scripts) by extension 'colcon_meta'
[0.165s] Level 1:colcon.colcon_core.package_identification:_identify(packages/cartographer_ros/scripts) by extensions ['ros']
[0.165s] Level 1:colcon.colcon_core.package_identification:_identify(packages/cartographer_ros/scripts) by extension 'ros'
[0.165s] Level 1:colcon.colcon_core.package_identification:_identify(packages/cartographer_ros/scripts) by extensions ['cmake', 'python']
[0.165s] Level 1:colcon.colcon_core.package_identification:_identify(packages/cartographer_ros/scripts) by extension 'cmake'
[0.165s] Level 1:colcon.colcon_core.package_identification:_identify(packages/cartographer_ros/scripts) by extension 'python'
[0.165s] Level 1:colcon.colcon_core.package_identification:_identify(packages/cartographer_ros/scripts) by extensions ['python_setup_py']
[0.165s] Level 1:colcon.colcon_core.package_identification:_identify(packages/cartographer_ros/scripts) by extension 'python_setup_py'
[0.165s] Level 1:colcon.colcon_core.package_identification:_identify(src) by extensions ['ignore', 'ignore_ament_install']
[0.165s] Level 1:colcon.colcon_core.package_identification:_identify(src) by extension 'ignore'
[0.165s] Level 1:colcon.colcon_core.package_identification:_identify(src) by extension 'ignore_ament_install'
[0.165s] Level 1:colcon.colcon_core.package_identification:_identify(src) by extensions ['colcon_pkg']
[0.165s] Level 1:colcon.colcon_core.package_identification:_identify(src) by extension 'colcon_pkg'
[0.165s] Level 1:colcon.colcon_core.package_identification:_identify(src) by extensions ['colcon_meta']
[0.165s] Level 1:colcon.colcon_core.package_identification:_identify(src) by extension 'colcon_meta'
[0.165s] Level 1:colcon.colcon_core.package_identification:_identify(src) by extensions ['ros']
[0.165s] Level 1:colcon.colcon_core.package_identification:_identify(src) by extension 'ros'
[0.165s] Level 1:colcon.colcon_core.package_identification:_identify(src) by extensions ['cmake', 'python']
[0.165s] Level 1:colcon.colcon_core.package_identification:_identify(src) by extension 'cmake'
[0.165s] Level 1:colcon.colcon_core.package_identification:_identify(src) by extension 'python'
[0.166s] Level 1:colcon.colcon_core.package_identification:_identify(src) by extensions ['python_setup_py']
[0.166s] Level 1:colcon.colcon_core.package_identification:_identify(src) by extension 'python_setup_py'
[0.166s] Level 1:colcon.colcon_core.package_identification:_identify(src/example_topic_rclpy) by extensions ['ignore', 'ignore_ament_install']
[0.166s] Level 1:colcon.colcon_core.package_identification:_identify(src/example_topic_rclpy) by extension 'ignore'
[0.166s] Level 1:colcon.colcon_core.package_identification:_identify(src/example_topic_rclpy) by extension 'ignore_ament_install'
[0.166s] Level 1:colcon.colcon_core.package_identification:_identify(src/example_topic_rclpy) by extensions ['colcon_pkg']
[0.166s] Level 1:colcon.colcon_core.package_identification:_identify(src/example_topic_rclpy) by extension 'colcon_pkg'
[0.166s] Level 1:colcon.colcon_core.package_identification:_identify(src/example_topic_rclpy) by extensions ['colcon_meta']
[0.166s] Level 1:colcon.colcon_core.package_identification:_identify(src/example_topic_rclpy) by extension 'colcon_meta'
[0.166s] Level 1:colcon.colcon_core.package_identification:_identify(src/example_topic_rclpy) by extensions ['ros']
[0.166s] Level 1:colcon.colcon_core.package_identification:_identify(src/example_topic_rclpy) by extension 'ros'
[0.166s] DEBUG:colcon.colcon_core.package_identification:Package 'src/example_topic_rclpy' with type 'ros.ament_python' and name 'example_topic_rclpy'
[0.166s] Level 1:colcon.colcon_core.package_identification:_identify(src/fishbot_cartographer) by extensions ['ignore', 'ignore_ament_install']
[0.166s] Level 1:colcon.colcon_core.package_identification:_identify(src/fishbot_cartographer) by extension 'ignore'
[0.166s] Level 1:colcon.colcon_core.package_identification:_identify(src/fishbot_cartographer) by extension 'ignore_ament_install'
[0.166s] Level 1:colcon.colcon_core.package_identification:_identify(src/fishbot_cartographer) by extensions ['colcon_pkg']
[0.166s] Level 1:colcon.colcon_core.package_identification:_identify(src/fishbot_cartographer) by extension 'colcon_pkg'
[0.166s] Level 1:colcon.colcon_core.package_identification:_identify(src/fishbot_cartographer) by extensions ['colcon_meta']
[0.166s] Level 1:colcon.colcon_core.package_identification:_identify(src/fishbot_cartographer) by extension 'colcon_meta'
[0.166s] Level 1:colcon.colcon_core.package_identification:_identify(src/fishbot_cartographer) by extensions ['ros']
[0.166s] Level 1:colcon.colcon_core.package_identification:_identify(src/fishbot_cartographer) by extension 'ros'
[0.167s] DEBUG:colcon.colcon_core.package_identification:Package 'src/fishbot_cartographer' with type 'ros.ament_cmake' and name 'fishbot_cartographer'
[0.167s] Level 1:colcon.colcon_core.package_identification:_identify(src/fishbot_description) by extensions ['ignore', 'ignore_ament_install']
[0.167s] Level 1:colcon.colcon_core.package_identification:_identify(src/fishbot_description) by extension 'ignore'
[0.167s] Level 1:colcon.colcon_core.package_identification:_identify(src/fishbot_description) by extension 'ignore_ament_install'
[0.167s] Level 1:colcon.colcon_core.package_identification:_identify(src/fishbot_description) by extensions ['colcon_pkg']
[0.167s] Level 1:colcon.colcon_core.package_identification:_identify(src/fishbot_description) by extension 'colcon_pkg'
[0.167s] Level 1:colcon.colcon_core.package_identification:_identify(src/fishbot_description) by extensions ['colcon_meta']
[0.167s] Level 1:colcon.colcon_core.package_identification:_identify(src/fishbot_description) by extension 'colcon_meta'
[0.167s] Level 1:colcon.colcon_core.package_identification:_identify(src/fishbot_description) by extensions ['ros']
[0.167s] Level 1:colcon.colcon_core.package_identification:_identify(src/fishbot_description) by extension 'ros'
[0.167s] DEBUG:colcon.colcon_core.package_identification:Package 'src/fishbot_description' with type 'ros.ament_python' and name 'fishbot_description'
[0.167s] Level 1:colcon.colcon_core.package_identification:_identify(src/fishbot_navigation2) by extensions ['ignore', 'ignore_ament_install']
[0.167s] Level 1:colcon.colcon_core.package_identification:_identify(src/fishbot_navigation2) by extension 'ignore'
[0.167s] Level 1:colcon.colcon_core.package_identification:_identify(src/fishbot_navigation2) by extension 'ignore_ament_install'
[0.167s] Level 1:colcon.colcon_core.package_identification:_identify(src/fishbot_navigation2) by extensions ['colcon_pkg']
[0.167s] Level 1:colcon.colcon_core.package_identification:_identify(src/fishbot_navigation2) by extension 'colcon_pkg'
[0.167s] Level 1:colcon.colcon_core.package_identification:_identify(src/fishbot_navigation2) by extensions ['colcon_meta']
[0.167s] Level 1:colcon.colcon_core.package_identification:_identify(src/fishbot_navigation2) by extension 'colcon_meta'
[0.167s] Level 1:colcon.colcon_core.package_identification:_identify(src/fishbot_navigation2) by extensions ['ros']
[0.167s] Level 1:colcon.colcon_core.package_identification:_identify(src/fishbot_navigation2) by extension 'ros'
[0.168s] DEBUG:colcon.colcon_core.package_identification:Package 'src/fishbot_navigation2' with type 'ros.ament_cmake' and name 'fishbot_navigation2'
[0.168s] Level 1:colcon.colcon_core.package_identification:_identify(src/service_server) by extensions ['ignore', 'ignore_ament_install']
[0.168s] Level 1:colcon.colcon_core.package_identification:_identify(src/service_server) by extension 'ignore'
[0.168s] Level 1:colcon.colcon_core.package_identification:_identify(src/service_server) by extension 'ignore_ament_install'
[0.168s] Level 1:colcon.colcon_core.package_identification:_identify(src/service_server) by extensions ['colcon_pkg']
[0.168s] Level 1:colcon.colcon_core.package_identification:_identify(src/service_server) by extension 'colcon_pkg'
[0.168s] Level 1:colcon.colcon_core.package_identification:_identify(src/service_server) by extensions ['colcon_meta']
[0.168s] Level 1:colcon.colcon_core.package_identification:_identify(src/service_server) by extension 'colcon_meta'
[0.168s] Level 1:colcon.colcon_core.package_identification:_identify(src/service_server) by extensions ['ros']
[0.168s] Level 1:colcon.colcon_core.package_identification:_identify(src/service_server) by extension 'ros'
[0.168s] DEBUG:colcon.colcon_core.package_identification:Package 'src/service_server' with type 'ros.ament_python' and name 'service_server'
[0.168s] Level 1:colcon.colcon_core.package_identification:_identify(src/world) by extensions ['ignore', 'ignore_ament_install']
[0.168s] Level 1:colcon.colcon_core.package_identification:_identify(src/world) by extension 'ignore'
[0.168s] Level 1:colcon.colcon_core.package_identification:_identify(src/world) by extension 'ignore_ament_install'
[0.168s] Level 1:colcon.colcon_core.package_identification:_identify(src/world) by extensions ['colcon_pkg']
[0.168s] Level 1:colcon.colcon_core.package_identification:_identify(src/world) by extension 'colcon_pkg'
[0.168s] Level 1:colcon.colcon_core.package_identification:_identify(src/world) by extensions ['colcon_meta']
[0.169s] Level 1:colcon.colcon_core.package_identification:_identify(src/world) by extension 'colcon_meta'
[0.169s] Level 1:colcon.colcon_core.package_identification:_identify(src/world) by extensions ['ros']
[0.169s] Level 1:colcon.colcon_core.package_identification:_identify(src/world) by extension 'ros'
[0.169s] Level 1:colcon.colcon_core.package_identification:_identify(src/world) by extensions ['cmake', 'python']
[0.169s] Level 1:colcon.colcon_core.package_identification:_identify(src/world) by extension 'cmake'
[0.169s] Level 1:colcon.colcon_core.package_identification:_identify(src/world) by extension 'python'
[0.169s] Level 1:colcon.colcon_core.package_identification:_identify(src/world) by extensions ['python_setup_py']
[0.169s] Level 1:colcon.colcon_core.package_identification:_identify(src/world) by extension 'python_setup_py'
[0.169s] Level 1:colcon.colcon_core.package_identification:_identify(src/world/world_first) by extensions ['ignore', 'ignore_ament_install']
[0.169s] Level 1:colcon.colcon_core.package_identification:_identify(src/world/world_first) by extension 'ignore'
[0.169s] Level 1:colcon.colcon_core.package_identification:_identify(src/world/world_first) by extension 'ignore_ament_install'
[0.169s] Level 1:colcon.colcon_core.package_identification:_identify(src/world/world_first) by extensions ['colcon_pkg']
[0.169s] Level 1:colcon.colcon_core.package_identification:_identify(src/world/world_first) by extension 'colcon_pkg'
[0.169s] Level 1:colcon.colcon_core.package_identification:_identify(src/world/world_first) by extensions ['colcon_meta']
[0.169s] Level 1:colcon.colcon_core.package_identification:_identify(src/world/world_first) by extension 'colcon_meta'
[0.169s] Level 1:colcon.colcon_core.package_identification:_identify(src/world/world_first) by extensions ['ros']
[0.169s] Level 1:colcon.colcon_core.package_identification:_identify(src/world/world_first) by extension 'ros'
[0.169s] Level 1:colcon.colcon_core.package_identification:_identify(src/world/world_first) by extensions ['cmake', 'python']
[0.169s] Level 1:colcon.colcon_core.package_identification:_identify(src/world/world_first) by extension 'cmake'
[0.169s] Level 1:colcon.colcon_core.package_identification:_identify(src/world/world_first) by extension 'python'
[0.169s] Level 1:colcon.colcon_core.package_identification:_identify(src/world/world_first) by extensions ['python_setup_py']
[0.169s] Level 1:colcon.colcon_core.package_identification:_identify(src/world/world_first) by extension 'python_setup_py'
[0.169s] Level 1:colcon.colcon_core.package_identification:_identify(src/world/world_second) by extensions ['ignore', 'ignore_ament_install']
[0.169s] Level 1:colcon.colcon_core.package_identification:_identify(src/world/world_second) by extension 'ignore'
[0.169s] Level 1:colcon.colcon_core.package_identification:_identify(src/world/world_second) by extension 'ignore_ament_install'
[0.169s] Level 1:colcon.colcon_core.package_identification:_identify(src/world/world_second) by extensions ['colcon_pkg']
[0.169s] Level 1:colcon.colcon_core.package_identification:_identify(src/world/world_second) by extension 'colcon_pkg'
[0.169s] Level 1:colcon.colcon_core.package_identification:_identify(src/world/world_second) by extensions ['colcon_meta']
[0.169s] Level 1:colcon.colcon_core.package_identification:_identify(src/world/world_second) by extension 'colcon_meta'
[0.169s] Level 1:colcon.colcon_core.package_identification:_identify(src/world/world_second) by extensions ['ros']
[0.169s] Level 1:colcon.colcon_core.package_identification:_identify(src/world/world_second) by extension 'ros'
[0.169s] Level 1:colcon.colcon_core.package_identification:_identify(src/world/world_second) by extensions ['cmake', 'python']
[0.169s] Level 1:colcon.colcon_core.package_identification:_identify(src/world/world_second) by extension 'cmake'
[0.169s] Level 1:colcon.colcon_core.package_identification:_identify(src/world/world_second) by extension 'python'
[0.169s] Level 1:colcon.colcon_core.package_identification:_identify(src/world/world_second) by extensions ['python_setup_py']
[0.169s] Level 1:colcon.colcon_core.package_identification:_identify(src/world/world_second) by extension 'python_setup_py'
[0.169s] Level 1:colcon.colcon_core.package_identification:_identify(src/world/world_thrid) by extensions ['ignore', 'ignore_ament_install']
[0.169s] Level 1:colcon.colcon_core.package_identification:_identify(src/world/world_thrid) by extension 'ignore'
[0.169s] Level 1:colcon.colcon_core.package_identification:_identify(src/world/world_thrid) by extension 'ignore_ament_install'
[0.169s] Level 1:colcon.colcon_core.package_identification:_identify(src/world/world_thrid) by extensions ['colcon_pkg']
[0.169s] Level 1:colcon.colcon_core.package_identification:_identify(src/world/world_thrid) by extension 'colcon_pkg'
[0.170s] Level 1:colcon.colcon_core.package_identification:_identify(src/world/world_thrid) by extensions ['colcon_meta']
[0.170s] Level 1:colcon.colcon_core.package_identification:_identify(src/world/world_thrid) by extension 'colcon_meta'
[0.170s] Level 1:colcon.colcon_core.package_identification:_identify(src/world/world_thrid) by extensions ['ros']
[0.170s] Level 1:colcon.colcon_core.package_identification:_identify(src/world/world_thrid) by extension 'ros'
[0.170s] Level 1:colcon.colcon_core.package_identification:_identify(src/world/world_thrid) by extensions ['cmake', 'python']
[0.170s] Level 1:colcon.colcon_core.package_identification:_identify(src/world/world_thrid) by extension 'cmake'
[0.170s] Level 1:colcon.colcon_core.package_identification:_identify(src/world/world_thrid) by extension 'python'
[0.170s] Level 1:colcon.colcon_core.package_identification:_identify(src/world/world_thrid) by extensions ['python_setup_py']
[0.170s] Level 1:colcon.colcon_core.package_identification:_identify(src/world/world_thrid) by extension 'python_setup_py'
[0.170s] Level 1:colcon.colcon_core.package_discovery:discover_packages(recursive) using defaults
[0.170s] Level 1:colcon.colcon_core.package_discovery:discover_packages(ignore) discover
[0.170s] Level 1:colcon.colcon_core.package_discovery:discover_packages(ignore) using defaults
[0.170s] Level 1:colcon.colcon_core.package_discovery:discover_packages(path) discover
[0.170s] Level 1:colcon.colcon_core.package_discovery:discover_packages(path) using defaults
[0.184s] INFO:colcon.colcon_core.package_selection:Skipping package 'cartographer_rviz' in 'packages/cartographer_ros/cartographer_rviz'
[0.184s] INFO:colcon.colcon_core.package_selection:Skipping package 'cartographer_ros' in 'packages/cartographer_ros/cartographer_ros'
[0.184s] INFO:colcon.colcon_core.package_selection:Skipping package 'service_server' in 'src/service_server'
[0.184s] INFO:colcon.colcon_core.package_selection:Skipping package 'fishbot_cartographer' in 'src/fishbot_cartographer'
[0.184s] INFO:colcon.colcon_core.package_selection:Skipping package 'example_topic_rclpy' in 'src/example_topic_rclpy'
[0.184s] INFO:colcon.colcon_core.package_selection:Skipping package 'cartographer_ros_msgs' in 'packages/cartographer_ros/cartographer_ros_msgs'
[0.184s] INFO:colcon.colcon_core.package_selection:Skipping package 'cartographer' in 'packages/cartographer'
[0.184s] Level 5:colcon.colcon_core.verb:set package 'fishbot_description' build argument 'cmake_args' from command line to 'None'
[0.184s] Level 5:colcon.colcon_core.verb:set package 'fishbot_description' build argument 'cmake_target' from command line to 'None'
[0.184s] Level 5:colcon.colcon_core.verb:set package 'fishbot_description' build argument 'cmake_target_skip_unavailable' from command line to 'False'
[0.184s] Level 5:colcon.colcon_core.verb:set package 'fishbot_description' build argument 'cmake_clean_cache' from command line to 'False'
[0.184s] Level 5:colcon.colcon_core.verb:set package 'fishbot_description' build argument 'cmake_clean_first' from command line to 'False'
[0.184s] Level 5:colcon.colcon_core.verb:set package 'fishbot_description' build argument 'cmake_force_configure' from command line to 'False'
[0.184s] Level 5:colcon.colcon_core.verb:set package 'fishbot_description' build argument 'ament_cmake_args' from command line to 'None'
[0.184s] Level 5:colcon.colcon_core.verb:set package 'fishbot_description' build argument 'catkin_cmake_args' from command line to 'None'
[0.184s] Level 5:colcon.colcon_core.verb:set package 'fishbot_description' build argument 'catkin_skip_building_tests' from command line to 'False'
[0.184s] DEBUG:colcon.colcon_core.verb:Building package 'fishbot_description' with the following arguments: {'ament_cmake_args': None, 'build_base': '/home/yutou/ros2_ws/build/fishbot_description', 'catkin_cmake_args': None, 'catkin_skip_building_tests': False, 'cmake_args': None, 'cmake_clean_cache': False, 'cmake_clean_first': False, 'cmake_force_configure': False, 'cmake_target': None, 'cmake_target_skip_unavailable': False, 'install_base': '/home/yutou/ros2_ws/install/fishbot_description', 'merge_install': False, 'path': '/home/yutou/ros2_ws/src/fishbot_description', 'symlink_install': False, 'test_result_base': None}
[0.184s] Level 5:colcon.colcon_core.verb:set package 'fishbot_navigation2' build argument 'cmake_args' from command line to 'None'
[0.184s] Level 5:colcon.colcon_core.verb:set package 'fishbot_navigation2' build argument 'cmake_target' from command line to 'None'
[0.184s] Level 5:colcon.colcon_core.verb:set package 'fishbot_navigation2' build argument 'cmake_target_skip_unavailable' from command line to 'False'
[0.184s] Level 5:colcon.colcon_core.verb:set package 'fishbot_navigation2' build argument 'cmake_clean_cache' from command line to 'False'
[0.184s] Level 5:colcon.colcon_core.verb:set package 'fishbot_navigation2' build argument 'cmake_clean_first' from command line to 'False'
[0.184s] Level 5:colcon.colcon_core.verb:set package 'fishbot_navigation2' build argument 'cmake_force_configure' from command line to 'False'
[0.184s] Level 5:colcon.colcon_core.verb:set package 'fishbot_navigation2' build argument 'ament_cmake_args' from command line to 'None'
[0.184s] Level 5:colcon.colcon_core.verb:set package 'fishbot_navigation2' build argument 'catkin_cmake_args' from command line to 'None'
[0.184s] Level 5:colcon.colcon_core.verb:set package 'fishbot_navigation2' build argument 'catkin_skip_building_tests' from command line to 'False'
[0.184s] DEBUG:colcon.colcon_core.verb:Building package 'fishbot_navigation2' with the following arguments: {'ament_cmake_args': None, 'build_base': '/home/yutou/ros2_ws/build/fishbot_navigation2', 'catkin_cmake_args': None, 'catkin_skip_building_tests': False, 'cmake_args': None, 'cmake_clean_cache': False, 'cmake_clean_first': False, 'cmake_force_configure': False, 'cmake_target': None, 'cmake_target_skip_unavailable': False, 'install_base': '/home/yutou/ros2_ws/install/fishbot_navigation2', 'merge_install': False, 'path': '/home/yutou/ros2_ws/src/fishbot_navigation2', 'symlink_install': False, 'test_result_base': None}
[0.185s] INFO:colcon.colcon_core.executor:Executing jobs using 'parallel' executor
[0.185s] DEBUG:colcon.colcon_parallel_executor.executor.parallel:run_until_complete
[0.186s] INFO:colcon.colcon_ros.task.ament_python.build:Building ROS package in '/home/yutou/ros2_ws/src/fishbot_description' with build type 'ament_python'
[0.186s] Level 1:colcon.colcon_core.shell:create_environment_hook('fishbot_description', 'ament_prefix_path')
[0.188s] INFO:colcon.colcon_core.plugin_system:Skipping extension 'colcon_core.shell.bat': Not used on non-Windows systems
[0.188s] INFO:colcon.colcon_core.shell:Creating environment hook '/home/yutou/ros2_ws/install/fishbot_description/share/fishbot_description/hook/ament_prefix_path.ps1'
[0.188s] INFO:colcon.colcon_core.shell:Creating environment descriptor '/home/yutou/ros2_ws/install/fishbot_description/share/fishbot_description/hook/ament_prefix_path.dsv'
[0.188s] INFO:colcon.colcon_core.shell:Creating environment hook '/home/yutou/ros2_ws/install/fishbot_description/share/fishbot_description/hook/ament_prefix_path.sh'
[0.189s] INFO:colcon.colcon_core.shell:Skip shell extension 'powershell' for command environment: Not usable outside of PowerShell
[0.189s] DEBUG:colcon.colcon_core.shell:Skip shell extension 'dsv' for command environment
[0.192s] INFO:colcon.colcon_ros.task.ament_cmake.build:Building ROS package in '/home/yutou/ros2_ws/src/fishbot_navigation2' with build type 'ament_cmake'
[0.192s] INFO:colcon.colcon_cmake.task.cmake.build:Building CMake package in '/home/yutou/ros2_ws/src/fishbot_navigation2'
[0.192s] INFO:colcon.colcon_core.shell:Skip shell extension 'powershell' for command environment: Not usable outside of PowerShell
[0.192s] DEBUG:colcon.colcon_core.shell:Skip shell extension 'dsv' for command environment
[0.340s] INFO:colcon.colcon_core.task.python.build:Building Python package in '/home/yutou/ros2_ws/src/fishbot_description'
[0.340s] INFO:colcon.colcon_core.shell:Skip shell extension 'powershell' for command environment: Not usable outside of PowerShell
[0.340s] DEBUG:colcon.colcon_core.shell:Skip shell extension 'dsv' for command environment
[0.347s] DEBUG:colcon.colcon_core.event_handler.log_command:Invoking command in '/home/yutou/ros2_ws/build/fishbot_navigation2': CMAKE_PREFIX_PATH=${CMAKE_PREFIX_PATH}:/home/yutou/ros2_ws/install/service_server:/home/yutou/ros2_ws/install/fishbot_description:/home/yutou/ros2_ws/install/example_topic_rclpy:/opt/ros/humble /usr/bin/cmake --build /home/yutou/ros2_ws/build/fishbot_navigation2 -- -j20 -l20
[0.377s] DEBUG:colcon.colcon_core.event_handler.log_command:Invoked command in '/home/yutou/ros2_ws/build/fishbot_navigation2' returned '0': CMAKE_PREFIX_PATH=${CMAKE_PREFIX_PATH}:/home/yutou/ros2_ws/install/service_server:/home/yutou/ros2_ws/install/fishbot_description:/home/yutou/ros2_ws/install/example_topic_rclpy:/opt/ros/humble /usr/bin/cmake --build /home/yutou/ros2_ws/build/fishbot_navigation2 -- -j20 -l20
[0.384s] DEBUG:colcon.colcon_core.event_handler.log_command:Invoking command in '/home/yutou/ros2_ws/build/fishbot_navigation2': CMAKE_PREFIX_PATH=${CMAKE_PREFIX_PATH}:/home/yutou/ros2_ws/install/service_server:/home/yutou/ros2_ws/install/fishbot_description:/home/yutou/ros2_ws/install/example_topic_rclpy:/opt/ros/humble /usr/bin/cmake --install /home/yutou/ros2_ws/build/fishbot_navigation2
[0.392s] Level 1:colcon.colcon_core.environment:create_environment_scripts_only(fishbot_navigation2)
[0.393s] DEBUG:colcon.colcon_core.event_handler.log_command:Invoked command in '/home/yutou/ros2_ws/build/fishbot_navigation2' returned '0': CMAKE_PREFIX_PATH=${CMAKE_PREFIX_PATH}:/home/yutou/ros2_ws/install/service_server:/home/yutou/ros2_ws/install/fishbot_description:/home/yutou/ros2_ws/install/example_topic_rclpy:/opt/ros/humble /usr/bin/cmake --install /home/yutou/ros2_ws/build/fishbot_navigation2
[0.395s] Level 1:colcon.colcon_core.environment:checking '/home/yutou/ros2_ws/install/fishbot_navigation2' for CMake module files
[0.395s] Level 1:colcon.colcon_core.environment:checking '/home/yutou/ros2_ws/install/fishbot_navigation2' for CMake config files
[0.395s] Level 1:colcon.colcon_core.shell:create_environment_hook('fishbot_navigation2', 'cmake_prefix_path')
[0.395s] INFO:colcon.colcon_core.shell:Creating environment hook '/home/yutou/ros2_ws/install/fishbot_navigation2/share/fishbot_navigation2/hook/cmake_prefix_path.ps1'
[0.396s] INFO:colcon.colcon_core.shell:Creating environment descriptor '/home/yutou/ros2_ws/install/fishbot_navigation2/share/fishbot_navigation2/hook/cmake_prefix_path.dsv'
[0.396s] INFO:colcon.colcon_core.shell:Creating environment hook '/home/yutou/ros2_ws/install/fishbot_navigation2/share/fishbot_navigation2/hook/cmake_prefix_path.sh'
[0.396s] Level 1:colcon.colcon_core.environment:checking '/home/yutou/ros2_ws/install/fishbot_navigation2/bin'
[0.396s] Level 1:colcon.colcon_core.environment:checking '/home/yutou/ros2_ws/install/fishbot_navigation2/lib/pkgconfig/fishbot_navigation2.pc'
[0.396s] Level 1:colcon.colcon_core.environment:checking '/home/yutou/ros2_ws/install/fishbot_navigation2/lib/python3.10/site-packages'
[0.397s] Level 1:colcon.colcon_core.environment:checking '/home/yutou/ros2_ws/install/fishbot_navigation2/bin'
[0.397s] INFO:colcon.colcon_core.shell:Creating package script '/home/yutou/ros2_ws/install/fishbot_navigation2/share/fishbot_navigation2/package.ps1'
[0.397s] INFO:colcon.colcon_core.shell:Creating package descriptor '/home/yutou/ros2_ws/install/fishbot_navigation2/share/fishbot_navigation2/package.dsv'
[0.398s] INFO:colcon.colcon_core.shell:Creating package script '/home/yutou/ros2_ws/install/fishbot_navigation2/share/fishbot_navigation2/package.sh'
[0.398s] INFO:colcon.colcon_core.shell:Creating package script '/home/yutou/ros2_ws/install/fishbot_navigation2/share/fishbot_navigation2/package.bash'
[0.398s] INFO:colcon.colcon_core.shell:Creating package script '/home/yutou/ros2_ws/install/fishbot_navigation2/share/fishbot_navigation2/package.zsh'
[0.399s] Level 1:colcon.colcon_core.environment:create_file_with_runtime_dependencies(/home/yutou/ros2_ws/install/fishbot_navigation2/share/colcon-core/packages/fishbot_navigation2)
[0.399s] Level 1:colcon.colcon_core.environment:create_environment_scripts_only(fishbot_navigation2)
[0.399s] Level 1:colcon.colcon_core.environment:checking '/home/yutou/ros2_ws/install/fishbot_navigation2' for CMake module files
[0.400s] Level 1:colcon.colcon_core.environment:checking '/home/yutou/ros2_ws/install/fishbot_navigation2' for CMake config files
[0.400s] Level 1:colcon.colcon_core.shell:create_environment_hook('fishbot_navigation2', 'cmake_prefix_path')
[0.400s] INFO:colcon.colcon_core.shell:Creating environment hook '/home/yutou/ros2_ws/install/fishbot_navigation2/share/fishbot_navigation2/hook/cmake_prefix_path.ps1'
[0.400s] INFO:colcon.colcon_core.shell:Creating environment descriptor '/home/yutou/ros2_ws/install/fishbot_navigation2/share/fishbot_navigation2/hook/cmake_prefix_path.dsv'
[0.400s] INFO:colcon.colcon_core.shell:Creating environment hook '/home/yutou/ros2_ws/install/fishbot_navigation2/share/fishbot_navigation2/hook/cmake_prefix_path.sh'
[0.401s] Level 1:colcon.colcon_core.environment:checking '/home/yutou/ros2_ws/install/fishbot_navigation2/bin'
[0.401s] Level 1:colcon.colcon_core.environment:checking '/home/yutou/ros2_ws/install/fishbot_navigation2/lib/pkgconfig/fishbot_navigation2.pc'
[0.401s] Level 1:colcon.colcon_core.environment:checking '/home/yutou/ros2_ws/install/fishbot_navigation2/lib/python3.10/site-packages'
[0.401s] Level 1:colcon.colcon_core.environment:checking '/home/yutou/ros2_ws/install/fishbot_navigation2/bin'
[0.401s] INFO:colcon.colcon_core.shell:Creating package script '/home/yutou/ros2_ws/install/fishbot_navigation2/share/fishbot_navigation2/package.ps1'
[0.401s] INFO:colcon.colcon_core.shell:Creating package descriptor '/home/yutou/ros2_ws/install/fishbot_navigation2/share/fishbot_navigation2/package.dsv'
[0.402s] INFO:colcon.colcon_core.shell:Creating package script '/home/yutou/ros2_ws/install/fishbot_navigation2/share/fishbot_navigation2/package.sh'
[0.402s] INFO:colcon.colcon_core.shell:Creating package script '/home/yutou/ros2_ws/install/fishbot_navigation2/share/fishbot_navigation2/package.bash'
[0.402s] INFO:colcon.colcon_core.shell:Creating package script '/home/yutou/ros2_ws/install/fishbot_navigation2/share/fishbot_navigation2/package.zsh'
[0.402s] Level 1:colcon.colcon_core.environment:create_file_with_runtime_dependencies(/home/yutou/ros2_ws/install/fishbot_navigation2/share/colcon-core/packages/fishbot_navigation2)
[0.531s] DEBUG:colcon.colcon_core.event_handler.log_command:Invoking command in '/home/yutou/ros2_ws/src/fishbot_description': PYTHONPATH=/home/yutou/ros2_ws/build/fishbot_description/prefix_override:/usr/lib/python3/dist-packages/colcon_core/task/python/colcon_distutils_commands:/home/yutou/ros2_ws/install/fishbot_description/lib/python3.10/site-packages:${PYTHONPATH} /usr/bin/python3 -W ignore:setup.py install is deprecated -W ignore:easy_install command is deprecated setup.py egg_info --egg-base ../../build/fishbot_description build --build-base /home/yutou/ros2_ws/build/fishbot_description/build install --record /home/yutou/ros2_ws/build/fishbot_description/install.log --single-version-externally-managed install_data
[0.691s] Level 1:colcon.colcon_core.environment:checking '/home/yutou/ros2_ws/install/fishbot_description' for CMake module files
[0.692s] DEBUG:colcon.colcon_core.event_handler.log_command:Invoked command in '/home/yutou/ros2_ws/src/fishbot_description' returned '0': PYTHONPATH=/home/yutou/ros2_ws/build/fishbot_description/prefix_override:/usr/lib/python3/dist-packages/colcon_core/task/python/colcon_distutils_commands:/home/yutou/ros2_ws/install/fishbot_description/lib/python3.10/site-packages:${PYTHONPATH} /usr/bin/python3 -W ignore:setup.py install is deprecated -W ignore:easy_install command is deprecated setup.py egg_info --egg-base ../../build/fishbot_description build --build-base /home/yutou/ros2_ws/build/fishbot_description/build install --record /home/yutou/ros2_ws/build/fishbot_description/install.log --single-version-externally-managed install_data
[0.692s] Level 1:colcon.colcon_core.environment:checking '/home/yutou/ros2_ws/install/fishbot_description' for CMake config files
[0.692s] Level 1:colcon.colcon_core.environment:checking '/home/yutou/ros2_ws/install/fishbot_description/lib'
[0.692s] Level 1:colcon.colcon_core.environment:checking '/home/yutou/ros2_ws/install/fishbot_description/bin'
[0.692s] Level 1:colcon.colcon_core.environment:checking '/home/yutou/ros2_ws/install/fishbot_description/lib/pkgconfig/fishbot_description.pc'
[0.693s] Level 1:colcon.colcon_core.environment:checking '/home/yutou/ros2_ws/install/fishbot_description/lib/python3.10/site-packages'
[0.693s] Level 1:colcon.colcon_core.shell:create_environment_hook('fishbot_description', 'pythonpath')
[0.693s] INFO:colcon.colcon_core.shell:Creating environment hook '/home/yutou/ros2_ws/install/fishbot_description/share/fishbot_description/hook/pythonpath.ps1'
[0.693s] INFO:colcon.colcon_core.shell:Creating environment descriptor '/home/yutou/ros2_ws/install/fishbot_description/share/fishbot_description/hook/pythonpath.dsv'
[0.693s] INFO:colcon.colcon_core.shell:Creating environment hook '/home/yutou/ros2_ws/install/fishbot_description/share/fishbot_description/hook/pythonpath.sh'
[0.694s] Level 1:colcon.colcon_core.environment:checking '/home/yutou/ros2_ws/install/fishbot_description/bin'
[0.694s] Level 1:colcon.colcon_core.environment:create_environment_scripts_only(fishbot_description)
[0.694s] INFO:colcon.colcon_core.shell:Creating package script '/home/yutou/ros2_ws/install/fishbot_description/share/fishbot_description/package.ps1'
[0.694s] INFO:colcon.colcon_core.shell:Creating package descriptor '/home/yutou/ros2_ws/install/fishbot_description/share/fishbot_description/package.dsv'
[0.694s] INFO:colcon.colcon_core.shell:Creating package script '/home/yutou/ros2_ws/install/fishbot_description/share/fishbot_description/package.sh'
[0.695s] INFO:colcon.colcon_core.shell:Creating package script '/home/yutou/ros2_ws/install/fishbot_description/share/fishbot_description/package.bash'
[0.695s] INFO:colcon.colcon_core.shell:Creating package script '/home/yutou/ros2_ws/install/fishbot_description/share/fishbot_description/package.zsh'
[0.695s] Level 1:colcon.colcon_core.environment:create_file_with_runtime_dependencies(/home/yutou/ros2_ws/install/fishbot_description/share/colcon-core/packages/fishbot_description)
[0.695s] DEBUG:colcon.colcon_parallel_executor.executor.parallel:closing loop
[0.695s] DEBUG:colcon.colcon_parallel_executor.executor.parallel:loop closed
[0.695s] DEBUG:colcon.colcon_parallel_executor.executor.parallel:run_until_complete finished with '0'
[0.695s] DEBUG:colcon.colcon_core.event_reactor:joining thread
[0.701s] INFO:colcon.colcon_core.plugin_system:Skipping extension 'colcon_notification.desktop_notification.notify_send': Could not find 'notify-send'
[0.701s] INFO:colcon.colcon_core.plugin_system:Skipping extension 'colcon_notification.desktop_notification.terminal_notifier': Not used on non-Darwin systems
[0.701s] INFO:colcon.colcon_core.plugin_system:Skipping extension 'colcon_notification.desktop_notification.win32': Not used on non-Windows systems
[0.701s] INFO:colcon.colcon_notification.desktop_notification:Sending desktop notification using 'notify2'
[0.703s] DEBUG:colcon.colcon_notification.desktop_notification.notify2:Failed to initialize notify2: org.freedesktop.DBus.Error.Spawn.ExecFailed: /usr/bin/dbus-launch terminated abnormally without any error message
[0.703s] DEBUG:colcon.colcon_core.event_reactor:joined thread
[0.704s] INFO:colcon.colcon_core.shell:Creating prefix script '/home/yutou/ros2_ws/install/local_setup.ps1'
[0.704s] INFO:colcon.colcon_core.shell:Creating prefix util module '/home/yutou/ros2_ws/install/_local_setup_util_ps1.py'
[0.705s] INFO:colcon.colcon_core.shell:Creating prefix chain script '/home/yutou/ros2_ws/install/setup.ps1'
[0.706s] INFO:colcon.colcon_core.shell:Creating prefix script '/home/yutou/ros2_ws/install/local_setup.sh'
[0.706s] INFO:colcon.colcon_core.shell:Creating prefix util module '/home/yutou/ros2_ws/install/_local_setup_util_sh.py'
[0.707s] INFO:colcon.colcon_core.shell:Creating prefix chain script '/home/yutou/ros2_ws/install/setup.sh'
[0.708s] INFO:colcon.colcon_core.shell:Creating prefix script '/home/yutou/ros2_ws/install/local_setup.bash'
[0.708s] INFO:colcon.colcon_core.shell:Creating prefix chain script '/home/yutou/ros2_ws/install/setup.bash'
[0.709s] INFO:colcon.colcon_core.shell:Creating prefix script '/home/yutou/ros2_ws/install/local_setup.zsh'
[0.709s] INFO:colcon.colcon_core.shell:Creating prefix chain script '/home/yutou/ros2_ws/install/setup.zsh'
