-- Found ament_cmake: 1.3.12 (/opt/ros/humble/share/ament_cmake/cmake)
-- Found geometry_msgs: 4.9.0 (/opt/ros/humble/share/geometry_msgs/cmake)
-- Found rosidl_generator_c: 3.1.7 (/opt/ros/humble/share/rosidl_generator_c/cmake)
-- Found rosidl_adapter: 3.1.7 (/opt/ros/humble/share/rosidl_adapter/cmake)
-- Found rosidl_generator_cpp: 3.1.7 (/opt/ros/humble/share/rosidl_generator_cpp/cmake)
-- Using all available rosidl_typesupport_c: rosidl_typesupport_fastrtps_c;rosidl_typesupport_introspection_c
-- Using all available rosidl_typesupport_cpp: rosidl_typesupport_fastrtps_cpp;rosidl_typesupport_introspection_cpp
-- Found rosidl_default_generators: 1.2.0 (/opt/ros/humble/share/rosidl_default_generators/cmake)
-- Found ament_cmake_ros: 0.10.0 (/opt/ros/humble/share/ament_cmake_ros/cmake)
-- Using all available rosidl_typesupport_c: rosidl_typesupport_fastrtps_c;rosidl_typesupport_introspection_c
-- Using all available rosidl_typesupport_cpp: rosidl_typesupport_fastrtps_cpp;rosidl_typesupport_introspection_cpp
-- Found PythonInterp: /usr/bin/python3 (found suitable version "3.10.12", minimum required is "3.6") 
-- Found python_cmake_module: 0.10.0 (/opt/ros/humble/share/python_cmake_module/cmake)
-- Found PythonLibs: /usr/lib/x86_64-linux-gnu/libpython3.10.so (found suitable version "3.10.12", minimum required is "3.5") 
-- Using PYTHON_EXECUTABLE: /usr/bin/python3
-- Using PYTHON_INCLUDE_DIRS: /usr/include/python3.10
-- Using PYTHON_LIBRARIES: /usr/lib/x86_64-linux-gnu/libpython3.10.so
-- Found PythonExtra: .so  
-- Found ament_lint_auto: 0.12.14 (/opt/ros/humble/share/ament_lint_auto/cmake)
-- Added test 'lint_cmake' to check CMake code style
-- Added test 'xmllint' to check XML markup files
-- Configuring done
-- Generating done
-- Build files have been written to: /home/yutou/ros2_ws/build/greenstory_interfaces
[  2%] [34m[1mGenerating C code for ROS interfaces[0m
[  5%] [34m[1mGenerating C++ code for ROS interfaces[0m
[  5%] Built target ament_cmake_python_copy_greenstory_interfaces
running egg_info
creating greenstory_interfaces.egg-info
writing greenstory_interfaces.egg-info/PKG-INFO
writing dependency_links to greenstory_interfaces.egg-info/dependency_links.txt
writing top-level names to greenstory_interfaces.egg-info/top_level.txt
writing manifest file 'greenstory_interfaces.egg-info/SOURCES.txt'
reading manifest file 'greenstory_interfaces.egg-info/SOURCES.txt'
writing manifest file 'greenstory_interfaces.egg-info/SOURCES.txt'
[  5%] Built target ament_cmake_python_build_greenstory_interfaces_egg
[  5%] Built target greenstory_interfaces__cpp
[  7%] [32mBuilding C object CMakeFiles/greenstory_interfaces__rosidl_generator_c.dir/rosidl_generator_c/greenstory_interfaces/srv/detail/tell_story__functions.c.o[0m
[ 10%] [32mBuilding C object CMakeFiles/greenstory_interfaces__rosidl_generator_c.dir/rosidl_generator_c/greenstory_interfaces/msg/detail/listen_story__functions.c.o[0m
[ 12%] [34m[1mGenerating C++ type support for eProsima Fast-RTPS[0m
[ 15%] [34m[1mGenerating C++ introspection for ROS interfaces[0m
[ 17%] [34m[1mGenerating C++ type support dispatch for ROS interfaces[0m
[ 20%] [32m[1mLinking C shared library libgreenstory_interfaces__rosidl_generator_c.so[0m
[ 20%] Built target greenstory_interfaces__rosidl_generator_c
[ 28%] [34m[1mGenerating C type support for eProsima Fast-RTPS[0m
[ 28%] [34m[1mGenerating C type support dispatch for ROS interfaces[0m
[ 28%] [34m[1mGenerating C introspection for ROS interfaces[0m
[ 30%] [32mBuilding CXX object CMakeFiles/greenstory_interfaces__rosidl_typesupport_cpp.dir/rosidl_typesupport_cpp/greenstory_interfaces/msg/listen_story__type_support.cpp.o[0m
[ 33%] [32mBuilding CXX object CMakeFiles/greenstory_interfaces__rosidl_typesupport_cpp.dir/rosidl_typesupport_cpp/greenstory_interfaces/srv/tell_story__type_support.cpp.o[0m
[ 35%] [32mBuilding CXX object CMakeFiles/greenstory_interfaces__rosidl_typesupport_introspection_cpp.dir/rosidl_typesupport_introspection_cpp/greenstory_interfaces/srv/detail/tell_story__type_support.cpp.o[0m
[ 38%] [32mBuilding CXX object CMakeFiles/greenstory_interfaces__rosidl_typesupport_introspection_cpp.dir/rosidl_typesupport_introspection_cpp/greenstory_interfaces/msg/detail/listen_story__type_support.cpp.o[0m
[ 41%] [32mBuilding CXX object CMakeFiles/greenstory_interfaces__rosidl_typesupport_fastrtps_cpp.dir/rosidl_typesupport_fastrtps_cpp/greenstory_interfaces/msg/detail/dds_fastrtps/listen_story__type_support.cpp.o[0m
[ 43%] [32mBuilding CXX object CMakeFiles/greenstory_interfaces__rosidl_typesupport_fastrtps_cpp.dir/rosidl_typesupport_fastrtps_cpp/greenstory_interfaces/srv/detail/dds_fastrtps/tell_story__type_support.cpp.o[0m
[ 46%] [32mBuilding CXX object CMakeFiles/greenstory_interfaces__rosidl_typesupport_c.dir/rosidl_typesupport_c/greenstory_interfaces/msg/listen_story__type_support.cpp.o[0m
[ 48%] [32mBuilding CXX object CMakeFiles/greenstory_interfaces__rosidl_typesupport_c.dir/rosidl_typesupport_c/greenstory_interfaces/srv/tell_story__type_support.cpp.o[0m
[ 51%] [32mBuilding CXX object CMakeFiles/greenstory_interfaces__rosidl_typesupport_fastrtps_c.dir/rosidl_typesupport_fastrtps_c/greenstory_interfaces/srv/detail/tell_story__type_support_c.cpp.o[0m
[ 53%] [32mBuilding CXX object CMakeFiles/greenstory_interfaces__rosidl_typesupport_fastrtps_c.dir/rosidl_typesupport_fastrtps_c/greenstory_interfaces/msg/detail/listen_story__type_support_c.cpp.o[0m
[ 56%] [32mBuilding C object CMakeFiles/greenstory_interfaces__rosidl_typesupport_introspection_c.dir/rosidl_typesupport_introspection_c/greenstory_interfaces/msg/detail/listen_story__type_support.c.o[0m
[ 58%] [32mBuilding C object CMakeFiles/greenstory_interfaces__rosidl_typesupport_introspection_c.dir/rosidl_typesupport_introspection_c/greenstory_interfaces/srv/detail/tell_story__type_support.c.o[0m
[ 61%] [32m[1mLinking CXX shared library libgreenstory_interfaces__rosidl_typesupport_c.so[0m
[ 64%] [32m[1mLinking C shared library libgreenstory_interfaces__rosidl_typesupport_introspection_c.so[0m
[ 64%] Built target greenstory_interfaces__rosidl_typesupport_c
[ 64%] Built target greenstory_interfaces__rosidl_typesupport_introspection_c
[ 66%] [32m[1mLinking CXX shared library libgreenstory_interfaces__rosidl_typesupport_cpp.so[0m
[ 66%] Built target greenstory_interfaces__rosidl_typesupport_cpp
[ 69%] [32m[1mLinking CXX shared library libgreenstory_interfaces__rosidl_typesupport_fastrtps_cpp.so[0m
[ 71%] [32m[1mLinking CXX shared library libgreenstory_interfaces__rosidl_typesupport_introspection_cpp.so[0m
[ 74%] [32m[1mLinking CXX shared library libgreenstory_interfaces__rosidl_typesupport_fastrtps_c.so[0m
[ 74%] Built target greenstory_interfaces__rosidl_typesupport_fastrtps_cpp
[ 74%] Built target greenstory_interfaces__rosidl_typesupport_introspection_cpp
[ 74%] Built target greenstory_interfaces__rosidl_typesupport_fastrtps_c
[ 74%] Built target greenstory_interfaces
[ 76%] [34m[1mGenerating Python code for ROS interfaces[0m
[ 76%] Built target greenstory_interfaces__py
[ 79%] [32mBuilding C object CMakeFiles/greenstory_interfaces__rosidl_generator_py.dir/rosidl_generator_py/greenstory_interfaces/srv/_tell_story_s.c.o[0m
[ 82%] [32mBuilding C object CMakeFiles/greenstory_interfaces__rosidl_generator_py.dir/rosidl_generator_py/greenstory_interfaces/msg/_listen_story_s.c.o[0m
[ 84%] [32m[1mLinking C shared library rosidl_generator_py/greenstory_interfaces/libgreenstory_interfaces__rosidl_generator_py.so[0m
[ 84%] Built target greenstory_interfaces__rosidl_generator_py
[ 87%] [32mBuilding C object CMakeFiles/greenstory_interfaces__rosidl_typesupport_c__pyext.dir/rosidl_generator_py/greenstory_interfaces/_greenstory_interfaces_s.ep.rosidl_typesupport_c.c.o[0m
[ 89%] [32mBuilding C object CMakeFiles/greenstory_interfaces__rosidl_typesupport_introspection_c__pyext.dir/rosidl_generator_py/greenstory_interfaces/_greenstory_interfaces_s.ep.rosidl_typesupport_introspection_c.c.o[0m
[ 92%] [32mBuilding C object CMakeFiles/greenstory_interfaces__rosidl_typesupport_fastrtps_c__pyext.dir/rosidl_generator_py/greenstory_interfaces/_greenstory_interfaces_s.ep.rosidl_typesupport_fastrtps_c.c.o[0m
[ 94%] [32m[1mLinking C shared library rosidl_generator_py/greenstory_interfaces/greenstory_interfaces_s__rosidl_typesupport_fastrtps_c.cpython-310-x86_64-linux-gnu.so[0m
[ 97%] [32m[1mLinking C shared library rosidl_generator_py/greenstory_interfaces/greenstory_interfaces_s__rosidl_typesupport_introspection_c.cpython-310-x86_64-linux-gnu.so[0m
[100%] [32m[1mLinking C shared library rosidl_generator_py/greenstory_interfaces/greenstory_interfaces_s__rosidl_typesupport_c.cpython-310-x86_64-linux-gnu.so[0m
[100%] Built target greenstory_interfaces__rosidl_typesupport_introspection_c__pyext
[100%] Built target greenstory_interfaces__rosidl_typesupport_fastrtps_c__pyext
[100%] Built target greenstory_interfaces__rosidl_typesupport_c__pyext
-- Install configuration: ""
-- Installing: /home/yutou/ros2_ws/install/greenstory_interfaces/share/ament_index/resource_index/rosidl_interfaces/greenstory_interfaces
-- Installing: /home/yutou/ros2_ws/install/greenstory_interfaces/include/greenstory_interfaces/greenstory_interfaces
-- Installing: /home/yutou/ros2_ws/install/greenstory_interfaces/include/greenstory_interfaces/greenstory_interfaces/srv
-- Installing: /home/yutou/ros2_ws/install/greenstory_interfaces/include/greenstory_interfaces/greenstory_interfaces/srv/detail
-- Installing: /home/yutou/ros2_ws/install/greenstory_interfaces/include/greenstory_interfaces/greenstory_interfaces/srv/detail/tell_story__functions.h
-- Installing: /home/yutou/ros2_ws/install/greenstory_interfaces/include/greenstory_interfaces/greenstory_interfaces/srv/detail/tell_story__functions.c
-- Installing: /home/yutou/ros2_ws/install/greenstory_interfaces/include/greenstory_interfaces/greenstory_interfaces/srv/detail/tell_story__type_support.h
-- Installing: /home/yutou/ros2_ws/install/greenstory_interfaces/include/greenstory_interfaces/greenstory_interfaces/srv/detail/tell_story__struct.h
-- Installing: /home/yutou/ros2_ws/install/greenstory_interfaces/include/greenstory_interfaces/greenstory_interfaces/srv/tell_story.h
-- Installing: /home/yutou/ros2_ws/install/greenstory_interfaces/include/greenstory_interfaces/greenstory_interfaces/msg
-- Installing: /home/yutou/ros2_ws/install/greenstory_interfaces/include/greenstory_interfaces/greenstory_interfaces/msg/detail
-- Installing: /home/yutou/ros2_ws/install/greenstory_interfaces/include/greenstory_interfaces/greenstory_interfaces/msg/detail/listen_story__functions.c
-- Installing: /home/yutou/ros2_ws/install/greenstory_interfaces/include/greenstory_interfaces/greenstory_interfaces/msg/detail/listen_story__functions.h
-- Installing: /home/yutou/ros2_ws/install/greenstory_interfaces/include/greenstory_interfaces/greenstory_interfaces/msg/detail/listen_story__type_support.h
-- Installing: /home/yutou/ros2_ws/install/greenstory_interfaces/include/greenstory_interfaces/greenstory_interfaces/msg/detail/listen_story__struct.h
-- Installing: /home/yutou/ros2_ws/install/greenstory_interfaces/include/greenstory_interfaces/greenstory_interfaces/msg/rosidl_generator_c__visibility_control.h
-- Installing: /home/yutou/ros2_ws/install/greenstory_interfaces/include/greenstory_interfaces/greenstory_interfaces/msg/listen_story.h
-- Installing: /home/yutou/ros2_ws/install/greenstory_interfaces/share/greenstory_interfaces/environment/library_path.sh
-- Installing: /home/yutou/ros2_ws/install/greenstory_interfaces/share/greenstory_interfaces/environment/library_path.dsv
-- Installing: /home/yutou/ros2_ws/install/greenstory_interfaces/lib/libgreenstory_interfaces__rosidl_generator_c.so
-- Set runtime path of "/home/yutou/ros2_ws/install/greenstory_interfaces/lib/libgreenstory_interfaces__rosidl_generator_c.so" to ""
-- Up-to-date: /home/yutou/ros2_ws/install/greenstory_interfaces/include/greenstory_interfaces/greenstory_interfaces
-- Up-to-date: /home/yutou/ros2_ws/install/greenstory_interfaces/include/greenstory_interfaces/greenstory_interfaces/srv
-- Up-to-date: /home/yutou/ros2_ws/install/greenstory_interfaces/include/greenstory_interfaces/greenstory_interfaces/srv/detail
-- Installing: /home/yutou/ros2_ws/install/greenstory_interfaces/include/greenstory_interfaces/greenstory_interfaces/srv/detail/tell_story__rosidl_typesupport_fastrtps_c.h
-- Up-to-date: /home/yutou/ros2_ws/install/greenstory_interfaces/include/greenstory_interfaces/greenstory_interfaces/msg
-- Up-to-date: /home/yutou/ros2_ws/install/greenstory_interfaces/include/greenstory_interfaces/greenstory_interfaces/msg/detail
-- Installing: /home/yutou/ros2_ws/install/greenstory_interfaces/include/greenstory_interfaces/greenstory_interfaces/msg/detail/listen_story__rosidl_typesupport_fastrtps_c.h
-- Installing: /home/yutou/ros2_ws/install/greenstory_interfaces/include/greenstory_interfaces/greenstory_interfaces/msg/rosidl_typesupport_fastrtps_c__visibility_control.h
-- Installing: /home/yutou/ros2_ws/install/greenstory_interfaces/lib/libgreenstory_interfaces__rosidl_typesupport_fastrtps_c.so
-- Set runtime path of "/home/yutou/ros2_ws/install/greenstory_interfaces/lib/libgreenstory_interfaces__rosidl_typesupport_fastrtps_c.so" to ""
-- Up-to-date: /home/yutou/ros2_ws/install/greenstory_interfaces/include/greenstory_interfaces/greenstory_interfaces
-- Up-to-date: /home/yutou/ros2_ws/install/greenstory_interfaces/include/greenstory_interfaces/greenstory_interfaces/srv
-- Up-to-date: /home/yutou/ros2_ws/install/greenstory_interfaces/include/greenstory_interfaces/greenstory_interfaces/srv/detail
-- Installing: /home/yutou/ros2_ws/install/greenstory_interfaces/include/greenstory_interfaces/greenstory_interfaces/srv/detail/tell_story__struct.hpp
-- Installing: /home/yutou/ros2_ws/install/greenstory_interfaces/include/greenstory_interfaces/greenstory_interfaces/srv/detail/tell_story__traits.hpp
-- Installing: /home/yutou/ros2_ws/install/greenstory_interfaces/include/greenstory_interfaces/greenstory_interfaces/srv/detail/tell_story__type_support.hpp
-- Installing: /home/yutou/ros2_ws/install/greenstory_interfaces/include/greenstory_interfaces/greenstory_interfaces/srv/detail/tell_story__builder.hpp
-- Installing: /home/yutou/ros2_ws/install/greenstory_interfaces/include/greenstory_interfaces/greenstory_interfaces/srv/tell_story.hpp
-- Up-to-date: /home/yutou/ros2_ws/install/greenstory_interfaces/include/greenstory_interfaces/greenstory_interfaces/msg
-- Up-to-date: /home/yutou/ros2_ws/install/greenstory_interfaces/include/greenstory_interfaces/greenstory_interfaces/msg/detail
-- Installing: /home/yutou/ros2_ws/install/greenstory_interfaces/include/greenstory_interfaces/greenstory_interfaces/msg/detail/listen_story__builder.hpp
-- Installing: /home/yutou/ros2_ws/install/greenstory_interfaces/include/greenstory_interfaces/greenstory_interfaces/msg/detail/listen_story__type_support.hpp
-- Installing: /home/yutou/ros2_ws/install/greenstory_interfaces/include/greenstory_interfaces/greenstory_interfaces/msg/detail/listen_story__struct.hpp
-- Installing: /home/yutou/ros2_ws/install/greenstory_interfaces/include/greenstory_interfaces/greenstory_interfaces/msg/detail/listen_story__traits.hpp
-- Installing: /home/yutou/ros2_ws/install/greenstory_interfaces/include/greenstory_interfaces/greenstory_interfaces/msg/rosidl_generator_cpp__visibility_control.hpp
-- Installing: /home/yutou/ros2_ws/install/greenstory_interfaces/include/greenstory_interfaces/greenstory_interfaces/msg/listen_story.hpp
-- Up-to-date: /home/yutou/ros2_ws/install/greenstory_interfaces/include/greenstory_interfaces/greenstory_interfaces
-- Up-to-date: /home/yutou/ros2_ws/install/greenstory_interfaces/include/greenstory_interfaces/greenstory_interfaces/srv
-- Up-to-date: /home/yutou/ros2_ws/install/greenstory_interfaces/include/greenstory_interfaces/greenstory_interfaces/srv/detail
-- Installing: /home/yutou/ros2_ws/install/greenstory_interfaces/include/greenstory_interfaces/greenstory_interfaces/srv/detail/tell_story__rosidl_typesupport_fastrtps_cpp.hpp
-- Installing: /home/yutou/ros2_ws/install/greenstory_interfaces/include/greenstory_interfaces/greenstory_interfaces/srv/detail/dds_fastrtps
-- Up-to-date: /home/yutou/ros2_ws/install/greenstory_interfaces/include/greenstory_interfaces/greenstory_interfaces/msg
-- Up-to-date: /home/yutou/ros2_ws/install/greenstory_interfaces/include/greenstory_interfaces/greenstory_interfaces/msg/detail
-- Installing: /home/yutou/ros2_ws/install/greenstory_interfaces/include/greenstory_interfaces/greenstory_interfaces/msg/detail/dds_fastrtps
-- Installing: /home/yutou/ros2_ws/install/greenstory_interfaces/include/greenstory_interfaces/greenstory_interfaces/msg/detail/listen_story__rosidl_typesupport_fastrtps_cpp.hpp
-- Installing: /home/yutou/ros2_ws/install/greenstory_interfaces/include/greenstory_interfaces/greenstory_interfaces/msg/rosidl_typesupport_fastrtps_cpp__visibility_control.h
-- Installing: /home/yutou/ros2_ws/install/greenstory_interfaces/lib/libgreenstory_interfaces__rosidl_typesupport_fastrtps_cpp.so
-- Set runtime path of "/home/yutou/ros2_ws/install/greenstory_interfaces/lib/libgreenstory_interfaces__rosidl_typesupport_fastrtps_cpp.so" to ""
-- Up-to-date: /home/yutou/ros2_ws/install/greenstory_interfaces/include/greenstory_interfaces/greenstory_interfaces
-- Up-to-date: /home/yutou/ros2_ws/install/greenstory_interfaces/include/greenstory_interfaces/greenstory_interfaces/srv
-- Up-to-date: /home/yutou/ros2_ws/install/greenstory_interfaces/include/greenstory_interfaces/greenstory_interfaces/srv/detail
-- Installing: /home/yutou/ros2_ws/install/greenstory_interfaces/include/greenstory_interfaces/greenstory_interfaces/srv/detail/tell_story__rosidl_typesupport_introspection_c.h
-- Installing: /home/yutou/ros2_ws/install/greenstory_interfaces/include/greenstory_interfaces/greenstory_interfaces/srv/detail/tell_story__type_support.c
-- Up-to-date: /home/yutou/ros2_ws/install/greenstory_interfaces/include/greenstory_interfaces/greenstory_interfaces/msg
-- Up-to-date: /home/yutou/ros2_ws/install/greenstory_interfaces/include/greenstory_interfaces/greenstory_interfaces/msg/detail
-- Installing: /home/yutou/ros2_ws/install/greenstory_interfaces/include/greenstory_interfaces/greenstory_interfaces/msg/detail/listen_story__type_support.c
-- Installing: /home/yutou/ros2_ws/install/greenstory_interfaces/include/greenstory_interfaces/greenstory_interfaces/msg/detail/listen_story__rosidl_typesupport_introspection_c.h
-- Installing: /home/yutou/ros2_ws/install/greenstory_interfaces/include/greenstory_interfaces/greenstory_interfaces/msg/rosidl_typesupport_introspection_c__visibility_control.h
-- Installing: /home/yutou/ros2_ws/install/greenstory_interfaces/lib/libgreenstory_interfaces__rosidl_typesupport_introspection_c.so
-- Set runtime path of "/home/yutou/ros2_ws/install/greenstory_interfaces/lib/libgreenstory_interfaces__rosidl_typesupport_introspection_c.so" to ""
-- Installing: /home/yutou/ros2_ws/install/greenstory_interfaces/lib/libgreenstory_interfaces__rosidl_typesupport_c.so
-- Set runtime path of "/home/yutou/ros2_ws/install/greenstory_interfaces/lib/libgreenstory_interfaces__rosidl_typesupport_c.so" to ""
-- Up-to-date: /home/yutou/ros2_ws/install/greenstory_interfaces/include/greenstory_interfaces/greenstory_interfaces
-- Up-to-date: /home/yutou/ros2_ws/install/greenstory_interfaces/include/greenstory_interfaces/greenstory_interfaces/srv
-- Up-to-date: /home/yutou/ros2_ws/install/greenstory_interfaces/include/greenstory_interfaces/greenstory_interfaces/srv/detail
-- Installing: /home/yutou/ros2_ws/install/greenstory_interfaces/include/greenstory_interfaces/greenstory_interfaces/srv/detail/tell_story__rosidl_typesupport_introspection_cpp.hpp
-- Installing: /home/yutou/ros2_ws/install/greenstory_interfaces/include/greenstory_interfaces/greenstory_interfaces/srv/detail/tell_story__type_support.cpp
-- Up-to-date: /home/yutou/ros2_ws/install/greenstory_interfaces/include/greenstory_interfaces/greenstory_interfaces/msg
-- Up-to-date: /home/yutou/ros2_ws/install/greenstory_interfaces/include/greenstory_interfaces/greenstory_interfaces/msg/detail
-- Installing: /home/yutou/ros2_ws/install/greenstory_interfaces/include/greenstory_interfaces/greenstory_interfaces/msg/detail/listen_story__type_support.cpp
-- Installing: /home/yutou/ros2_ws/install/greenstory_interfaces/include/greenstory_interfaces/greenstory_interfaces/msg/detail/listen_story__rosidl_typesupport_introspection_cpp.hpp
-- Installing: /home/yutou/ros2_ws/install/greenstory_interfaces/lib/libgreenstory_interfaces__rosidl_typesupport_introspection_cpp.so
-- Set runtime path of "/home/yutou/ros2_ws/install/greenstory_interfaces/lib/libgreenstory_interfaces__rosidl_typesupport_introspection_cpp.so" to ""
-- Installing: /home/yutou/ros2_ws/install/greenstory_interfaces/lib/libgreenstory_interfaces__rosidl_typesupport_cpp.so
-- Set runtime path of "/home/yutou/ros2_ws/install/greenstory_interfaces/lib/libgreenstory_interfaces__rosidl_typesupport_cpp.so" to ""
-- Installing: /home/yutou/ros2_ws/install/greenstory_interfaces/share/greenstory_interfaces/environment/pythonpath.sh
-- Installing: /home/yutou/ros2_ws/install/greenstory_interfaces/share/greenstory_interfaces/environment/pythonpath.dsv
-- Installing: /home/yutou/ros2_ws/install/greenstory_interfaces/local/lib/python3.10/dist-packages/greenstory_interfaces-0.0.0-py3.10.egg-info
-- Installing: /home/yutou/ros2_ws/install/greenstory_interfaces/local/lib/python3.10/dist-packages/greenstory_interfaces-0.0.0-py3.10.egg-info/dependency_links.txt
-- Installing: /home/yutou/ros2_ws/install/greenstory_interfaces/local/lib/python3.10/dist-packages/greenstory_interfaces-0.0.0-py3.10.egg-info/SOURCES.txt
-- Installing: /home/yutou/ros2_ws/install/greenstory_interfaces/local/lib/python3.10/dist-packages/greenstory_interfaces-0.0.0-py3.10.egg-info/top_level.txt
-- Installing: /home/yutou/ros2_ws/install/greenstory_interfaces/local/lib/python3.10/dist-packages/greenstory_interfaces-0.0.0-py3.10.egg-info/PKG-INFO
-- Installing: /home/yutou/ros2_ws/install/greenstory_interfaces/local/lib/python3.10/dist-packages/greenstory_interfaces
-- Installing: /home/yutou/ros2_ws/install/greenstory_interfaces/local/lib/python3.10/dist-packages/greenstory_interfaces/srv
-- Installing: /home/yutou/ros2_ws/install/greenstory_interfaces/local/lib/python3.10/dist-packages/greenstory_interfaces/srv/_tell_story_s.c
-- Installing: /home/yutou/ros2_ws/install/greenstory_interfaces/local/lib/python3.10/dist-packages/greenstory_interfaces/srv/_tell_story.py
-- Installing: /home/yutou/ros2_ws/install/greenstory_interfaces/local/lib/python3.10/dist-packages/greenstory_interfaces/srv/__init__.py
-- Installing: /home/yutou/ros2_ws/install/greenstory_interfaces/local/lib/python3.10/dist-packages/greenstory_interfaces/greenstory_interfaces_s__rosidl_typesupport_fastrtps_c.cpython-310-x86_64-linux-gnu.so
-- Installing: /home/yutou/ros2_ws/install/greenstory_interfaces/local/lib/python3.10/dist-packages/greenstory_interfaces/greenstory_interfaces_s__rosidl_typesupport_c.cpython-310-x86_64-linux-gnu.so
-- Installing: /home/yutou/ros2_ws/install/greenstory_interfaces/local/lib/python3.10/dist-packages/greenstory_interfaces/msg
-- Installing: /home/yutou/ros2_ws/install/greenstory_interfaces/local/lib/python3.10/dist-packages/greenstory_interfaces/msg/_listen_story.py
-- Installing: /home/yutou/ros2_ws/install/greenstory_interfaces/local/lib/python3.10/dist-packages/greenstory_interfaces/msg/_listen_story_s.c
-- Installing: /home/yutou/ros2_ws/install/greenstory_interfaces/local/lib/python3.10/dist-packages/greenstory_interfaces/msg/__init__.py
-- Installing: /home/yutou/ros2_ws/install/greenstory_interfaces/local/lib/python3.10/dist-packages/greenstory_interfaces/_greenstory_interfaces_s.ep.rosidl_typesupport_c.c
-- Installing: /home/yutou/ros2_ws/install/greenstory_interfaces/local/lib/python3.10/dist-packages/greenstory_interfaces/_greenstory_interfaces_s.ep.rosidl_typesupport_fastrtps_c.c
-- Installing: /home/yutou/ros2_ws/install/greenstory_interfaces/local/lib/python3.10/dist-packages/greenstory_interfaces/_greenstory_interfaces_s.ep.rosidl_typesupport_introspection_c.c
-- Installing: /home/yutou/ros2_ws/install/greenstory_interfaces/local/lib/python3.10/dist-packages/greenstory_interfaces/greenstory_interfaces_s__rosidl_typesupport_introspection_c.cpython-310-x86_64-linux-gnu.so
-- Installing: /home/yutou/ros2_ws/install/greenstory_interfaces/local/lib/python3.10/dist-packages/greenstory_interfaces/libgreenstory_interfaces__rosidl_generator_py.so
-- Installing: /home/yutou/ros2_ws/install/greenstory_interfaces/local/lib/python3.10/dist-packages/greenstory_interfaces/__init__.py
Listing '/home/yutou/ros2_ws/install/greenstory_interfaces/local/lib/python3.10/dist-packages/greenstory_interfaces'...
Compiling '/home/yutou/ros2_ws/install/greenstory_interfaces/local/lib/python3.10/dist-packages/greenstory_interfaces/__init__.py'...
Listing '/home/yutou/ros2_ws/install/greenstory_interfaces/local/lib/python3.10/dist-packages/greenstory_interfaces/msg'...
Compiling '/home/yutou/ros2_ws/install/greenstory_interfaces/local/lib/python3.10/dist-packages/greenstory_interfaces/msg/__init__.py'...
Compiling '/home/yutou/ros2_ws/install/greenstory_interfaces/local/lib/python3.10/dist-packages/greenstory_interfaces/msg/_listen_story.py'...
Listing '/home/yutou/ros2_ws/install/greenstory_interfaces/local/lib/python3.10/dist-packages/greenstory_interfaces/srv'...
Compiling '/home/yutou/ros2_ws/install/greenstory_interfaces/local/lib/python3.10/dist-packages/greenstory_interfaces/srv/__init__.py'...
Compiling '/home/yutou/ros2_ws/install/greenstory_interfaces/local/lib/python3.10/dist-packages/greenstory_interfaces/srv/_tell_story.py'...
-- Installing: /home/yutou/ros2_ws/install/greenstory_interfaces/local/lib/python3.10/dist-packages/greenstory_interfaces/greenstory_interfaces_s__rosidl_typesupport_fastrtps_c.cpython-310-x86_64-linux-gnu.so
-- Set runtime path of "/home/yutou/ros2_ws/install/greenstory_interfaces/local/lib/python3.10/dist-packages/greenstory_interfaces/greenstory_interfaces_s__rosidl_typesupport_fastrtps_c.cpython-310-x86_64-linux-gnu.so" to ""
-- Installing: /home/yutou/ros2_ws/install/greenstory_interfaces/local/lib/python3.10/dist-packages/greenstory_interfaces/greenstory_interfaces_s__rosidl_typesupport_introspection_c.cpython-310-x86_64-linux-gnu.so
-- Set runtime path of "/home/yutou/ros2_ws/install/greenstory_interfaces/local/lib/python3.10/dist-packages/greenstory_interfaces/greenstory_interfaces_s__rosidl_typesupport_introspection_c.cpython-310-x86_64-linux-gnu.so" to ""
-- Installing: /home/yutou/ros2_ws/install/greenstory_interfaces/local/lib/python3.10/dist-packages/greenstory_interfaces/greenstory_interfaces_s__rosidl_typesupport_c.cpython-310-x86_64-linux-gnu.so
-- Set runtime path of "/home/yutou/ros2_ws/install/greenstory_interfaces/local/lib/python3.10/dist-packages/greenstory_interfaces/greenstory_interfaces_s__rosidl_typesupport_c.cpython-310-x86_64-linux-gnu.so" to ""
-- Installing: /home/yutou/ros2_ws/install/greenstory_interfaces/lib/libgreenstory_interfaces__rosidl_generator_py.so
-- Set runtime path of "/home/yutou/ros2_ws/install/greenstory_interfaces/lib/libgreenstory_interfaces__rosidl_generator_py.so" to ""
-- Installing: /home/yutou/ros2_ws/install/greenstory_interfaces/share/greenstory_interfaces/srv/TellStory.idl
-- Installing: /home/yutou/ros2_ws/install/greenstory_interfaces/share/greenstory_interfaces/msg/ListenStory.idl
-- Installing: /home/yutou/ros2_ws/install/greenstory_interfaces/share/greenstory_interfaces/srv/TellStory.srv
-- Installing: /home/yutou/ros2_ws/install/greenstory_interfaces/share/greenstory_interfaces/srv/TellStory_Request.msg
-- Installing: /home/yutou/ros2_ws/install/greenstory_interfaces/share/greenstory_interfaces/srv/TellStory_Response.msg
-- Installing: /home/yutou/ros2_ws/install/greenstory_interfaces/share/greenstory_interfaces/msg/ListenStory.msg
-- Installing: /home/yutou/ros2_ws/install/greenstory_interfaces/share/ament_index/resource_index/package_run_dependencies/greenstory_interfaces
-- Installing: /home/yutou/ros2_ws/install/greenstory_interfaces/share/ament_index/resource_index/parent_prefix_path/greenstory_interfaces
-- Installing: /home/yutou/ros2_ws/install/greenstory_interfaces/share/greenstory_interfaces/environment/ament_prefix_path.sh
-- Installing: /home/yutou/ros2_ws/install/greenstory_interfaces/share/greenstory_interfaces/environment/ament_prefix_path.dsv
-- Installing: /home/yutou/ros2_ws/install/greenstory_interfaces/share/greenstory_interfaces/environment/path.sh
-- Installing: /home/yutou/ros2_ws/install/greenstory_interfaces/share/greenstory_interfaces/environment/path.dsv
-- Installing: /home/yutou/ros2_ws/install/greenstory_interfaces/share/greenstory_interfaces/local_setup.bash
-- Installing: /home/yutou/ros2_ws/install/greenstory_interfaces/share/greenstory_interfaces/local_setup.sh
-- Installing: /home/yutou/ros2_ws/install/greenstory_interfaces/share/greenstory_interfaces/local_setup.zsh
-- Installing: /home/yutou/ros2_ws/install/greenstory_interfaces/share/greenstory_interfaces/local_setup.dsv
-- Installing: /home/yutou/ros2_ws/install/greenstory_interfaces/share/greenstory_interfaces/package.dsv
-- Installing: /home/yutou/ros2_ws/install/greenstory_interfaces/share/ament_index/resource_index/packages/greenstory_interfaces
-- Installing: /home/yutou/ros2_ws/install/greenstory_interfaces/share/greenstory_interfaces/cmake/export_greenstory_interfaces__rosidl_generator_cExport.cmake
-- Installing: /home/yutou/ros2_ws/install/greenstory_interfaces/share/greenstory_interfaces/cmake/export_greenstory_interfaces__rosidl_generator_cExport-noconfig.cmake
-- Installing: /home/yutou/ros2_ws/install/greenstory_interfaces/share/greenstory_interfaces/cmake/export_greenstory_interfaces__rosidl_typesupport_fastrtps_cExport.cmake
-- Installing: /home/yutou/ros2_ws/install/greenstory_interfaces/share/greenstory_interfaces/cmake/export_greenstory_interfaces__rosidl_typesupport_fastrtps_cExport-noconfig.cmake
-- Installing: /home/yutou/ros2_ws/install/greenstory_interfaces/share/greenstory_interfaces/cmake/export_greenstory_interfaces__rosidl_generator_cppExport.cmake
-- Installing: /home/yutou/ros2_ws/install/greenstory_interfaces/share/greenstory_interfaces/cmake/export_greenstory_interfaces__rosidl_typesupport_fastrtps_cppExport.cmake
-- Installing: /home/yutou/ros2_ws/install/greenstory_interfaces/share/greenstory_interfaces/cmake/export_greenstory_interfaces__rosidl_typesupport_fastrtps_cppExport-noconfig.cmake
-- Installing: /home/yutou/ros2_ws/install/greenstory_interfaces/share/greenstory_interfaces/cmake/greenstory_interfaces__rosidl_typesupport_introspection_cExport.cmake
-- Installing: /home/yutou/ros2_ws/install/greenstory_interfaces/share/greenstory_interfaces/cmake/greenstory_interfaces__rosidl_typesupport_introspection_cExport-noconfig.cmake
-- Installing: /home/yutou/ros2_ws/install/greenstory_interfaces/share/greenstory_interfaces/cmake/greenstory_interfaces__rosidl_typesupport_cExport.cmake
-- Installing: /home/yutou/ros2_ws/install/greenstory_interfaces/share/greenstory_interfaces/cmake/greenstory_interfaces__rosidl_typesupport_cExport-noconfig.cmake
-- Installing: /home/yutou/ros2_ws/install/greenstory_interfaces/share/greenstory_interfaces/cmake/greenstory_interfaces__rosidl_typesupport_introspection_cppExport.cmake
-- Installing: /home/yutou/ros2_ws/install/greenstory_interfaces/share/greenstory_interfaces/cmake/greenstory_interfaces__rosidl_typesupport_introspection_cppExport-noconfig.cmake
-- Installing: /home/yutou/ros2_ws/install/greenstory_interfaces/share/greenstory_interfaces/cmake/greenstory_interfaces__rosidl_typesupport_cppExport.cmake
-- Installing: /home/yutou/ros2_ws/install/greenstory_interfaces/share/greenstory_interfaces/cmake/greenstory_interfaces__rosidl_typesupport_cppExport-noconfig.cmake
-- Installing: /home/yutou/ros2_ws/install/greenstory_interfaces/share/greenstory_interfaces/cmake/export_greenstory_interfaces__rosidl_generator_pyExport.cmake
-- Installing: /home/yutou/ros2_ws/install/greenstory_interfaces/share/greenstory_interfaces/cmake/export_greenstory_interfaces__rosidl_generator_pyExport-noconfig.cmake
-- Installing: /home/yutou/ros2_ws/install/greenstory_interfaces/share/greenstory_interfaces/cmake/rosidl_cmake-extras.cmake
-- Installing: /home/yutou/ros2_ws/install/greenstory_interfaces/share/greenstory_interfaces/cmake/ament_cmake_export_dependencies-extras.cmake
-- Installing: /home/yutou/ros2_ws/install/greenstory_interfaces/share/greenstory_interfaces/cmake/ament_cmake_export_include_directories-extras.cmake
-- Installing: /home/yutou/ros2_ws/install/greenstory_interfaces/share/greenstory_interfaces/cmake/ament_cmake_export_libraries-extras.cmake
-- Installing: /home/yutou/ros2_ws/install/greenstory_interfaces/share/greenstory_interfaces/cmake/ament_cmake_export_targets-extras.cmake
-- Installing: /home/yutou/ros2_ws/install/greenstory_interfaces/share/greenstory_interfaces/cmake/rosidl_cmake_export_typesupport_targets-extras.cmake
-- Installing: /home/yutou/ros2_ws/install/greenstory_interfaces/share/greenstory_interfaces/cmake/rosidl_cmake_export_typesupport_libraries-extras.cmake
-- Installing: /home/yutou/ros2_ws/install/greenstory_interfaces/share/greenstory_interfaces/cmake/greenstory_interfacesConfig.cmake
-- Installing: /home/yutou/ros2_ws/install/greenstory_interfaces/share/greenstory_interfaces/cmake/greenstory_interfacesConfig-version.cmake
-- Installing: /home/yutou/ros2_ws/install/greenstory_interfaces/share/greenstory_interfaces/package.xml
