[0.012s] Invoking command in '/home/yutou/ros2_ws/build/greenstory_interfaces': CMAKE_PREFIX_PATH=/home/yutou/ros2_ws/install/service_server:/home/yutou/ros2_ws/install/fishbot_description:/opt/ros/humble /usr/bin/cmake /home/yutou/ros2_ws/src/greenstory_interfaces -DCMAKE_INSTALL_PREFIX=/home/yutou/ros2_ws/install/greenstory_interfaces
[0.021s] -- Found ament_cmake: 1.3.12 (/opt/ros/humble/share/ament_cmake/cmake)
[0.117s] -- Found geometry_msgs: 4.9.0 (/opt/ros/humble/share/geometry_msgs/cmake)
[0.134s] -- Found rosidl_generator_c: 3.1.7 (/opt/ros/humble/share/rosidl_generator_c/cmake)
[0.136s] -- Found rosidl_adapter: 3.1.7 (/opt/ros/humble/share/rosidl_adapter/cmake)
[0.140s] -- Found rosidl_generator_cpp: 3.1.7 (/opt/ros/humble/share/rosidl_generator_cpp/cmake)
[0.146s] -- Using all available rosidl_typesupport_c: rosidl_typesupport_fastrtps_c;rosidl_typesupport_introspection_c
[0.154s] -- Using all available rosidl_typesupport_cpp: rosidl_typesupport_fastrtps_cpp;rosidl_typesupport_introspection_cpp
[0.177s] -- Found rosidl_default_generators: 1.2.0 (/opt/ros/humble/share/rosidl_default_generators/cmake)
[0.380s] -- Found ament_cmake_ros: 0.10.0 (/opt/ros/humble/share/ament_cmake_ros/cmake)
[0.684s] -- Using all available rosidl_typesupport_c: rosidl_typesupport_fastrtps_c;rosidl_typesupport_introspection_c
[0.816s] -- Using all available rosidl_typesupport_cpp: rosidl_typesupport_fastrtps_cpp;rosidl_typesupport_introspection_cpp
[0.841s] -- Found PythonInterp: /usr/bin/python3 (found suitable version "3.10.12", minimum required is "3.6") 
[0.843s] -- Found python_cmake_module: 0.10.0 (/opt/ros/humble/share/python_cmake_module/cmake)
[0.865s] -- Found PythonLibs: /usr/lib/x86_64-linux-gnu/libpython3.10.so (found suitable version "3.10.12", minimum required is "3.5") 
[0.865s] -- Using PYTHON_EXECUTABLE: /usr/bin/python3
[0.865s] -- Using PYTHON_INCLUDE_DIRS: /usr/include/python3.10
[0.865s] -- Using PYTHON_LIBRARIES: /usr/lib/x86_64-linux-gnu/libpython3.10.so
[0.883s] -- Found PythonExtra: .so  
[0.925s] -- Found ament_lint_auto: 0.12.14 (/opt/ros/humble/share/ament_lint_auto/cmake)
[0.954s] -- Added test 'lint_cmake' to check CMake code style
[0.956s] -- Added test 'xmllint' to check XML markup files
[0.958s] -- Configuring done
[0.980s] -- Generating done
[0.988s] -- Build files have been written to: /home/yutou/ros2_ws/build/greenstory_interfaces
[0.994s] Invoked command in '/home/yutou/ros2_ws/build/greenstory_interfaces' returned '0': CMAKE_PREFIX_PATH=/home/yutou/ros2_ws/install/service_server:/home/yutou/ros2_ws/install/fishbot_description:/opt/ros/humble /usr/bin/cmake /home/yutou/ros2_ws/src/greenstory_interfaces -DCMAKE_INSTALL_PREFIX=/home/yutou/ros2_ws/install/greenstory_interfaces
[0.994s] Invoking command in '/home/yutou/ros2_ws/build/greenstory_interfaces': CMAKE_PREFIX_PATH=/home/yutou/ros2_ws/install/service_server:/home/yutou/ros2_ws/install/fishbot_description:/opt/ros/humble /usr/bin/cmake --build /home/yutou/ros2_ws/build/greenstory_interfaces -- -j20 -l20
[1.027s] [  2%] [34m[1mGenerating C code for ROS interfaces[0m
[1.038s] [  5%] [34m[1mGenerating C++ code for ROS interfaces[0m
[1.042s] [  5%] Built target ament_cmake_python_copy_greenstory_interfaces
[1.177s] running egg_info
[1.177s] creating greenstory_interfaces.egg-info
[1.177s] writing greenstory_interfaces.egg-info/PKG-INFO
[1.178s] writing dependency_links to greenstory_interfaces.egg-info/dependency_links.txt
[1.178s] writing top-level names to greenstory_interfaces.egg-info/top_level.txt
[1.178s] writing manifest file 'greenstory_interfaces.egg-info/SOURCES.txt'
[1.179s] reading manifest file 'greenstory_interfaces.egg-info/SOURCES.txt'
[1.180s] writing manifest file 'greenstory_interfaces.egg-info/SOURCES.txt'
[1.199s] [  5%] Built target ament_cmake_python_build_greenstory_interfaces_egg
[1.236s] [  5%] Built target greenstory_interfaces__cpp
[1.238s] [  7%] [32mBuilding C object CMakeFiles/greenstory_interfaces__rosidl_generator_c.dir/rosidl_generator_c/greenstory_interfaces/srv/detail/tell_story__functions.c.o[0m
[1.239s] [ 10%] [32mBuilding C object CMakeFiles/greenstory_interfaces__rosidl_generator_c.dir/rosidl_generator_c/greenstory_interfaces/msg/detail/listen_story__functions.c.o[0m
[1.244s] [ 12%] [34m[1mGenerating C++ type support for eProsima Fast-RTPS[0m
[1.244s] [ 15%] [34m[1mGenerating C++ introspection for ROS interfaces[0m
[1.246s] [ 17%] [34m[1mGenerating C++ type support dispatch for ROS interfaces[0m
[1.304s] [ 20%] [32m[1mLinking C shared library libgreenstory_interfaces__rosidl_generator_c.so[0m
[1.342s] [ 20%] Built target greenstory_interfaces__rosidl_generator_c
[1.353s] [ 28%] [34m[1mGenerating C type support for eProsima Fast-RTPS[0m
[1.353s] [ 28%] [34m[1mGenerating C type support dispatch for ROS interfaces[0m
[1.353s] [ 28%] [34m[1mGenerating C introspection for ROS interfaces[0m
[1.416s] [ 30%] [32mBuilding CXX object CMakeFiles/greenstory_interfaces__rosidl_typesupport_cpp.dir/rosidl_typesupport_cpp/greenstory_interfaces/msg/listen_story__type_support.cpp.o[0m
[1.416s] [ 33%] [32mBuilding CXX object CMakeFiles/greenstory_interfaces__rosidl_typesupport_cpp.dir/rosidl_typesupport_cpp/greenstory_interfaces/srv/tell_story__type_support.cpp.o[0m
[1.435s] [ 35%] [32mBuilding CXX object CMakeFiles/greenstory_interfaces__rosidl_typesupport_introspection_cpp.dir/rosidl_typesupport_introspection_cpp/greenstory_interfaces/srv/detail/tell_story__type_support.cpp.o[0m
[1.438s] [ 38%] [32mBuilding CXX object CMakeFiles/greenstory_interfaces__rosidl_typesupport_introspection_cpp.dir/rosidl_typesupport_introspection_cpp/greenstory_interfaces/msg/detail/listen_story__type_support.cpp.o[0m
[1.449s] [ 41%] [32mBuilding CXX object CMakeFiles/greenstory_interfaces__rosidl_typesupport_fastrtps_cpp.dir/rosidl_typesupport_fastrtps_cpp/greenstory_interfaces/msg/detail/dds_fastrtps/listen_story__type_support.cpp.o[0m
[1.451s] [ 43%] [32mBuilding CXX object CMakeFiles/greenstory_interfaces__rosidl_typesupport_fastrtps_cpp.dir/rosidl_typesupport_fastrtps_cpp/greenstory_interfaces/srv/detail/dds_fastrtps/tell_story__type_support.cpp.o[0m
[1.529s] [ 46%] [32mBuilding CXX object CMakeFiles/greenstory_interfaces__rosidl_typesupport_c.dir/rosidl_typesupport_c/greenstory_interfaces/msg/listen_story__type_support.cpp.o[0m
[1.530s] [ 48%] [32mBuilding CXX object CMakeFiles/greenstory_interfaces__rosidl_typesupport_c.dir/rosidl_typesupport_c/greenstory_interfaces/srv/tell_story__type_support.cpp.o[0m
[1.545s] [ 51%] [32mBuilding CXX object CMakeFiles/greenstory_interfaces__rosidl_typesupport_fastrtps_c.dir/rosidl_typesupport_fastrtps_c/greenstory_interfaces/srv/detail/tell_story__type_support_c.cpp.o[0m
[1.546s] [ 53%] [32mBuilding CXX object CMakeFiles/greenstory_interfaces__rosidl_typesupport_fastrtps_c.dir/rosidl_typesupport_fastrtps_c/greenstory_interfaces/msg/detail/listen_story__type_support_c.cpp.o[0m
[1.550s] [ 56%] [32mBuilding C object CMakeFiles/greenstory_interfaces__rosidl_typesupport_introspection_c.dir/rosidl_typesupport_introspection_c/greenstory_interfaces/msg/detail/listen_story__type_support.c.o[0m
[1.551s] [ 58%] [32mBuilding C object CMakeFiles/greenstory_interfaces__rosidl_typesupport_introspection_c.dir/rosidl_typesupport_introspection_c/greenstory_interfaces/srv/detail/tell_story__type_support.c.o[0m
[1.552s] [ 61%] [32m[1mLinking CXX shared library libgreenstory_interfaces__rosidl_typesupport_c.so[0m
[1.574s] [ 64%] [32m[1mLinking C shared library libgreenstory_interfaces__rosidl_typesupport_introspection_c.so[0m
[1.590s] [ 64%] Built target greenstory_interfaces__rosidl_typesupport_c
[1.604s] [ 64%] Built target greenstory_interfaces__rosidl_typesupport_introspection_c
[1.641s] [ 66%] [32m[1mLinking CXX shared library libgreenstory_interfaces__rosidl_typesupport_cpp.so[0m
[1.681s] [ 66%] Built target greenstory_interfaces__rosidl_typesupport_cpp
[1.749s] [ 69%] [32m[1mLinking CXX shared library libgreenstory_interfaces__rosidl_typesupport_fastrtps_cpp.so[0m
[1.799s] [ 71%] [32m[1mLinking CXX shared library libgreenstory_interfaces__rosidl_typesupport_introspection_cpp.so[0m
[1.803s] [ 74%] [32m[1mLinking CXX shared library libgreenstory_interfaces__rosidl_typesupport_fastrtps_c.so[0m
[1.810s] [ 74%] Built target greenstory_interfaces__rosidl_typesupport_fastrtps_cpp
[1.847s] [ 74%] Built target greenstory_interfaces__rosidl_typesupport_introspection_cpp
[1.860s] [ 74%] Built target greenstory_interfaces__rosidl_typesupport_fastrtps_c
[1.878s] [ 74%] Built target greenstory_interfaces
[1.902s] [ 76%] [34m[1mGenerating Python code for ROS interfaces[0m
[2.172s] [ 76%] Built target greenstory_interfaces__py
[2.188s] [ 79%] [32mBuilding C object CMakeFiles/greenstory_interfaces__rosidl_generator_py.dir/rosidl_generator_py/greenstory_interfaces/srv/_tell_story_s.c.o[0m
[2.189s] [ 82%] [32mBuilding C object CMakeFiles/greenstory_interfaces__rosidl_generator_py.dir/rosidl_generator_py/greenstory_interfaces/msg/_listen_story_s.c.o[0m
[2.294s] [ 84%] [32m[1mLinking C shared library rosidl_generator_py/greenstory_interfaces/libgreenstory_interfaces__rosidl_generator_py.so[0m
[2.348s] [ 84%] Built target greenstory_interfaces__rosidl_generator_py
[2.368s] [ 87%] [32mBuilding C object CMakeFiles/greenstory_interfaces__rosidl_typesupport_c__pyext.dir/rosidl_generator_py/greenstory_interfaces/_greenstory_interfaces_s.ep.rosidl_typesupport_c.c.o[0m
[2.371s] [ 89%] [32mBuilding C object CMakeFiles/greenstory_interfaces__rosidl_typesupport_introspection_c__pyext.dir/rosidl_generator_py/greenstory_interfaces/_greenstory_interfaces_s.ep.rosidl_typesupport_introspection_c.c.o[0m
[2.371s] [ 92%] [32mBuilding C object CMakeFiles/greenstory_interfaces__rosidl_typesupport_fastrtps_c__pyext.dir/rosidl_generator_py/greenstory_interfaces/_greenstory_interfaces_s.ep.rosidl_typesupport_fastrtps_c.c.o[0m
[2.440s] [ 94%] [32m[1mLinking C shared library rosidl_generator_py/greenstory_interfaces/greenstory_interfaces_s__rosidl_typesupport_fastrtps_c.cpython-310-x86_64-linux-gnu.so[0m
[2.440s] [ 97%] [32m[1mLinking C shared library rosidl_generator_py/greenstory_interfaces/greenstory_interfaces_s__rosidl_typesupport_introspection_c.cpython-310-x86_64-linux-gnu.so[0m
[2.442s] [100%] [32m[1mLinking C shared library rosidl_generator_py/greenstory_interfaces/greenstory_interfaces_s__rosidl_typesupport_c.cpython-310-x86_64-linux-gnu.so[0m
[2.472s] [100%] Built target greenstory_interfaces__rosidl_typesupport_introspection_c__pyext
[2.473s] [100%] Built target greenstory_interfaces__rosidl_typesupport_fastrtps_c__pyext
[2.479s] [100%] Built target greenstory_interfaces__rosidl_typesupport_c__pyext
[2.488s] Invoked command in '/home/yutou/ros2_ws/build/greenstory_interfaces' returned '0': CMAKE_PREFIX_PATH=/home/yutou/ros2_ws/install/service_server:/home/yutou/ros2_ws/install/fishbot_description:/opt/ros/humble /usr/bin/cmake --build /home/yutou/ros2_ws/build/greenstory_interfaces -- -j20 -l20
[2.495s] Invoking command in '/home/yutou/ros2_ws/build/greenstory_interfaces': CMAKE_PREFIX_PATH=/home/yutou/ros2_ws/install/service_server:/home/yutou/ros2_ws/install/fishbot_description:/opt/ros/humble /usr/bin/cmake --install /home/yutou/ros2_ws/build/greenstory_interfaces
[2.502s] -- Install configuration: ""
[2.502s] -- Installing: /home/yutou/ros2_ws/install/greenstory_interfaces/share/ament_index/resource_index/rosidl_interfaces/greenstory_interfaces
[2.502s] -- Installing: /home/yutou/ros2_ws/install/greenstory_interfaces/include/greenstory_interfaces/greenstory_interfaces
[2.502s] -- Installing: /home/yutou/ros2_ws/install/greenstory_interfaces/include/greenstory_interfaces/greenstory_interfaces/srv
[2.502s] -- Installing: /home/yutou/ros2_ws/install/greenstory_interfaces/include/greenstory_interfaces/greenstory_interfaces/srv/detail
[2.502s] -- Installing: /home/yutou/ros2_ws/install/greenstory_interfaces/include/greenstory_interfaces/greenstory_interfaces/srv/detail/tell_story__functions.h
[2.502s] -- Installing: /home/yutou/ros2_ws/install/greenstory_interfaces/include/greenstory_interfaces/greenstory_interfaces/srv/detail/tell_story__functions.c
[2.502s] -- Installing: /home/yutou/ros2_ws/install/greenstory_interfaces/include/greenstory_interfaces/greenstory_interfaces/srv/detail/tell_story__type_support.h
[2.502s] -- Installing: /home/yutou/ros2_ws/install/greenstory_interfaces/include/greenstory_interfaces/greenstory_interfaces/srv/detail/tell_story__struct.h
[2.502s] -- Installing: /home/yutou/ros2_ws/install/greenstory_interfaces/include/greenstory_interfaces/greenstory_interfaces/srv/tell_story.h
[2.503s] -- Installing: /home/yutou/ros2_ws/install/greenstory_interfaces/include/greenstory_interfaces/greenstory_interfaces/msg
[2.503s] -- Installing: /home/yutou/ros2_ws/install/greenstory_interfaces/include/greenstory_interfaces/greenstory_interfaces/msg/detail
[2.503s] -- Installing: /home/yutou/ros2_ws/install/greenstory_interfaces/include/greenstory_interfaces/greenstory_interfaces/msg/detail/listen_story__functions.c
[2.503s] -- Installing: /home/yutou/ros2_ws/install/greenstory_interfaces/include/greenstory_interfaces/greenstory_interfaces/msg/detail/listen_story__functions.h
[2.503s] -- Installing: /home/yutou/ros2_ws/install/greenstory_interfaces/include/greenstory_interfaces/greenstory_interfaces/msg/detail/listen_story__type_support.h
[2.503s] -- Installing: /home/yutou/ros2_ws/install/greenstory_interfaces/include/greenstory_interfaces/greenstory_interfaces/msg/detail/listen_story__struct.h
[2.503s] -- Installing: /home/yutou/ros2_ws/install/greenstory_interfaces/include/greenstory_interfaces/greenstory_interfaces/msg/rosidl_generator_c__visibility_control.h
[2.503s] -- Installing: /home/yutou/ros2_ws/install/greenstory_interfaces/include/greenstory_interfaces/greenstory_interfaces/msg/listen_story.h
[2.503s] -- Installing: /home/yutou/ros2_ws/install/greenstory_interfaces/share/greenstory_interfaces/environment/library_path.sh
[2.503s] -- Installing: /home/yutou/ros2_ws/install/greenstory_interfaces/share/greenstory_interfaces/environment/library_path.dsv
[2.503s] -- Installing: /home/yutou/ros2_ws/install/greenstory_interfaces/lib/libgreenstory_interfaces__rosidl_generator_c.so
[2.504s] -- Set runtime path of "/home/yutou/ros2_ws/install/greenstory_interfaces/lib/libgreenstory_interfaces__rosidl_generator_c.so" to ""
[2.504s] -- Up-to-date: /home/yutou/ros2_ws/install/greenstory_interfaces/include/greenstory_interfaces/greenstory_interfaces
[2.504s] -- Up-to-date: /home/yutou/ros2_ws/install/greenstory_interfaces/include/greenstory_interfaces/greenstory_interfaces/srv
[2.504s] -- Up-to-date: /home/yutou/ros2_ws/install/greenstory_interfaces/include/greenstory_interfaces/greenstory_interfaces/srv/detail
[2.504s] -- Installing: /home/yutou/ros2_ws/install/greenstory_interfaces/include/greenstory_interfaces/greenstory_interfaces/srv/detail/tell_story__rosidl_typesupport_fastrtps_c.h
[2.504s] -- Up-to-date: /home/yutou/ros2_ws/install/greenstory_interfaces/include/greenstory_interfaces/greenstory_interfaces/msg
[2.504s] -- Up-to-date: /home/yutou/ros2_ws/install/greenstory_interfaces/include/greenstory_interfaces/greenstory_interfaces/msg/detail
[2.504s] -- Installing: /home/yutou/ros2_ws/install/greenstory_interfaces/include/greenstory_interfaces/greenstory_interfaces/msg/detail/listen_story__rosidl_typesupport_fastrtps_c.h
[2.504s] -- Installing: /home/yutou/ros2_ws/install/greenstory_interfaces/include/greenstory_interfaces/greenstory_interfaces/msg/rosidl_typesupport_fastrtps_c__visibility_control.h
[2.504s] -- Installing: /home/yutou/ros2_ws/install/greenstory_interfaces/lib/libgreenstory_interfaces__rosidl_typesupport_fastrtps_c.so
[2.505s] -- Set runtime path of "/home/yutou/ros2_ws/install/greenstory_interfaces/lib/libgreenstory_interfaces__rosidl_typesupport_fastrtps_c.so" to ""
[2.505s] -- Up-to-date: /home/yutou/ros2_ws/install/greenstory_interfaces/include/greenstory_interfaces/greenstory_interfaces
[2.505s] -- Up-to-date: /home/yutou/ros2_ws/install/greenstory_interfaces/include/greenstory_interfaces/greenstory_interfaces/srv
[2.505s] -- Up-to-date: /home/yutou/ros2_ws/install/greenstory_interfaces/include/greenstory_interfaces/greenstory_interfaces/srv/detail
[2.505s] -- Installing: /home/yutou/ros2_ws/install/greenstory_interfaces/include/greenstory_interfaces/greenstory_interfaces/srv/detail/tell_story__struct.hpp
[2.505s] -- Installing: /home/yutou/ros2_ws/install/greenstory_interfaces/include/greenstory_interfaces/greenstory_interfaces/srv/detail/tell_story__traits.hpp
[2.505s] -- Installing: /home/yutou/ros2_ws/install/greenstory_interfaces/include/greenstory_interfaces/greenstory_interfaces/srv/detail/tell_story__type_support.hpp
[2.505s] -- Installing: /home/yutou/ros2_ws/install/greenstory_interfaces/include/greenstory_interfaces/greenstory_interfaces/srv/detail/tell_story__builder.hpp
[2.505s] -- Installing: /home/yutou/ros2_ws/install/greenstory_interfaces/include/greenstory_interfaces/greenstory_interfaces/srv/tell_story.hpp
[2.505s] -- Up-to-date: /home/yutou/ros2_ws/install/greenstory_interfaces/include/greenstory_interfaces/greenstory_interfaces/msg
[2.506s] -- Up-to-date: /home/yutou/ros2_ws/install/greenstory_interfaces/include/greenstory_interfaces/greenstory_interfaces/msg/detail
[2.506s] -- Installing: /home/yutou/ros2_ws/install/greenstory_interfaces/include/greenstory_interfaces/greenstory_interfaces/msg/detail/listen_story__builder.hpp
[2.506s] -- Installing: /home/yutou/ros2_ws/install/greenstory_interfaces/include/greenstory_interfaces/greenstory_interfaces/msg/detail/listen_story__type_support.hpp
[2.506s] -- Installing: /home/yutou/ros2_ws/install/greenstory_interfaces/include/greenstory_interfaces/greenstory_interfaces/msg/detail/listen_story__struct.hpp
[2.506s] -- Installing: /home/yutou/ros2_ws/install/greenstory_interfaces/include/greenstory_interfaces/greenstory_interfaces/msg/detail/listen_story__traits.hpp
[2.506s] -- Installing: /home/yutou/ros2_ws/install/greenstory_interfaces/include/greenstory_interfaces/greenstory_interfaces/msg/rosidl_generator_cpp__visibility_control.hpp
[2.506s] -- Installing: /home/yutou/ros2_ws/install/greenstory_interfaces/include/greenstory_interfaces/greenstory_interfaces/msg/listen_story.hpp
[2.506s] -- Up-to-date: /home/yutou/ros2_ws/install/greenstory_interfaces/include/greenstory_interfaces/greenstory_interfaces
[2.506s] -- Up-to-date: /home/yutou/ros2_ws/install/greenstory_interfaces/include/greenstory_interfaces/greenstory_interfaces/srv
[2.506s] -- Up-to-date: /home/yutou/ros2_ws/install/greenstory_interfaces/include/greenstory_interfaces/greenstory_interfaces/srv/detail
[2.506s] -- Installing: /home/yutou/ros2_ws/install/greenstory_interfaces/include/greenstory_interfaces/greenstory_interfaces/srv/detail/tell_story__rosidl_typesupport_fastrtps_cpp.hpp
[2.506s] -- Installing: /home/yutou/ros2_ws/install/greenstory_interfaces/include/greenstory_interfaces/greenstory_interfaces/srv/detail/dds_fastrtps
[2.507s] -- Up-to-date: /home/yutou/ros2_ws/install/greenstory_interfaces/include/greenstory_interfaces/greenstory_interfaces/msg
[2.507s] -- Up-to-date: /home/yutou/ros2_ws/install/greenstory_interfaces/include/greenstory_interfaces/greenstory_interfaces/msg/detail
[2.507s] -- Installing: /home/yutou/ros2_ws/install/greenstory_interfaces/include/greenstory_interfaces/greenstory_interfaces/msg/detail/dds_fastrtps
[2.507s] -- Installing: /home/yutou/ros2_ws/install/greenstory_interfaces/include/greenstory_interfaces/greenstory_interfaces/msg/detail/listen_story__rosidl_typesupport_fastrtps_cpp.hpp
[2.507s] -- Installing: /home/yutou/ros2_ws/install/greenstory_interfaces/include/greenstory_interfaces/greenstory_interfaces/msg/rosidl_typesupport_fastrtps_cpp__visibility_control.h
[2.507s] -- Installing: /home/yutou/ros2_ws/install/greenstory_interfaces/lib/libgreenstory_interfaces__rosidl_typesupport_fastrtps_cpp.so
[2.507s] -- Set runtime path of "/home/yutou/ros2_ws/install/greenstory_interfaces/lib/libgreenstory_interfaces__rosidl_typesupport_fastrtps_cpp.so" to ""
[2.507s] -- Up-to-date: /home/yutou/ros2_ws/install/greenstory_interfaces/include/greenstory_interfaces/greenstory_interfaces
[2.507s] -- Up-to-date: /home/yutou/ros2_ws/install/greenstory_interfaces/include/greenstory_interfaces/greenstory_interfaces/srv
[2.507s] -- Up-to-date: /home/yutou/ros2_ws/install/greenstory_interfaces/include/greenstory_interfaces/greenstory_interfaces/srv/detail
[2.507s] -- Installing: /home/yutou/ros2_ws/install/greenstory_interfaces/include/greenstory_interfaces/greenstory_interfaces/srv/detail/tell_story__rosidl_typesupport_introspection_c.h
[2.507s] -- Installing: /home/yutou/ros2_ws/install/greenstory_interfaces/include/greenstory_interfaces/greenstory_interfaces/srv/detail/tell_story__type_support.c
[2.507s] -- Up-to-date: /home/yutou/ros2_ws/install/greenstory_interfaces/include/greenstory_interfaces/greenstory_interfaces/msg
[2.508s] -- Up-to-date: /home/yutou/ros2_ws/install/greenstory_interfaces/include/greenstory_interfaces/greenstory_interfaces/msg/detail
[2.508s] -- Installing: /home/yutou/ros2_ws/install/greenstory_interfaces/include/greenstory_interfaces/greenstory_interfaces/msg/detail/listen_story__type_support.c
[2.508s] -- Installing: /home/yutou/ros2_ws/install/greenstory_interfaces/include/greenstory_interfaces/greenstory_interfaces/msg/detail/listen_story__rosidl_typesupport_introspection_c.h
[2.508s] -- Installing: /home/yutou/ros2_ws/install/greenstory_interfaces/include/greenstory_interfaces/greenstory_interfaces/msg/rosidl_typesupport_introspection_c__visibility_control.h
[2.508s] -- Installing: /home/yutou/ros2_ws/install/greenstory_interfaces/lib/libgreenstory_interfaces__rosidl_typesupport_introspection_c.so
[2.508s] -- Set runtime path of "/home/yutou/ros2_ws/install/greenstory_interfaces/lib/libgreenstory_interfaces__rosidl_typesupport_introspection_c.so" to ""
[2.508s] -- Installing: /home/yutou/ros2_ws/install/greenstory_interfaces/lib/libgreenstory_interfaces__rosidl_typesupport_c.so
[2.508s] -- Set runtime path of "/home/yutou/ros2_ws/install/greenstory_interfaces/lib/libgreenstory_interfaces__rosidl_typesupport_c.so" to ""
[2.508s] -- Up-to-date: /home/yutou/ros2_ws/install/greenstory_interfaces/include/greenstory_interfaces/greenstory_interfaces
[2.508s] -- Up-to-date: /home/yutou/ros2_ws/install/greenstory_interfaces/include/greenstory_interfaces/greenstory_interfaces/srv
[2.508s] -- Up-to-date: /home/yutou/ros2_ws/install/greenstory_interfaces/include/greenstory_interfaces/greenstory_interfaces/srv/detail
[2.508s] -- Installing: /home/yutou/ros2_ws/install/greenstory_interfaces/include/greenstory_interfaces/greenstory_interfaces/srv/detail/tell_story__rosidl_typesupport_introspection_cpp.hpp
[2.509s] -- Installing: /home/yutou/ros2_ws/install/greenstory_interfaces/include/greenstory_interfaces/greenstory_interfaces/srv/detail/tell_story__type_support.cpp
[2.509s] -- Up-to-date: /home/yutou/ros2_ws/install/greenstory_interfaces/include/greenstory_interfaces/greenstory_interfaces/msg
[2.509s] -- Up-to-date: /home/yutou/ros2_ws/install/greenstory_interfaces/include/greenstory_interfaces/greenstory_interfaces/msg/detail
[2.509s] -- Installing: /home/yutou/ros2_ws/install/greenstory_interfaces/include/greenstory_interfaces/greenstory_interfaces/msg/detail/listen_story__type_support.cpp
[2.509s] -- Installing: /home/yutou/ros2_ws/install/greenstory_interfaces/include/greenstory_interfaces/greenstory_interfaces/msg/detail/listen_story__rosidl_typesupport_introspection_cpp.hpp
[2.509s] -- Installing: /home/yutou/ros2_ws/install/greenstory_interfaces/lib/libgreenstory_interfaces__rosidl_typesupport_introspection_cpp.so
[2.509s] -- Set runtime path of "/home/yutou/ros2_ws/install/greenstory_interfaces/lib/libgreenstory_interfaces__rosidl_typesupport_introspection_cpp.so" to ""
[2.509s] -- Installing: /home/yutou/ros2_ws/install/greenstory_interfaces/lib/libgreenstory_interfaces__rosidl_typesupport_cpp.so
[2.509s] -- Set runtime path of "/home/yutou/ros2_ws/install/greenstory_interfaces/lib/libgreenstory_interfaces__rosidl_typesupport_cpp.so" to ""
[2.509s] -- Installing: /home/yutou/ros2_ws/install/greenstory_interfaces/share/greenstory_interfaces/environment/pythonpath.sh
[2.509s] -- Installing: /home/yutou/ros2_ws/install/greenstory_interfaces/share/greenstory_interfaces/environment/pythonpath.dsv
[2.509s] -- Installing: /home/yutou/ros2_ws/install/greenstory_interfaces/local/lib/python3.10/dist-packages/greenstory_interfaces-0.0.0-py3.10.egg-info
[2.509s] -- Installing: /home/yutou/ros2_ws/install/greenstory_interfaces/local/lib/python3.10/dist-packages/greenstory_interfaces-0.0.0-py3.10.egg-info/dependency_links.txt
[2.509s] -- Installing: /home/yutou/ros2_ws/install/greenstory_interfaces/local/lib/python3.10/dist-packages/greenstory_interfaces-0.0.0-py3.10.egg-info/SOURCES.txt
[2.509s] -- Installing: /home/yutou/ros2_ws/install/greenstory_interfaces/local/lib/python3.10/dist-packages/greenstory_interfaces-0.0.0-py3.10.egg-info/top_level.txt
[2.509s] -- Installing: /home/yutou/ros2_ws/install/greenstory_interfaces/local/lib/python3.10/dist-packages/greenstory_interfaces-0.0.0-py3.10.egg-info/PKG-INFO
[2.509s] -- Installing: /home/yutou/ros2_ws/install/greenstory_interfaces/local/lib/python3.10/dist-packages/greenstory_interfaces
[2.509s] -- Installing: /home/yutou/ros2_ws/install/greenstory_interfaces/local/lib/python3.10/dist-packages/greenstory_interfaces/srv
[2.509s] -- Installing: /home/yutou/ros2_ws/install/greenstory_interfaces/local/lib/python3.10/dist-packages/greenstory_interfaces/srv/_tell_story_s.c
[2.509s] -- Installing: /home/yutou/ros2_ws/install/greenstory_interfaces/local/lib/python3.10/dist-packages/greenstory_interfaces/srv/_tell_story.py
[2.509s] -- Installing: /home/yutou/ros2_ws/install/greenstory_interfaces/local/lib/python3.10/dist-packages/greenstory_interfaces/srv/__init__.py
[2.509s] -- Installing: /home/yutou/ros2_ws/install/greenstory_interfaces/local/lib/python3.10/dist-packages/greenstory_interfaces/greenstory_interfaces_s__rosidl_typesupport_fastrtps_c.cpython-310-x86_64-linux-gnu.so
[2.509s] -- Installing: /home/yutou/ros2_ws/install/greenstory_interfaces/local/lib/python3.10/dist-packages/greenstory_interfaces/greenstory_interfaces_s__rosidl_typesupport_c.cpython-310-x86_64-linux-gnu.so
[2.509s] -- Installing: /home/yutou/ros2_ws/install/greenstory_interfaces/local/lib/python3.10/dist-packages/greenstory_interfaces/msg
[2.509s] -- Installing: /home/yutou/ros2_ws/install/greenstory_interfaces/local/lib/python3.10/dist-packages/greenstory_interfaces/msg/_listen_story.py
[2.510s] -- Installing: /home/yutou/ros2_ws/install/greenstory_interfaces/local/lib/python3.10/dist-packages/greenstory_interfaces/msg/_listen_story_s.c
[2.510s] -- Installing: /home/yutou/ros2_ws/install/greenstory_interfaces/local/lib/python3.10/dist-packages/greenstory_interfaces/msg/__init__.py
[2.510s] -- Installing: /home/yutou/ros2_ws/install/greenstory_interfaces/local/lib/python3.10/dist-packages/greenstory_interfaces/_greenstory_interfaces_s.ep.rosidl_typesupport_c.c
[2.510s] -- Installing: /home/yutou/ros2_ws/install/greenstory_interfaces/local/lib/python3.10/dist-packages/greenstory_interfaces/_greenstory_interfaces_s.ep.rosidl_typesupport_fastrtps_c.c
[2.510s] -- Installing: /home/yutou/ros2_ws/install/greenstory_interfaces/local/lib/python3.10/dist-packages/greenstory_interfaces/_greenstory_interfaces_s.ep.rosidl_typesupport_introspection_c.c
[2.510s] -- Installing: /home/yutou/ros2_ws/install/greenstory_interfaces/local/lib/python3.10/dist-packages/greenstory_interfaces/greenstory_interfaces_s__rosidl_typesupport_introspection_c.cpython-310-x86_64-linux-gnu.so
[2.510s] -- Installing: /home/yutou/ros2_ws/install/greenstory_interfaces/local/lib/python3.10/dist-packages/greenstory_interfaces/libgreenstory_interfaces__rosidl_generator_py.so
[2.510s] -- Installing: /home/yutou/ros2_ws/install/greenstory_interfaces/local/lib/python3.10/dist-packages/greenstory_interfaces/__init__.py
[2.534s] Listing '/home/yutou/ros2_ws/install/greenstory_interfaces/local/lib/python3.10/dist-packages/greenstory_interfaces'...
[2.534s] Compiling '/home/yutou/ros2_ws/install/greenstory_interfaces/local/lib/python3.10/dist-packages/greenstory_interfaces/__init__.py'...
[2.534s] Listing '/home/yutou/ros2_ws/install/greenstory_interfaces/local/lib/python3.10/dist-packages/greenstory_interfaces/msg'...
[2.534s] Compiling '/home/yutou/ros2_ws/install/greenstory_interfaces/local/lib/python3.10/dist-packages/greenstory_interfaces/msg/__init__.py'...
[2.534s] Compiling '/home/yutou/ros2_ws/install/greenstory_interfaces/local/lib/python3.10/dist-packages/greenstory_interfaces/msg/_listen_story.py'...
[2.534s] Listing '/home/yutou/ros2_ws/install/greenstory_interfaces/local/lib/python3.10/dist-packages/greenstory_interfaces/srv'...
[2.534s] Compiling '/home/yutou/ros2_ws/install/greenstory_interfaces/local/lib/python3.10/dist-packages/greenstory_interfaces/srv/__init__.py'...
[2.534s] Compiling '/home/yutou/ros2_ws/install/greenstory_interfaces/local/lib/python3.10/dist-packages/greenstory_interfaces/srv/_tell_story.py'...
[2.537s] -- Installing: /home/yutou/ros2_ws/install/greenstory_interfaces/local/lib/python3.10/dist-packages/greenstory_interfaces/greenstory_interfaces_s__rosidl_typesupport_fastrtps_c.cpython-310-x86_64-linux-gnu.so
[2.537s] -- Set runtime path of "/home/yutou/ros2_ws/install/greenstory_interfaces/local/lib/python3.10/dist-packages/greenstory_interfaces/greenstory_interfaces_s__rosidl_typesupport_fastrtps_c.cpython-310-x86_64-linux-gnu.so" to ""
[2.537s] -- Installing: /home/yutou/ros2_ws/install/greenstory_interfaces/local/lib/python3.10/dist-packages/greenstory_interfaces/greenstory_interfaces_s__rosidl_typesupport_introspection_c.cpython-310-x86_64-linux-gnu.so
[2.537s] -- Set runtime path of "/home/yutou/ros2_ws/install/greenstory_interfaces/local/lib/python3.10/dist-packages/greenstory_interfaces/greenstory_interfaces_s__rosidl_typesupport_introspection_c.cpython-310-x86_64-linux-gnu.so" to ""
[2.537s] -- Installing: /home/yutou/ros2_ws/install/greenstory_interfaces/local/lib/python3.10/dist-packages/greenstory_interfaces/greenstory_interfaces_s__rosidl_typesupport_c.cpython-310-x86_64-linux-gnu.so
[2.537s] -- Set runtime path of "/home/yutou/ros2_ws/install/greenstory_interfaces/local/lib/python3.10/dist-packages/greenstory_interfaces/greenstory_interfaces_s__rosidl_typesupport_c.cpython-310-x86_64-linux-gnu.so" to ""
[2.537s] -- Installing: /home/yutou/ros2_ws/install/greenstory_interfaces/lib/libgreenstory_interfaces__rosidl_generator_py.so
[2.537s] -- Set runtime path of "/home/yutou/ros2_ws/install/greenstory_interfaces/lib/libgreenstory_interfaces__rosidl_generator_py.so" to ""
[2.537s] -- Installing: /home/yutou/ros2_ws/install/greenstory_interfaces/share/greenstory_interfaces/srv/TellStory.idl
[2.537s] -- Installing: /home/yutou/ros2_ws/install/greenstory_interfaces/share/greenstory_interfaces/msg/ListenStory.idl
[2.537s] -- Installing: /home/yutou/ros2_ws/install/greenstory_interfaces/share/greenstory_interfaces/srv/TellStory.srv
[2.537s] -- Installing: /home/yutou/ros2_ws/install/greenstory_interfaces/share/greenstory_interfaces/srv/TellStory_Request.msg
[2.538s] -- Installing: /home/yutou/ros2_ws/install/greenstory_interfaces/share/greenstory_interfaces/srv/TellStory_Response.msg
[2.538s] -- Installing: /home/yutou/ros2_ws/install/greenstory_interfaces/share/greenstory_interfaces/msg/ListenStory.msg
[2.538s] -- Installing: /home/yutou/ros2_ws/install/greenstory_interfaces/share/ament_index/resource_index/package_run_dependencies/greenstory_interfaces
[2.538s] -- Installing: /home/yutou/ros2_ws/install/greenstory_interfaces/share/ament_index/resource_index/parent_prefix_path/greenstory_interfaces
[2.538s] -- Installing: /home/yutou/ros2_ws/install/greenstory_interfaces/share/greenstory_interfaces/environment/ament_prefix_path.sh
[2.538s] -- Installing: /home/yutou/ros2_ws/install/greenstory_interfaces/share/greenstory_interfaces/environment/ament_prefix_path.dsv
[2.538s] -- Installing: /home/yutou/ros2_ws/install/greenstory_interfaces/share/greenstory_interfaces/environment/path.sh
[2.538s] -- Installing: /home/yutou/ros2_ws/install/greenstory_interfaces/share/greenstory_interfaces/environment/path.dsv
[2.538s] -- Installing: /home/yutou/ros2_ws/install/greenstory_interfaces/share/greenstory_interfaces/local_setup.bash
[2.538s] -- Installing: /home/yutou/ros2_ws/install/greenstory_interfaces/share/greenstory_interfaces/local_setup.sh
[2.538s] -- Installing: /home/yutou/ros2_ws/install/greenstory_interfaces/share/greenstory_interfaces/local_setup.zsh
[2.539s] -- Installing: /home/yutou/ros2_ws/install/greenstory_interfaces/share/greenstory_interfaces/local_setup.dsv
[2.539s] -- Installing: /home/yutou/ros2_ws/install/greenstory_interfaces/share/greenstory_interfaces/package.dsv
[2.539s] -- Installing: /home/yutou/ros2_ws/install/greenstory_interfaces/share/ament_index/resource_index/packages/greenstory_interfaces
[2.539s] -- Installing: /home/yutou/ros2_ws/install/greenstory_interfaces/share/greenstory_interfaces/cmake/export_greenstory_interfaces__rosidl_generator_cExport.cmake
[2.539s] -- Installing: /home/yutou/ros2_ws/install/greenstory_interfaces/share/greenstory_interfaces/cmake/export_greenstory_interfaces__rosidl_generator_cExport-noconfig.cmake
[2.539s] -- Installing: /home/yutou/ros2_ws/install/greenstory_interfaces/share/greenstory_interfaces/cmake/export_greenstory_interfaces__rosidl_typesupport_fastrtps_cExport.cmake
[2.539s] -- Installing: /home/yutou/ros2_ws/install/greenstory_interfaces/share/greenstory_interfaces/cmake/export_greenstory_interfaces__rosidl_typesupport_fastrtps_cExport-noconfig.cmake
[2.539s] -- Installing: /home/yutou/ros2_ws/install/greenstory_interfaces/share/greenstory_interfaces/cmake/export_greenstory_interfaces__rosidl_generator_cppExport.cmake
[2.539s] -- Installing: /home/yutou/ros2_ws/install/greenstory_interfaces/share/greenstory_interfaces/cmake/export_greenstory_interfaces__rosidl_typesupport_fastrtps_cppExport.cmake
[2.539s] -- Installing: /home/yutou/ros2_ws/install/greenstory_interfaces/share/greenstory_interfaces/cmake/export_greenstory_interfaces__rosidl_typesupport_fastrtps_cppExport-noconfig.cmake
[2.540s] -- Installing: /home/yutou/ros2_ws/install/greenstory_interfaces/share/greenstory_interfaces/cmake/greenstory_interfaces__rosidl_typesupport_introspection_cExport.cmake
[2.540s] -- Installing: /home/yutou/ros2_ws/install/greenstory_interfaces/share/greenstory_interfaces/cmake/greenstory_interfaces__rosidl_typesupport_introspection_cExport-noconfig.cmake
[2.540s] -- Installing: /home/yutou/ros2_ws/install/greenstory_interfaces/share/greenstory_interfaces/cmake/greenstory_interfaces__rosidl_typesupport_cExport.cmake
[2.540s] -- Installing: /home/yutou/ros2_ws/install/greenstory_interfaces/share/greenstory_interfaces/cmake/greenstory_interfaces__rosidl_typesupport_cExport-noconfig.cmake
[2.540s] -- Installing: /home/yutou/ros2_ws/install/greenstory_interfaces/share/greenstory_interfaces/cmake/greenstory_interfaces__rosidl_typesupport_introspection_cppExport.cmake
[2.540s] -- Installing: /home/yutou/ros2_ws/install/greenstory_interfaces/share/greenstory_interfaces/cmake/greenstory_interfaces__rosidl_typesupport_introspection_cppExport-noconfig.cmake
[2.540s] -- Installing: /home/yutou/ros2_ws/install/greenstory_interfaces/share/greenstory_interfaces/cmake/greenstory_interfaces__rosidl_typesupport_cppExport.cmake
[2.540s] -- Installing: /home/yutou/ros2_ws/install/greenstory_interfaces/share/greenstory_interfaces/cmake/greenstory_interfaces__rosidl_typesupport_cppExport-noconfig.cmake
[2.540s] -- Installing: /home/yutou/ros2_ws/install/greenstory_interfaces/share/greenstory_interfaces/cmake/export_greenstory_interfaces__rosidl_generator_pyExport.cmake
[2.540s] -- Installing: /home/yutou/ros2_ws/install/greenstory_interfaces/share/greenstory_interfaces/cmake/export_greenstory_interfaces__rosidl_generator_pyExport-noconfig.cmake
[2.541s] -- Installing: /home/yutou/ros2_ws/install/greenstory_interfaces/share/greenstory_interfaces/cmake/rosidl_cmake-extras.cmake
[2.541s] -- Installing: /home/yutou/ros2_ws/install/greenstory_interfaces/share/greenstory_interfaces/cmake/ament_cmake_export_dependencies-extras.cmake
[2.541s] -- Installing: /home/yutou/ros2_ws/install/greenstory_interfaces/share/greenstory_interfaces/cmake/ament_cmake_export_include_directories-extras.cmake
[2.541s] -- Installing: /home/yutou/ros2_ws/install/greenstory_interfaces/share/greenstory_interfaces/cmake/ament_cmake_export_libraries-extras.cmake
[2.541s] -- Installing: /home/yutou/ros2_ws/install/greenstory_interfaces/share/greenstory_interfaces/cmake/ament_cmake_export_targets-extras.cmake
[2.541s] -- Installing: /home/yutou/ros2_ws/install/greenstory_interfaces/share/greenstory_interfaces/cmake/rosidl_cmake_export_typesupport_targets-extras.cmake
[2.541s] -- Installing: /home/yutou/ros2_ws/install/greenstory_interfaces/share/greenstory_interfaces/cmake/rosidl_cmake_export_typesupport_libraries-extras.cmake
[2.541s] -- Installing: /home/yutou/ros2_ws/install/greenstory_interfaces/share/greenstory_interfaces/cmake/greenstory_interfacesConfig.cmake
[2.541s] -- Installing: /home/yutou/ros2_ws/install/greenstory_interfaces/share/greenstory_interfaces/cmake/greenstory_interfacesConfig-version.cmake
[2.541s] -- Installing: /home/yutou/ros2_ws/install/greenstory_interfaces/share/greenstory_interfaces/package.xml
[2.544s] Invoked command in '/home/yutou/ros2_ws/build/greenstory_interfaces' returned '0': CMAKE_PREFIX_PATH=/home/yutou/ros2_ws/install/service_server:/home/yutou/ros2_ws/install/fishbot_description:/opt/ros/humble /usr/bin/cmake --install /home/yutou/ros2_ws/build/greenstory_interfaces
