[0.343s] Invoking command in '/home/yutou/ros2_ws/src/base': PYTHONPATH=/home/yutou/ros2_ws/build/base/prefix_override:/usr/lib/python3/dist-packages/colcon_core/task/python/colcon_distutils_commands:/home/yutou/ros2_ws/install/base/lib/python3.10/site-packages:${PYTHONPATH} /usr/bin/python3 -W ignore:setup.py install is deprecated -W ignore:easy_install command is deprecated setup.py egg_info --egg-base ../../build/base build --build-base /home/yutou/ros2_ws/build/base/build install --record /home/yutou/ros2_ws/build/base/install.log --single-version-externally-managed install_data
[0.483s] running egg_info
[0.483s] writing ../../build/base/base.egg-info/PKG-INFO
[0.484s] writing dependency_links to ../../build/base/base.egg-info/dependency_links.txt
[0.484s] writing entry points to ../../build/base/base.egg-info/entry_points.txt
[0.484s] writing requirements to ../../build/base/base.egg-info/requires.txt
[0.484s] writing top-level names to ../../build/base/base.egg-info/top_level.txt
[0.485s] reading manifest file '../../build/base/base.egg-info/SOURCES.txt'
[0.485s] writing manifest file '../../build/base/base.egg-info/SOURCES.txt'
[0.485s] running build
[0.485s] running build_py
[0.485s] copying base/subscribe.py -> /home/yutou/ros2_ws/build/base/build/lib/base
[0.486s] running install
[0.486s] running install_lib
[0.486s] copying /home/yutou/ros2_ws/build/base/build/lib/base/subscribe.py -> /home/yutou/ros2_ws/install/base/lib/python3.10/site-packages/base
[0.487s] byte-compiling /home/yutou/ros2_ws/install/base/lib/python3.10/site-packages/base/subscribe.py to subscribe.cpython-310.pyc
[0.487s] running install_data
[0.487s] running install_egg_info
[0.488s] removing '/home/yutou/ros2_ws/install/base/lib/python3.10/site-packages/base-0.0.0-py3.10.egg-info' (and everything under it)
[0.488s] Copying ../../build/base/base.egg-info to /home/yutou/ros2_ws/install/base/lib/python3.10/site-packages/base-0.0.0-py3.10.egg-info
[0.489s] running install_scripts
[0.503s] Installing subscriber script to /home/yutou/ros2_ws/install/base/lib/base
[0.503s] writing list of installed files to '/home/yutou/ros2_ws/build/base/install.log'
[0.520s] Invoked command in '/home/yutou/ros2_ws/src/base' returned '0': PYTHONPATH=/home/yutou/ros2_ws/build/base/prefix_override:/usr/lib/python3/dist-packages/colcon_core/task/python/colcon_distutils_commands:/home/yutou/ros2_ws/install/base/lib/python3.10/site-packages:${PYTHONPATH} /usr/bin/python3 -W ignore:setup.py install is deprecated -W ignore:easy_install command is deprecated setup.py egg_info --egg-base ../../build/base build --build-base /home/yutou/ros2_ws/build/base/build install --record /home/yutou/ros2_ws/build/base/install.log --single-version-externally-managed install_data
