[0.543s] Invoking command in '/home/fishros/wyq/ros2_object/src/example_topic_rclpy': CONDA_PROMPT_MODIFIER=(base) PYTHONPATH=/home/fishros/wyq/ros2_object/build/example_topic_rclpy/prefix_override:/home/fishros/wyq/ros2_object/install/example_topic_rclpy/lib/python3.10/site-packages:${PYTHONPATH} /usr/bin/python3 setup.py egg_info --egg-base ../../build/example_topic_rclpy build --build-base /home/fishros/wyq/ros2_object/build/example_topic_rclpy/build install --record /home/fishros/wyq/ros2_object/build/example_topic_rclpy/install.log --single-version-externally-managed
[0.675s] running egg_info
[0.675s] writing ../../build/example_topic_rclpy/example_topic_rclpy.egg-info/PKG-INFO
[0.675s] writing dependency_links to ../../build/example_topic_rclpy/example_topic_rclpy.egg-info/dependency_links.txt
[0.676s] writing entry points to ../../build/example_topic_rclpy/example_topic_rclpy.egg-info/entry_points.txt
[0.676s] writing requirements to ../../build/example_topic_rclpy/example_topic_rclpy.egg-info/requires.txt
[0.676s] writing top-level names to ../../build/example_topic_rclpy/example_topic_rclpy.egg-info/top_level.txt
[0.676s] reading manifest file '../../build/example_topic_rclpy/example_topic_rclpy.egg-info/SOURCES.txt'
[0.677s] writing manifest file '../../build/example_topic_rclpy/example_topic_rclpy.egg-info/SOURCES.txt'
[0.677s] running build
[0.677s] running build_py
[0.677s] running install
[0.678s] /usr/lib/python3/dist-packages/setuptools/command/install.py:34: SetuptoolsDeprecationWarning: setup.py install is deprecated. Use build and pip and other standards-based tools.
[0.678s]   warnings.warn(
[0.678s] running install_lib
[0.678s] running install_data
[0.679s] running install_egg_info
[0.680s] removing '/home/fishros/wyq/ros2_object/install/example_topic_rclpy/lib/python3.10/site-packages/example_topic_rclpy-0.0.0-py3.10.egg-info' (and everything under it)
[0.680s] Copying ../../build/example_topic_rclpy/example_topic_rclpy.egg-info to /home/fishros/wyq/ros2_object/install/example_topic_rclpy/lib/python3.10/site-packages/example_topic_rclpy-0.0.0-py3.10.egg-info
[0.680s] running install_scripts
[0.693s] Installing topic_publisher_02 script to /home/fishros/wyq/ros2_object/install/example_topic_rclpy/lib/example_topic_rclpy
[0.693s] Installing topic_subscriber_02 script to /home/fishros/wyq/ros2_object/install/example_topic_rclpy/lib/example_topic_rclpy
[0.693s] writing list of installed files to '/home/fishros/wyq/ros2_object/build/example_topic_rclpy/install.log'
[0.721s] Invoked command in '/home/fishros/wyq/ros2_object/src/example_topic_rclpy' returned '0': CONDA_PROMPT_MODIFIER=(base) PYTHONPATH=/home/fishros/wyq/ros2_object/build/example_topic_rclpy/prefix_override:/home/fishros/wyq/ros2_object/install/example_topic_rclpy/lib/python3.10/site-packages:${PYTHONPATH} /usr/bin/python3 setup.py egg_info --egg-base ../../build/example_topic_rclpy build --build-base /home/fishros/wyq/ros2_object/build/example_topic_rclpy/build install --record /home/fishros/wyq/ros2_object/build/example_topic_rclpy/install.log --single-version-externally-managed
