[0.156s] Invoking command in '/home/yutou/ros2_ws/build/livox_sdk2': /usr/bin/cmake --build /home/yutou/ros2_ws/build/livox_sdk2 -- -j20 -l20
[0.198s] [35m[1mConsolidate compiler generated dependencies of target livox_lidar_sdk_static[0m
[0.201s] [35m[1mConsolidate compiler generated dependencies of target livox_lidar_sdk_shared[0m
[0.240s] [ 42%] Built target livox_lidar_sdk_static
[0.249s] [35m[1mConsolidate compiler generated dependencies of target debug_point_cloud[0m
[0.249s] [35m[1mConsolidate compiler generated dependencies of target lidar_cmd_observer[0m
[0.249s] [ 84%] Built target livox_lidar_sdk_shared
[0.250s] [35m[1mConsolidate compiler generated dependencies of target logger[0m
[0.251s] [35m[1mConsolidate compiler generated dependencies of target multi_lidars_upgrade[0m
[0.251s] [35m[1mConsolidate compiler generated dependencies of target livox_lidar_quick_start[0m
[0.252s] [35m[1mConsolidate compiler generated dependencies of target livox_lidar_rmc_time_sync[0m
[0.258s] [ 86%] Built target logger
[0.259s] [ 89%] Built target debug_point_cloud
[0.260s] [ 91%] Built target lidar_cmd_observer
[0.263s] [ 96%] Built target multi_lidars_upgrade
[0.263s] [ 96%] Built target livox_lidar_quick_start
[0.263s] [100%] Built target livox_lidar_rmc_time_sync
[0.309s] Invoked command in '/home/yutou/ros2_ws/build/livox_sdk2' returned '0': /usr/bin/cmake --build /home/yutou/ros2_ws/build/livox_sdk2 -- -j20 -l20
[0.318s] Invoking command in '/home/yutou/ros2_ws/build/livox_sdk2': /usr/bin/cmake --install /home/yutou/ros2_ws/build/livox_sdk2
[0.324s] -- Install configuration: ""
[0.324s] -- Installing: /home/yutou/ros2_ws/install/livox_sdk2/lib/liblivox_lidar_sdk_static.a
[0.352s] -- Installing: /home/yutou/ros2_ws/install/livox_sdk2/include/livox_lidar_def.h
[0.352s] -- Installing: /home/yutou/ros2_ws/install/livox_sdk2/include/livox_lidar_api.h
[0.352s] -- Installing: /home/yutou/ros2_ws/install/livox_sdk2/include/livox_lidar_cfg.h
[0.352s] -- Installing: /home/yutou/ros2_ws/install/livox_sdk2/lib/liblivox_lidar_sdk_shared.so
[0.364s] Invoked command in '/home/yutou/ros2_ws/build/livox_sdk2' returned '0': /usr/bin/cmake --install /home/yutou/ros2_ws/build/livox_sdk2
