running egg_info
writing ../../build/bags_record/bags_record.egg-info/PKG-INFO
writing dependency_links to ../../build/bags_record/bags_record.egg-info/dependency_links.txt
writing entry points to ../../build/bags_record/bags_record.egg-info/entry_points.txt
writing requirements to ../../build/bags_record/bags_record.egg-info/requires.txt
writing top-level names to ../../build/bags_record/bags_record.egg-info/top_level.txt
reading manifest file '../../build/bags_record/bags_record.egg-info/SOURCES.txt'
writing manifest file '../../build/bags_record/bags_record.egg-info/SOURCES.txt'
running build
running build_py
copying bags_record/bag_recorder.py -> /home/yutou/ros2_ws/build/bags_record/build/lib/bags_record
running install
running install_lib
copying /home/yutou/ros2_ws/build/bags_record/build/lib/bags_record/bag_recorder.py -> /home/yutou/ros2_ws/install/bags_record/lib/python3.10/site-packages/bags_record
byte-compiling /home/yutou/ros2_ws/install/bags_record/lib/python3.10/site-packages/bags_record/bag_recorder.py to bag_recorder.cpython-310.pyc
running install_data
running install_egg_info
removing '/home/yutou/ros2_ws/install/bags_record/lib/python3.10/site-packages/bags_record-0.0.0-py3.10.egg-info' (and everything under it)
Copying ../../build/bags_record/bags_record.egg-info to /home/yutou/ros2_ws/install/bags_record/lib/python3.10/site-packages/bags_record-0.0.0-py3.10.egg-info
running install_scripts
Installing bag_recorder script to /home/yutou/ros2_ws/install/bags_record/lib/bags_record
writing list of installed files to '/home/yutou/ros2_ws/build/bags_record/install.log'
