[0.000000] (-) TimerEvent: {}
[0.000665] (example_topic_rclpy) JobQueued: {'identifier': 'example_topic_rclpy', 'dependencies': OrderedDict()}
[0.000925] (service_server) JobQueued: {'identifier': 'service_server', 'dependencies': OrderedDict()}
[0.000952] (example_topic_rclpy) JobStarted: {'identifier': 'example_topic_rclpy'}
[0.006709] (service_server) JobStarted: {'identifier': 'service_server'}
[0.099858] (-) TimerEvent: {}
[0.200078] (-) TimerEvent: {}
[0.300418] (-) TimerEvent: {}
[0.401078] (-) TimerEvent: {}
[0.482749] (service_server) Command: {'cmd': ['/usr/bin/python3', 'setup.py', 'egg_info', '--egg-base', '../../build/service_server', 'build', '--build-base', '/home/fishros/wyq/ros2_object/build/service_server/build', 'install', '--record', '/home/fishros/wyq/ros2_object/build/service_server/install.log', '--single-version-externally-managed'], 'cwd': '/home/fishros/wyq/ros2_object/src/service_server', 'env': {'LESSOPEN': '| /usr/bin/lesspipe %s', 'GJS_DEBUG_TOPICS': 'JS ERROR;JS LOG', 'CONDA_PROMPT_MODIFIER': '(base)', 'LANGUAGE': 'zh_CN:zh', 'USER': 'fishros', 'XDG_SESSION_TYPE': 'x11', 'GIT_ASKPASS': '/usr/share/code/resources/app/extensions/git/dist/askpass.sh', 'SHLVL': '2', 'LD_LIBRARY_PATH': '/opt/ros/humble/opt/rviz_ogre_vendor/lib:/opt/ros/humble/lib/x86_64-linux-gnu:/opt/ros/humble/lib', 'HOME': '/home/fishros', 'CHROME_DESKTOP': 'code-url-handler.desktop', 'CONDA_SHLVL': '1', 'DESKTOP_SESSION': 'ubuntu', 'TERM_PROGRAM_VERSION': '1.86.2', 'GIO_LAUNCHED_DESKTOP_FILE': '/usr/share/applications/code.desktop', 'GNOME_SHELL_SESSION_MODE': 'ubuntu', 'ROS_PYTHON_VERSION': '3', 'GTK_MODULES': 'gail:atk-bridge', 'VSCODE_GIT_ASKPASS_MAIN': '/usr/share/code/resources/app/extensions/git/dist/askpass-main.js', 'VSCODE_GIT_ASKPASS_NODE': '/usr/share/code/code', 'MANAGERPID': '2321', 'SYSTEMD_EXEC_PID': '2904', 'DBUS_SESSION_BUS_ADDRESS': 'unix:path=/run/user/1000/bus', '_CE_M': '', 'GIO_LAUNCHED_DESKTOP_FILE_PID': '19479', 'COLORTERM': 'truecolor', 'ROS_DISTRO': 'humble', 'LOGNAME': 'fishros', 'GTK_IM_MODULE': 'ibus', 'JOURNAL_STREAM': '8:28742', 'ROS_VERSION': '2', 'XDG_SESSION_CLASS': 'user', 'USERNAME': 'fishros', 'TERM': 'xterm-256color', '_CE_CONDA': '', 'ROS_LOCALHOST_ONLY': '0', 'GNOME_DESKTOP_SESSION_ID': 'this-is-deprecated', 'WINDOWPATH': '2', 'PATH': '/home/fishros/anaconda3/bin:/home/fishros/anaconda3/condabin:/opt/ros/humble/bin:/usr/local/sbin:/usr/local/bin:/usr/sbin:/usr/bin:/sbin:/bin:/usr/games:/usr/local/games:/snap/bin:/snap/bin', 'INVOCATION_ID': 'f268c67ac69e4e1b90e5e256620e6c9c', 'SESSION_MANAGER': 'local/fishros-linux:@/tmp/.ICE-unix/2880,unix/fishros-linux:/tmp/.ICE-unix/2880', 'XDG_MENU_PREFIX': 'gnome-', 'XDG_RUNTIME_DIR': '/run/user/1000', 'GDK_BACKEND': 'x11', 'DISPLAY': ':1', 'XDG_CURRENT_DESKTOP': 'Unity', 'LANG': 'zh_CN.UTF-8', 'VSCODE_INJECTION': '1', 'TERM_PROGRAM': 'vscode', 'LS_COLORS': '', 'XMODIFIERS': '@im=ibus', 'XDG_SESSION_DESKTOP': 'ubuntu', 'XAUTHORITY': '/run/user/1000/gdm/Xauthority', 'VSCODE_GIT_IPC_HANDLE': '/run/user/1000/vscode-git-f8ebb7ef07.sock', 'ORIGINAL_XDG_CURRENT_DESKTOP': 'ubuntu:GNOME', 'SSH_AUTH_SOCK': '/run/user/1000/keyring/ssh', 'SSH_AGENT_LAUNCHER': 'gnome-keyring', 'AMENT_PREFIX_PATH': '/opt/ros/humble', 'GSETTINGS_SCHEMA_DIR': '/home/fishros/anaconda3/share/glib-2.0/schemas', 'CONDA_PYTHON_EXE': '/home/fishros/anaconda3/bin/python', 'SHELL': '/usr/bin/fish', 'GDMSESSION': 'ubuntu', 'QT_ACCESSIBILITY': '1', 'CONDA_DEFAULT_ENV': 'base', 'LESSCLOSE': '/usr/bin/lesspipe %s %s', 'GPG_AGENT_INFO': '/run/user/1000/gnupg/S.gpg-agent:0:1', 'GJS_DEBUG_OUTPUT': 'stderr', 'VSCODE_GIT_ASKPASS_EXTRA_ARGS': '', 'QT_IM_MODULE': 'ibus', 'PWD': '/home/fishros/wyq/ros2_object/build/service_server', 'CONDA_EXE': '/home/fishros/anaconda3/bin/conda', 'XDG_CONFIG_DIRS': '/etc/xdg/xdg-ubuntu:/etc/xdg', 'XDG_DATA_DIRS': '/usr/share/ubuntu:/usr/share/gnome:/usr/local/share/:/usr/share/:/var/lib/snapd/desktop:/usr/share/code/resources/app/out/vs/workbench/contrib/terminal/browser/media/fish_xdg_data', 'PYTHONPATH': '/home/fishros/wyq/ros2_object/build/service_server/prefix_override:/home/fishros/wyq/ros2_object/install/service_server/lib/python3.10/site-packages:/opt/ros/humble/lib/python3.10/site-packages:/opt/ros/humble/local/lib/python3.10/dist-packages', 'GSETTINGS_SCHEMA_DIR_CONDA_BACKUP': '', 'CONDA_PREFIX': '/home/fishros/anaconda3', 'COLCON': '1'}, 'shell': False}
[0.501158] (-) TimerEvent: {}
[0.519468] (example_topic_rclpy) Command: {'cmd': ['/usr/bin/python3', 'setup.py', 'egg_info', '--egg-base', '../../build/example_topic_rclpy', 'build', '--build-base', '/home/fishros/wyq/ros2_object/build/example_topic_rclpy/build', 'install', '--record', '/home/fishros/wyq/ros2_object/build/example_topic_rclpy/install.log', '--single-version-externally-managed'], 'cwd': '/home/fishros/wyq/ros2_object/src/example_topic_rclpy', 'env': {'LESSOPEN': '| /usr/bin/lesspipe %s', 'GJS_DEBUG_TOPICS': 'JS ERROR;JS LOG', 'CONDA_PROMPT_MODIFIER': '(base)', 'LANGUAGE': 'zh_CN:zh', 'USER': 'fishros', 'XDG_SESSION_TYPE': 'x11', 'GIT_ASKPASS': '/usr/share/code/resources/app/extensions/git/dist/askpass.sh', 'SHLVL': '2', 'LD_LIBRARY_PATH': '/opt/ros/humble/opt/rviz_ogre_vendor/lib:/opt/ros/humble/lib/x86_64-linux-gnu:/opt/ros/humble/lib', 'HOME': '/home/fishros', 'CHROME_DESKTOP': 'code-url-handler.desktop', 'CONDA_SHLVL': '1', 'DESKTOP_SESSION': 'ubuntu', 'TERM_PROGRAM_VERSION': '1.86.2', 'GIO_LAUNCHED_DESKTOP_FILE': '/usr/share/applications/code.desktop', 'GNOME_SHELL_SESSION_MODE': 'ubuntu', 'ROS_PYTHON_VERSION': '3', 'GTK_MODULES': 'gail:atk-bridge', 'VSCODE_GIT_ASKPASS_MAIN': '/usr/share/code/resources/app/extensions/git/dist/askpass-main.js', 'VSCODE_GIT_ASKPASS_NODE': '/usr/share/code/code', 'MANAGERPID': '2321', 'SYSTEMD_EXEC_PID': '2904', 'DBUS_SESSION_BUS_ADDRESS': 'unix:path=/run/user/1000/bus', '_CE_M': '', 'GIO_LAUNCHED_DESKTOP_FILE_PID': '19479', 'COLORTERM': 'truecolor', 'ROS_DISTRO': 'humble', 'LOGNAME': 'fishros', 'GTK_IM_MODULE': 'ibus', 'JOURNAL_STREAM': '8:28742', 'ROS_VERSION': '2', 'XDG_SESSION_CLASS': 'user', 'USERNAME': 'fishros', 'TERM': 'xterm-256color', '_CE_CONDA': '', 'ROS_LOCALHOST_ONLY': '0', 'GNOME_DESKTOP_SESSION_ID': 'this-is-deprecated', 'WINDOWPATH': '2', 'PATH': '/home/fishros/anaconda3/bin:/home/fishros/anaconda3/condabin:/opt/ros/humble/bin:/usr/local/sbin:/usr/local/bin:/usr/sbin:/usr/bin:/sbin:/bin:/usr/games:/usr/local/games:/snap/bin:/snap/bin', 'INVOCATION_ID': 'f268c67ac69e4e1b90e5e256620e6c9c', 'SESSION_MANAGER': 'local/fishros-linux:@/tmp/.ICE-unix/2880,unix/fishros-linux:/tmp/.ICE-unix/2880', 'XDG_MENU_PREFIX': 'gnome-', 'XDG_RUNTIME_DIR': '/run/user/1000', 'GDK_BACKEND': 'x11', 'DISPLAY': ':1', 'XDG_CURRENT_DESKTOP': 'Unity', 'LANG': 'zh_CN.UTF-8', 'VSCODE_INJECTION': '1', 'TERM_PROGRAM': 'vscode', 'LS_COLORS': '', 'XMODIFIERS': '@im=ibus', 'XDG_SESSION_DESKTOP': 'ubuntu', 'XAUTHORITY': '/run/user/1000/gdm/Xauthority', 'VSCODE_GIT_IPC_HANDLE': '/run/user/1000/vscode-git-f8ebb7ef07.sock', 'ORIGINAL_XDG_CURRENT_DESKTOP': 'ubuntu:GNOME', 'SSH_AUTH_SOCK': '/run/user/1000/keyring/ssh', 'SSH_AGENT_LAUNCHER': 'gnome-keyring', 'AMENT_PREFIX_PATH': '/opt/ros/humble', 'GSETTINGS_SCHEMA_DIR': '/home/fishros/anaconda3/share/glib-2.0/schemas', 'CONDA_PYTHON_EXE': '/home/fishros/anaconda3/bin/python', 'SHELL': '/usr/bin/fish', 'GDMSESSION': 'ubuntu', 'QT_ACCESSIBILITY': '1', 'CONDA_DEFAULT_ENV': 'base', 'LESSCLOSE': '/usr/bin/lesspipe %s %s', 'GPG_AGENT_INFO': '/run/user/1000/gnupg/S.gpg-agent:0:1', 'GJS_DEBUG_OUTPUT': 'stderr', 'VSCODE_GIT_ASKPASS_EXTRA_ARGS': '', 'QT_IM_MODULE': 'ibus', 'PWD': '/home/fishros/wyq/ros2_object/build/example_topic_rclpy', 'CONDA_EXE': '/home/fishros/anaconda3/bin/conda', 'XDG_CONFIG_DIRS': '/etc/xdg/xdg-ubuntu:/etc/xdg', 'XDG_DATA_DIRS': '/usr/share/ubuntu:/usr/share/gnome:/usr/local/share/:/usr/share/:/var/lib/snapd/desktop:/usr/share/code/resources/app/out/vs/workbench/contrib/terminal/browser/media/fish_xdg_data', 'PYTHONPATH': '/home/fishros/wyq/ros2_object/build/example_topic_rclpy/prefix_override:/home/fishros/wyq/ros2_object/install/example_topic_rclpy/lib/python3.10/site-packages:/opt/ros/humble/lib/python3.10/site-packages:/opt/ros/humble/local/lib/python3.10/dist-packages', 'GSETTINGS_SCHEMA_DIR_CONDA_BACKUP': '', 'CONDA_PREFIX': '/home/fishros/anaconda3', 'COLCON': '1'}, 'shell': False}
[0.601332] (-) TimerEvent: {}
[0.628933] (service_server) StdoutLine: {'line': b'running egg_info\n'}
[0.629469] (service_server) StdoutLine: {'line': b'writing ../../build/service_server/service_server.egg-info/PKG-INFO\n'}
[0.629729] (service_server) StdoutLine: {'line': b'writing dependency_links to ../../build/service_server/service_server.egg-info/dependency_links.txt\n'}
[0.629879] (service_server) StdoutLine: {'line': b'writing entry points to ../../build/service_server/service_server.egg-info/entry_points.txt\n'}
[0.629957] (service_server) StdoutLine: {'line': b'writing requirements to ../../build/service_server/service_server.egg-info/requires.txt\n'}
[0.630025] (service_server) StdoutLine: {'line': b'writing top-level names to ../../build/service_server/service_server.egg-info/top_level.txt\n'}
[0.631043] (service_server) StdoutLine: {'line': b"reading manifest file '../../build/service_server/service_server.egg-info/SOURCES.txt'\n"}
[0.631557] (service_server) StdoutLine: {'line': b"writing manifest file '../../build/service_server/service_server.egg-info/SOURCES.txt'\n"}
[0.631769] (service_server) StdoutLine: {'line': b'running build\n'}
[0.631862] (service_server) StdoutLine: {'line': b'running build_py\n'}
[0.631969] (service_server) StdoutLine: {'line': b'running install\n'}
[0.632110] (service_server) StderrLine: {'line': b'/usr/lib/python3/dist-packages/setuptools/command/install.py:34: SetuptoolsDeprecationWarning: setup.py install is deprecated. Use build and pip and other standards-based tools.\n'}
[0.632205] (service_server) StderrLine: {'line': b'  warnings.warn(\n'}
[0.632332] (service_server) StdoutLine: {'line': b'running install_lib\n'}
[0.632979] (service_server) StdoutLine: {'line': b'running install_data\n'}
[0.633322] (service_server) StdoutLine: {'line': b'running install_egg_info\n'}
[0.634640] (service_server) StdoutLine: {'line': b"removing '/home/fishros/wyq/ros2_object/install/service_server/lib/python3.10/site-packages/service_server-0.0.0-py3.10.egg-info' (and everything under it)\n"}
[0.634816] (service_server) StdoutLine: {'line': b'Copying ../../build/service_server/service_server.egg-info to /home/fishros/wyq/ros2_object/install/service_server/lib/python3.10/site-packages/service_server-0.0.0-py3.10.egg-info\n'}
[0.635259] (service_server) StdoutLine: {'line': b'running install_scripts\n'}
[0.650808] (example_topic_rclpy) StdoutLine: {'line': b'running egg_info\n'}
[0.651116] (service_server) StdoutLine: {'line': b'Installing service script to /home/fishros/wyq/ros2_object/install/service_server/lib/service_server\n'}
[0.651326] (example_topic_rclpy) StdoutLine: {'line': b'writing ../../build/example_topic_rclpy/example_topic_rclpy.egg-info/PKG-INFO\n'}
[0.651538] (service_server) StdoutLine: {'line': b'Installing service_client script to /home/fishros/wyq/ros2_object/install/service_server/lib/service_server\n'}
[0.651746] (service_server) StdoutLine: {'line': b"writing list of installed files to '/home/fishros/wyq/ros2_object/build/service_server/install.log'\n"}
[0.651891] (example_topic_rclpy) StdoutLine: {'line': b'writing dependency_links to ../../build/example_topic_rclpy/example_topic_rclpy.egg-info/dependency_links.txt\n'}
[0.651969] (example_topic_rclpy) StdoutLine: {'line': b'writing entry points to ../../build/example_topic_rclpy/example_topic_rclpy.egg-info/entry_points.txt\n'}
[0.652038] (example_topic_rclpy) StdoutLine: {'line': b'writing requirements to ../../build/example_topic_rclpy/example_topic_rclpy.egg-info/requires.txt\n'}
[0.652118] (example_topic_rclpy) StdoutLine: {'line': b'writing top-level names to ../../build/example_topic_rclpy/example_topic_rclpy.egg-info/top_level.txt\n'}
[0.652382] (example_topic_rclpy) StdoutLine: {'line': b"reading manifest file '../../build/example_topic_rclpy/example_topic_rclpy.egg-info/SOURCES.txt'\n"}
[0.652924] (example_topic_rclpy) StdoutLine: {'line': b"writing manifest file '../../build/example_topic_rclpy/example_topic_rclpy.egg-info/SOURCES.txt'\n"}
[0.652999] (example_topic_rclpy) StdoutLine: {'line': b'running build\n'}
[0.653072] (example_topic_rclpy) StdoutLine: {'line': b'running build_py\n'}
[0.653194] (example_topic_rclpy) StdoutLine: {'line': b'running install\n'}
[0.653292] (example_topic_rclpy) StderrLine: {'line': b'/usr/lib/python3/dist-packages/setuptools/command/install.py:34: SetuptoolsDeprecationWarning: setup.py install is deprecated. Use build and pip and other standards-based tools.\n'}
[0.653374] (example_topic_rclpy) StderrLine: {'line': b'  warnings.warn(\n'}
[0.653461] (example_topic_rclpy) StdoutLine: {'line': b'running install_lib\n'}
[0.654134] (example_topic_rclpy) StdoutLine: {'line': b'running install_data\n'}
[0.654360] (example_topic_rclpy) StdoutLine: {'line': b'running install_egg_info\n'}
[0.655618] (example_topic_rclpy) StdoutLine: {'line': b"removing '/home/fishros/wyq/ros2_object/install/example_topic_rclpy/lib/python3.10/site-packages/example_topic_rclpy-0.0.0-py3.10.egg-info' (and everything under it)\n"}
[0.655753] (example_topic_rclpy) StdoutLine: {'line': b'Copying ../../build/example_topic_rclpy/example_topic_rclpy.egg-info to /home/fishros/wyq/ros2_object/install/example_topic_rclpy/lib/python3.10/site-packages/example_topic_rclpy-0.0.0-py3.10.egg-info\n'}
[0.656114] (example_topic_rclpy) StdoutLine: {'line': b'running install_scripts\n'}
[0.668954] (service_server) CommandEnded: {'returncode': 0}
[0.669796] (example_topic_rclpy) StdoutLine: {'line': b'Installing topic_publisher_02 script to /home/fishros/wyq/ros2_object/install/example_topic_rclpy/lib/example_topic_rclpy\n'}
[0.670439] (example_topic_rclpy) StdoutLine: {'line': b'Installing topic_subscriber_02 script to /home/fishros/wyq/ros2_object/install/example_topic_rclpy/lib/example_topic_rclpy\n'}
[0.670603] (example_topic_rclpy) StdoutLine: {'line': b"writing list of installed files to '/home/fishros/wyq/ros2_object/build/example_topic_rclpy/install.log'\n"}
[0.679306] (service_server) JobEnded: {'identifier': 'service_server', 'rc': 0}
[0.686810] (example_topic_rclpy) CommandEnded: {'returncode': 0}
[0.692590] (example_topic_rclpy) JobEnded: {'identifier': 'example_topic_rclpy', 'rc': 0}
[0.693185] (-) EventReactorShutdown: {}
