[0.417s] Invoking command in '/home/yutou/ros2_ws/src/base': PYTHONPATH=/home/yutou/ros2_ws/build/base/prefix_override:/usr/lib/python3/dist-packages/colcon_core/task/python/colcon_distutils_commands:/home/yutou/ros2_ws/install/base/lib/python3.10/site-packages:${PYTHONPATH} /usr/bin/python3 -W ignore:setup.py install is deprecated -W ignore:easy_install command is deprecated setup.py egg_info --egg-base ../../build/base build --build-base /home/yutou/ros2_ws/build/base/build install --record /home/yutou/ros2_ws/build/base/install.log --single-version-externally-managed install_data
[0.551s] running egg_info
[0.551s] writing ../../build/base/base.egg-info/PKG-INFO
[0.552s] writing dependency_links to ../../build/base/base.egg-info/dependency_links.txt
[0.552s] writing entry points to ../../build/base/base.egg-info/entry_points.txt
[0.552s] writing requirements to ../../build/base/base.egg-info/requires.txt
[0.552s] writing top-level names to ../../build/base/base.egg-info/top_level.txt
[0.553s] reading manifest file '../../build/base/base.egg-info/SOURCES.txt'
[0.553s] writing manifest file '../../build/base/base.egg-info/SOURCES.txt'
[0.553s] running build
[0.554s] running build_py
[0.554s] running install
[0.554s] running install_lib
[0.554s] running install_data
[0.554s] running install_egg_info
[0.556s] removing '/home/yutou/ros2_ws/install/base/lib/python3.10/site-packages/base-0.0.0-py3.10.egg-info' (and everything under it)
[0.556s] Copying ../../build/base/base.egg-info to /home/yutou/ros2_ws/install/base/lib/python3.10/site-packages/base-0.0.0-py3.10.egg-info
[0.556s] running install_scripts
[0.569s] Installing subscriber script to /home/yutou/ros2_ws/install/base/lib/base
[0.570s] writing list of installed files to '/home/yutou/ros2_ws/build/base/install.log'
[0.584s] Invoked command in '/home/yutou/ros2_ws/src/base' returned '0': PYTHONPATH=/home/yutou/ros2_ws/build/base/prefix_override:/usr/lib/python3/dist-packages/colcon_core/task/python/colcon_distutils_commands:/home/yutou/ros2_ws/install/base/lib/python3.10/site-packages:${PYTHONPATH} /usr/bin/python3 -W ignore:setup.py install is deprecated -W ignore:easy_install command is deprecated setup.py egg_info --egg-base ../../build/base build --build-base /home/yutou/ros2_ws/build/base/build install --record /home/yutou/ros2_ws/build/base/install.log --single-version-externally-managed install_data
