/home/yutou/ros2_ws/install/example_topic_rclpy/lib/python3.10/site-packages/example_topic_rclpy/topic_publisher_02.py
/home/yutou/ros2_ws/install/example_topic_rclpy/lib/python3.10/site-packages/example_topic_rclpy/server.py
/home/yutou/ros2_ws/install/example_topic_rclpy/lib/python3.10/site-packages/example_topic_rclpy/topic_subscriber_02.py
/home/yutou/ros2_ws/install/example_topic_rclpy/lib/python3.10/site-packages/example_topic_rclpy/__init__.py
/home/yutou/ros2_ws/install/example_topic_rclpy/lib/python3.10/site-packages/example_topic_rclpy/__pycache__/topic_publisher_02.cpython-310.pyc
/home/yutou/ros2_ws/install/example_topic_rclpy/lib/python3.10/site-packages/example_topic_rclpy/__pycache__/server.cpython-310.pyc
/home/yutou/ros2_ws/install/example_topic_rclpy/lib/python3.10/site-packages/example_topic_rclpy/__pycache__/topic_subscriber_02.cpython-310.pyc
/home/yutou/ros2_ws/install/example_topic_rclpy/lib/python3.10/site-packages/example_topic_rclpy/__pycache__/__init__.cpython-310.pyc
/home/yutou/ros2_ws/install/example_topic_rclpy/share/ament_index/resource_index/packages/example_topic_rclpy
/home/yutou/ros2_ws/install/example_topic_rclpy/share/example_topic_rclpy/package.xml
/home/yutou/ros2_ws/install/example_topic_rclpy/lib/python3.10/site-packages/example_topic_rclpy-0.0.0-py3.10.egg-info/entry_points.txt
/home/yutou/ros2_ws/install/example_topic_rclpy/lib/python3.10/site-packages/example_topic_rclpy-0.0.0-py3.10.egg-info/dependency_links.txt
/home/yutou/ros2_ws/install/example_topic_rclpy/lib/python3.10/site-packages/example_topic_rclpy-0.0.0-py3.10.egg-info/SOURCES.txt
/home/yutou/ros2_ws/install/example_topic_rclpy/lib/python3.10/site-packages/example_topic_rclpy-0.0.0-py3.10.egg-info/top_level.txt
/home/yutou/ros2_ws/install/example_topic_rclpy/lib/python3.10/site-packages/example_topic_rclpy-0.0.0-py3.10.egg-info/PKG-INFO
/home/yutou/ros2_ws/install/example_topic_rclpy/lib/python3.10/site-packages/example_topic_rclpy-0.0.0-py3.10.egg-info/requires.txt
/home/yutou/ros2_ws/install/example_topic_rclpy/lib/python3.10/site-packages/example_topic_rclpy-0.0.0-py3.10.egg-info/zip-safe
/home/yutou/ros2_ws/install/example_topic_rclpy/lib/example_topic_rclpy/server
/home/yutou/ros2_ws/install/example_topic_rclpy/lib/example_topic_rclpy/topic_publisher_02
/home/yutou/ros2_ws/install/example_topic_rclpy/lib/example_topic_rclpy/topic_subscriber_02
