[0.149s] Invoking command in '/home/yutou/ros2_ws/build/base_cpp': CMAKE_PREFIX_PATH=${CMAKE_PREFIX_PATH}:/home/yutou/ros2_ws/install/base:/opt/ros/humble /usr/bin/cmake --build /home/yutou/ros2_ws/build/base_cpp -- -j20 -l20
[0.171s] -- Found ament_cmake: 1.3.12 (/opt/ros/humble/share/ament_cmake/cmake)
[0.259s] -- Found rclcpp: 16.0.14 (/opt/ros/humble/share/rclcpp/cmake)
[0.278s] -- Found rosidl_generator_c: 3.1.7 (/opt/ros/humble/share/rosidl_generator_c/cmake)
[0.280s] -- Found rosidl_adapter: 3.1.7 (/opt/ros/humble/share/rosidl_adapter/cmake)
[0.284s] -- Found rosidl_generator_cpp: 3.1.7 (/opt/ros/humble/share/rosidl_generator_cpp/cmake)
[0.290s] -- Using all available rosidl_typesupport_c: rosidl_typesupport_fastrtps_c;rosidl_typesupport_introspection_c
[0.298s] -- Using all available rosidl_typesupport_cpp: rosidl_typesupport_fastrtps_cpp;rosidl_typesupport_introspection_cpp
[0.319s] -- Found rmw_implementation_cmake: 6.1.2 (/opt/ros/humble/share/rmw_implementation_cmake/cmake)
[0.320s] -- Found rmw_fastrtps_cpp: 6.2.8 (/opt/ros/humble/share/rmw_fastrtps_cpp/cmake)
[0.413s] -- Using RMW implementation 'rmw_fastrtps_cpp' as default
[0.446s] -- Found ament_lint_auto: 0.12.14 (/opt/ros/humble/share/ament_lint_auto/cmake)
[0.492s] -- Added test 'cppcheck' to perform static code analysis on C / C++ code
[0.492s] -- Configured cppcheck include dirs: 
[0.493s] -- Configured cppcheck exclude dirs and/or files: 
[0.493s] -- Added test 'lint_cmake' to check CMake code style
[0.493s] -- Added test 'uncrustify' to check C / C++ code style
[0.493s] -- Configured uncrustify additional arguments: 
[0.493s] -- Added test 'xmllint' to check XML markup files
[0.494s] -- Configuring done
[0.499s] -- Generating done
[0.502s] -- Build files have been written to: /home/yutou/ros2_ws/build/base_cpp
[0.529s] [ 50%] [32mBuilding CXX object CMakeFiles/publisher.dir/src/publisher.cpp.o[0m
[3.145s] [100%] [32m[1mLinking CXX executable publisher[0m
[3.276s] [100%] Built target publisher
[3.285s] Invoked command in '/home/yutou/ros2_ws/build/base_cpp' returned '0': CMAKE_PREFIX_PATH=${CMAKE_PREFIX_PATH}:/home/yutou/ros2_ws/install/base:/opt/ros/humble /usr/bin/cmake --build /home/yutou/ros2_ws/build/base_cpp -- -j20 -l20
[3.291s] Invoking command in '/home/yutou/ros2_ws/build/base_cpp': CMAKE_PREFIX_PATH=${CMAKE_PREFIX_PATH}:/home/yutou/ros2_ws/install/base:/opt/ros/humble /usr/bin/cmake --install /home/yutou/ros2_ws/build/base_cpp
[3.298s] -- Install configuration: ""
[3.298s] -- Installing: /home/yutou/ros2_ws/install/base_cpp/lib/base_cpp/publisher
[3.298s] -- Set runtime path of "/home/yutou/ros2_ws/install/base_cpp/lib/base_cpp/publisher" to ""
[3.298s] -- Up-to-date: /home/yutou/ros2_ws/install/base_cpp/share/ament_index/resource_index/package_run_dependencies/base_cpp
[3.298s] -- Installing: /home/yutou/ros2_ws/install/base_cpp/share/ament_index/resource_index/parent_prefix_path/base_cpp
[3.298s] -- Up-to-date: /home/yutou/ros2_ws/install/base_cpp/share/base_cpp/environment/ament_prefix_path.sh
[3.298s] -- Installing: /home/yutou/ros2_ws/install/base_cpp/share/base_cpp/environment/ament_prefix_path.dsv
[3.299s] -- Up-to-date: /home/yutou/ros2_ws/install/base_cpp/share/base_cpp/environment/path.sh
[3.299s] -- Installing: /home/yutou/ros2_ws/install/base_cpp/share/base_cpp/environment/path.dsv
[3.299s] -- Up-to-date: /home/yutou/ros2_ws/install/base_cpp/share/base_cpp/local_setup.bash
[3.299s] -- Up-to-date: /home/yutou/ros2_ws/install/base_cpp/share/base_cpp/local_setup.sh
[3.299s] -- Up-to-date: /home/yutou/ros2_ws/install/base_cpp/share/base_cpp/local_setup.zsh
[3.299s] -- Installing: /home/yutou/ros2_ws/install/base_cpp/share/base_cpp/local_setup.dsv
[3.299s] -- Installing: /home/yutou/ros2_ws/install/base_cpp/share/base_cpp/package.dsv
[3.299s] -- Up-to-date: /home/yutou/ros2_ws/install/base_cpp/share/ament_index/resource_index/packages/base_cpp
[3.299s] -- Up-to-date: /home/yutou/ros2_ws/install/base_cpp/share/base_cpp/cmake/base_cppConfig.cmake
[3.299s] -- Up-to-date: /home/yutou/ros2_ws/install/base_cpp/share/base_cpp/cmake/base_cppConfig-version.cmake
[3.299s] -- Up-to-date: /home/yutou/ros2_ws/install/base_cpp/share/base_cpp/package.xml
[3.300s] Invoked command in '/home/yutou/ros2_ws/build/base_cpp' returned '0': CMAKE_PREFIX_PATH=${CMAKE_PREFIX_PATH}:/home/yutou/ros2_ws/install/base:/opt/ros/humble /usr/bin/cmake --install /home/yutou/ros2_ws/build/base_cpp
