[100%] Built target publisher
-- Install configuration: ""
-- Up-to-date: /home/yutou/ros2_ws/install/base_cpp/lib/base_cpp/publisher
-- Up-to-date: /home/yutou/ros2_ws/install/base_cpp/share/base_cpp//launch
-- Installing: /home/yutou/ros2_ws/install/base_cpp/share/base_cpp//launch/run.launch.py
-- Up-to-date: /home/yutou/ros2_ws/install/base_cpp/share/ament_index/resource_index/package_run_dependencies/base_cpp
-- Up-to-date: /home/yutou/ros2_ws/install/base_cpp/share/ament_index/resource_index/parent_prefix_path/base_cpp
-- Up-to-date: /home/yutou/ros2_ws/install/base_cpp/share/base_cpp/environment/ament_prefix_path.sh
-- Up-to-date: /home/yutou/ros2_ws/install/base_cpp/share/base_cpp/environment/ament_prefix_path.dsv
-- Up-to-date: /home/yutou/ros2_ws/install/base_cpp/share/base_cpp/environment/path.sh
-- Up-to-date: /home/yutou/ros2_ws/install/base_cpp/share/base_cpp/environment/path.dsv
-- Up-to-date: /home/yutou/ros2_ws/install/base_cpp/share/base_cpp/local_setup.bash
-- Up-to-date: /home/yutou/ros2_ws/install/base_cpp/share/base_cpp/local_setup.sh
-- Up-to-date: /home/yutou/ros2_ws/install/base_cpp/share/base_cpp/local_setup.zsh
-- Up-to-date: /home/yutou/ros2_ws/install/base_cpp/share/base_cpp/local_setup.dsv
-- Installing: /home/yutou/ros2_ws/install/base_cpp/share/base_cpp/package.dsv
-- Up-to-date: /home/yutou/ros2_ws/install/base_cpp/share/ament_index/resource_index/packages/base_cpp
-- Up-to-date: /home/yutou/ros2_ws/install/base_cpp/share/base_cpp/cmake/base_cppConfig.cmake
-- Up-to-date: /home/yutou/ros2_ws/install/base_cpp/share/base_cpp/cmake/base_cppConfig-version.cmake
-- Up-to-date: /home/yutou/ros2_ws/install/base_cpp/share/base_cpp/package.xml
