running egg_info
writing ../../build/service_server/service_server.egg-info/PKG-INFO
writing dependency_links to ../../build/service_server/service_server.egg-info/dependency_links.txt
writing entry points to ../../build/service_server/service_server.egg-info/entry_points.txt
writing requirements to ../../build/service_server/service_server.egg-info/requires.txt
writing top-level names to ../../build/service_server/service_server.egg-info/top_level.txt
reading manifest file '../../build/service_server/service_server.egg-info/SOURCES.txt'
writing manifest file '../../build/service_server/service_server.egg-info/SOURCES.txt'
running build
running build_py
running install
running install_lib
running install_data
running install_egg_info
removing '/home/fishros/wyq/ros2_object/install/service_server/lib/python3.10/site-packages/service_server-0.0.0-py3.10.egg-info' (and everything under it)
Copying ../../build/service_server/service_server.egg-info to /home/fishros/wyq/ros2_object/install/service_server/lib/python3.10/site-packages/service_server-0.0.0-py3.10.egg-info
running install_scripts
Installing service script to /home/fishros/wyq/ros2_object/install/service_server/lib/service_server
Installing service_client script to /home/fishros/wyq/ros2_object/install/service_server/lib/service_server
writing list of installed files to '/home/fishros/wyq/ros2_object/build/service_server/install.log'
