[0.489s] Invoking command in '/home/fishros/wyq/ros2_object/src/service_server': CONDA_PROMPT_MODIFIER=(base) PYTHONPATH=/home/fishros/wyq/ros2_object/build/service_server/prefix_override:/home/fishros/wyq/ros2_object/install/service_server/lib/python3.10/site-packages:${PYTHONPATH} /usr/bin/python3 setup.py egg_info --egg-base ../../build/service_server build --build-base /home/fishros/wyq/ros2_object/build/service_server/build install --record /home/fishros/wyq/ros2_object/build/service_server/install.log --single-version-externally-managed
[0.622s] running egg_info
[0.622s] writing ../../build/service_server/service_server.egg-info/PKG-INFO
[0.622s] writing dependency_links to ../../build/service_server/service_server.egg-info/dependency_links.txt
[0.622s] writing entry points to ../../build/service_server/service_server.egg-info/entry_points.txt
[0.622s] writing requirements to ../../build/service_server/service_server.egg-info/requires.txt
[0.622s] writing top-level names to ../../build/service_server/service_server.egg-info/top_level.txt
[0.623s] reading manifest file '../../build/service_server/service_server.egg-info/SOURCES.txt'
[0.624s] writing manifest file '../../build/service_server/service_server.egg-info/SOURCES.txt'
[0.624s] running build
[0.624s] running build_py
[0.624s] running install
[0.625s] /usr/lib/python3/dist-packages/setuptools/command/install.py:34: SetuptoolsDeprecationWarning: setup.py install is deprecated. Use build and pip and other standards-based tools.
[0.625s]   warnings.warn(
[0.625s] running install_lib
[0.625s] running install_data
[0.626s] running install_egg_info
[0.627s] removing '/home/fishros/wyq/ros2_object/install/service_server/lib/python3.10/site-packages/service_server-0.0.0-py3.10.egg-info' (and everything under it)
[0.627s] Copying ../../build/service_server/service_server.egg-info to /home/fishros/wyq/ros2_object/install/service_server/lib/python3.10/site-packages/service_server-0.0.0-py3.10.egg-info
[0.627s] running install_scripts
[0.641s] Installing service script to /home/fishros/wyq/ros2_object/install/service_server/lib/service_server
[0.641s] Installing service_client script to /home/fishros/wyq/ros2_object/install/service_server/lib/service_server
[0.641s] writing list of installed files to '/home/fishros/wyq/ros2_object/build/service_server/install.log'
[0.659s] Invoked command in '/home/fishros/wyq/ros2_object/src/service_server' returned '0': CONDA_PROMPT_MODIFIER=(base) PYTHONPATH=/home/fishros/wyq/ros2_object/build/service_server/prefix_override:/home/fishros/wyq/ros2_object/install/service_server/lib/python3.10/site-packages:${PYTHONPATH} /usr/bin/python3 setup.py egg_info --egg-base ../../build/service_server build --build-base /home/fishros/wyq/ros2_object/build/service_server/build install --record /home/fishros/wyq/ros2_object/build/service_server/install.log --single-version-externally-managed
