[0.009s] Invoking command in '/home/yutou/ros2_ws/build/fishbot_cartographer': CMAKE_PREFIX_PATH=/opt/ros/humble /usr/bin/cmake /home/yutou/ros2_ws/src/fishbot_cartographer -DCMAKE_INSTALL_PREFIX=/home/yutou/ros2_ws/install/fishbot_cartographer
[0.107s] -- The C compiler identification is GNU 11.4.0
[0.168s] -- The CXX compiler identification is GNU 11.4.0
[0.177s] -- Detecting C compiler ABI info
[0.264s] -- Detecting C compiler ABI info - done
[0.273s] -- Check for working C compiler: /usr/bin/cc - skipped
[0.274s] -- Detecting C compile features
[0.275s] -- Detecting C compile features - done
[0.281s] -- Detecting CXX compiler ABI info
[0.370s] -- Detecting CXX compiler ABI info - done
[0.378s] -- Check for working CXX compiler: /usr/bin/c++ - skipped
[0.378s] -- Detecting CXX compile features
[0.379s] -- Detecting CXX compile features - done
[0.386s] -- Found ament_cmake: 1.3.12 (/opt/ros/humble/share/ament_cmake/cmake)
[0.520s] -- Found Python3: /usr/bin/python3 (found version "3.10.12") found components: Interpreter 
[0.602s] -- Found ament_lint_auto: 0.12.14 (/opt/ros/humble/share/ament_lint_auto/cmake)
[0.676s] -- Added test 'flake8' to check Python code syntax and style conventions
[0.677s] -- Added test 'lint_cmake' to check CMake code style
[0.677s] -- Added test 'pep257' to check Python code against some of the docstring style conventions in PEP 257
[0.678s] -- Added test 'xmllint' to check XML markup files
[0.679s] -- Configuring done
[0.681s] -- Generating done
[0.682s] -- Build files have been written to: /home/yutou/ros2_ws/build/fishbot_cartographer
[0.685s] Invoked command in '/home/yutou/ros2_ws/build/fishbot_cartographer' returned '0': CMAKE_PREFIX_PATH=/opt/ros/humble /usr/bin/cmake /home/yutou/ros2_ws/src/fishbot_cartographer -DCMAKE_INSTALL_PREFIX=/home/yutou/ros2_ws/install/fishbot_cartographer
[0.686s] Invoking command in '/home/yutou/ros2_ws/build/fishbot_cartographer': CMAKE_PREFIX_PATH=/opt/ros/humble /usr/bin/cmake --build /home/yutou/ros2_ws/build/fishbot_cartographer -- -j20 -l20
[0.724s] Invoked command in '/home/yutou/ros2_ws/build/fishbot_cartographer' returned '0': CMAKE_PREFIX_PATH=/opt/ros/humble /usr/bin/cmake --build /home/yutou/ros2_ws/build/fishbot_cartographer -- -j20 -l20
[0.739s] Invoking command in '/home/yutou/ros2_ws/build/fishbot_cartographer': CMAKE_PREFIX_PATH=/opt/ros/humble /usr/bin/cmake --install /home/yutou/ros2_ws/build/fishbot_cartographer
[0.747s] -- Install configuration: ""
[0.747s] -- Installing: /home/yutou/ros2_ws/install/fishbot_cartographer/share/fishbot_cartographer/config
[0.747s] -- Installing: /home/yutou/ros2_ws/install/fishbot_cartographer/share/fishbot_cartographer/config/fishbot_2d.lua
[0.747s] -- Installing: /home/yutou/ros2_ws/install/fishbot_cartographer/share/fishbot_cartographer/launch
[0.748s] -- Installing: /home/yutou/ros2_ws/install/fishbot_cartographer/share/fishbot_cartographer/launch/cartographer.launch.py
[0.748s] -- Installing: /home/yutou/ros2_ws/install/fishbot_cartographer/share/fishbot_cartographer/rviz
[0.748s] -- Installing: /home/yutou/ros2_ws/install/fishbot_cartographer/share/ament_index/resource_index/package_run_dependencies/fishbot_cartographer
[0.748s] -- Installing: /home/yutou/ros2_ws/install/fishbot_cartographer/share/ament_index/resource_index/parent_prefix_path/fishbot_cartographer
[0.748s] -- Installing: /home/yutou/ros2_ws/install/fishbot_cartographer/share/fishbot_cartographer/environment/ament_prefix_path.sh
[0.748s] -- Installing: /home/yutou/ros2_ws/install/fishbot_cartographer/share/fishbot_cartographer/environment/ament_prefix_path.dsv
[0.748s] -- Installing: /home/yutou/ros2_ws/install/fishbot_cartographer/share/fishbot_cartographer/environment/path.sh
[0.748s] -- Installing: /home/yutou/ros2_ws/install/fishbot_cartographer/share/fishbot_cartographer/environment/path.dsv
[0.748s] -- Installing: /home/yutou/ros2_ws/install/fishbot_cartographer/share/fishbot_cartographer/local_setup.bash
[0.748s] -- Installing: /home/yutou/ros2_ws/install/fishbot_cartographer/share/fishbot_cartographer/local_setup.sh
[0.748s] -- Installing: /home/yutou/ros2_ws/install/fishbot_cartographer/share/fishbot_cartographer/local_setup.zsh
[0.748s] -- Installing: /home/yutou/ros2_ws/install/fishbot_cartographer/share/fishbot_cartographer/local_setup.dsv
[0.749s] -- Installing: /home/yutou/ros2_ws/install/fishbot_cartographer/share/fishbot_cartographer/package.dsv
[0.749s] -- Installing: /home/yutou/ros2_ws/install/fishbot_cartographer/share/ament_index/resource_index/packages/fishbot_cartographer
[0.749s] -- Installing: /home/yutou/ros2_ws/install/fishbot_cartographer/share/fishbot_cartographer/cmake/fishbot_cartographerConfig.cmake
[0.749s] -- Installing: /home/yutou/ros2_ws/install/fishbot_cartographer/share/fishbot_cartographer/cmake/fishbot_cartographerConfig-version.cmake
[0.749s] -- Installing: /home/yutou/ros2_ws/install/fishbot_cartographer/share/fishbot_cartographer/package.xml
[0.751s] Invoked command in '/home/yutou/ros2_ws/build/fishbot_cartographer' returned '0': CMAKE_PREFIX_PATH=/opt/ros/humble /usr/bin/cmake --install /home/yutou/ros2_ws/build/fishbot_cartographer
