[0.065s] DEBUG:colcon:Command line arguments: ['/usr/bin/colcon', 'build']
[0.065s] DEBUG:colcon:Parsed command line arguments: Namespace(log_base=None, log_level=None, verb_name='build', build_base='build', install_base='install', merge_install=False, symlink_install=False, test_result_base=None, continue_on_error=False, executor='parallel', parallel_workers=20, event_handlers=None, ignore_user_meta=False, metas=['./colcon.meta'], base_paths=['.'], packages_ignore=None, packages_ignore_regex=None, paths=None, packages_up_to=None, packages_up_to_regex=None, packages_above=None, packages_above_and_dependencies=None, packages_above_depth=None, packages_select_by_dep=None, packages_skip_by_dep=None, packages_skip_up_to=None, packages_select_build_failed=False, packages_skip_build_finished=False, packages_select_test_failures=False, packages_skip_test_passed=False, packages_select=None, packages_skip=None, packages_select_regex=None, packages_skip_regex=None, packages_start=None, packages_end=None, cmake_args=None, cmake_target=None, cmake_target_skip_unavailable=False, cmake_clean_cache=False, cmake_clean_first=False, cmake_force_configure=False, ament_cmake_args=None, catkin_cmake_args=None, catkin_skip_building_tests=False, mixin_files=None, mixin=None, verb_parser=<colcon_mixin.mixin.mixin_argument.MixinArgumentDecorator object at 0x7238463ebf70>, verb_extension=<colcon_core.verb.build.BuildVerb object at 0x723846534fa0>, main=<bound method BuildVerb.main of <colcon_core.verb.build.BuildVerb object at 0x723846534fa0>>, mixin_verb=('build',))
[0.149s] Level 1:colcon.colcon_core.package_discovery:discover_packages(colcon_meta) check parameters
[0.149s] Level 1:colcon.colcon_core.package_discovery:discover_packages(recursive) check parameters
[0.149s] Level 1:colcon.colcon_core.package_discovery:discover_packages(ignore) check parameters
[0.149s] Level 1:colcon.colcon_core.package_discovery:discover_packages(path) check parameters
[0.149s] Level 1:colcon.colcon_core.package_discovery:discover_packages(colcon_meta) discover
[0.149s] Level 1:colcon.colcon_core.package_discovery:discover_packages(recursive) discover
[0.149s] INFO:colcon.colcon_core.package_discovery:Crawling recursively for packages in '/home/yutou/ros2_ws'
[0.149s] Level 1:colcon.colcon_core.package_identification:_identify(.) by extensions ['ignore', 'ignore_ament_install']
[0.149s] Level 1:colcon.colcon_core.package_identification:_identify(.) by extension 'ignore'
[0.149s] Level 1:colcon.colcon_core.package_identification:_identify(.) by extension 'ignore_ament_install'
[0.149s] Level 1:colcon.colcon_core.package_identification:_identify(.) by extensions ['colcon_pkg']
[0.149s] Level 1:colcon.colcon_core.package_identification:_identify(.) by extension 'colcon_pkg'
[0.149s] Level 1:colcon.colcon_core.package_identification:_identify(.) by extensions ['colcon_meta']
[0.149s] Level 1:colcon.colcon_core.package_identification:_identify(.) by extension 'colcon_meta'
[0.149s] Level 1:colcon.colcon_core.package_identification:_identify(.) by extensions ['ros']
[0.149s] Level 1:colcon.colcon_core.package_identification:_identify(.) by extension 'ros'
[0.157s] Level 1:colcon.colcon_core.package_identification:_identify(.) by extensions ['cmake', 'python']
[0.157s] Level 1:colcon.colcon_core.package_identification:_identify(.) by extension 'cmake'
[0.157s] Level 1:colcon.colcon_core.package_identification:_identify(.) by extension 'python'
[0.157s] Level 1:colcon.colcon_core.package_identification:_identify(.) by extensions ['python_setup_py']
[0.157s] Level 1:colcon.colcon_core.package_identification:_identify(.) by extension 'python_setup_py'
[0.157s] Level 1:colcon.colcon_core.package_identification:_identify(build) by extensions ['ignore', 'ignore_ament_install']
[0.157s] Level 1:colcon.colcon_core.package_identification:_identify(build) by extension 'ignore'
[0.157s] Level 1:colcon.colcon_core.package_identification:_identify(build) ignored
[0.158s] Level 1:colcon.colcon_core.package_identification:_identify(install) by extensions ['ignore', 'ignore_ament_install']
[0.158s] Level 1:colcon.colcon_core.package_identification:_identify(install) by extension 'ignore'
[0.158s] Level 1:colcon.colcon_core.package_identification:_identify(install) ignored
[0.158s] Level 1:colcon.colcon_core.package_identification:_identify(log) by extensions ['ignore', 'ignore_ament_install']
[0.158s] Level 1:colcon.colcon_core.package_identification:_identify(log) by extension 'ignore'
[0.158s] Level 1:colcon.colcon_core.package_identification:_identify(log) ignored
[0.158s] Level 1:colcon.colcon_core.package_identification:_identify(packages) by extensions ['ignore', 'ignore_ament_install']
[0.158s] Level 1:colcon.colcon_core.package_identification:_identify(packages) by extension 'ignore'
[0.158s] Level 1:colcon.colcon_core.package_identification:_identify(packages) by extension 'ignore_ament_install'
[0.158s] Level 1:colcon.colcon_core.package_identification:_identify(packages) by extensions ['colcon_pkg']
[0.158s] Level 1:colcon.colcon_core.package_identification:_identify(packages) by extension 'colcon_pkg'
[0.158s] Level 1:colcon.colcon_core.package_identification:_identify(packages) by extensions ['colcon_meta']
[0.158s] Level 1:colcon.colcon_core.package_identification:_identify(packages) by extension 'colcon_meta'
[0.158s] Level 1:colcon.colcon_core.package_identification:_identify(packages) by extensions ['ros']
[0.158s] Level 1:colcon.colcon_core.package_identification:_identify(packages) by extension 'ros'
[0.158s] Level 1:colcon.colcon_core.package_identification:_identify(packages) by extensions ['cmake', 'python']
[0.158s] Level 1:colcon.colcon_core.package_identification:_identify(packages) by extension 'cmake'
[0.158s] Level 1:colcon.colcon_core.package_identification:_identify(packages) by extension 'python'
[0.158s] Level 1:colcon.colcon_core.package_identification:_identify(packages) by extensions ['python_setup_py']
[0.158s] Level 1:colcon.colcon_core.package_identification:_identify(packages) by extension 'python_setup_py'
[0.158s] Level 1:colcon.colcon_core.package_identification:_identify(packages/Livox-SDK2) by extensions ['ignore', 'ignore_ament_install']
[0.158s] Level 1:colcon.colcon_core.package_identification:_identify(packages/Livox-SDK2) by extension 'ignore'
[0.158s] Level 1:colcon.colcon_core.package_identification:_identify(packages/Livox-SDK2) by extension 'ignore_ament_install'
[0.158s] Level 1:colcon.colcon_core.package_identification:_identify(packages/Livox-SDK2) by extensions ['colcon_pkg']
[0.158s] Level 1:colcon.colcon_core.package_identification:_identify(packages/Livox-SDK2) by extension 'colcon_pkg'
[0.158s] Level 1:colcon.colcon_core.package_identification:_identify(packages/Livox-SDK2) by extensions ['colcon_meta']
[0.158s] Level 1:colcon.colcon_core.package_identification:_identify(packages/Livox-SDK2) by extension 'colcon_meta'
[0.158s] Level 1:colcon.colcon_core.package_identification:_identify(packages/Livox-SDK2) by extensions ['ros']
[0.158s] Level 1:colcon.colcon_core.package_identification:_identify(packages/Livox-SDK2) by extension 'ros'
[0.158s] Level 1:colcon.colcon_core.package_identification:_identify(packages/Livox-SDK2) by extensions ['cmake', 'python']
[0.158s] Level 1:colcon.colcon_core.package_identification:_identify(packages/Livox-SDK2) by extension 'cmake'
[0.164s] Level 1:colcon.colcon_core.package_identification:_identify(packages/Livox-SDK2) by extension 'python'
[0.164s] DEBUG:colcon.colcon_core.package_identification:Package 'packages/Livox-SDK2' with type 'cmake' and name 'livox_sdk2'
[0.165s] Level 1:colcon.colcon_core.package_identification:_identify(packages/ws_livox) by extensions ['ignore', 'ignore_ament_install']
[0.165s] Level 1:colcon.colcon_core.package_identification:_identify(packages/ws_livox) by extension 'ignore'
[0.165s] Level 1:colcon.colcon_core.package_identification:_identify(packages/ws_livox) by extension 'ignore_ament_install'
[0.165s] Level 1:colcon.colcon_core.package_identification:_identify(packages/ws_livox) by extensions ['colcon_pkg']
[0.165s] Level 1:colcon.colcon_core.package_identification:_identify(packages/ws_livox) by extension 'colcon_pkg'
[0.165s] Level 1:colcon.colcon_core.package_identification:_identify(packages/ws_livox) by extensions ['colcon_meta']
[0.165s] Level 1:colcon.colcon_core.package_identification:_identify(packages/ws_livox) by extension 'colcon_meta'
[0.165s] Level 1:colcon.colcon_core.package_identification:_identify(packages/ws_livox) by extensions ['ros']
[0.165s] Level 1:colcon.colcon_core.package_identification:_identify(packages/ws_livox) by extension 'ros'
[0.165s] Level 1:colcon.colcon_core.package_identification:_identify(packages/ws_livox) by extensions ['cmake', 'python']
[0.165s] Level 1:colcon.colcon_core.package_identification:_identify(packages/ws_livox) by extension 'cmake'
[0.165s] Level 1:colcon.colcon_core.package_identification:_identify(packages/ws_livox) by extension 'python'
[0.165s] Level 1:colcon.colcon_core.package_identification:_identify(packages/ws_livox) by extensions ['python_setup_py']
[0.165s] Level 1:colcon.colcon_core.package_identification:_identify(packages/ws_livox) by extension 'python_setup_py'
[0.165s] Level 1:colcon.colcon_core.package_identification:_identify(packages/ws_livox/build) by extensions ['ignore', 'ignore_ament_install']
[0.165s] Level 1:colcon.colcon_core.package_identification:_identify(packages/ws_livox/build) by extension 'ignore'
[0.165s] Level 1:colcon.colcon_core.package_identification:_identify(packages/ws_livox/build) ignored
[0.165s] Level 1:colcon.colcon_core.package_identification:_identify(packages/ws_livox/install) by extensions ['ignore', 'ignore_ament_install']
[0.165s] Level 1:colcon.colcon_core.package_identification:_identify(packages/ws_livox/install) by extension 'ignore'
[0.165s] Level 1:colcon.colcon_core.package_identification:_identify(packages/ws_livox/install) ignored
[0.165s] Level 1:colcon.colcon_core.package_identification:_identify(packages/ws_livox/log) by extensions ['ignore', 'ignore_ament_install']
[0.165s] Level 1:colcon.colcon_core.package_identification:_identify(packages/ws_livox/log) by extension 'ignore'
[0.165s] Level 1:colcon.colcon_core.package_identification:_identify(packages/ws_livox/log) ignored
[0.165s] Level 1:colcon.colcon_core.package_identification:_identify(packages/ws_livox/src) by extensions ['ignore', 'ignore_ament_install']
[0.165s] Level 1:colcon.colcon_core.package_identification:_identify(packages/ws_livox/src) by extension 'ignore'
[0.165s] Level 1:colcon.colcon_core.package_identification:_identify(packages/ws_livox/src) by extension 'ignore_ament_install'
[0.165s] Level 1:colcon.colcon_core.package_identification:_identify(packages/ws_livox/src) by extensions ['colcon_pkg']
[0.165s] Level 1:colcon.colcon_core.package_identification:_identify(packages/ws_livox/src) by extension 'colcon_pkg'
[0.165s] Level 1:colcon.colcon_core.package_identification:_identify(packages/ws_livox/src) by extensions ['colcon_meta']
[0.165s] Level 1:colcon.colcon_core.package_identification:_identify(packages/ws_livox/src) by extension 'colcon_meta'
[0.165s] Level 1:colcon.colcon_core.package_identification:_identify(packages/ws_livox/src) by extensions ['ros']
[0.166s] Level 1:colcon.colcon_core.package_identification:_identify(packages/ws_livox/src) by extension 'ros'
[0.166s] Level 1:colcon.colcon_core.package_identification:_identify(packages/ws_livox/src) by extensions ['cmake', 'python']
[0.166s] Level 1:colcon.colcon_core.package_identification:_identify(packages/ws_livox/src) by extension 'cmake'
[0.166s] Level 1:colcon.colcon_core.package_identification:_identify(packages/ws_livox/src) by extension 'python'
[0.166s] Level 1:colcon.colcon_core.package_identification:_identify(packages/ws_livox/src) by extensions ['python_setup_py']
[0.166s] Level 1:colcon.colcon_core.package_identification:_identify(packages/ws_livox/src) by extension 'python_setup_py'
[0.166s] Level 1:colcon.colcon_core.package_identification:_identify(packages/ws_livox/src/livox_ros_driver2) by extensions ['ignore', 'ignore_ament_install']
[0.166s] Level 1:colcon.colcon_core.package_identification:_identify(packages/ws_livox/src/livox_ros_driver2) by extension 'ignore'
[0.166s] Level 1:colcon.colcon_core.package_identification:_identify(packages/ws_livox/src/livox_ros_driver2) by extension 'ignore_ament_install'
[0.166s] Level 1:colcon.colcon_core.package_identification:_identify(packages/ws_livox/src/livox_ros_driver2) by extensions ['colcon_pkg']
[0.166s] Level 1:colcon.colcon_core.package_identification:_identify(packages/ws_livox/src/livox_ros_driver2) by extension 'colcon_pkg'
[0.166s] Level 1:colcon.colcon_core.package_identification:_identify(packages/ws_livox/src/livox_ros_driver2) by extensions ['colcon_meta']
[0.166s] Level 1:colcon.colcon_core.package_identification:_identify(packages/ws_livox/src/livox_ros_driver2) by extension 'colcon_meta'
[0.166s] Level 1:colcon.colcon_core.package_identification:_identify(packages/ws_livox/src/livox_ros_driver2) by extensions ['ros']
[0.166s] Level 1:colcon.colcon_core.package_identification:_identify(packages/ws_livox/src/livox_ros_driver2) by extension 'ros'
[0.168s] DEBUG:colcon.colcon_core.package_identification:Package 'packages/ws_livox/src/livox_ros_driver2' with type 'ros.ament_cmake' and name 'livox_ros_driver2'
[0.168s] Level 1:colcon.colcon_core.package_identification:_identify(src) by extensions ['ignore', 'ignore_ament_install']
[0.168s] Level 1:colcon.colcon_core.package_identification:_identify(src) by extension 'ignore'
[0.168s] Level 1:colcon.colcon_core.package_identification:_identify(src) by extension 'ignore_ament_install'
[0.168s] Level 1:colcon.colcon_core.package_identification:_identify(src) by extensions ['colcon_pkg']
[0.168s] Level 1:colcon.colcon_core.package_identification:_identify(src) by extension 'colcon_pkg'
[0.168s] Level 1:colcon.colcon_core.package_identification:_identify(src) by extensions ['colcon_meta']
[0.168s] Level 1:colcon.colcon_core.package_identification:_identify(src) by extension 'colcon_meta'
[0.168s] Level 1:colcon.colcon_core.package_identification:_identify(src) by extensions ['ros']
[0.168s] Level 1:colcon.colcon_core.package_identification:_identify(src) by extension 'ros'
[0.168s] Level 1:colcon.colcon_core.package_identification:_identify(src) by extensions ['cmake', 'python']
[0.168s] Level 1:colcon.colcon_core.package_identification:_identify(src) by extension 'cmake'
[0.168s] Level 1:colcon.colcon_core.package_identification:_identify(src) by extension 'python'
[0.168s] Level 1:colcon.colcon_core.package_identification:_identify(src) by extensions ['python_setup_py']
[0.168s] Level 1:colcon.colcon_core.package_identification:_identify(src) by extension 'python_setup_py'
[0.168s] Level 1:colcon.colcon_core.package_identification:_identify(src/bags_record) by extensions ['ignore', 'ignore_ament_install']
[0.168s] Level 1:colcon.colcon_core.package_identification:_identify(src/bags_record) by extension 'ignore'
[0.168s] Level 1:colcon.colcon_core.package_identification:_identify(src/bags_record) by extension 'ignore_ament_install'
[0.169s] Level 1:colcon.colcon_core.package_identification:_identify(src/bags_record) by extensions ['colcon_pkg']
[0.169s] Level 1:colcon.colcon_core.package_identification:_identify(src/bags_record) by extension 'colcon_pkg'
[0.169s] Level 1:colcon.colcon_core.package_identification:_identify(src/bags_record) by extensions ['colcon_meta']
[0.169s] Level 1:colcon.colcon_core.package_identification:_identify(src/bags_record) by extension 'colcon_meta'
[0.169s] Level 1:colcon.colcon_core.package_identification:_identify(src/bags_record) by extensions ['ros']
[0.169s] Level 1:colcon.colcon_core.package_identification:_identify(src/bags_record) by extension 'ros'
[0.169s] DEBUG:colcon.colcon_core.package_identification:Package 'src/bags_record' with type 'ros.ament_python' and name 'bags_record'
[0.169s] Level 1:colcon.colcon_core.package_identification:_identify(src/ros2_driver) by extensions ['ignore', 'ignore_ament_install']
[0.169s] Level 1:colcon.colcon_core.package_identification:_identify(src/ros2_driver) by extension 'ignore'
[0.169s] Level 1:colcon.colcon_core.package_identification:_identify(src/ros2_driver) by extension 'ignore_ament_install'
[0.169s] Level 1:colcon.colcon_core.package_identification:_identify(src/ros2_driver) by extensions ['colcon_pkg']
[0.169s] Level 1:colcon.colcon_core.package_identification:_identify(src/ros2_driver) by extension 'colcon_pkg'
[0.169s] Level 1:colcon.colcon_core.package_identification:_identify(src/ros2_driver) by extensions ['colcon_meta']
[0.169s] Level 1:colcon.colcon_core.package_identification:_identify(src/ros2_driver) by extension 'colcon_meta'
[0.169s] Level 1:colcon.colcon_core.package_identification:_identify(src/ros2_driver) by extensions ['ros']
[0.169s] Level 1:colcon.colcon_core.package_identification:_identify(src/ros2_driver) by extension 'ros'
[0.170s] DEBUG:colcon.colcon_core.package_identification:Package 'src/ros2_driver' with type 'ros.ament_python' and name 'ros2_driver'
[0.170s] Level 1:colcon.colcon_core.package_discovery:discover_packages(recursive) using defaults
[0.170s] Level 1:colcon.colcon_core.package_discovery:discover_packages(ignore) discover
[0.170s] Level 1:colcon.colcon_core.package_discovery:discover_packages(ignore) using defaults
[0.170s] Level 1:colcon.colcon_core.package_discovery:discover_packages(path) discover
[0.170s] Level 1:colcon.colcon_core.package_discovery:discover_packages(path) using defaults
[0.183s] Level 5:colcon.colcon_core.verb:set package 'bags_record' build argument 'cmake_args' from command line to 'None'
[0.183s] Level 5:colcon.colcon_core.verb:set package 'bags_record' build argument 'cmake_target' from command line to 'None'
[0.183s] Level 5:colcon.colcon_core.verb:set package 'bags_record' build argument 'cmake_target_skip_unavailable' from command line to 'False'
[0.183s] Level 5:colcon.colcon_core.verb:set package 'bags_record' build argument 'cmake_clean_cache' from command line to 'False'
[0.183s] Level 5:colcon.colcon_core.verb:set package 'bags_record' build argument 'cmake_clean_first' from command line to 'False'
[0.183s] Level 5:colcon.colcon_core.verb:set package 'bags_record' build argument 'cmake_force_configure' from command line to 'False'
[0.183s] Level 5:colcon.colcon_core.verb:set package 'bags_record' build argument 'ament_cmake_args' from command line to 'None'
[0.183s] Level 5:colcon.colcon_core.verb:set package 'bags_record' build argument 'catkin_cmake_args' from command line to 'None'
[0.183s] Level 5:colcon.colcon_core.verb:set package 'bags_record' build argument 'catkin_skip_building_tests' from command line to 'False'
[0.183s] DEBUG:colcon.colcon_core.verb:Building package 'bags_record' with the following arguments: {'ament_cmake_args': None, 'build_base': '/home/yutou/ros2_ws/build/bags_record', 'catkin_cmake_args': None, 'catkin_skip_building_tests': False, 'cmake_args': None, 'cmake_clean_cache': False, 'cmake_clean_first': False, 'cmake_force_configure': False, 'cmake_target': None, 'cmake_target_skip_unavailable': False, 'install_base': '/home/yutou/ros2_ws/install/bags_record', 'merge_install': False, 'path': '/home/yutou/ros2_ws/src/bags_record', 'symlink_install': False, 'test_result_base': None}
[0.184s] Level 5:colcon.colcon_core.verb:set package 'livox_ros_driver2' build argument 'cmake_args' from command line to 'None'
[0.184s] Level 5:colcon.colcon_core.verb:set package 'livox_ros_driver2' build argument 'cmake_target' from command line to 'None'
[0.184s] Level 5:colcon.colcon_core.verb:set package 'livox_ros_driver2' build argument 'cmake_target_skip_unavailable' from command line to 'False'
[0.184s] Level 5:colcon.colcon_core.verb:set package 'livox_ros_driver2' build argument 'cmake_clean_cache' from command line to 'False'
[0.184s] Level 5:colcon.colcon_core.verb:set package 'livox_ros_driver2' build argument 'cmake_clean_first' from command line to 'False'
[0.184s] Level 5:colcon.colcon_core.verb:set package 'livox_ros_driver2' build argument 'cmake_force_configure' from command line to 'False'
[0.184s] Level 5:colcon.colcon_core.verb:set package 'livox_ros_driver2' build argument 'ament_cmake_args' from command line to 'None'
[0.184s] Level 5:colcon.colcon_core.verb:set package 'livox_ros_driver2' build argument 'catkin_cmake_args' from command line to 'None'
[0.184s] Level 5:colcon.colcon_core.verb:set package 'livox_ros_driver2' build argument 'catkin_skip_building_tests' from command line to 'False'
[0.184s] DEBUG:colcon.colcon_core.verb:Building package 'livox_ros_driver2' with the following arguments: {'ament_cmake_args': None, 'build_base': '/home/yutou/ros2_ws/build/livox_ros_driver2', 'catkin_cmake_args': None, 'catkin_skip_building_tests': False, 'cmake_args': None, 'cmake_clean_cache': False, 'cmake_clean_first': False, 'cmake_force_configure': False, 'cmake_target': None, 'cmake_target_skip_unavailable': False, 'install_base': '/home/yutou/ros2_ws/install/livox_ros_driver2', 'merge_install': False, 'path': '/home/yutou/ros2_ws/packages/ws_livox/src/livox_ros_driver2', 'symlink_install': False, 'test_result_base': None}
[0.184s] Level 5:colcon.colcon_core.verb:set package 'livox_sdk2' build argument 'cmake_args' from command line to 'None'
[0.184s] Level 5:colcon.colcon_core.verb:set package 'livox_sdk2' build argument 'cmake_target' from command line to 'None'
[0.184s] Level 5:colcon.colcon_core.verb:set package 'livox_sdk2' build argument 'cmake_target_skip_unavailable' from command line to 'False'
[0.184s] Level 5:colcon.colcon_core.verb:set package 'livox_sdk2' build argument 'cmake_clean_cache' from command line to 'False'
[0.184s] Level 5:colcon.colcon_core.verb:set package 'livox_sdk2' build argument 'cmake_clean_first' from command line to 'False'
[0.184s] Level 5:colcon.colcon_core.verb:set package 'livox_sdk2' build argument 'cmake_force_configure' from command line to 'False'
[0.184s] Level 5:colcon.colcon_core.verb:set package 'livox_sdk2' build argument 'ament_cmake_args' from command line to 'None'
[0.184s] Level 5:colcon.colcon_core.verb:set package 'livox_sdk2' build argument 'catkin_cmake_args' from command line to 'None'
[0.184s] Level 5:colcon.colcon_core.verb:set package 'livox_sdk2' build argument 'catkin_skip_building_tests' from command line to 'False'
[0.184s] DEBUG:colcon.colcon_core.verb:Building package 'livox_sdk2' with the following arguments: {'ament_cmake_args': None, 'build_base': '/home/yutou/ros2_ws/build/livox_sdk2', 'catkin_cmake_args': None, 'catkin_skip_building_tests': False, 'cmake_args': None, 'cmake_clean_cache': False, 'cmake_clean_first': False, 'cmake_force_configure': False, 'cmake_target': None, 'cmake_target_skip_unavailable': False, 'install_base': '/home/yutou/ros2_ws/install/livox_sdk2', 'merge_install': False, 'path': '/home/yutou/ros2_ws/packages/Livox-SDK2', 'symlink_install': False, 'test_result_base': None}
[0.184s] Level 5:colcon.colcon_core.verb:set package 'ros2_driver' build argument 'cmake_args' from command line to 'None'
[0.184s] Level 5:colcon.colcon_core.verb:set package 'ros2_driver' build argument 'cmake_target' from command line to 'None'
[0.184s] Level 5:colcon.colcon_core.verb:set package 'ros2_driver' build argument 'cmake_target_skip_unavailable' from command line to 'False'
[0.184s] Level 5:colcon.colcon_core.verb:set package 'ros2_driver' build argument 'cmake_clean_cache' from command line to 'False'
[0.184s] Level 5:colcon.colcon_core.verb:set package 'ros2_driver' build argument 'cmake_clean_first' from command line to 'False'
[0.184s] Level 5:colcon.colcon_core.verb:set package 'ros2_driver' build argument 'cmake_force_configure' from command line to 'False'
[0.184s] Level 5:colcon.colcon_core.verb:set package 'ros2_driver' build argument 'ament_cmake_args' from command line to 'None'
[0.184s] Level 5:colcon.colcon_core.verb:set package 'ros2_driver' build argument 'catkin_cmake_args' from command line to 'None'
[0.184s] Level 5:colcon.colcon_core.verb:set package 'ros2_driver' build argument 'catkin_skip_building_tests' from command line to 'False'
[0.184s] DEBUG:colcon.colcon_core.verb:Building package 'ros2_driver' with the following arguments: {'ament_cmake_args': None, 'build_base': '/home/yutou/ros2_ws/build/ros2_driver', 'catkin_cmake_args': None, 'catkin_skip_building_tests': False, 'cmake_args': None, 'cmake_clean_cache': False, 'cmake_clean_first': False, 'cmake_force_configure': False, 'cmake_target': None, 'cmake_target_skip_unavailable': False, 'install_base': '/home/yutou/ros2_ws/install/ros2_driver', 'merge_install': False, 'path': '/home/yutou/ros2_ws/src/ros2_driver', 'symlink_install': False, 'test_result_base': None}
[0.184s] INFO:colcon.colcon_core.executor:Executing jobs using 'parallel' executor
[0.186s] DEBUG:colcon.colcon_parallel_executor.executor.parallel:run_until_complete
[0.186s] INFO:colcon.colcon_ros.task.ament_python.build:Building ROS package in '/home/yutou/ros2_ws/src/bags_record' with build type 'ament_python'
[0.186s] Level 1:colcon.colcon_core.shell:create_environment_hook('bags_record', 'ament_prefix_path')
[0.187s] INFO:colcon.colcon_core.plugin_system:Skipping extension 'colcon_core.shell.bat': Not used on non-Windows systems
[0.187s] INFO:colcon.colcon_core.shell:Creating environment hook '/home/yutou/ros2_ws/install/bags_record/share/bags_record/hook/ament_prefix_path.ps1'
[0.188s] INFO:colcon.colcon_core.shell:Creating environment descriptor '/home/yutou/ros2_ws/install/bags_record/share/bags_record/hook/ament_prefix_path.dsv'
[0.188s] INFO:colcon.colcon_core.shell:Creating environment hook '/home/yutou/ros2_ws/install/bags_record/share/bags_record/hook/ament_prefix_path.sh'
[0.188s] INFO:colcon.colcon_core.shell:Skip shell extension 'powershell' for command environment: Not usable outside of PowerShell
[0.188s] DEBUG:colcon.colcon_core.shell:Skip shell extension 'dsv' for command environment
[0.192s] INFO:colcon.colcon_ros.task.ament_cmake.build:Building ROS package in '/home/yutou/ros2_ws/packages/ws_livox/src/livox_ros_driver2' with build type 'ament_cmake'
[0.192s] INFO:colcon.colcon_cmake.task.cmake.build:Building CMake package in '/home/yutou/ros2_ws/packages/ws_livox/src/livox_ros_driver2'
[0.192s] INFO:colcon.colcon_core.shell:Skip shell extension 'powershell' for command environment: Not usable outside of PowerShell
[0.192s] DEBUG:colcon.colcon_core.shell:Skip shell extension 'dsv' for command environment
[0.194s] INFO:colcon.colcon_cmake.task.cmake.build:Building CMake package in '/home/yutou/ros2_ws/packages/Livox-SDK2'
[0.194s] INFO:colcon.colcon_core.shell:Skip shell extension 'powershell' for command environment: Not usable outside of PowerShell
[0.194s] DEBUG:colcon.colcon_core.shell:Skip shell extension 'dsv' for command environment
[0.196s] INFO:colcon.colcon_ros.task.ament_python.build:Building ROS package in '/home/yutou/ros2_ws/src/ros2_driver' with build type 'ament_python'
[0.196s] Level 1:colcon.colcon_core.shell:create_environment_hook('ros2_driver', 'ament_prefix_path')
[0.197s] INFO:colcon.colcon_core.shell:Creating environment hook '/home/yutou/ros2_ws/install/ros2_driver/share/ros2_driver/hook/ament_prefix_path.ps1'
[0.197s] INFO:colcon.colcon_core.shell:Creating environment descriptor '/home/yutou/ros2_ws/install/ros2_driver/share/ros2_driver/hook/ament_prefix_path.dsv'
[0.197s] INFO:colcon.colcon_core.shell:Creating environment hook '/home/yutou/ros2_ws/install/ros2_driver/share/ros2_driver/hook/ament_prefix_path.sh'
[0.197s] INFO:colcon.colcon_core.shell:Skip shell extension 'powershell' for command environment: Not usable outside of PowerShell
[0.198s] DEBUG:colcon.colcon_core.shell:Skip shell extension 'dsv' for command environment
[0.340s] INFO:colcon.colcon_core.task.python.build:Building Python package in '/home/yutou/ros2_ws/src/bags_record'
[0.341s] INFO:colcon.colcon_core.shell:Skip shell extension 'powershell' for command environment: Not usable outside of PowerShell
[0.341s] DEBUG:colcon.colcon_core.shell:Skip shell extension 'dsv' for command environment
[0.347s] DEBUG:colcon.colcon_core.event_handler.log_command:Invoking command in '/home/yutou/ros2_ws/build/livox_ros_driver2': CMAKE_PREFIX_PATH=/home/yutou/ros2_ws/install/ros2_driver:/home/yutou/ros2_ws/install/bags_record:/opt/ros/humble /usr/bin/cmake /home/yutou/ros2_ws/packages/ws_livox/src/livox_ros_driver2 -DCMAKE_INSTALL_PREFIX=/home/yutou/ros2_ws/install/livox_ros_driver2
[0.349s] DEBUG:colcon.colcon_core.event_handler.log_command:Invoking command in '/home/yutou/ros2_ws/build/livox_sdk2': /usr/bin/cmake --build /home/yutou/ros2_ws/build/livox_sdk2 -- -j20 -l20
[0.500s] INFO:colcon.colcon_core.task.python.build:Building Python package in '/home/yutou/ros2_ws/src/ros2_driver'
[0.501s] INFO:colcon.colcon_core.shell:Skip shell extension 'powershell' for command environment: Not usable outside of PowerShell
[0.501s] DEBUG:colcon.colcon_core.shell:Skip shell extension 'dsv' for command environment
[0.508s] DEBUG:colcon.colcon_core.event_handler.log_command:Invoked command in '/home/yutou/ros2_ws/build/livox_sdk2' returned '0': /usr/bin/cmake --build /home/yutou/ros2_ws/build/livox_sdk2 -- -j20 -l20
[0.515s] DEBUG:colcon.colcon_core.event_handler.log_command:Invoking command in '/home/yutou/ros2_ws/build/livox_sdk2': /usr/bin/cmake --install /home/yutou/ros2_ws/build/livox_sdk2
[0.523s] Level 1:colcon.colcon_core.environment:create_environment_scripts_only(livox_sdk2)
[0.523s] DEBUG:colcon.colcon_core.event_handler.log_command:Invoked command in '/home/yutou/ros2_ws/build/livox_sdk2' returned '0': /usr/bin/cmake --install /home/yutou/ros2_ws/build/livox_sdk2
[0.525s] Level 1:colcon.colcon_core.environment:checking '/home/yutou/ros2_ws/install/livox_sdk2' for CMake module files
[0.525s] Level 1:colcon.colcon_core.environment:checking '/home/yutou/ros2_ws/install/livox_sdk2' for CMake config files
[0.526s] Level 1:colcon.colcon_core.environment:checking '/home/yutou/ros2_ws/install/livox_sdk2/lib'
[0.526s] Level 1:colcon.colcon_core.shell:create_environment_hook('livox_sdk2', 'ld_library_path_lib')
[0.526s] INFO:colcon.colcon_core.shell:Creating environment hook '/home/yutou/ros2_ws/install/livox_sdk2/share/livox_sdk2/hook/ld_library_path_lib.ps1'
[0.527s] INFO:colcon.colcon_core.shell:Creating environment descriptor '/home/yutou/ros2_ws/install/livox_sdk2/share/livox_sdk2/hook/ld_library_path_lib.dsv'
[0.527s] INFO:colcon.colcon_core.shell:Creating environment hook '/home/yutou/ros2_ws/install/livox_sdk2/share/livox_sdk2/hook/ld_library_path_lib.sh'
[0.527s] Level 1:colcon.colcon_core.environment:checking '/home/yutou/ros2_ws/install/livox_sdk2/bin'
[0.527s] Level 1:colcon.colcon_core.environment:checking '/home/yutou/ros2_ws/install/livox_sdk2/lib/pkgconfig/livox_sdk2.pc'
[0.528s] Level 1:colcon.colcon_core.environment:checking '/home/yutou/ros2_ws/install/livox_sdk2/lib/python3.10/site-packages'
[0.528s] Level 1:colcon.colcon_core.environment:checking '/home/yutou/ros2_ws/install/livox_sdk2/bin'
[0.528s] INFO:colcon.colcon_core.shell:Creating package script '/home/yutou/ros2_ws/install/livox_sdk2/share/livox_sdk2/package.ps1'
[0.529s] INFO:colcon.colcon_core.shell:Creating package descriptor '/home/yutou/ros2_ws/install/livox_sdk2/share/livox_sdk2/package.dsv'
[0.530s] INFO:colcon.colcon_core.shell:Creating package script '/home/yutou/ros2_ws/install/livox_sdk2/share/livox_sdk2/package.sh'
[0.530s] INFO:colcon.colcon_core.shell:Creating package script '/home/yutou/ros2_ws/install/livox_sdk2/share/livox_sdk2/package.bash'
[0.531s] INFO:colcon.colcon_core.shell:Creating package script '/home/yutou/ros2_ws/install/livox_sdk2/share/livox_sdk2/package.zsh'
[0.532s] Level 1:colcon.colcon_core.environment:create_file_with_runtime_dependencies(/home/yutou/ros2_ws/install/livox_sdk2/share/colcon-core/packages/livox_sdk2)
[0.689s] DEBUG:colcon.colcon_core.event_handler.log_command:Invoking command in '/home/yutou/ros2_ws/src/bags_record': PYTHONPATH=/home/yutou/ros2_ws/build/bags_record/prefix_override:/usr/lib/python3/dist-packages/colcon_core/task/python/colcon_distutils_commands:/home/yutou/ros2_ws/install/bags_record/lib/python3.10/site-packages:${PYTHONPATH} /usr/bin/python3 -W ignore:setup.py install is deprecated -W ignore:easy_install command is deprecated setup.py egg_info --egg-base ../../build/bags_record build --build-base /home/yutou/ros2_ws/build/bags_record/build install --record /home/yutou/ros2_ws/build/bags_record/install.log --single-version-externally-managed install_data
[0.694s] DEBUG:colcon.colcon_core.event_handler.log_command:Invoking command in '/home/yutou/ros2_ws/src/ros2_driver': PYTHONPATH=/home/yutou/ros2_ws/build/ros2_driver/prefix_override:/usr/lib/python3/dist-packages/colcon_core/task/python/colcon_distutils_commands:/home/yutou/ros2_ws/install/ros2_driver/lib/python3.10/site-packages:${PYTHONPATH} /usr/bin/python3 -W ignore:setup.py install is deprecated -W ignore:easy_install command is deprecated setup.py egg_info --egg-base ../../build/ros2_driver build --build-base /home/yutou/ros2_ws/build/ros2_driver/build install --record /home/yutou/ros2_ws/build/ros2_driver/install.log --single-version-externally-managed install_data
[0.854s] Level 1:colcon.colcon_core.environment:checking '/home/yutou/ros2_ws/install/bags_record' for CMake module files
[0.855s] DEBUG:colcon.colcon_core.event_handler.log_command:Invoked command in '/home/yutou/ros2_ws/src/bags_record' returned '0': PYTHONPATH=/home/yutou/ros2_ws/build/bags_record/prefix_override:/usr/lib/python3/dist-packages/colcon_core/task/python/colcon_distutils_commands:/home/yutou/ros2_ws/install/bags_record/lib/python3.10/site-packages:${PYTHONPATH} /usr/bin/python3 -W ignore:setup.py install is deprecated -W ignore:easy_install command is deprecated setup.py egg_info --egg-base ../../build/bags_record build --build-base /home/yutou/ros2_ws/build/bags_record/build install --record /home/yutou/ros2_ws/build/bags_record/install.log --single-version-externally-managed install_data
[0.855s] Level 1:colcon.colcon_core.environment:checking '/home/yutou/ros2_ws/install/bags_record' for CMake config files
[0.856s] Level 1:colcon.colcon_core.environment:checking '/home/yutou/ros2_ws/install/bags_record/lib'
[0.856s] Level 1:colcon.colcon_core.environment:checking '/home/yutou/ros2_ws/install/bags_record/bin'
[0.856s] Level 1:colcon.colcon_core.environment:checking '/home/yutou/ros2_ws/install/bags_record/lib/pkgconfig/bags_record.pc'
[0.856s] Level 1:colcon.colcon_core.environment:checking '/home/yutou/ros2_ws/install/bags_record/lib/python3.10/site-packages'
[0.856s] Level 1:colcon.colcon_core.shell:create_environment_hook('bags_record', 'pythonpath')
[0.856s] INFO:colcon.colcon_core.shell:Creating environment hook '/home/yutou/ros2_ws/install/bags_record/share/bags_record/hook/pythonpath.ps1'
[0.857s] INFO:colcon.colcon_core.shell:Creating environment descriptor '/home/yutou/ros2_ws/install/bags_record/share/bags_record/hook/pythonpath.dsv'
[0.858s] INFO:colcon.colcon_core.shell:Creating environment hook '/home/yutou/ros2_ws/install/bags_record/share/bags_record/hook/pythonpath.sh'
[0.858s] Level 1:colcon.colcon_core.environment:checking '/home/yutou/ros2_ws/install/bags_record/bin'
[0.858s] Level 1:colcon.colcon_core.environment:create_environment_scripts_only(bags_record)
[0.859s] INFO:colcon.colcon_core.shell:Creating package script '/home/yutou/ros2_ws/install/bags_record/share/bags_record/package.ps1'
[0.859s] INFO:colcon.colcon_core.shell:Creating package descriptor '/home/yutou/ros2_ws/install/bags_record/share/bags_record/package.dsv'
[0.860s] INFO:colcon.colcon_core.shell:Creating package script '/home/yutou/ros2_ws/install/bags_record/share/bags_record/package.sh'
[0.860s] INFO:colcon.colcon_core.shell:Creating package script '/home/yutou/ros2_ws/install/bags_record/share/bags_record/package.bash'
[0.860s] INFO:colcon.colcon_core.shell:Creating package script '/home/yutou/ros2_ws/install/bags_record/share/bags_record/package.zsh'
[0.861s] Level 1:colcon.colcon_core.environment:create_file_with_runtime_dependencies(/home/yutou/ros2_ws/install/bags_record/share/colcon-core/packages/bags_record)
[0.862s] Level 1:colcon.colcon_core.environment:checking '/home/yutou/ros2_ws/install/ros2_driver' for CMake module files
[0.862s] DEBUG:colcon.colcon_core.event_handler.log_command:Invoked command in '/home/yutou/ros2_ws/src/ros2_driver' returned '0': PYTHONPATH=/home/yutou/ros2_ws/build/ros2_driver/prefix_override:/usr/lib/python3/dist-packages/colcon_core/task/python/colcon_distutils_commands:/home/yutou/ros2_ws/install/ros2_driver/lib/python3.10/site-packages:${PYTHONPATH} /usr/bin/python3 -W ignore:setup.py install is deprecated -W ignore:easy_install command is deprecated setup.py egg_info --egg-base ../../build/ros2_driver build --build-base /home/yutou/ros2_ws/build/ros2_driver/build install --record /home/yutou/ros2_ws/build/ros2_driver/install.log --single-version-externally-managed install_data
[0.862s] Level 1:colcon.colcon_core.environment:checking '/home/yutou/ros2_ws/install/ros2_driver' for CMake config files
[0.863s] Level 1:colcon.colcon_core.environment:checking '/home/yutou/ros2_ws/install/ros2_driver/lib'
[0.863s] Level 1:colcon.colcon_core.environment:checking '/home/yutou/ros2_ws/install/ros2_driver/bin'
[0.863s] Level 1:colcon.colcon_core.environment:checking '/home/yutou/ros2_ws/install/ros2_driver/lib/pkgconfig/ros2_driver.pc'
[0.863s] Level 1:colcon.colcon_core.environment:checking '/home/yutou/ros2_ws/install/ros2_driver/lib/python3.10/site-packages'
[0.863s] Level 1:colcon.colcon_core.shell:create_environment_hook('ros2_driver', 'pythonpath')
[0.864s] INFO:colcon.colcon_core.shell:Creating environment hook '/home/yutou/ros2_ws/install/ros2_driver/share/ros2_driver/hook/pythonpath.ps1'
[0.864s] INFO:colcon.colcon_core.shell:Creating environment descriptor '/home/yutou/ros2_ws/install/ros2_driver/share/ros2_driver/hook/pythonpath.dsv'
[0.864s] INFO:colcon.colcon_core.shell:Creating environment hook '/home/yutou/ros2_ws/install/ros2_driver/share/ros2_driver/hook/pythonpath.sh'
[0.865s] Level 1:colcon.colcon_core.environment:checking '/home/yutou/ros2_ws/install/ros2_driver/bin'
[0.865s] Level 1:colcon.colcon_core.environment:create_environment_scripts_only(ros2_driver)
[0.865s] INFO:colcon.colcon_core.shell:Creating package script '/home/yutou/ros2_ws/install/ros2_driver/share/ros2_driver/package.ps1'
[0.866s] INFO:colcon.colcon_core.shell:Creating package descriptor '/home/yutou/ros2_ws/install/ros2_driver/share/ros2_driver/package.dsv'
[0.866s] INFO:colcon.colcon_core.shell:Creating package script '/home/yutou/ros2_ws/install/ros2_driver/share/ros2_driver/package.sh'
[0.866s] INFO:colcon.colcon_core.shell:Creating package script '/home/yutou/ros2_ws/install/ros2_driver/share/ros2_driver/package.bash'
[0.867s] INFO:colcon.colcon_core.shell:Creating package script '/home/yutou/ros2_ws/install/ros2_driver/share/ros2_driver/package.zsh'
[0.867s] Level 1:colcon.colcon_core.environment:create_file_with_runtime_dependencies(/home/yutou/ros2_ws/install/ros2_driver/share/colcon-core/packages/ros2_driver)
[2.181s] DEBUG:colcon.colcon_core.event_handler.log_command:Invoked command in '/home/yutou/ros2_ws/build/livox_ros_driver2' returned '1': CMAKE_PREFIX_PATH=/home/yutou/ros2_ws/install/ros2_driver:/home/yutou/ros2_ws/install/bags_record:/opt/ros/humble /usr/bin/cmake /home/yutou/ros2_ws/packages/ws_livox/src/livox_ros_driver2 -DCMAKE_INSTALL_PREFIX=/home/yutou/ros2_ws/install/livox_ros_driver2
[2.194s] Level 1:colcon.colcon_core.environment:create_environment_scripts_only(livox_ros_driver2)
[2.195s] Level 1:colcon.colcon_core.environment:checking '/home/yutou/ros2_ws/install/livox_ros_driver2' for CMake module files
[2.195s] Level 1:colcon.colcon_core.environment:checking '/home/yutou/ros2_ws/install/livox_ros_driver2' for CMake config files
[2.195s] Level 1:colcon.colcon_core.environment:checking '/home/yutou/ros2_ws/install/livox_ros_driver2/bin'
[2.195s] Level 1:colcon.colcon_core.environment:checking '/home/yutou/ros2_ws/install/livox_ros_driver2/lib/pkgconfig/livox_ros_driver2.pc'
[2.195s] Level 1:colcon.colcon_core.environment:checking '/home/yutou/ros2_ws/install/livox_ros_driver2/lib/python3.10/site-packages'
[2.195s] Level 1:colcon.colcon_core.environment:checking '/home/yutou/ros2_ws/install/livox_ros_driver2/bin'
[2.196s] INFO:colcon.colcon_core.shell:Creating package script '/home/yutou/ros2_ws/install/livox_ros_driver2/share/livox_ros_driver2/package.ps1'
[2.196s] INFO:colcon.colcon_core.shell:Creating package descriptor '/home/yutou/ros2_ws/install/livox_ros_driver2/share/livox_ros_driver2/package.dsv'
[2.196s] INFO:colcon.colcon_core.shell:Creating package script '/home/yutou/ros2_ws/install/livox_ros_driver2/share/livox_ros_driver2/package.sh'
[2.196s] INFO:colcon.colcon_core.shell:Creating package script '/home/yutou/ros2_ws/install/livox_ros_driver2/share/livox_ros_driver2/package.bash'
[2.196s] INFO:colcon.colcon_core.shell:Creating package script '/home/yutou/ros2_ws/install/livox_ros_driver2/share/livox_ros_driver2/package.zsh'
[2.197s] Level 1:colcon.colcon_core.environment:create_file_with_runtime_dependencies(/home/yutou/ros2_ws/install/livox_ros_driver2/share/colcon-core/packages/livox_ros_driver2)
[2.207s] DEBUG:colcon.colcon_parallel_executor.executor.parallel:closing loop
[2.207s] DEBUG:colcon.colcon_parallel_executor.executor.parallel:loop closed
[2.207s] DEBUG:colcon.colcon_parallel_executor.executor.parallel:run_until_complete finished with '1'
[2.207s] DEBUG:colcon.colcon_core.event_reactor:joining thread
[2.211s] INFO:colcon.colcon_core.plugin_system:Skipping extension 'colcon_notification.desktop_notification.notify_send': Could not find 'notify-send'
[2.211s] INFO:colcon.colcon_core.plugin_system:Skipping extension 'colcon_notification.desktop_notification.terminal_notifier': Not used on non-Darwin systems
[2.211s] INFO:colcon.colcon_core.plugin_system:Skipping extension 'colcon_notification.desktop_notification.win32': Not used on non-Windows systems
[2.211s] INFO:colcon.colcon_notification.desktop_notification:Sending desktop notification using 'notify2'
[2.213s] DEBUG:colcon.colcon_notification.desktop_notification.notify2:Failed to initialize notify2: org.freedesktop.DBus.Error.Spawn.ExecFailed: /usr/bin/dbus-launch terminated abnormally without any error message
[2.214s] DEBUG:colcon.colcon_core.event_reactor:joined thread
[2.214s] INFO:colcon.colcon_core.shell:Creating prefix script '/home/yutou/ros2_ws/install/local_setup.ps1'
[2.215s] INFO:colcon.colcon_core.shell:Creating prefix util module '/home/yutou/ros2_ws/install/_local_setup_util_ps1.py'
[2.215s] INFO:colcon.colcon_core.shell:Creating prefix chain script '/home/yutou/ros2_ws/install/setup.ps1'
[2.216s] INFO:colcon.colcon_core.shell:Creating prefix script '/home/yutou/ros2_ws/install/local_setup.sh'
[2.217s] INFO:colcon.colcon_core.shell:Creating prefix util module '/home/yutou/ros2_ws/install/_local_setup_util_sh.py'
[2.217s] INFO:colcon.colcon_core.shell:Creating prefix chain script '/home/yutou/ros2_ws/install/setup.sh'
[2.218s] INFO:colcon.colcon_core.shell:Creating prefix script '/home/yutou/ros2_ws/install/local_setup.bash'
[2.218s] INFO:colcon.colcon_core.shell:Creating prefix chain script '/home/yutou/ros2_ws/install/setup.bash'
[2.219s] INFO:colcon.colcon_core.shell:Creating prefix script '/home/yutou/ros2_ws/install/local_setup.zsh'
[2.219s] INFO:colcon.colcon_core.shell:Creating prefix chain script '/home/yutou/ros2_ws/install/setup.zsh'
