[0.068s] DEBUG:colcon:Command line arguments: ['/usr/bin/colcon', 'build', '--packages-select', 'ros2_driver']
[0.068s] DEBUG:colcon:Parsed command line arguments: Namespace(log_base=None, log_level=None, verb_name='build', build_base='build', install_base='install', merge_install=False, symlink_install=False, test_result_base=None, continue_on_error=False, executor='parallel', parallel_workers=20, event_handlers=None, ignore_user_meta=False, metas=['./colcon.meta'], base_paths=['.'], packages_ignore=None, packages_ignore_regex=None, paths=None, packages_up_to=None, packages_up_to_regex=None, packages_above=None, packages_above_and_dependencies=None, packages_above_depth=None, packages_select_by_dep=None, packages_skip_by_dep=None, packages_skip_up_to=None, packages_select_build_failed=False, packages_skip_build_finished=False, packages_select_test_failures=False, packages_skip_test_passed=False, packages_select=['ros2_driver'], packages_skip=None, packages_select_regex=None, packages_skip_regex=None, packages_start=None, packages_end=None, cmake_args=None, cmake_target=None, cmake_target_skip_unavailable=False, cmake_clean_cache=False, cmake_clean_first=False, cmake_force_configure=False, ament_cmake_args=None, catkin_cmake_args=None, catkin_skip_building_tests=False, mixin_files=None, mixin=None, verb_parser=<colcon_mixin.mixin.mixin_argument.MixinArgumentDecorator object at 0x7c42732782e0>, verb_extension=<colcon_core.verb.build.BuildVerb object at 0x7c42733852d0>, main=<bound method BuildVerb.main of <colcon_core.verb.build.BuildVerb object at 0x7c42733852d0>>, mixin_verb=('build',))
[0.153s] Level 1:colcon.colcon_core.package_discovery:discover_packages(colcon_meta) check parameters
[0.153s] Level 1:colcon.colcon_core.package_discovery:discover_packages(recursive) check parameters
[0.153s] Level 1:colcon.colcon_core.package_discovery:discover_packages(ignore) check parameters
[0.153s] Level 1:colcon.colcon_core.package_discovery:discover_packages(path) check parameters
[0.153s] Level 1:colcon.colcon_core.package_discovery:discover_packages(colcon_meta) discover
[0.153s] Level 1:colcon.colcon_core.package_discovery:discover_packages(recursive) discover
[0.153s] INFO:colcon.colcon_core.package_discovery:Crawling recursively for packages in '/home/yutou/ros2_ws'
[0.153s] Level 1:colcon.colcon_core.package_identification:_identify(.) by extensions ['ignore', 'ignore_ament_install']
[0.153s] Level 1:colcon.colcon_core.package_identification:_identify(.) by extension 'ignore'
[0.153s] Level 1:colcon.colcon_core.package_identification:_identify(.) by extension 'ignore_ament_install'
[0.153s] Level 1:colcon.colcon_core.package_identification:_identify(.) by extensions ['colcon_pkg']
[0.153s] Level 1:colcon.colcon_core.package_identification:_identify(.) by extension 'colcon_pkg'
[0.153s] Level 1:colcon.colcon_core.package_identification:_identify(.) by extensions ['colcon_meta']
[0.154s] Level 1:colcon.colcon_core.package_identification:_identify(.) by extension 'colcon_meta'
[0.154s] Level 1:colcon.colcon_core.package_identification:_identify(.) by extensions ['ros']
[0.154s] Level 1:colcon.colcon_core.package_identification:_identify(.) by extension 'ros'
[0.162s] Level 1:colcon.colcon_core.package_identification:_identify(.) by extensions ['cmake', 'python']
[0.162s] Level 1:colcon.colcon_core.package_identification:_identify(.) by extension 'cmake'
[0.162s] Level 1:colcon.colcon_core.package_identification:_identify(.) by extension 'python'
[0.162s] Level 1:colcon.colcon_core.package_identification:_identify(.) by extensions ['python_setup_py']
[0.162s] Level 1:colcon.colcon_core.package_identification:_identify(.) by extension 'python_setup_py'
[0.162s] Level 1:colcon.colcon_core.package_identification:_identify(build) by extensions ['ignore', 'ignore_ament_install']
[0.162s] Level 1:colcon.colcon_core.package_identification:_identify(build) by extension 'ignore'
[0.162s] Level 1:colcon.colcon_core.package_identification:_identify(build) ignored
[0.162s] Level 1:colcon.colcon_core.package_identification:_identify(install) by extensions ['ignore', 'ignore_ament_install']
[0.162s] Level 1:colcon.colcon_core.package_identification:_identify(install) by extension 'ignore'
[0.162s] Level 1:colcon.colcon_core.package_identification:_identify(install) ignored
[0.162s] Level 1:colcon.colcon_core.package_identification:_identify(log) by extensions ['ignore', 'ignore_ament_install']
[0.162s] Level 1:colcon.colcon_core.package_identification:_identify(log) by extension 'ignore'
[0.162s] Level 1:colcon.colcon_core.package_identification:_identify(log) ignored
[0.162s] Level 1:colcon.colcon_core.package_identification:_identify(src) by extensions ['ignore', 'ignore_ament_install']
[0.162s] Level 1:colcon.colcon_core.package_identification:_identify(src) by extension 'ignore'
[0.162s] Level 1:colcon.colcon_core.package_identification:_identify(src) by extension 'ignore_ament_install'
[0.162s] Level 1:colcon.colcon_core.package_identification:_identify(src) by extensions ['colcon_pkg']
[0.162s] Level 1:colcon.colcon_core.package_identification:_identify(src) by extension 'colcon_pkg'
[0.162s] Level 1:colcon.colcon_core.package_identification:_identify(src) by extensions ['colcon_meta']
[0.162s] Level 1:colcon.colcon_core.package_identification:_identify(src) by extension 'colcon_meta'
[0.162s] Level 1:colcon.colcon_core.package_identification:_identify(src) by extensions ['ros']
[0.162s] Level 1:colcon.colcon_core.package_identification:_identify(src) by extension 'ros'
[0.162s] Level 1:colcon.colcon_core.package_identification:_identify(src) by extensions ['cmake', 'python']
[0.162s] Level 1:colcon.colcon_core.package_identification:_identify(src) by extension 'cmake'
[0.163s] Level 1:colcon.colcon_core.package_identification:_identify(src) by extension 'python'
[0.163s] Level 1:colcon.colcon_core.package_identification:_identify(src) by extensions ['python_setup_py']
[0.163s] Level 1:colcon.colcon_core.package_identification:_identify(src) by extension 'python_setup_py'
[0.163s] Level 1:colcon.colcon_core.package_identification:_identify(src/Livox-SDK2) by extensions ['ignore', 'ignore_ament_install']
[0.163s] Level 1:colcon.colcon_core.package_identification:_identify(src/Livox-SDK2) by extension 'ignore'
[0.163s] Level 1:colcon.colcon_core.package_identification:_identify(src/Livox-SDK2) by extension 'ignore_ament_install'
[0.163s] Level 1:colcon.colcon_core.package_identification:_identify(src/Livox-SDK2) by extensions ['colcon_pkg']
[0.163s] Level 1:colcon.colcon_core.package_identification:_identify(src/Livox-SDK2) by extension 'colcon_pkg'
[0.163s] Level 1:colcon.colcon_core.package_identification:_identify(src/Livox-SDK2) by extensions ['colcon_meta']
[0.163s] Level 1:colcon.colcon_core.package_identification:_identify(src/Livox-SDK2) by extension 'colcon_meta'
[0.163s] Level 1:colcon.colcon_core.package_identification:_identify(src/Livox-SDK2) by extensions ['ros']
[0.163s] Level 1:colcon.colcon_core.package_identification:_identify(src/Livox-SDK2) by extension 'ros'
[0.163s] Level 1:colcon.colcon_core.package_identification:_identify(src/Livox-SDK2) by extensions ['cmake', 'python']
[0.163s] Level 1:colcon.colcon_core.package_identification:_identify(src/Livox-SDK2) by extension 'cmake'
[0.169s] Level 1:colcon.colcon_core.package_identification:_identify(src/Livox-SDK2) by extension 'python'
[0.169s] DEBUG:colcon.colcon_core.package_identification:Package 'src/Livox-SDK2' with type 'cmake' and name 'livox_sdk2'
[0.169s] Level 1:colcon.colcon_core.package_identification:_identify(src/ros2_driver) by extensions ['ignore', 'ignore_ament_install']
[0.169s] Level 1:colcon.colcon_core.package_identification:_identify(src/ros2_driver) by extension 'ignore'
[0.169s] Level 1:colcon.colcon_core.package_identification:_identify(src/ros2_driver) by extension 'ignore_ament_install'
[0.169s] Level 1:colcon.colcon_core.package_identification:_identify(src/ros2_driver) by extensions ['colcon_pkg']
[0.169s] Level 1:colcon.colcon_core.package_identification:_identify(src/ros2_driver) by extension 'colcon_pkg'
[0.169s] Level 1:colcon.colcon_core.package_identification:_identify(src/ros2_driver) by extensions ['colcon_meta']
[0.169s] Level 1:colcon.colcon_core.package_identification:_identify(src/ros2_driver) by extension 'colcon_meta'
[0.169s] Level 1:colcon.colcon_core.package_identification:_identify(src/ros2_driver) by extensions ['ros']
[0.169s] Level 1:colcon.colcon_core.package_identification:_identify(src/ros2_driver) by extension 'ros'
[0.171s] DEBUG:colcon.colcon_core.package_identification:Package 'src/ros2_driver' with type 'ros.ament_python' and name 'ros2_driver'
[0.171s] Level 1:colcon.colcon_core.package_identification:_identify(src/ws_livox) by extensions ['ignore', 'ignore_ament_install']
[0.171s] Level 1:colcon.colcon_core.package_identification:_identify(src/ws_livox) by extension 'ignore'
[0.171s] Level 1:colcon.colcon_core.package_identification:_identify(src/ws_livox) by extension 'ignore_ament_install'
[0.171s] Level 1:colcon.colcon_core.package_identification:_identify(src/ws_livox) by extensions ['colcon_pkg']
[0.171s] Level 1:colcon.colcon_core.package_identification:_identify(src/ws_livox) by extension 'colcon_pkg'
[0.171s] Level 1:colcon.colcon_core.package_identification:_identify(src/ws_livox) by extensions ['colcon_meta']
[0.171s] Level 1:colcon.colcon_core.package_identification:_identify(src/ws_livox) by extension 'colcon_meta'
[0.171s] Level 1:colcon.colcon_core.package_identification:_identify(src/ws_livox) by extensions ['ros']
[0.171s] Level 1:colcon.colcon_core.package_identification:_identify(src/ws_livox) by extension 'ros'
[0.171s] Level 1:colcon.colcon_core.package_identification:_identify(src/ws_livox) by extensions ['cmake', 'python']
[0.171s] Level 1:colcon.colcon_core.package_identification:_identify(src/ws_livox) by extension 'cmake'
[0.171s] Level 1:colcon.colcon_core.package_identification:_identify(src/ws_livox) by extension 'python'
[0.171s] Level 1:colcon.colcon_core.package_identification:_identify(src/ws_livox) by extensions ['python_setup_py']
[0.171s] Level 1:colcon.colcon_core.package_identification:_identify(src/ws_livox) by extension 'python_setup_py'
[0.171s] Level 1:colcon.colcon_core.package_identification:_identify(src/ws_livox/build) by extensions ['ignore', 'ignore_ament_install']
[0.171s] Level 1:colcon.colcon_core.package_identification:_identify(src/ws_livox/build) by extension 'ignore'
[0.171s] Level 1:colcon.colcon_core.package_identification:_identify(src/ws_livox/build) ignored
[0.171s] Level 1:colcon.colcon_core.package_identification:_identify(src/ws_livox/install) by extensions ['ignore', 'ignore_ament_install']
[0.171s] Level 1:colcon.colcon_core.package_identification:_identify(src/ws_livox/install) by extension 'ignore'
[0.172s] Level 1:colcon.colcon_core.package_identification:_identify(src/ws_livox/install) ignored
[0.172s] Level 1:colcon.colcon_core.package_identification:_identify(src/ws_livox/log) by extensions ['ignore', 'ignore_ament_install']
[0.172s] Level 1:colcon.colcon_core.package_identification:_identify(src/ws_livox/log) by extension 'ignore'
[0.172s] Level 1:colcon.colcon_core.package_identification:_identify(src/ws_livox/log) ignored
[0.172s] Level 1:colcon.colcon_core.package_identification:_identify(src/ws_livox/src) by extensions ['ignore', 'ignore_ament_install']
[0.172s] Level 1:colcon.colcon_core.package_identification:_identify(src/ws_livox/src) by extension 'ignore'
[0.172s] Level 1:colcon.colcon_core.package_identification:_identify(src/ws_livox/src) by extension 'ignore_ament_install'
[0.172s] Level 1:colcon.colcon_core.package_identification:_identify(src/ws_livox/src) by extensions ['colcon_pkg']
[0.172s] Level 1:colcon.colcon_core.package_identification:_identify(src/ws_livox/src) by extension 'colcon_pkg'
[0.172s] Level 1:colcon.colcon_core.package_identification:_identify(src/ws_livox/src) by extensions ['colcon_meta']
[0.172s] Level 1:colcon.colcon_core.package_identification:_identify(src/ws_livox/src) by extension 'colcon_meta'
[0.172s] Level 1:colcon.colcon_core.package_identification:_identify(src/ws_livox/src) by extensions ['ros']
[0.172s] Level 1:colcon.colcon_core.package_identification:_identify(src/ws_livox/src) by extension 'ros'
[0.172s] Level 1:colcon.colcon_core.package_identification:_identify(src/ws_livox/src) by extensions ['cmake', 'python']
[0.172s] Level 1:colcon.colcon_core.package_identification:_identify(src/ws_livox/src) by extension 'cmake'
[0.172s] Level 1:colcon.colcon_core.package_identification:_identify(src/ws_livox/src) by extension 'python'
[0.172s] Level 1:colcon.colcon_core.package_identification:_identify(src/ws_livox/src) by extensions ['python_setup_py']
[0.172s] Level 1:colcon.colcon_core.package_identification:_identify(src/ws_livox/src) by extension 'python_setup_py'
[0.172s] Level 1:colcon.colcon_core.package_identification:_identify(src/ws_livox/src/livox_ros_driver2) by extensions ['ignore', 'ignore_ament_install']
[0.172s] Level 1:colcon.colcon_core.package_identification:_identify(src/ws_livox/src/livox_ros_driver2) by extension 'ignore'
[0.172s] Level 1:colcon.colcon_core.package_identification:_identify(src/ws_livox/src/livox_ros_driver2) by extension 'ignore_ament_install'
[0.172s] Level 1:colcon.colcon_core.package_identification:_identify(src/ws_livox/src/livox_ros_driver2) by extensions ['colcon_pkg']
[0.172s] Level 1:colcon.colcon_core.package_identification:_identify(src/ws_livox/src/livox_ros_driver2) by extension 'colcon_pkg'
[0.172s] Level 1:colcon.colcon_core.package_identification:_identify(src/ws_livox/src/livox_ros_driver2) by extensions ['colcon_meta']
[0.172s] Level 1:colcon.colcon_core.package_identification:_identify(src/ws_livox/src/livox_ros_driver2) by extension 'colcon_meta'
[0.172s] Level 1:colcon.colcon_core.package_identification:_identify(src/ws_livox/src/livox_ros_driver2) by extensions ['ros']
[0.172s] Level 1:colcon.colcon_core.package_identification:_identify(src/ws_livox/src/livox_ros_driver2) by extension 'ros'
[0.173s] DEBUG:colcon.colcon_core.package_identification:Package 'src/ws_livox/src/livox_ros_driver2' with type 'ros.ament_cmake' and name 'livox_ros_driver2'
[0.173s] Level 1:colcon.colcon_core.package_discovery:discover_packages(recursive) using defaults
[0.173s] Level 1:colcon.colcon_core.package_discovery:discover_packages(ignore) discover
[0.173s] Level 1:colcon.colcon_core.package_discovery:discover_packages(ignore) using defaults
[0.173s] Level 1:colcon.colcon_core.package_discovery:discover_packages(path) discover
[0.173s] Level 1:colcon.colcon_core.package_discovery:discover_packages(path) using defaults
[0.186s] INFO:colcon.colcon_core.package_selection:Skipping not selected package 'livox_ros_driver2' in 'src/ws_livox/src/livox_ros_driver2'
[0.186s] INFO:colcon.colcon_core.package_selection:Skipping not selected package 'livox_sdk2' in 'src/Livox-SDK2'
[0.187s] Level 5:colcon.colcon_core.verb:set package 'ros2_driver' build argument 'cmake_args' from command line to 'None'
[0.187s] Level 5:colcon.colcon_core.verb:set package 'ros2_driver' build argument 'cmake_target' from command line to 'None'
[0.187s] Level 5:colcon.colcon_core.verb:set package 'ros2_driver' build argument 'cmake_target_skip_unavailable' from command line to 'False'
[0.187s] Level 5:colcon.colcon_core.verb:set package 'ros2_driver' build argument 'cmake_clean_cache' from command line to 'False'
[0.187s] Level 5:colcon.colcon_core.verb:set package 'ros2_driver' build argument 'cmake_clean_first' from command line to 'False'
[0.187s] Level 5:colcon.colcon_core.verb:set package 'ros2_driver' build argument 'cmake_force_configure' from command line to 'False'
[0.187s] Level 5:colcon.colcon_core.verb:set package 'ros2_driver' build argument 'ament_cmake_args' from command line to 'None'
[0.187s] Level 5:colcon.colcon_core.verb:set package 'ros2_driver' build argument 'catkin_cmake_args' from command line to 'None'
[0.187s] Level 5:colcon.colcon_core.verb:set package 'ros2_driver' build argument 'catkin_skip_building_tests' from command line to 'False'
[0.187s] DEBUG:colcon.colcon_core.verb:Building package 'ros2_driver' with the following arguments: {'ament_cmake_args': None, 'build_base': '/home/yutou/ros2_ws/build/ros2_driver', 'catkin_cmake_args': None, 'catkin_skip_building_tests': False, 'cmake_args': None, 'cmake_clean_cache': False, 'cmake_clean_first': False, 'cmake_force_configure': False, 'cmake_target': None, 'cmake_target_skip_unavailable': False, 'install_base': '/home/yutou/ros2_ws/install/ros2_driver', 'merge_install': False, 'path': '/home/yutou/ros2_ws/src/ros2_driver', 'symlink_install': False, 'test_result_base': None}
[0.187s] INFO:colcon.colcon_core.executor:Executing jobs using 'parallel' executor
[0.188s] DEBUG:colcon.colcon_parallel_executor.executor.parallel:run_until_complete
[0.188s] INFO:colcon.colcon_ros.task.ament_python.build:Building ROS package in '/home/yutou/ros2_ws/src/ros2_driver' with build type 'ament_python'
[0.188s] Level 1:colcon.colcon_core.shell:create_environment_hook('ros2_driver', 'ament_prefix_path')
[0.189s] INFO:colcon.colcon_core.plugin_system:Skipping extension 'colcon_core.shell.bat': Not used on non-Windows systems
[0.190s] INFO:colcon.colcon_core.shell:Creating environment hook '/home/yutou/ros2_ws/install/ros2_driver/share/ros2_driver/hook/ament_prefix_path.ps1'
[0.190s] INFO:colcon.colcon_core.shell:Creating environment descriptor '/home/yutou/ros2_ws/install/ros2_driver/share/ros2_driver/hook/ament_prefix_path.dsv'
[0.190s] INFO:colcon.colcon_core.shell:Creating environment hook '/home/yutou/ros2_ws/install/ros2_driver/share/ros2_driver/hook/ament_prefix_path.sh'
[0.191s] INFO:colcon.colcon_core.shell:Skip shell extension 'powershell' for command environment: Not usable outside of PowerShell
[0.191s] DEBUG:colcon.colcon_core.shell:Skip shell extension 'dsv' for command environment
[0.346s] INFO:colcon.colcon_core.task.python.build:Building Python package in '/home/yutou/ros2_ws/src/ros2_driver'
[0.346s] INFO:colcon.colcon_core.shell:Skip shell extension 'powershell' for command environment: Not usable outside of PowerShell
[0.346s] DEBUG:colcon.colcon_core.shell:Skip shell extension 'dsv' for command environment
[0.535s] DEBUG:colcon.colcon_core.event_handler.log_command:Invoking command in '/home/yutou/ros2_ws/src/ros2_driver': PYTHONPATH=/home/yutou/ros2_ws/build/ros2_driver/prefix_override:/usr/lib/python3/dist-packages/colcon_core/task/python/colcon_distutils_commands:/home/yutou/ros2_ws/install/ros2_driver/lib/python3.10/site-packages:${PYTHONPATH} /usr/bin/python3 -W ignore:setup.py install is deprecated -W ignore:easy_install command is deprecated setup.py egg_info --egg-base ../../build/ros2_driver build --build-base /home/yutou/ros2_ws/build/ros2_driver/build install --record /home/yutou/ros2_ws/build/ros2_driver/install.log --single-version-externally-managed install_data
[0.706s] DEBUG:colcon.colcon_core.event_handler.log_command:Invoked command in '/home/yutou/ros2_ws/src/ros2_driver' returned '0': PYTHONPATH=/home/yutou/ros2_ws/build/ros2_driver/prefix_override:/usr/lib/python3/dist-packages/colcon_core/task/python/colcon_distutils_commands:/home/yutou/ros2_ws/install/ros2_driver/lib/python3.10/site-packages:${PYTHONPATH} /usr/bin/python3 -W ignore:setup.py install is deprecated -W ignore:easy_install command is deprecated setup.py egg_info --egg-base ../../build/ros2_driver build --build-base /home/yutou/ros2_ws/build/ros2_driver/build install --record /home/yutou/ros2_ws/build/ros2_driver/install.log --single-version-externally-managed install_data
[0.708s] Level 1:colcon.colcon_core.environment:checking '/home/yutou/ros2_ws/install/ros2_driver' for CMake module files
[0.708s] Level 1:colcon.colcon_core.environment:checking '/home/yutou/ros2_ws/install/ros2_driver' for CMake config files
[0.708s] Level 1:colcon.colcon_core.environment:checking '/home/yutou/ros2_ws/install/ros2_driver/lib'
[0.709s] Level 1:colcon.colcon_core.environment:checking '/home/yutou/ros2_ws/install/ros2_driver/bin'
[0.709s] Level 1:colcon.colcon_core.environment:checking '/home/yutou/ros2_ws/install/ros2_driver/lib/pkgconfig/ros2_driver.pc'
[0.709s] Level 1:colcon.colcon_core.environment:checking '/home/yutou/ros2_ws/install/ros2_driver/lib/python3.10/site-packages'
[0.709s] Level 1:colcon.colcon_core.shell:create_environment_hook('ros2_driver', 'pythonpath')
[0.709s] INFO:colcon.colcon_core.shell:Creating environment hook '/home/yutou/ros2_ws/install/ros2_driver/share/ros2_driver/hook/pythonpath.ps1'
[0.709s] INFO:colcon.colcon_core.shell:Creating environment descriptor '/home/yutou/ros2_ws/install/ros2_driver/share/ros2_driver/hook/pythonpath.dsv'
[0.710s] INFO:colcon.colcon_core.shell:Creating environment hook '/home/yutou/ros2_ws/install/ros2_driver/share/ros2_driver/hook/pythonpath.sh'
[0.710s] Level 1:colcon.colcon_core.environment:checking '/home/yutou/ros2_ws/install/ros2_driver/bin'
[0.710s] Level 1:colcon.colcon_core.environment:create_environment_scripts_only(ros2_driver)
[0.710s] INFO:colcon.colcon_core.shell:Creating package script '/home/yutou/ros2_ws/install/ros2_driver/share/ros2_driver/package.ps1'
[0.712s] INFO:colcon.colcon_core.shell:Creating package descriptor '/home/yutou/ros2_ws/install/ros2_driver/share/ros2_driver/package.dsv'
[0.713s] INFO:colcon.colcon_core.shell:Creating package script '/home/yutou/ros2_ws/install/ros2_driver/share/ros2_driver/package.sh'
[0.713s] INFO:colcon.colcon_core.shell:Creating package script '/home/yutou/ros2_ws/install/ros2_driver/share/ros2_driver/package.bash'
[0.714s] INFO:colcon.colcon_core.shell:Creating package script '/home/yutou/ros2_ws/install/ros2_driver/share/ros2_driver/package.zsh'
[0.714s] Level 1:colcon.colcon_core.environment:create_file_with_runtime_dependencies(/home/yutou/ros2_ws/install/ros2_driver/share/colcon-core/packages/ros2_driver)
[0.714s] DEBUG:colcon.colcon_parallel_executor.executor.parallel:closing loop
[0.715s] DEBUG:colcon.colcon_parallel_executor.executor.parallel:loop closed
[0.715s] DEBUG:colcon.colcon_parallel_executor.executor.parallel:run_until_complete finished with '0'
[0.715s] DEBUG:colcon.colcon_core.event_reactor:joining thread
[0.738s] INFO:colcon.colcon_core.plugin_system:Skipping extension 'colcon_notification.desktop_notification.notify_send': Could not find 'notify-send'
[0.738s] INFO:colcon.colcon_core.plugin_system:Skipping extension 'colcon_notification.desktop_notification.terminal_notifier': Not used on non-Darwin systems
[0.738s] INFO:colcon.colcon_core.plugin_system:Skipping extension 'colcon_notification.desktop_notification.win32': Not used on non-Windows systems
[0.738s] INFO:colcon.colcon_notification.desktop_notification:Sending desktop notification using 'notify2'
[0.740s] DEBUG:colcon.colcon_notification.desktop_notification.notify2:Failed to initialize notify2: org.freedesktop.DBus.Error.Spawn.ExecFailed: /usr/bin/dbus-launch terminated abnormally without any error message
[0.741s] DEBUG:colcon.colcon_core.event_reactor:joined thread
[0.741s] INFO:colcon.colcon_core.shell:Creating prefix script '/home/yutou/ros2_ws/install/local_setup.ps1'
[0.743s] INFO:colcon.colcon_core.shell:Creating prefix util module '/home/yutou/ros2_ws/install/_local_setup_util_ps1.py'
[0.744s] INFO:colcon.colcon_core.shell:Creating prefix chain script '/home/yutou/ros2_ws/install/setup.ps1'
[0.746s] INFO:colcon.colcon_core.shell:Creating prefix script '/home/yutou/ros2_ws/install/local_setup.sh'
[0.747s] INFO:colcon.colcon_core.shell:Creating prefix util module '/home/yutou/ros2_ws/install/_local_setup_util_sh.py'
[0.747s] INFO:colcon.colcon_core.shell:Creating prefix chain script '/home/yutou/ros2_ws/install/setup.sh'
[0.748s] INFO:colcon.colcon_core.shell:Creating prefix script '/home/yutou/ros2_ws/install/local_setup.bash'
[0.749s] INFO:colcon.colcon_core.shell:Creating prefix chain script '/home/yutou/ros2_ws/install/setup.bash'
[0.750s] INFO:colcon.colcon_core.shell:Creating prefix script '/home/yutou/ros2_ws/install/local_setup.zsh'
[0.750s] INFO:colcon.colcon_core.shell:Creating prefix chain script '/home/yutou/ros2_ws/install/setup.zsh'
