running egg_info
writing ../../build/ros2_driver/ros2_driver.egg-info/PKG-INFO
writing dependency_links to ../../build/ros2_driver/ros2_driver.egg-info/dependency_links.txt
writing entry points to ../../build/ros2_driver/ros2_driver.egg-info/entry_points.txt
writing requirements to ../../build/ros2_driver/ros2_driver.egg-info/requires.txt
writing top-level names to ../../build/ros2_driver/ros2_driver.egg-info/top_level.txt
reading manifest file '../../build/ros2_driver/ros2_driver.egg-info/SOURCES.txt'
writing manifest file '../../build/ros2_driver/ros2_driver.egg-info/SOURCES.txt'
running build
running build_py
copying ros2_driver/imu_node.py -> /home/yutou/ros2_ws/build/ros2_driver/build/lib/ros2_driver
running install
running install_lib
copying /home/yutou/ros2_ws/build/ros2_driver/build/lib/ros2_driver/imu_node.py -> /home/yutou/ros2_ws/install/ros2_driver/lib/python3.10/site-packages/ros2_driver
byte-compiling /home/yutou/ros2_ws/install/ros2_driver/lib/python3.10/site-packages/ros2_driver/imu_node.py to imu_node.cpython-310.pyc
running install_data
running install_egg_info
removing '/home/yutou/ros2_ws/install/ros2_driver/lib/python3.10/site-packages/ros2_driver-0.0.0-py3.10.egg-info' (and everything under it)
Copying ../../build/ros2_driver/ros2_driver.egg-info to /home/yutou/ros2_ws/install/ros2_driver/lib/python3.10/site-packages/ros2_driver-0.0.0-py3.10.egg-info
running install_scripts
Installing imu_node script to /home/yutou/ros2_ws/install/ros2_driver/lib/ros2_driver
writing list of installed files to '/home/yutou/ros2_ws/build/ros2_driver/install.log'
