[0.008s] Invoking command in '/home/yutou/ros2_ws/packages/ws_livox/build/livox_ros_driver2': CMAKE_PREFIX_PATH=/home/yutou/ros2_ws/install/ros2_driver:/opt/ros/humble /usr/bin/cmake /home/yutou/ros2_ws/packages/ws_livox/src/livox_ros_driver2 -DROS_EDITION=ROS2 -DHUMBLE_ROS=humble -DCMAKE_INSTALL_PREFIX=/home/yutou/ros2_ws/packages/ws_livox/install/livox_ros_driver2
[0.058s] -- The C compiler identification is GNU 11.4.0
[0.100s] -- The CXX compiler identification is GNU 11.4.0
[0.108s] -- Detecting C compiler ABI info
[0.169s] -- Detecting C compiler ABI info - done
[0.175s] -- Check for working C compiler: /usr/bin/cc - skipped
[0.175s] -- Detecting C compile features
[0.175s] -- Detecting C compile features - done
[0.178s] -- Detecting CXX compiler ABI info
[0.272s] -- Detecting CXX compiler ABI info - done
[0.277s] -- Check for working CXX compiler: /usr/bin/c++ - skipped
[0.278s] -- Detecting CXX compile features
[0.278s] -- Detecting CXX compile features - done
[0.278s] -- livox_ros_driver2 version: 1.2.4
[0.280s] -- Found ament_cmake_auto: 1.3.12 (/opt/ros/humble/share/ament_cmake_auto/cmake)
[0.403s] -- Found Python3: /usr/bin/python3 (found version "3.10.12") found components: Interpreter 
[0.541s] -- Using all available rosidl_typesupport_c: rosidl_typesupport_fastrtps_c;rosidl_typesupport_introspection_c
[0.549s] -- Found rosidl_adapter: 3.1.7 (/opt/ros/humble/share/rosidl_adapter/cmake)
[0.581s] -- Using all available rosidl_typesupport_cpp: rosidl_typesupport_fastrtps_cpp;rosidl_typesupport_introspection_cpp
[0.645s] -- Found rmw_implementation_cmake: 6.1.2 (/opt/ros/humble/share/rmw_implementation_cmake/cmake)
[0.647s] -- Found rmw_fastrtps_cpp: 6.2.8 (/opt/ros/humble/share/rmw_fastrtps_cpp/cmake)
[0.724s] -- Found OpenSSL: /usr/lib/x86_64-linux-gnu/libcrypto.so (found version "3.0.2")  
[0.755s] -- Found FastRTPS: /opt/ros/humble/include  
[0.809s] -- Using RMW implementation 'rmw_fastrtps_cpp' as default
[0.817s] -- Looking for pthread.h
[0.883s] -- Looking for pthread.h - found
[0.883s] -- Performing Test CMAKE_HAVE_LIBC_PTHREAD
[0.956s] -- Performing Test CMAKE_HAVE_LIBC_PTHREAD - Success
[0.957s] -- Found Threads: TRUE  
[1.072s] -- Checking for module 'eigen3'
[1.084s] --   Found eigen3, version 3.4.0
[1.129s] -- Found Eigen: /usr/include/eigen3 (Required is at least version "3.1") 
[1.129s] -- Eigen found (include: /usr/include/eigen3, version: 3.4.0)
[1.171s] -- Checking for module 'flann'
[1.181s] --   Found flann, version 1.9.1
[1.233s] -- Found FLANN: /usr/lib/x86_64-linux-gnu/libflann_cpp.so  
[1.233s] -- FLANN found (include: /usr/include, lib: /usr/lib/x86_64-linux-gnu/libflann_cpp.so)
[2.116s] -- Checking for module 'libusb-1.0'
[2.128s] --   Found libusb-1.0, version 1.0.25
[2.159s] -- Found libusb: /usr/lib/x86_64-linux-gnu/libusb-1.0.so  
[2.159s] -- OpenNI found (version: 1.5.4.0, include: /usr/include/ni, lib: /usr/lib/libOpenNI.so;libusb::libusb)
[2.222s] -- OpenNI2 found (version: 2.2.0.33, include: /usr/include/openni2, lib: /usr/lib/x86_64-linux-gnu/libOpenNI2.so;libusb::libusb)
[2.348s] -- Eigen found (include: /usr/include/eigen3, version: 3.4.0)
[2.354s] -- OpenNI found (version: 1.5.4.0, include: /usr/include/ni, lib: /usr/lib/libOpenNI.so;libusb::libusb)
[2.359s] -- OpenNI2 found (version: 2.2.0.33, include: /usr/include/openni2, lib: /usr/lib/x86_64-linux-gnu/libOpenNI2.so;libusb::libusb)
[2.465s] -- Found Qhull version 8.0.2
[2.570s] -- OpenNI found (version: 1.5.4.0, include: /usr/include/ni, lib: /usr/lib/libOpenNI.so;libusb::libusb)
[2.670s] -- Found PCL_COMMON: /usr/lib/x86_64-linux-gnu/libpcl_common.so  
[2.671s] -- Found PCL_KDTREE: /usr/lib/x86_64-linux-gnu/libpcl_kdtree.so  
[2.672s] -- Found PCL_OCTREE: /usr/lib/x86_64-linux-gnu/libpcl_octree.so  
[2.672s] -- Found PCL_SEARCH: /usr/lib/x86_64-linux-gnu/libpcl_search.so  
[2.673s] -- Found PCL_SAMPLE_CONSENSUS: /usr/lib/x86_64-linux-gnu/libpcl_sample_consensus.so  
[2.673s] -- Found PCL_FILTERS: /usr/lib/x86_64-linux-gnu/libpcl_filters.so  
[2.673s] -- Found PCL_2D: /usr/include/pcl-1.12  
[2.674s] -- Found PCL_GEOMETRY: /usr/include/pcl-1.12  
[2.674s] -- Found PCL_IO: /usr/lib/x86_64-linux-gnu/libpcl_io.so  
[2.675s] -- Found PCL_FEATURES: /usr/lib/x86_64-linux-gnu/libpcl_features.so  
[2.675s] -- Found PCL_ML: /usr/lib/x86_64-linux-gnu/libpcl_ml.so  
[2.676s] -- Found PCL_SEGMENTATION: /usr/lib/x86_64-linux-gnu/libpcl_segmentation.so  
[2.677s] -- Found PCL_VISUALIZATION: /usr/lib/x86_64-linux-gnu/libpcl_visualization.so  
[2.677s] -- Found PCL_SURFACE: /usr/lib/x86_64-linux-gnu/libpcl_surface.so  
[2.678s] -- Found PCL_REGISTRATION: /usr/lib/x86_64-linux-gnu/libpcl_registration.so  
[2.679s] -- Found PCL_KEYPOINTS: /usr/lib/x86_64-linux-gnu/libpcl_keypoints.so  
[2.679s] -- Found PCL_TRACKING: /usr/lib/x86_64-linux-gnu/libpcl_tracking.so  
[2.680s] -- Found PCL_RECOGNITION: /usr/lib/x86_64-linux-gnu/libpcl_recognition.so  
[2.680s] -- Found PCL_STEREO: /usr/lib/x86_64-linux-gnu/libpcl_stereo.so  
[2.681s] -- Found PCL_APPS: /usr/lib/x86_64-linux-gnu/libpcl_apps.so  
[2.682s] -- Found PCL_IN_HAND_SCANNER: /usr/include/pcl-1.12  
[2.682s] -- Found PCL_MODELER: /usr/include/pcl-1.12  
[2.682s] -- Found PCL_POINT_CLOUD_EDITOR: /usr/include/pcl-1.12  
[2.683s] -- Found PCL_OUTOFCORE: /usr/lib/x86_64-linux-gnu/libpcl_outofcore.so  
[2.683s] -- Found PCL_PEOPLE: /usr/lib/x86_64-linux-gnu/libpcl_people.so  
[2.729s] -- Found PkgConfig: /usr/bin/pkg-config (found version "0.29.2") 
[2.730s] -- Checking for module 'apr-1'
[2.733s] --   No package 'apr-1' found
[2.888s] -- Found ament_cmake_ros: 0.10.0 (/opt/ros/humble/share/ament_cmake_ros/cmake)
[3.044s] -- Using all available rosidl_typesupport_c: rosidl_typesupport_fastrtps_c;rosidl_typesupport_introspection_c
[3.267s] -- Using all available rosidl_typesupport_cpp: rosidl_typesupport_fastrtps_cpp;rosidl_typesupport_introspection_cpp
[3.286s] -- Found PythonInterp: /usr/bin/python3 (found suitable version "3.10.12", minimum required is "3.6") 
[3.287s] -- Found python_cmake_module: 0.10.0 (/opt/ros/humble/share/python_cmake_module/cmake)
[3.312s] -- Found PythonLibs: /usr/lib/x86_64-linux-gnu/libpython3.10.so (found suitable version "3.10.12", minimum required is "3.5") 
[3.312s] -- Using PYTHON_EXECUTABLE: /usr/bin/python3
[3.312s] -- Using PYTHON_INCLUDE_DIRS: /usr/include/python3.10
[3.312s] -- Using PYTHON_LIBRARIES: /usr/lib/x86_64-linux-gnu/libpython3.10.so
[3.327s] -- Found PythonExtra: .so  
[3.374s] -- Found ament_lint_auto: 0.12.14 (/opt/ros/humble/share/ament_lint_auto/cmake)
[3.392s] -- Added test 'copyright' to check source files copyright and LICENSE
[3.396s] -- Added test 'cppcheck' to perform static code analysis on C / C++ code
[3.396s] -- Configured cppcheck include dirs: /home/yutou/ros2_ws/packages/ws_livox/src/livox_ros_driver2/3rdparty;/home/yutou/ros2_ws/packages/ws_livox/src/livox_ros_driver2/src
[3.396s] -- Configured cppcheck exclude dirs and/or files: 
[3.400s] -- Added test 'cpplint' to check C / C++ code against the Google style
[3.400s] -- Configured cpplint exclude dirs and/or files: 
[3.400s] -- Added test 'flake8' to check Python code syntax and style conventions
[3.401s] -- Added test 'lint_cmake' to check CMake code style
[3.402s] -- Added test 'pep257' to check Python code against some of the docstring style conventions in PEP 257
[3.405s] -- Added test 'uncrustify' to check C / C++ code style
[3.405s] -- Configured uncrustify additional arguments: 
[3.406s] -- Added test 'xmllint' to check XML markup files
[3.408s] -- Configuring done
[3.451s] -- Generating done
[3.464s] -- Build files have been written to: /home/yutou/ros2_ws/packages/ws_livox/build/livox_ros_driver2
[3.477s] Invoked command in '/home/yutou/ros2_ws/packages/ws_livox/build/livox_ros_driver2' returned '0': CMAKE_PREFIX_PATH=/home/yutou/ros2_ws/install/ros2_driver:/opt/ros/humble /usr/bin/cmake /home/yutou/ros2_ws/packages/ws_livox/src/livox_ros_driver2 -DROS_EDITION=ROS2 -DHUMBLE_ROS=humble -DCMAKE_INSTALL_PREFIX=/home/yutou/ros2_ws/packages/ws_livox/install/livox_ros_driver2
[3.479s] Invoking command in '/home/yutou/ros2_ws/packages/ws_livox/build/livox_ros_driver2': CMAKE_PREFIX_PATH=/home/yutou/ros2_ws/install/ros2_driver:/opt/ros/humble /usr/bin/cmake --build /home/yutou/ros2_ws/packages/ws_livox/build/livox_ros_driver2 -- -j20 -l20
[3.533s] [  1%] [34m[1mGenerating C code for ROS interfaces[0m
[3.540s] [  3%] [34m[1mGenerating C++ code for ROS interfaces[0m
[3.541s] [  5%] [32mBuilding CXX object CMakeFiles/livox_ros_driver2_node.dir/rclcpp_components/node_main_livox_ros_driver2_node.cpp.o[0m
[3.547s] [  5%] Built target ament_cmake_python_copy_livox_ros_driver2
[3.680s] running egg_info
[3.680s] creating livox_ros_driver2.egg-info
[3.680s] writing livox_ros_driver2.egg-info/PKG-INFO
[3.680s] writing dependency_links to livox_ros_driver2.egg-info/dependency_links.txt
[3.680s] writing top-level names to livox_ros_driver2.egg-info/top_level.txt
[3.680s] writing manifest file 'livox_ros_driver2.egg-info/SOURCES.txt'
[3.682s] reading manifest file 'livox_ros_driver2.egg-info/SOURCES.txt'
[3.682s] writing manifest file 'livox_ros_driver2.egg-info/SOURCES.txt'
[3.702s] [  5%] Built target ament_cmake_python_build_livox_ros_driver2_egg
[3.815s] [  5%] Built target livox_interfaces2__cpp
[3.820s] [  8%] [32mBuilding C object CMakeFiles/livox_interfaces2__rosidl_generator_c.dir/rosidl_generator_c/livox_ros_driver2/msg/detail/custom_msg__functions.c.o[0m
[3.821s] [  8%] [32mBuilding C object CMakeFiles/livox_interfaces2__rosidl_generator_c.dir/rosidl_generator_c/livox_ros_driver2/msg/detail/custom_point__functions.c.o[0m
[3.822s] [ 10%] [34m[1mGenerating C++ introspection for ROS interfaces[0m
[3.822s] [ 12%] [34m[1mGenerating C++ type support for eProsima Fast-RTPS[0m
[3.822s] [ 14%] [34m[1mGenerating C++ type support dispatch for ROS interfaces[0m
[3.871s] [ 15%] [32m[1mLinking C shared library liblivox_ros_driver2__rosidl_generator_c.so[0m
[3.906s] [ 15%] Built target livox_interfaces2__rosidl_generator_c
[3.916s] [ 21%] [34m[1mGenerating C introspection for ROS interfaces[0m
[3.916s] [ 21%] [34m[1mGenerating C type support for eProsima Fast-RTPS[0m
[3.917s] [ 21%] [34m[1mGenerating C type support dispatch for ROS interfaces[0m
[4.080s] [ 22%] [32mBuilding CXX object CMakeFiles/livox_interfaces2__rosidl_typesupport_cpp.dir/rosidl_typesupport_cpp/livox_ros_driver2/msg/custom_msg__type_support.cpp.o[0m
[4.081s] [ 24%] [32mBuilding CXX object CMakeFiles/livox_interfaces2__rosidl_typesupport_cpp.dir/rosidl_typesupport_cpp/livox_ros_driver2/msg/custom_point__type_support.cpp.o[0m
[4.093s] [ 26%] [32mBuilding CXX object CMakeFiles/livox_interfaces2__rosidl_typesupport_introspection_cpp.dir/rosidl_typesupport_introspection_cpp/livox_ros_driver2/msg/detail/custom_msg__type_support.cpp.o[0m
[4.094s] [ 28%] [32mBuilding CXX object CMakeFiles/livox_interfaces2__rosidl_typesupport_introspection_cpp.dir/rosidl_typesupport_introspection_cpp/livox_ros_driver2/msg/detail/custom_point__type_support.cpp.o[0m
[4.100s] [ 29%] [32mBuilding CXX object CMakeFiles/livox_interfaces2__rosidl_typesupport_fastrtps_cpp.dir/rosidl_typesupport_fastrtps_cpp/livox_ros_driver2/msg/detail/dds_fastrtps/custom_msg__type_support.cpp.o[0m
[4.102s] [ 31%] [32mBuilding CXX object CMakeFiles/livox_interfaces2__rosidl_typesupport_fastrtps_cpp.dir/rosidl_typesupport_fastrtps_cpp/livox_ros_driver2/msg/detail/dds_fastrtps/custom_point__type_support.cpp.o[0m
[4.194s] [ 33%] [32mBuilding CXX object CMakeFiles/livox_interfaces2__rosidl_typesupport_fastrtps_c.dir/rosidl_typesupport_fastrtps_c/livox_ros_driver2/msg/detail/custom_point__type_support_c.cpp.o[0m
[4.194s] [ 35%] [32mBuilding C object CMakeFiles/livox_interfaces2__rosidl_typesupport_introspection_c.dir/rosidl_typesupport_introspection_c/livox_ros_driver2/msg/detail/custom_msg__type_support.c.o[0m
[4.194s] [ 36%] [32mBuilding CXX object CMakeFiles/livox_interfaces2__rosidl_typesupport_fastrtps_c.dir/rosidl_typesupport_fastrtps_c/livox_ros_driver2/msg/detail/custom_msg__type_support_c.cpp.o[0m
[4.196s] [ 38%] [32mBuilding CXX object CMakeFiles/livox_interfaces2__rosidl_typesupport_c.dir/rosidl_typesupport_c/livox_ros_driver2/msg/custom_point__type_support.cpp.o[0m
[4.196s] [ 40%] [32mBuilding C object CMakeFiles/livox_interfaces2__rosidl_typesupport_introspection_c.dir/rosidl_typesupport_introspection_c/livox_ros_driver2/msg/detail/custom_point__type_support.c.o[0m
[4.199s] [ 42%] [32mBuilding CXX object CMakeFiles/livox_interfaces2__rosidl_typesupport_c.dir/rosidl_typesupport_c/livox_ros_driver2/msg/custom_msg__type_support.cpp.o[0m
[4.226s] [ 43%] [32m[1mLinking CXX shared library liblivox_ros_driver2__rosidl_typesupport_c.so[0m
[4.233s] [ 45%] [32m[1mLinking C shared library liblivox_ros_driver2__rosidl_typesupport_introspection_c.so[0m
[4.260s] [ 45%] Built target livox_interfaces2__rosidl_typesupport_c
[4.263s] [ 45%] Built target livox_interfaces2__rosidl_typesupport_introspection_c
[4.358s] [ 47%] [32m[1mLinking CXX shared library liblivox_ros_driver2__rosidl_typesupport_cpp.so[0m
[4.366s] [ 49%] [32m[1mLinking CXX shared library liblivox_ros_driver2__rosidl_typesupport_introspection_cpp.so[0m
[4.397s] [ 49%] Built target livox_interfaces2__rosidl_typesupport_cpp
[4.409s] [ 50%] [32m[1mLinking CXX shared library liblivox_ros_driver2__rosidl_typesupport_fastrtps_c.so[0m
[4.420s] [ 54%] [32mBuilding CXX object CMakeFiles/livox_ros_driver2.dir/src/lds.cpp.o[0m
[4.421s] [ 54%] [32mBuilding CXX object CMakeFiles/livox_ros_driver2.dir/src/driver_node.cpp.o[0m
[4.421s] [ 56%] [32mBuilding CXX object CMakeFiles/livox_ros_driver2.dir/src/comm/comm.cpp.o[0m
[4.421s] [ 57%] [32mBuilding CXX object CMakeFiles/livox_ros_driver2.dir/src/lddc.cpp.o[0m
[4.421s] [ 59%] [32mBuilding CXX object CMakeFiles/livox_ros_driver2.dir/src/livox_ros_driver2.cpp.o[0m
[4.421s] [ 63%] [32mBuilding CXX object CMakeFiles/livox_ros_driver2.dir/src/comm/ldq.cpp.o[0m
[4.421s] [ 63%] [32mBuilding CXX object CMakeFiles/livox_ros_driver2.dir/src/comm/lidar_imu_data_queue.cpp.o[0m
[4.421s] [ 66%] [32mBuilding CXX object CMakeFiles/livox_ros_driver2.dir/src/parse_cfg_file/parse_livox_lidar_cfg.cpp.o[0m
[4.421s] [ 66%] [32mBuilding CXX object CMakeFiles/livox_ros_driver2.dir/src/lds_lidar.cpp.o[0m
[4.421s] [ 68%] [32mBuilding CXX object CMakeFiles/livox_ros_driver2.dir/src/call_back/lidar_common_callback.cpp.o[0m
[4.421s] [ 70%] [32mBuilding CXX object CMakeFiles/livox_ros_driver2.dir/src/parse_cfg_file/parse_cfg_file.cpp.o[0m
[4.422s] [ 71%] [32mBuilding CXX object CMakeFiles/livox_ros_driver2.dir/src/comm/cache_index.cpp.o[0m
[4.422s] [ 73%] [32mBuilding CXX object CMakeFiles/livox_ros_driver2.dir/src/comm/pub_handler.cpp.o[0m
[4.423s] [ 75%] [32mBuilding CXX object CMakeFiles/livox_ros_driver2.dir/src/comm/semaphore.cpp.o[0m
[4.431s] [ 77%] [32mBuilding CXX object CMakeFiles/livox_ros_driver2.dir/src/call_back/livox_lidar_callback.cpp.o[0m
[4.433s] [ 77%] Built target livox_interfaces2__rosidl_typesupport_introspection_cpp
[4.482s] [ 77%] Built target livox_interfaces2__rosidl_typesupport_fastrtps_c
[4.565s] [ 78%] [32m[1mLinking CXX shared library liblivox_ros_driver2__rosidl_typesupport_fastrtps_cpp.so[0m
[4.637s] [ 78%] Built target livox_interfaces2__rosidl_typesupport_fastrtps_cpp
[4.659s] [ 78%] Built target livox_interfaces2
[4.684s] [ 80%] [34m[1mGenerating Python code for ROS interfaces[0m
[5.265s] [ 80%] Built target livox_interfaces2__py
[5.283s] [ 82%] [32mBuilding C object CMakeFiles/livox_interfaces2__rosidl_generator_py.dir/rosidl_generator_py/livox_ros_driver2/msg/_custom_msg_s.c.o[0m
[5.285s] [ 84%] [32mBuilding C object CMakeFiles/livox_interfaces2__rosidl_generator_py.dir/rosidl_generator_py/livox_ros_driver2/msg/_custom_point_s.c.o[0m
[5.387s] [ 85%] [32m[1mLinking C shared library rosidl_generator_py/livox_ros_driver2/liblivox_interfaces2__rosidl_generator_py.so[0m
[5.429s] [ 85%] Built target livox_interfaces2__rosidl_generator_py
[5.450s] [ 89%] [32mBuilding C object CMakeFiles/livox_ros_driver2__rosidl_typesupport_introspection_c__pyext.dir/rosidl_generator_py/livox_ros_driver2/_livox_ros_driver2_s.ep.rosidl_typesupport_introspection_c.c.o[0m
[5.450s] [ 89%] [32mBuilding C object CMakeFiles/livox_ros_driver2__rosidl_typesupport_fastrtps_c__pyext.dir/rosidl_generator_py/livox_ros_driver2/_livox_ros_driver2_s.ep.rosidl_typesupport_fastrtps_c.c.o[0m
[5.450s] [ 91%] [32mBuilding C object CMakeFiles/livox_ros_driver2__rosidl_typesupport_c__pyext.dir/rosidl_generator_py/livox_ros_driver2/_livox_ros_driver2_s.ep.rosidl_typesupport_c.c.o[0m
[5.519s] [ 92%] [32m[1mLinking C shared library rosidl_generator_py/livox_ros_driver2/livox_ros_driver2_s__rosidl_typesupport_c.cpython-310-x86_64-linux-gnu.so[0m
[5.556s] [ 94%] [32m[1mLinking C shared library rosidl_generator_py/livox_ros_driver2/livox_ros_driver2_s__rosidl_typesupport_fastrtps_c.cpython-310-x86_64-linux-gnu.so[0m
[5.559s] [ 94%] Built target livox_ros_driver2__rosidl_typesupport_c__pyext
[5.560s] [ 96%] [32m[1mLinking C shared library rosidl_generator_py/livox_ros_driver2/livox_ros_driver2_s__rosidl_typesupport_introspection_c.cpython-310-x86_64-linux-gnu.so[0m
[5.595s] [ 96%] Built target livox_ros_driver2__rosidl_typesupport_fastrtps_c__pyext
[5.595s] [ 96%] Built target livox_ros_driver2__rosidl_typesupport_introspection_c__pyext
[6.224s] [ 98%] [32m[1mLinking CXX executable livox_ros_driver2_node[0m
[6.314s] [ 98%] Built target livox_ros_driver2_node
[10.030s] [100%] [32m[1mLinking CXX shared library liblivox_ros_driver2.so[0m
[10.518s] [100%] Built target livox_ros_driver2
[10.530s] Invoked command in '/home/yutou/ros2_ws/packages/ws_livox/build/livox_ros_driver2' returned '0': CMAKE_PREFIX_PATH=/home/yutou/ros2_ws/install/ros2_driver:/opt/ros/humble /usr/bin/cmake --build /home/yutou/ros2_ws/packages/ws_livox/build/livox_ros_driver2 -- -j20 -l20
[10.542s] Invoking command in '/home/yutou/ros2_ws/packages/ws_livox/build/livox_ros_driver2': CMAKE_PREFIX_PATH=/home/yutou/ros2_ws/install/ros2_driver:/opt/ros/humble /usr/bin/cmake --install /home/yutou/ros2_ws/packages/ws_livox/build/livox_ros_driver2
[10.557s] -- Install configuration: ""
[10.557s] -- Installing: /home/yutou/ros2_ws/packages/ws_livox/install/livox_ros_driver2/share/ament_index/resource_index/rosidl_interfaces/livox_ros_driver2
[10.558s] -- Installing: /home/yutou/ros2_ws/packages/ws_livox/install/livox_ros_driver2/include/livox_ros_driver2/livox_ros_driver2
[10.558s] -- Installing: /home/yutou/ros2_ws/packages/ws_livox/install/livox_ros_driver2/include/livox_ros_driver2/livox_ros_driver2/msg
[10.558s] -- Installing: /home/yutou/ros2_ws/packages/ws_livox/install/livox_ros_driver2/include/livox_ros_driver2/livox_ros_driver2/msg/detail
[10.558s] -- Installing: /home/yutou/ros2_ws/packages/ws_livox/install/livox_ros_driver2/include/livox_ros_driver2/livox_ros_driver2/msg/detail/custom_msg__functions.h
[10.558s] -- Installing: /home/yutou/ros2_ws/packages/ws_livox/install/livox_ros_driver2/include/livox_ros_driver2/livox_ros_driver2/msg/detail/custom_point__functions.c
[10.559s] -- Installing: /home/yutou/ros2_ws/packages/ws_livox/install/livox_ros_driver2/include/livox_ros_driver2/livox_ros_driver2/msg/detail/custom_msg__struct.h
[10.559s] -- Installing: /home/yutou/ros2_ws/packages/ws_livox/install/livox_ros_driver2/include/livox_ros_driver2/livox_ros_driver2/msg/detail/custom_msg__functions.c
[10.559s] -- Installing: /home/yutou/ros2_ws/packages/ws_livox/install/livox_ros_driver2/include/livox_ros_driver2/livox_ros_driver2/msg/detail/custom_point__struct.h
[10.559s] -- Installing: /home/yutou/ros2_ws/packages/ws_livox/install/livox_ros_driver2/include/livox_ros_driver2/livox_ros_driver2/msg/detail/custom_point__functions.h
[10.559s] -- Installing: /home/yutou/ros2_ws/packages/ws_livox/install/livox_ros_driver2/include/livox_ros_driver2/livox_ros_driver2/msg/detail/custom_point__type_support.h
[10.559s] -- Installing: /home/yutou/ros2_ws/packages/ws_livox/install/livox_ros_driver2/include/livox_ros_driver2/livox_ros_driver2/msg/detail/custom_msg__type_support.h
[10.559s] -- Installing: /home/yutou/ros2_ws/packages/ws_livox/install/livox_ros_driver2/include/livox_ros_driver2/livox_ros_driver2/msg/rosidl_generator_c__visibility_control.h
[10.559s] -- Installing: /home/yutou/ros2_ws/packages/ws_livox/install/livox_ros_driver2/include/livox_ros_driver2/livox_ros_driver2/msg/custom_point.h
[10.560s] -- Installing: /home/yutou/ros2_ws/packages/ws_livox/install/livox_ros_driver2/include/livox_ros_driver2/livox_ros_driver2/msg/custom_msg.h
[10.560s] -- Installing: /home/yutou/ros2_ws/packages/ws_livox/install/livox_ros_driver2/share/livox_ros_driver2/environment/library_path.sh
[10.560s] -- Installing: /home/yutou/ros2_ws/packages/ws_livox/install/livox_ros_driver2/share/livox_ros_driver2/environment/library_path.dsv
[10.560s] -- Installing: /home/yutou/ros2_ws/packages/ws_livox/install/livox_ros_driver2/lib/liblivox_ros_driver2__rosidl_generator_c.so
[10.561s] -- Set runtime path of "/home/yutou/ros2_ws/packages/ws_livox/install/livox_ros_driver2/lib/liblivox_ros_driver2__rosidl_generator_c.so" to ""
[10.561s] -- Up-to-date: /home/yutou/ros2_ws/packages/ws_livox/install/livox_ros_driver2/include/livox_ros_driver2/livox_ros_driver2
[10.561s] -- Up-to-date: /home/yutou/ros2_ws/packages/ws_livox/install/livox_ros_driver2/include/livox_ros_driver2/livox_ros_driver2/msg
[10.561s] -- Up-to-date: /home/yutou/ros2_ws/packages/ws_livox/install/livox_ros_driver2/include/livox_ros_driver2/livox_ros_driver2/msg/detail
[10.561s] -- Installing: /home/yutou/ros2_ws/packages/ws_livox/install/livox_ros_driver2/include/livox_ros_driver2/livox_ros_driver2/msg/detail/custom_msg__rosidl_typesupport_fastrtps_c.h
[10.561s] -- Installing: /home/yutou/ros2_ws/packages/ws_livox/install/livox_ros_driver2/include/livox_ros_driver2/livox_ros_driver2/msg/detail/custom_point__rosidl_typesupport_fastrtps_c.h
[10.561s] -- Installing: /home/yutou/ros2_ws/packages/ws_livox/install/livox_ros_driver2/include/livox_ros_driver2/livox_ros_driver2/msg/rosidl_typesupport_fastrtps_c__visibility_control.h
[10.561s] -- Installing: /home/yutou/ros2_ws/packages/ws_livox/install/livox_ros_driver2/lib/liblivox_ros_driver2__rosidl_typesupport_fastrtps_c.so
[10.562s] -- Set runtime path of "/home/yutou/ros2_ws/packages/ws_livox/install/livox_ros_driver2/lib/liblivox_ros_driver2__rosidl_typesupport_fastrtps_c.so" to ""
[10.562s] -- Up-to-date: /home/yutou/ros2_ws/packages/ws_livox/install/livox_ros_driver2/include/livox_ros_driver2/livox_ros_driver2
[10.562s] -- Up-to-date: /home/yutou/ros2_ws/packages/ws_livox/install/livox_ros_driver2/include/livox_ros_driver2/livox_ros_driver2/msg
[10.562s] -- Up-to-date: /home/yutou/ros2_ws/packages/ws_livox/install/livox_ros_driver2/include/livox_ros_driver2/livox_ros_driver2/msg/detail
[10.562s] -- Installing: /home/yutou/ros2_ws/packages/ws_livox/install/livox_ros_driver2/include/livox_ros_driver2/livox_ros_driver2/msg/detail/custom_msg__type_support.c
[10.562s] -- Installing: /home/yutou/ros2_ws/packages/ws_livox/install/livox_ros_driver2/include/livox_ros_driver2/livox_ros_driver2/msg/detail/custom_point__rosidl_typesupport_introspection_c.h
[10.563s] -- Installing: /home/yutou/ros2_ws/packages/ws_livox/install/livox_ros_driver2/include/livox_ros_driver2/livox_ros_driver2/msg/detail/custom_point__type_support.c
[10.563s] -- Installing: /home/yutou/ros2_ws/packages/ws_livox/install/livox_ros_driver2/include/livox_ros_driver2/livox_ros_driver2/msg/detail/custom_msg__rosidl_typesupport_introspection_c.h
[10.563s] -- Installing: /home/yutou/ros2_ws/packages/ws_livox/install/livox_ros_driver2/include/livox_ros_driver2/livox_ros_driver2/msg/rosidl_typesupport_introspection_c__visibility_control.h
[10.563s] -- Installing: /home/yutou/ros2_ws/packages/ws_livox/install/livox_ros_driver2/lib/liblivox_ros_driver2__rosidl_typesupport_introspection_c.so
[10.563s] -- Set runtime path of "/home/yutou/ros2_ws/packages/ws_livox/install/livox_ros_driver2/lib/liblivox_ros_driver2__rosidl_typesupport_introspection_c.so" to ""
[10.563s] -- Installing: /home/yutou/ros2_ws/packages/ws_livox/install/livox_ros_driver2/lib/liblivox_ros_driver2__rosidl_typesupport_c.so
[10.564s] -- Set runtime path of "/home/yutou/ros2_ws/packages/ws_livox/install/livox_ros_driver2/lib/liblivox_ros_driver2__rosidl_typesupport_c.so" to ""
[10.564s] -- Up-to-date: /home/yutou/ros2_ws/packages/ws_livox/install/livox_ros_driver2/include/livox_ros_driver2/livox_ros_driver2
[10.565s] -- Up-to-date: /home/yutou/ros2_ws/packages/ws_livox/install/livox_ros_driver2/include/livox_ros_driver2/livox_ros_driver2/msg
[10.565s] -- Up-to-date: /home/yutou/ros2_ws/packages/ws_livox/install/livox_ros_driver2/include/livox_ros_driver2/livox_ros_driver2/msg/detail
[10.565s] -- Installing: /home/yutou/ros2_ws/packages/ws_livox/install/livox_ros_driver2/include/livox_ros_driver2/livox_ros_driver2/msg/detail/custom_msg__type_support.hpp
[10.565s] -- Installing: /home/yutou/ros2_ws/packages/ws_livox/install/livox_ros_driver2/include/livox_ros_driver2/livox_ros_driver2/msg/detail/custom_msg__struct.hpp
[10.566s] -- Installing: /home/yutou/ros2_ws/packages/ws_livox/install/livox_ros_driver2/include/livox_ros_driver2/livox_ros_driver2/msg/detail/custom_point__struct.hpp
[10.566s] -- Installing: /home/yutou/ros2_ws/packages/ws_livox/install/livox_ros_driver2/include/livox_ros_driver2/livox_ros_driver2/msg/detail/custom_point__builder.hpp
[10.566s] -- Installing: /home/yutou/ros2_ws/packages/ws_livox/install/livox_ros_driver2/include/livox_ros_driver2/livox_ros_driver2/msg/detail/custom_point__traits.hpp
[10.566s] -- Installing: /home/yutou/ros2_ws/packages/ws_livox/install/livox_ros_driver2/include/livox_ros_driver2/livox_ros_driver2/msg/detail/custom_point__type_support.hpp
[10.566s] -- Installing: /home/yutou/ros2_ws/packages/ws_livox/install/livox_ros_driver2/include/livox_ros_driver2/livox_ros_driver2/msg/detail/custom_msg__traits.hpp
[10.567s] -- Installing: /home/yutou/ros2_ws/packages/ws_livox/install/livox_ros_driver2/include/livox_ros_driver2/livox_ros_driver2/msg/detail/custom_msg__builder.hpp
[10.567s] -- Installing: /home/yutou/ros2_ws/packages/ws_livox/install/livox_ros_driver2/include/livox_ros_driver2/livox_ros_driver2/msg/custom_msg.hpp
[10.567s] -- Installing: /home/yutou/ros2_ws/packages/ws_livox/install/livox_ros_driver2/include/livox_ros_driver2/livox_ros_driver2/msg/rosidl_generator_cpp__visibility_control.hpp
[10.567s] -- Installing: /home/yutou/ros2_ws/packages/ws_livox/install/livox_ros_driver2/include/livox_ros_driver2/livox_ros_driver2/msg/custom_point.hpp
[10.567s] -- Up-to-date: /home/yutou/ros2_ws/packages/ws_livox/install/livox_ros_driver2/include/livox_ros_driver2/livox_ros_driver2
[10.567s] -- Up-to-date: /home/yutou/ros2_ws/packages/ws_livox/install/livox_ros_driver2/include/livox_ros_driver2/livox_ros_driver2/msg
[10.567s] -- Up-to-date: /home/yutou/ros2_ws/packages/ws_livox/install/livox_ros_driver2/include/livox_ros_driver2/livox_ros_driver2/msg/detail
[10.568s] -- Installing: /home/yutou/ros2_ws/packages/ws_livox/install/livox_ros_driver2/include/livox_ros_driver2/livox_ros_driver2/msg/detail/dds_fastrtps
[10.568s] -- Installing: /home/yutou/ros2_ws/packages/ws_livox/install/livox_ros_driver2/include/livox_ros_driver2/livox_ros_driver2/msg/detail/custom_msg__rosidl_typesupport_fastrtps_cpp.hpp
[10.568s] -- Installing: /home/yutou/ros2_ws/packages/ws_livox/install/livox_ros_driver2/include/livox_ros_driver2/livox_ros_driver2/msg/detail/custom_point__rosidl_typesupport_fastrtps_cpp.hpp
[10.568s] -- Installing: /home/yutou/ros2_ws/packages/ws_livox/install/livox_ros_driver2/include/livox_ros_driver2/livox_ros_driver2/msg/rosidl_typesupport_fastrtps_cpp__visibility_control.h
[10.568s] -- Installing: /home/yutou/ros2_ws/packages/ws_livox/install/livox_ros_driver2/lib/liblivox_ros_driver2__rosidl_typesupport_fastrtps_cpp.so
[10.568s] -- Set runtime path of "/home/yutou/ros2_ws/packages/ws_livox/install/livox_ros_driver2/lib/liblivox_ros_driver2__rosidl_typesupport_fastrtps_cpp.so" to ""
[10.569s] -- Up-to-date: /home/yutou/ros2_ws/packages/ws_livox/install/livox_ros_driver2/include/livox_ros_driver2/livox_ros_driver2
[10.569s] -- Up-to-date: /home/yutou/ros2_ws/packages/ws_livox/install/livox_ros_driver2/include/livox_ros_driver2/livox_ros_driver2/msg
[10.569s] -- Up-to-date: /home/yutou/ros2_ws/packages/ws_livox/install/livox_ros_driver2/include/livox_ros_driver2/livox_ros_driver2/msg/detail
[10.569s] -- Installing: /home/yutou/ros2_ws/packages/ws_livox/install/livox_ros_driver2/include/livox_ros_driver2/livox_ros_driver2/msg/detail/custom_point__rosidl_typesupport_introspection_cpp.hpp
[10.569s] -- Installing: /home/yutou/ros2_ws/packages/ws_livox/install/livox_ros_driver2/include/livox_ros_driver2/livox_ros_driver2/msg/detail/custom_msg__rosidl_typesupport_introspection_cpp.hpp
[10.569s] -- Installing: /home/yutou/ros2_ws/packages/ws_livox/install/livox_ros_driver2/include/livox_ros_driver2/livox_ros_driver2/msg/detail/custom_point__type_support.cpp
[10.569s] -- Installing: /home/yutou/ros2_ws/packages/ws_livox/install/livox_ros_driver2/include/livox_ros_driver2/livox_ros_driver2/msg/detail/custom_msg__type_support.cpp
[10.569s] -- Installing: /home/yutou/ros2_ws/packages/ws_livox/install/livox_ros_driver2/lib/liblivox_ros_driver2__rosidl_typesupport_introspection_cpp.so
[10.570s] -- Set runtime path of "/home/yutou/ros2_ws/packages/ws_livox/install/livox_ros_driver2/lib/liblivox_ros_driver2__rosidl_typesupport_introspection_cpp.so" to ""
[10.570s] -- Installing: /home/yutou/ros2_ws/packages/ws_livox/install/livox_ros_driver2/lib/liblivox_ros_driver2__rosidl_typesupport_cpp.so
[10.570s] -- Set runtime path of "/home/yutou/ros2_ws/packages/ws_livox/install/livox_ros_driver2/lib/liblivox_ros_driver2__rosidl_typesupport_cpp.so" to ""
[10.570s] -- Installing: /home/yutou/ros2_ws/packages/ws_livox/install/livox_ros_driver2/share/livox_ros_driver2/environment/pythonpath.sh
[10.570s] -- Installing: /home/yutou/ros2_ws/packages/ws_livox/install/livox_ros_driver2/share/livox_ros_driver2/environment/pythonpath.dsv
[10.570s] -- Installing: /home/yutou/ros2_ws/packages/ws_livox/install/livox_ros_driver2/local/lib/python3.10/dist-packages/livox_ros_driver2-1.0.0-py3.10.egg-info
[10.570s] -- Installing: /home/yutou/ros2_ws/packages/ws_livox/install/livox_ros_driver2/local/lib/python3.10/dist-packages/livox_ros_driver2-1.0.0-py3.10.egg-info/dependency_links.txt
[10.570s] -- Installing: /home/yutou/ros2_ws/packages/ws_livox/install/livox_ros_driver2/local/lib/python3.10/dist-packages/livox_ros_driver2-1.0.0-py3.10.egg-info/SOURCES.txt
[10.570s] -- Installing: /home/yutou/ros2_ws/packages/ws_livox/install/livox_ros_driver2/local/lib/python3.10/dist-packages/livox_ros_driver2-1.0.0-py3.10.egg-info/top_level.txt
[10.570s] -- Installing: /home/yutou/ros2_ws/packages/ws_livox/install/livox_ros_driver2/local/lib/python3.10/dist-packages/livox_ros_driver2-1.0.0-py3.10.egg-info/PKG-INFO
[10.571s] -- Installing: /home/yutou/ros2_ws/packages/ws_livox/install/livox_ros_driver2/local/lib/python3.10/dist-packages/livox_ros_driver2
[10.571s] -- Installing: /home/yutou/ros2_ws/packages/ws_livox/install/livox_ros_driver2/local/lib/python3.10/dist-packages/livox_ros_driver2/msg
[10.571s] -- Installing: /home/yutou/ros2_ws/packages/ws_livox/install/livox_ros_driver2/local/lib/python3.10/dist-packages/livox_ros_driver2/msg/_custom_msg_s.c
[10.571s] -- Installing: /home/yutou/ros2_ws/packages/ws_livox/install/livox_ros_driver2/local/lib/python3.10/dist-packages/livox_ros_driver2/msg/_custom_msg.py
[10.571s] -- Installing: /home/yutou/ros2_ws/packages/ws_livox/install/livox_ros_driver2/local/lib/python3.10/dist-packages/livox_ros_driver2/msg/_custom_point_s.c
[10.571s] -- Installing: /home/yutou/ros2_ws/packages/ws_livox/install/livox_ros_driver2/local/lib/python3.10/dist-packages/livox_ros_driver2/msg/_custom_point.py
[10.571s] -- Installing: /home/yutou/ros2_ws/packages/ws_livox/install/livox_ros_driver2/local/lib/python3.10/dist-packages/livox_ros_driver2/msg/__init__.py
[10.571s] -- Installing: /home/yutou/ros2_ws/packages/ws_livox/install/livox_ros_driver2/local/lib/python3.10/dist-packages/livox_ros_driver2/_livox_ros_driver2_s.ep.rosidl_typesupport_fastrtps_c.c
[10.571s] -- Installing: /home/yutou/ros2_ws/packages/ws_livox/install/livox_ros_driver2/local/lib/python3.10/dist-packages/livox_ros_driver2/livox_ros_driver2_s__rosidl_typesupport_introspection_c.cpython-310-x86_64-linux-gnu.so
[10.571s] -- Installing: /home/yutou/ros2_ws/packages/ws_livox/install/livox_ros_driver2/local/lib/python3.10/dist-packages/livox_ros_driver2/livox_ros_driver2_s__rosidl_typesupport_fastrtps_c.cpython-310-x86_64-linux-gnu.so
[10.571s] -- Installing: /home/yutou/ros2_ws/packages/ws_livox/install/livox_ros_driver2/local/lib/python3.10/dist-packages/livox_ros_driver2/_livox_ros_driver2_s.ep.rosidl_typesupport_c.c
[10.571s] -- Installing: /home/yutou/ros2_ws/packages/ws_livox/install/livox_ros_driver2/local/lib/python3.10/dist-packages/livox_ros_driver2/livox_ros_driver2_s__rosidl_typesupport_c.cpython-310-x86_64-linux-gnu.so
[10.571s] -- Installing: /home/yutou/ros2_ws/packages/ws_livox/install/livox_ros_driver2/local/lib/python3.10/dist-packages/livox_ros_driver2/__init__.py
[10.572s] -- Installing: /home/yutou/ros2_ws/packages/ws_livox/install/livox_ros_driver2/local/lib/python3.10/dist-packages/livox_ros_driver2/liblivox_interfaces2__rosidl_generator_py.so
[10.572s] -- Installing: /home/yutou/ros2_ws/packages/ws_livox/install/livox_ros_driver2/local/lib/python3.10/dist-packages/livox_ros_driver2/_livox_ros_driver2_s.ep.rosidl_typesupport_introspection_c.c
[10.594s] Listing '/home/yutou/ros2_ws/packages/ws_livox/install/livox_ros_driver2/local/lib/python3.10/dist-packages/livox_ros_driver2'...
[10.594s] Compiling '/home/yutou/ros2_ws/packages/ws_livox/install/livox_ros_driver2/local/lib/python3.10/dist-packages/livox_ros_driver2/__init__.py'...
[10.594s] Listing '/home/yutou/ros2_ws/packages/ws_livox/install/livox_ros_driver2/local/lib/python3.10/dist-packages/livox_ros_driver2/msg'...
[10.594s] Compiling '/home/yutou/ros2_ws/packages/ws_livox/install/livox_ros_driver2/local/lib/python3.10/dist-packages/livox_ros_driver2/msg/__init__.py'...
[10.594s] Compiling '/home/yutou/ros2_ws/packages/ws_livox/install/livox_ros_driver2/local/lib/python3.10/dist-packages/livox_ros_driver2/msg/_custom_msg.py'...
[10.594s] Compiling '/home/yutou/ros2_ws/packages/ws_livox/install/livox_ros_driver2/local/lib/python3.10/dist-packages/livox_ros_driver2/msg/_custom_point.py'...
[10.598s] -- Installing: /home/yutou/ros2_ws/packages/ws_livox/install/livox_ros_driver2/local/lib/python3.10/dist-packages/livox_ros_driver2/livox_ros_driver2_s__rosidl_typesupport_fastrtps_c.cpython-310-x86_64-linux-gnu.so
[10.598s] -- Set runtime path of "/home/yutou/ros2_ws/packages/ws_livox/install/livox_ros_driver2/local/lib/python3.10/dist-packages/livox_ros_driver2/livox_ros_driver2_s__rosidl_typesupport_fastrtps_c.cpython-310-x86_64-linux-gnu.so" to ""
[10.598s] -- Installing: /home/yutou/ros2_ws/packages/ws_livox/install/livox_ros_driver2/local/lib/python3.10/dist-packages/livox_ros_driver2/livox_ros_driver2_s__rosidl_typesupport_introspection_c.cpython-310-x86_64-linux-gnu.so
[10.598s] -- Set runtime path of "/home/yutou/ros2_ws/packages/ws_livox/install/livox_ros_driver2/local/lib/python3.10/dist-packages/livox_ros_driver2/livox_ros_driver2_s__rosidl_typesupport_introspection_c.cpython-310-x86_64-linux-gnu.so" to ""
[10.598s] -- Installing: /home/yutou/ros2_ws/packages/ws_livox/install/livox_ros_driver2/local/lib/python3.10/dist-packages/livox_ros_driver2/livox_ros_driver2_s__rosidl_typesupport_c.cpython-310-x86_64-linux-gnu.so
[10.598s] -- Set runtime path of "/home/yutou/ros2_ws/packages/ws_livox/install/livox_ros_driver2/local/lib/python3.10/dist-packages/livox_ros_driver2/livox_ros_driver2_s__rosidl_typesupport_c.cpython-310-x86_64-linux-gnu.so" to ""
[10.598s] -- Installing: /home/yutou/ros2_ws/packages/ws_livox/install/livox_ros_driver2/lib/liblivox_interfaces2__rosidl_generator_py.so
[10.598s] -- Set runtime path of "/home/yutou/ros2_ws/packages/ws_livox/install/livox_ros_driver2/lib/liblivox_interfaces2__rosidl_generator_py.so" to ""
[10.598s] -- Installing: /home/yutou/ros2_ws/packages/ws_livox/install/livox_ros_driver2/share/livox_ros_driver2/msg/CustomPoint.idl
[10.598s] -- Installing: /home/yutou/ros2_ws/packages/ws_livox/install/livox_ros_driver2/share/livox_ros_driver2/msg/CustomMsg.idl
[10.598s] -- Installing: /home/yutou/ros2_ws/packages/ws_livox/install/livox_ros_driver2/share/livox_ros_driver2/msg/CustomPoint.msg
[10.598s] -- Installing: /home/yutou/ros2_ws/packages/ws_livox/install/livox_ros_driver2/share/livox_ros_driver2/msg/CustomMsg.msg
[10.599s] -- Installing: /home/yutou/ros2_ws/packages/ws_livox/install/livox_ros_driver2/lib/livox_ros_driver2/livox_ros_driver2_node
[10.599s] -- Set runtime path of "/home/yutou/ros2_ws/packages/ws_livox/install/livox_ros_driver2/lib/livox_ros_driver2/livox_ros_driver2_node" to ""
[10.599s] -- Installing: /home/yutou/ros2_ws/packages/ws_livox/install/livox_ros_driver2/lib/liblivox_ros_driver2.so
[10.602s] -- Set runtime path of "/home/yutou/ros2_ws/packages/ws_livox/install/livox_ros_driver2/lib/liblivox_ros_driver2.so" to ""
[10.602s] -- Installing: /home/yutou/ros2_ws/packages/ws_livox/install/livox_ros_driver2/share/livox_ros_driver2/config
[10.602s] -- Installing: /home/yutou/ros2_ws/packages/ws_livox/install/livox_ros_driver2/share/livox_ros_driver2/config/display_point_cloud_ROS2.rviz
[10.602s] -- Installing: /home/yutou/ros2_ws/packages/ws_livox/install/livox_ros_driver2/share/livox_ros_driver2/config/mixed_HAP_MID360_config.json
[10.602s] -- Installing: /home/yutou/ros2_ws/packages/ws_livox/install/livox_ros_driver2/share/livox_ros_driver2/config/HAP_config.json
[10.602s] -- Installing: /home/yutou/ros2_ws/packages/ws_livox/install/livox_ros_driver2/share/livox_ros_driver2/config/MID360_config.json
[10.602s] -- Installing: /home/yutou/ros2_ws/packages/ws_livox/install/livox_ros_driver2/share/livox_ros_driver2/config/display_point_cloud_ROS1.rviz
[10.602s] -- Installing: /home/yutou/ros2_ws/packages/ws_livox/install/livox_ros_driver2/share/livox_ros_driver2/launch_ROS2
[10.602s] -- Installing: /home/yutou/ros2_ws/packages/ws_livox/install/livox_ros_driver2/share/livox_ros_driver2/launch_ROS2/rviz_mixed.py
[10.602s] -- Installing: /home/yutou/ros2_ws/packages/ws_livox/install/livox_ros_driver2/share/livox_ros_driver2/launch_ROS2/msg_MID360_launch.py
[10.602s] -- Installing: /home/yutou/ros2_ws/packages/ws_livox/install/livox_ros_driver2/share/livox_ros_driver2/launch_ROS2/rviz_MID360_launch.py
[10.602s] -- Installing: /home/yutou/ros2_ws/packages/ws_livox/install/livox_ros_driver2/share/livox_ros_driver2/launch_ROS2/rviz_HAP_launch.py
[10.602s] -- Installing: /home/yutou/ros2_ws/packages/ws_livox/install/livox_ros_driver2/share/livox_ros_driver2/launch_ROS2/msg_HAP_launch.py
[10.602s] -- Installing: /home/yutou/ros2_ws/packages/ws_livox/install/livox_ros_driver2/share/ament_index/resource_index/package_run_dependencies/livox_ros_driver2
[10.602s] -- Installing: /home/yutou/ros2_ws/packages/ws_livox/install/livox_ros_driver2/share/ament_index/resource_index/parent_prefix_path/livox_ros_driver2
[10.602s] -- Installing: /home/yutou/ros2_ws/packages/ws_livox/install/livox_ros_driver2/share/livox_ros_driver2/environment/ament_prefix_path.sh
[10.602s] -- Installing: /home/yutou/ros2_ws/packages/ws_livox/install/livox_ros_driver2/share/livox_ros_driver2/environment/ament_prefix_path.dsv
[10.602s] -- Installing: /home/yutou/ros2_ws/packages/ws_livox/install/livox_ros_driver2/share/livox_ros_driver2/environment/path.sh
[10.603s] -- Installing: /home/yutou/ros2_ws/packages/ws_livox/install/livox_ros_driver2/share/livox_ros_driver2/environment/path.dsv
[10.603s] -- Installing: /home/yutou/ros2_ws/packages/ws_livox/install/livox_ros_driver2/share/livox_ros_driver2/local_setup.bash
[10.603s] -- Installing: /home/yutou/ros2_ws/packages/ws_livox/install/livox_ros_driver2/share/livox_ros_driver2/local_setup.sh
[10.603s] -- Installing: /home/yutou/ros2_ws/packages/ws_livox/install/livox_ros_driver2/share/livox_ros_driver2/local_setup.zsh
[10.603s] -- Installing: /home/yutou/ros2_ws/packages/ws_livox/install/livox_ros_driver2/share/livox_ros_driver2/local_setup.dsv
[10.603s] -- Installing: /home/yutou/ros2_ws/packages/ws_livox/install/livox_ros_driver2/share/livox_ros_driver2/package.dsv
[10.603s] -- Installing: /home/yutou/ros2_ws/packages/ws_livox/install/livox_ros_driver2/share/ament_index/resource_index/packages/livox_ros_driver2
[10.603s] -- Installing: /home/yutou/ros2_ws/packages/ws_livox/install/livox_ros_driver2/share/livox_ros_driver2/cmake/export_livox_interfaces2__rosidl_generator_cExport.cmake
[10.603s] -- Installing: /home/yutou/ros2_ws/packages/ws_livox/install/livox_ros_driver2/share/livox_ros_driver2/cmake/export_livox_interfaces2__rosidl_generator_cExport-noconfig.cmake
[10.603s] -- Installing: /home/yutou/ros2_ws/packages/ws_livox/install/livox_ros_driver2/share/livox_ros_driver2/cmake/export_livox_interfaces2__rosidl_typesupport_fastrtps_cExport.cmake
[10.603s] -- Installing: /home/yutou/ros2_ws/packages/ws_livox/install/livox_ros_driver2/share/livox_ros_driver2/cmake/export_livox_interfaces2__rosidl_typesupport_fastrtps_cExport-noconfig.cmake
[10.603s] -- Installing: /home/yutou/ros2_ws/packages/ws_livox/install/livox_ros_driver2/share/livox_ros_driver2/cmake/livox_interfaces2__rosidl_typesupport_introspection_cExport.cmake
[10.603s] -- Installing: /home/yutou/ros2_ws/packages/ws_livox/install/livox_ros_driver2/share/livox_ros_driver2/cmake/livox_interfaces2__rosidl_typesupport_introspection_cExport-noconfig.cmake
[10.603s] -- Installing: /home/yutou/ros2_ws/packages/ws_livox/install/livox_ros_driver2/share/livox_ros_driver2/cmake/livox_interfaces2__rosidl_typesupport_cExport.cmake
[10.603s] -- Installing: /home/yutou/ros2_ws/packages/ws_livox/install/livox_ros_driver2/share/livox_ros_driver2/cmake/livox_interfaces2__rosidl_typesupport_cExport-noconfig.cmake
[10.604s] -- Installing: /home/yutou/ros2_ws/packages/ws_livox/install/livox_ros_driver2/share/livox_ros_driver2/cmake/export_livox_interfaces2__rosidl_generator_cppExport.cmake
[10.604s] -- Installing: /home/yutou/ros2_ws/packages/ws_livox/install/livox_ros_driver2/share/livox_ros_driver2/cmake/export_livox_interfaces2__rosidl_typesupport_fastrtps_cppExport.cmake
[10.604s] -- Installing: /home/yutou/ros2_ws/packages/ws_livox/install/livox_ros_driver2/share/livox_ros_driver2/cmake/export_livox_interfaces2__rosidl_typesupport_fastrtps_cppExport-noconfig.cmake
[10.604s] -- Installing: /home/yutou/ros2_ws/packages/ws_livox/install/livox_ros_driver2/share/livox_ros_driver2/cmake/livox_interfaces2__rosidl_typesupport_introspection_cppExport.cmake
[10.604s] -- Installing: /home/yutou/ros2_ws/packages/ws_livox/install/livox_ros_driver2/share/livox_ros_driver2/cmake/livox_interfaces2__rosidl_typesupport_introspection_cppExport-noconfig.cmake
[10.604s] -- Installing: /home/yutou/ros2_ws/packages/ws_livox/install/livox_ros_driver2/share/livox_ros_driver2/cmake/livox_interfaces2__rosidl_typesupport_cppExport.cmake
[10.604s] -- Installing: /home/yutou/ros2_ws/packages/ws_livox/install/livox_ros_driver2/share/livox_ros_driver2/cmake/livox_interfaces2__rosidl_typesupport_cppExport-noconfig.cmake
[10.604s] -- Installing: /home/yutou/ros2_ws/packages/ws_livox/install/livox_ros_driver2/share/livox_ros_driver2/cmake/export_livox_interfaces2__rosidl_generator_pyExport.cmake
[10.604s] -- Installing: /home/yutou/ros2_ws/packages/ws_livox/install/livox_ros_driver2/share/livox_ros_driver2/cmake/export_livox_interfaces2__rosidl_generator_pyExport-noconfig.cmake
[10.604s] -- Installing: /home/yutou/ros2_ws/packages/ws_livox/install/livox_ros_driver2/share/ament_index/resource_index/rclcpp_components/livox_ros_driver2
[10.604s] -- Installing: /home/yutou/ros2_ws/packages/ws_livox/install/livox_ros_driver2/share/livox_ros_driver2/cmake/rosidl_cmake-extras.cmake
[10.604s] -- Installing: /home/yutou/ros2_ws/packages/ws_livox/install/livox_ros_driver2/share/livox_ros_driver2/cmake/ament_cmake_export_dependencies-extras.cmake
[10.604s] -- Installing: /home/yutou/ros2_ws/packages/ws_livox/install/livox_ros_driver2/share/livox_ros_driver2/cmake/ament_cmake_export_include_directories-extras.cmake
[10.604s] -- Installing: /home/yutou/ros2_ws/packages/ws_livox/install/livox_ros_driver2/share/livox_ros_driver2/cmake/ament_cmake_export_libraries-extras.cmake
[10.604s] -- Installing: /home/yutou/ros2_ws/packages/ws_livox/install/livox_ros_driver2/share/livox_ros_driver2/cmake/ament_cmake_export_targets-extras.cmake
[10.605s] -- Installing: /home/yutou/ros2_ws/packages/ws_livox/install/livox_ros_driver2/share/livox_ros_driver2/cmake/rosidl_cmake_export_typesupport_targets-extras.cmake
[10.605s] -- Installing: /home/yutou/ros2_ws/packages/ws_livox/install/livox_ros_driver2/share/livox_ros_driver2/cmake/rosidl_cmake_export_typesupport_libraries-extras.cmake
[10.605s] -- Installing: /home/yutou/ros2_ws/packages/ws_livox/install/livox_ros_driver2/share/livox_ros_driver2/cmake/livox_ros_driver2Config.cmake
[10.605s] -- Installing: /home/yutou/ros2_ws/packages/ws_livox/install/livox_ros_driver2/share/livox_ros_driver2/cmake/livox_ros_driver2Config-version.cmake
[10.605s] -- Installing: /home/yutou/ros2_ws/packages/ws_livox/install/livox_ros_driver2/share/livox_ros_driver2/package.xml
[10.606s] Invoked command in '/home/yutou/ros2_ws/packages/ws_livox/build/livox_ros_driver2' returned '0': CMAKE_PREFIX_PATH=/home/yutou/ros2_ws/install/ros2_driver:/opt/ros/humble /usr/bin/cmake --install /home/yutou/ros2_ws/packages/ws_livox/build/livox_ros_driver2
